
Determining Dt from specified horizontal CFL: 1

Problem parameters:

Profiling linear solver for the compressible Euler equations.

Speed of sound in compressible atmosphere: 347.18870949384285,

Hybridized compressible solver: True,

Model degree: 0,

Model discretization: RT,

Mesh degree: 3,

Horizontal refinements: 4,

Vertical layers: 64,

Dx (max, m): 346563.4999224701,

Dz (m): 156.25,

Dt (s): 998,

horizontal CFL: 1,

vertical CFL: 2217.563725279073.

Computing balanced density field...


Setting up hybridized solver on the traces.
Inner solver: fgmres_ml_richardson
Starting profiler...


Determining Dt from specified horizontal CFL: 2

Problem parameters:

Profiling linear solver for the compressible Euler equations.

Speed of sound in compressible atmosphere: 347.18870949384285,

Hybridized compressible solver: True,

Model degree: 0,

Model discretization: RT,

Mesh degree: 3,

Horizontal refinements: 4,

Vertical layers: 64,

Dx (max, m): 346563.4999224701,

Dz (m): 156.25,

Dt (s): 1996,

horizontal CFL: 2,

vertical CFL: 4435.127450558146.

Computing balanced density field...


Setting up hybridized solver on the traces.
Inner solver: fgmres_ml_richardson
Starting profiler...


Determining Dt from specified horizontal CFL: 4

Problem parameters:

Profiling linear solver for the compressible Euler equations.

Speed of sound in compressible atmosphere: 347.18870949384285,

Hybridized compressible solver: True,

Model degree: 0,

Model discretization: RT,

Mesh degree: 3,

Horizontal refinements: 4,

Vertical layers: 64,

Dx (max, m): 346563.4999224701,

Dz (m): 156.25,

Dt (s): 3992,

horizontal CFL: 4,

vertical CFL: 8870.254901116292.

Computing balanced density field...


Setting up hybridized solver on the traces.
Inner solver: fgmres_ml_richardson
Starting profiler...


Determining Dt from specified horizontal CFL: 6

Problem parameters:

Profiling linear solver for the compressible Euler equations.

Speed of sound in compressible atmosphere: 347.18870949384285,

Hybridized compressible solver: True,

Model degree: 0,

Model discretization: RT,

Mesh degree: 3,

Horizontal refinements: 4,

Vertical layers: 64,

Dx (max, m): 346563.4999224701,

Dz (m): 156.25,

Dt (s): 5989,

horizontal CFL: 6,

vertical CFL: 13307.6043594152.

Computing balanced density field...


Setting up hybridized solver on the traces.
Inner solver: fgmres_ml_richardson
Starting profiler...


Determining Dt from specified horizontal CFL: 8

Problem parameters:

Profiling linear solver for the compressible Euler equations.

Speed of sound in compressible atmosphere: 347.18870949384285,

Hybridized compressible solver: True,

Model degree: 0,

Model discretization: RT,

Mesh degree: 3,

Horizontal refinements: 4,

Vertical layers: 64,

Dx (max, m): 346563.4999224701,

Dz (m): 156.25,

Dt (s): 7985,

horizontal CFL: 8,

vertical CFL: 17742.731809973346.

Computing balanced density field...


Setting up hybridized solver on the traces.
Inner solver: fgmres_ml_richardson
Starting profiler...


Determining Dt from specified horizontal CFL: 10

Problem parameters:

Profiling linear solver for the compressible Euler equations.

Speed of sound in compressible atmosphere: 347.18870949384285,

Hybridized compressible solver: True,

Model degree: 0,

Model discretization: RT,

Mesh degree: 3,

Horizontal refinements: 4,

Vertical layers: 64,

Dx (max, m): 346563.4999224701,

Dz (m): 156.25,

Dt (s): 9981,

horizontal CFL: 10,

vertical CFL: 22177.85926053149.

Computing balanced density field...


Setting up hybridized solver on the traces.
Inner solver: fgmres_ml_richardson
Starting profiler...


Determining Dt from specified horizontal CFL: 12

Problem parameters:

Profiling linear solver for the compressible Euler equations.

Speed of sound in compressible atmosphere: 347.18870949384285,

Hybridized compressible solver: True,

Model degree: 0,

Model discretization: RT,

Mesh degree: 3,

Horizontal refinements: 4,

Vertical layers: 64,

Dx (max, m): 346563.4999224701,

Dz (m): 156.25,

Dt (s): 11978,

horizontal CFL: 12,

vertical CFL: 26615.2087188304.

Computing balanced density field...


Setting up hybridized solver on the traces.
Inner solver: fgmres_ml_richardson
Starting profiler...


Determining Dt from specified horizontal CFL: 14

Problem parameters:

Profiling linear solver for the compressible Euler equations.

Speed of sound in compressible atmosphere: 347.18870949384285,

Hybridized compressible solver: True,

Model degree: 0,

Model discretization: RT,

Mesh degree: 3,

Horizontal refinements: 4,

Vertical layers: 64,

Dx (max, m): 346563.4999224701,

Dz (m): 156.25,

Dt (s): 13974,

horizontal CFL: 14,

vertical CFL: 31050.336169388545.

Computing balanced density field...


Setting up hybridized solver on the traces.
Inner solver: fgmres_ml_richardson
Starting profiler...


Determining Dt from specified horizontal CFL: 16

Problem parameters:

Profiling linear solver for the compressible Euler equations.

Speed of sound in compressible atmosphere: 347.18870949384285,

Hybridized compressible solver: True,

Model degree: 0,

Model discretization: RT,

Mesh degree: 3,

Horizontal refinements: 4,

Vertical layers: 64,

Dx (max, m): 346563.4999224701,

Dz (m): 156.25,

Dt (s): 15971,

horizontal CFL: 16,

vertical CFL: 35487.68562768745.

Computing balanced density field...


Setting up hybridized solver on the traces.
Inner solver: fgmres_ml_richardson
Starting profiler...


Determining Dt from specified horizontal CFL: 18

Problem parameters:

Profiling linear solver for the compressible Euler equations.

Speed of sound in compressible atmosphere: 347.18870949384285,

Hybridized compressible solver: True,

Model degree: 0,

Model discretization: RT,

Mesh degree: 3,

Horizontal refinements: 4,

Vertical layers: 64,

Dx (max, m): 346563.4999224701,

Dz (m): 156.25,

Dt (s): 17967,

horizontal CFL: 18,

vertical CFL: 39922.8130782456.

Computing balanced density field...


Setting up hybridized solver on the traces.
Inner solver: fgmres_ml_richardson
Starting profiler...


Determining Dt from specified horizontal CFL: 20

Problem parameters:

Profiling linear solver for the compressible Euler equations.

Speed of sound in compressible atmosphere: 347.18870949384285,

Hybridized compressible solver: True,

Model degree: 0,

Model discretization: RT,

Mesh degree: 3,

Horizontal refinements: 4,

Vertical layers: 64,

Dx (max, m): 346563.4999224701,

Dz (m): 156.25,

Dt (s): 19963,

horizontal CFL: 20,

vertical CFL: 44357.940528803745.

Computing balanced density field...


Setting up hybridized solver on the traces.
Inner solver: fgmres_ml_richardson
Starting profiler...

************************************************************************************************************************
***             WIDEN YOUR WINDOW TO 120 CHARACTERS.  Use 'enscript -r -fCourier9' to print this document            ***
************************************************************************************************************************

---------------------------------------------- PETSc Performance Summary: ----------------------------------------------

run_profiler.py on a  named mpe2 with 40 processors, by tg2115 Wed Feb 20 13:12:22 2019
Using Petsc Development GIT revision: v3.4.2-24285-gcd612ee  GIT Date: 2019-01-17 05:31:34 +0100

                         Max       Max/Min     Avg       Total 
Time (sec):           1.315e+02     1.000   1.315e+02
Objects:              1.836e+04     1.123   1.647e+04
Flop:                 1.471e+11     1.008   1.465e+11  5.860e+12
Flop/sec:             1.118e+09     1.008   1.114e+09  4.456e+10
MPI Messages:         1.806e+05     1.216   1.621e+05  6.484e+06
MPI Message Lengths:  3.137e+08     1.436   1.518e+03  9.840e+09
MPI Reductions:       1.254e+04     1.000

Flop counting convention: 1 flop = 1 real number operation of type (multiply/divide/add/subtract)
                            e.g., VecAXPY() for real vectors of length N --> 2N flop
                            and VecAXPY() for complex vectors of length N --> 8N flop

Summary of Stages:   ----- Time ------  ----- Flop ------  --- Messages ---  -- Message Lengths --  -- Reductions --
                        Avg     %Total     Avg     %Total    Count   %Total     Avg         %Total    Count   %Total 
 0:      Main Stage: 7.1876e+01  54.7%  4.4433e+11   7.6%  6.241e+05   9.6%  5.219e+03       33.1%  9.825e+03  78.4% 
 1:   Warm-up stage: 3.6284e+01  27.6%  3.0520e+12  52.1%  3.019e+06  46.6%  1.160e+03       35.6%  2.343e+03  18.7% 
 2:    linear_solve: 2.3353e+01  17.8%  2.3637e+12  40.3%  2.841e+06  43.8%  1.085e+03       31.3%  3.630e+02   2.9% 

------------------------------------------------------------------------------------------------------------------------
See the 'Profiling' chapter of the users' manual for details on interpreting output.
Phase summary info:
   Count: number of times phase was executed
   Time and Flop: Max - maximum over all processors
                  Ratio - ratio of maximum to minimum over all processors
   Mess: number of messages sent
   AvgLen: average message length (bytes)
   Reduct: number of global reductions
   Global: entire computation
   Stage: stages of a computation. Set stages with PetscLogStagePush() and PetscLogStagePop().
      %T - percent time in this phase         %F - percent flop in this phase
      %M - percent messages in this phase     %L - percent message lengths in this phase
      %R - percent reductions in this phase
   Total Mflop/s: 10e-6 * (sum of flop over all processors)/(max time over all processors)
------------------------------------------------------------------------------------------------------------------------
Event                Count      Time (sec)     Flop                              --- Global ---  --- Stage ----  Total
                   Max Ratio  Max     Ratio   Max  Ratio  Mess   AvgLen  Reduct  %T %F %M %L %R  %T %F %M %L %R Mflop/s
------------------------------------------------------------------------------------------------------------------------

--- Event Stage 0: Main Stage

PetscBarrier          44 1.0 4.7353e-02 1.1 0.00e+00 0.0 0.0e+00 0.0e+00 8.8e+01  0  0  0  0  1   0  0  0  0  1     0
BuildTwoSided        572 1.0 2.2853e-01 1.6 0.00e+00 0.0 6.3e+04 4.0e+00 0.0e+00  0  0  1  0  0   0  0 10  0  0     0
BuildTwoSidedF       803 1.0 1.4866e+00 2.3 0.00e+00 0.0 2.2e+04 6.4e+04 0.0e+00  1  0  0 14  0   2  0  4 44  0     0
SFSetGraph           660 1.0 7.4601e-03 1.2 0.00e+00 0.0 0.0e+00 0.0e+00 0.0e+00  0  0  0  0  0   0  0  0  0  0     0
SFSetUp              572 1.0 2.7399e-01 1.4 0.00e+00 0.0 1.9e+05 5.3e+02 0.0e+00  0  0  3  1  0   0  0 30  3  0     0
SFBcastBegin        1408 1.0 5.3692e-02 2.1 0.00e+00 0.0 3.0e+05 2.7e+03 0.0e+00  0  0  5  8  0   0  0 48 25  0     0
SFBcastEnd          1408 1.0 3.0252e+00 7.9 0.00e+00 0.0 0.0e+00 0.0e+00 0.0e+00  1  0  0  0  0   2  0  0  0  0     0
SFReduceBegin        330 1.0 1.1828e-02 1.4 0.00e+00 0.0 5.4e+04 6.9e+03 0.0e+00  0  0  1  4  0   0  0  9 11  0     0
SFReduceEnd          330 1.0 1.0786e+00 9.4 0.00e+00 0.0 0.0e+00 0.0e+00 0.0e+00  0  0  0  0  0   1  0  0  0  0     0
SFFetchOpBegin        11 1.0 3.3379e-05 2.1 0.00e+00 0.0 1.3e+03 5.0e+01 0.0e+00  0  0  0  0  0   0  0  0  0  0     0
SFFetchOpEnd          11 1.0 1.4424e-04 2.2 0.00e+00 0.0 1.3e+03 5.0e+01 0.0e+00  0  0  0  0  0   0  0  0  0  0     0
VecMDot              561 1.0 2.7954e-02 1.5 1.50e+07 1.0 0.0e+00 0.0e+00 5.6e+02  0  0  0  0  4   0  0  0  0  6 21417
VecTDot              220 1.0 4.2633e-02 1.6 9.60e+06 1.1 0.0e+00 0.0e+00 2.2e+02  0  0  0  0  2   0  0  0  0  2  8507
VecNorm              770 1.0 1.6534e-01 2.4 9.57e+06 1.1 0.0e+00 0.0e+00 7.7e+02  0  0  0  0  6   0  0  0  0  8  2230
VecScale             627 1.0 1.3709e-03 1.1 1.66e+06 1.0 0.0e+00 0.0e+00 0.0e+00  0  0  0  0  0   0  0  0  0  0 48487
VecCopy              440 1.0 1.8902e-02 1.1 0.00e+00 0.0 0.0e+00 0.0e+00 0.0e+00  0  0  0  0  0   0  0  0  0  0     0
VecSet              2134 1.0 1.0158e-02 1.1 0.00e+00 0.0 0.0e+00 0.0e+00 0.0e+00  0  0  0  0  0   0  0  0  0  0     0
VecAXPY              990 1.0 2.6423e-02 1.3 1.51e+07 1.1 0.0e+00 0.0e+00 0.0e+00  0  0  0  0  0   0  0  0  0  0 21904
VecAYPX              737 1.0 9.4342e-03 1.1 4.97e+06 1.1 0.0e+00 0.0e+00 0.0e+00  0  0  0  0  0   0  0  0  0  0 20295
VecMAXPY             627 1.0 1.3365e-02 1.0 1.78e+07 1.0 0.0e+00 0.0e+00 0.0e+00  0  0  0  0  0   0  0  0  0  0 53400
VecAssemblyBegin     165 1.0 7.9498e-03 1.3 0.00e+00 0.0 0.0e+00 0.0e+00 0.0e+00  0  0  0  0  0   0  0  0  0  0     0
VecAssemblyEnd       165 1.0 3.3808e-04 1.2 0.00e+00 0.0 0.0e+00 0.0e+00 0.0e+00  0  0  0  0  0   0  0  0  0  0     0
VecPointwiseMult     605 1.0 5.2602e-03 1.1 1.48e+06 1.0 0.0e+00 0.0e+00 0.0e+00  0  0  0  0  0   0  0  0  0  0 11245
VecScatterBegin     2002 1.0 1.7293e-02 1.1 0.00e+00 0.0 2.7e+04 7.0e+03 0.0e+00  0  0  0  2  0   0  0  4  6  0     0
VecScatterEnd       2002 1.0 3.1981e-02 2.5 0.00e+00 0.0 0.0e+00 0.0e+00 0.0e+00  0  0  0  0  0   0  0  0  0  0     0
VecSetRandom          55 1.0 9.0156e-03 1.0 0.00e+00 0.0 0.0e+00 0.0e+00 0.0e+00  0  0  0  0  0   0  0  0  0  0     0
VecNormalize         627 1.0 2.2150e-02 1.8 4.99e+06 1.0 0.0e+00 0.0e+00 6.3e+02  0  0  0  0  5   0  0  0  0  6  9003
MatMult             1331 1.0 2.3932e-01 1.1 8.38e+07 1.1 2.5e+04 7.6e+03 0.0e+00  0  0  0  2  0   0  1  4  6  0 13361
MatMultAdd           110 1.0 5.3072e-03 1.6 8.40e+05 1.0 8.6e+02 2.5e+02 0.0e+00  0  0  0  0  0   0  0  0  0  0  6329
MatMultTranspose     110 1.0 5.4500e-03 1.5 8.40e+05 1.0 8.6e+02 2.5e+02 0.0e+00  0  0  0  0  0   0  0  0  0  0  6163
MatSolve             825 1.0 2.7596e-01 1.1 1.08e+08 1.1 0.0e+00 0.0e+00 0.0e+00  0  0  0  0  0   0  1  0  0  0 14913
MatLUFactorSym        11 1.0 2.5034e-04 2.8 0.00e+00 0.0 0.0e+00 0.0e+00 0.0e+00  0  0  0  0  0   0  0  0  0  0     0
MatLUFactorNum        99 1.0 2.8055e-01 1.3 1.02e+07 1.2 0.0e+00 0.0e+00 0.0e+00  0  0  0  0  0   0  0  0  0  0  1339
MatILUFactorSym       88 1.0 2.4854e-01 1.2 0.00e+00 0.0 0.0e+00 0.0e+00 0.0e+00  0  0  0  0  0   0  0  0  0  0     0
MatConvert            66 1.0 1.7454e-02 1.0 0.00e+00 0.0 0.0e+00 0.0e+00 0.0e+00  0  0  0  0  0   0  0  0  0  0     0
MatScale             176 1.0 4.1997e-03 1.0 1.22e+06 1.0 0.0e+00 0.0e+00 0.0e+00  0  0  0  0  0   0  0  0  0  0 11627
MatResidual          110 1.0 3.6376e-03 1.0 1.60e+06 1.0 0.0e+00 0.0e+00 0.0e+00  0  0  0  0  0   0  0  0  0  0 17599
MatAssemblyBegin    1397 1.0 2.2230e+00 1.7 0.00e+00 0.0 2.2e+04 6.4e+04 0.0e+00  1  0  0 14  0   3  0  4 44  0     0
MatAssemblyEnd      1397 1.0 1.5976e+00 1.4 0.00e+00 0.0 2.1e+04 2.4e+03 3.2e+03  1  0  0  1 25   2  0  3  2 32     0
MatGetRowIJ           99 1.1 8.8930e-05 5.3 0.00e+00 0.0 0.0e+00 0.0e+00 0.0e+00  0  0  0  0  0   0  0  0  0  0     0
MatCreateSubMat       22 1.0 1.2522e-02 1.0 0.00e+00 0.0 3.0e+03 1.1e+02 3.5e+02  0  0  0  0  3   0  0  0  0  4     0
MatGetOrdering        99 1.1 9.9883e-03 1.2 0.00e+00 0.0 0.0e+00 0.0e+00 0.0e+00  0  0  0  0  0   0  0  0  0  0     0
MatCoarsen            66 1.0 2.0025e-02 1.0 0.00e+00 0.0 0.0e+00 0.0e+00 6.6e+01  0  0  0  0  1   0  0  0  0  1     0
MatZeroEntries       110 1.0 6.5840e-02 1.8 0.00e+00 0.0 0.0e+00 0.0e+00 0.0e+00  0  0  0  0  0   0  0  0  0  0     0
MatAXPY               55 1.0 3.8580e-02 1.0 0.00e+00 0.0 0.0e+00 0.0e+00 0.0e+00  0  0  0  0  0   0  0  0  0  0     0
MatTranspose         176 1.0 6.4444e-02 1.0 0.00e+00 0.0 0.0e+00 0.0e+00 6.6e+02  0  0  0  0  5   0  0  0  0  7     0
MatMatMult            55 1.0 7.9088e-02 1.0 7.92e+05 1.0 0.0e+00 0.0e+00 6.6e+02  0  0  0  0  5   0  0  0  0  7   401
MatMatMultSym         55 1.0 6.2861e-02 1.0 0.00e+00 0.0 0.0e+00 0.0e+00 6.6e+02  0  0  0  0  5   0  0  0  0  7     0
MatMatMultNum         55 1.0 1.5698e-02 1.0 7.92e+05 1.0 0.0e+00 0.0e+00 0.0e+00  0  0  0  0  0   0  0  0  0  0  2019
MatPtAP               55 1.0 1.2997e-01 1.0 2.88e+06 1.0 0.0e+00 0.0e+00 8.2e+02  0  0  0  0  7   0  0  0  0  8   885
MatPtAPSymbolic       55 1.0 8.5467e-02 1.0 0.00e+00 0.0 0.0e+00 0.0e+00 3.8e+02  0  0  0  0  3   0  0  0  0  4     0
MatPtAPNumeric        55 1.0 4.4979e-02 1.0 2.88e+06 1.0 0.0e+00 0.0e+00 4.4e+02  0  0  0  0  4   0  0  0  0  4  2557
MatTrnMatMult         11 1.0 1.6104e-01 1.0 2.04e+06 1.0 0.0e+00 0.0e+00 1.8e+02  0  0  0  0  1   0  0  0  0  2   507
MatTrnMatMultSym      11 1.0 7.4460e-02 1.0 0.00e+00 0.0 0.0e+00 0.0e+00 8.8e+01  0  0  0  0  1   0  0  0  0  1     0
MatTrnMatMultNum      11 1.0 8.6658e-02 1.0 2.04e+06 1.0 0.0e+00 0.0e+00 8.8e+01  0  0  0  0  1   0  0  0  0  1   942
MatGetLocalMat       176 1.0 2.6780e-02 1.0 0.00e+00 0.0 0.0e+00 0.0e+00 0.0e+00  0  0  0  0  0   0  0  0  0  0     0
MatGetBrAoCol        165 1.0 5.0476e-03 1.1 0.00e+00 0.0 0.0e+00 0.0e+00 0.0e+00  0  0  0  0  0   0  0  0  0  0     0
MatTranspose_SeqAIJ_FAST     176 1.0 1.2542e-02 1.0 0.00e+00 0.0 0.0e+00 0.0e+00 0.0e+00  0  0  0  0  0   0  0  0  0  0     0
PCGAMGGraph_AGG       66 1.0 2.6184e-01 1.0 8.02e+05 1.0 0.0e+00 0.0e+00 1.5e+03  0  0  0  0 12   0  0  0  0 15   122
PCGAMGCoarse_AGG      66 1.0 2.2469e-01 1.0 2.04e+06 1.0 0.0e+00 0.0e+00 2.9e+02  0  0  0  0  2   0  0  0  0  3   363
PCGAMGProl_AGG        66 1.0 1.2247e-01 1.0 0.00e+00 0.0 0.0e+00 0.0e+00 9.2e+02  0  0  0  0  7   0  0  0  0  9     0
PCGAMGPOpt_AGG        55 1.0 2.4197e-01 1.0 4.63e+07 1.0 0.0e+00 0.0e+00 2.3e+03  0  0  0  0 18   0  0  0  0 23  7656
GAMG: createProl      66 1.0 8.5809e-01 1.0 4.92e+07 1.0 0.0e+00 0.0e+00 4.9e+03  1  0  0  0 39   1  0  0  0 50  2291
  Graph              132 1.0 2.5904e-01 1.0 8.02e+05 1.0 0.0e+00 0.0e+00 1.5e+03  0  0  0  0 12   0  0  0  0 15   124
  MIS/Agg             66 1.0 2.0779e-02 1.0 0.00e+00 0.0 0.0e+00 0.0e+00 6.6e+01  0  0  0  0  1   0  0  0  0  1     0
  SA: col data        55 1.0 2.4841e-02 1.0 0.00e+00 0.0 0.0e+00 0.0e+00 2.2e+02  0  0  0  0  2   0  0  0  0  2     0
  SA: frmProl0        55 1.0 8.5139e-02 1.0 0.00e+00 0.0 0.0e+00 0.0e+00 4.4e+02  0  0  0  0  4   0  0  0  0  4     0
  SA: smooth          55 1.0 1.2601e-01 1.0 1.21e+06 1.0 0.0e+00 0.0e+00 7.7e+02  0  0  0  0  6   0  0  0  0  8   385
GAMG: partLevel       55 1.0 1.4973e-01 1.0 2.88e+06 1.0 4.3e+03 1.2e+02 1.4e+03  0  0  0  0 11   0  0  1  0 14   768
  repartition         11 1.0 1.2619e-03 1.0 0.00e+00 0.0 0.0e+00 0.0e+00 6.6e+01  0  0  0  0  1   0  0  0  0  1     0
  Invert-Sort         11 1.0 2.3773e-03 1.2 0.00e+00 0.0 0.0e+00 0.0e+00 4.4e+01  0  0  0  0  0   0  0  0  0  0     0
  Move A              11 1.0 7.1423e-03 1.0 0.00e+00 0.0 2.1e+03 1.3e+02 1.9e+02  0  0  0  0  1   0  0  0  0  2     0
  Move P              11 1.0 6.9292e-03 1.0 0.00e+00 0.0 8.6e+02 6.4e+01 1.9e+02  0  0  0  0  1   0  0  0  0  2     0
PCSetUp              154 1.0 4.2188e+00 1.0 1.72e+09 1.0 8.0e+03 9.3e+01 6.8e+03  3  1  0  0 54   6 15  1  0 69 16322
PCSetUpOnBlocks      275 1.0 5.2310e-01 1.2 1.02e+07 1.2 0.0e+00 0.0e+00 0.0e+00  0  0  0  0  0   1  0  0  0  0   718
PCApply              154 1.0 3.2063e+00 1.0 5.01e+09 1.0 4.7e+04 3.0e+03 6.8e+03  2  3  1  1 54   4 45  7  4 69 62473
KSPSetUp             275 1.0 1.6927e-02 1.2 0.00e+00 0.0 0.0e+00 0.0e+00 1.3e+02  0  0  0  0  1   0  0  0  0  1     0
KSPSolve              44 1.0 6.6910e+00 1.0 6.78e+09 1.0 7.6e+04 4.4e+03 7.3e+03  5  5  1  3 58   9 61 12 10 74 40464
KSPGMRESOrthog       561 1.0 3.9510e-02 1.3 2.99e+07 1.0 0.0e+00 0.0e+00 5.6e+02  0  0  0  0  4   0  0  0  0  6 30309
SNESSolve             44 1.0 1.1976e+01 1.0 1.11e+10 1.0 2.1e+05 7.0e+03 7.6e+03  9  8  3 15 60  17 99 34 45 77 36883
SNESFunctionEval      44 1.0 3.1817e+00 1.1 3.52e+09 1.0 1.3e+05 8.2e+03 2.4e+02  2  2  2 11  2   4 31 21 34  2 43714
SNESJacobianEval      44 1.0 2.3091e+00 1.0 8.38e+08 1.1 1.8e+03 2.1e+04 0.0e+00  2  1  0  0  0   3  7  0  1  0 13771
Mesh Partition        22 1.0 4.9132e-01 1.0 0.00e+00 0.0 2.4e+05 2.9e+01 1.1e+02  0  0  4  0  1   1  0 39  0  1     0
Mesh Migration        22 1.0 8.4849e-02 1.0 0.00e+00 0.0 9.9e+04 2.6e+02 4.7e+02  0  0  2  0  4   0  0 16  1  5     0
DMPlexInterp          11 1.0 2.8279e-03 1.3 0.00e+00 0.0 0.0e+00 0.0e+00 2.2e+01  0  0  0  0  0   0  0  0  0  0     0
DMPlexDistribute      11 1.0 5.2876e-01 1.0 0.00e+00 0.0 1.2e+05 2.1e+02 2.1e+02  0  0  2  0  2   1  0 19  1  2     0
DMPlexDistCones       22 1.0 1.9318e-02 1.1 0.00e+00 0.0 2.4e+04 4.0e+02 0.0e+00  0  0  0  0  0   0  0  4  0  0     0
DMPlexDistLabels      22 1.0 3.8685e-02 1.0 0.00e+00 0.0 3.4e+04 2.7e+02 2.9e+02  0  0  1  0  2   0  0  5  0  3     0
DMPlexDistOvrlp       11 1.0 5.1975e-02 1.1 0.00e+00 0.0 2.3e+05 4.9e+01 3.7e+02  0  0  3  0  3   0  0 36  0  4     0
DMPlexDistField       33 1.0 1.2141e-02 1.1 0.00e+00 0.0 3.2e+04 1.3e+02 2.2e+01  0  0  0  0  0   0  0  5  0  0     0
DMPlexDistData        22 1.0 1.1419e-01 3.6 0.00e+00 0.0 2.1e+05 1.9e+01 0.0e+00  0  0  3  0  0   0  0 34  0  0     0
DMPlexStratify        44 1.0 1.1929e-02 1.5 0.00e+00 0.0 0.0e+00 0.0e+00 4.4e+01  0  0  0  0  0   0  0  0  0  0     0
CreateMesh            88 1.0 6.5098e-01 1.0 0.00e+00 0.0 3.4e+05 1.1e+02 6.3e+02  0  0  5  0  5   1  0 55  1  6     0
Mesh: reorder         11 1.0 2.4884e-03 1.1 0.00e+00 0.0 0.0e+00 0.0e+00 2.2e+01  0  0  0  0  0   0  0  0  0  0     0
Mesh: numbering       11 1.0 1.2701e-02 1.0 0.00e+00 0.0 0.0e+00 0.0e+00 2.2e+01  0  0  0  0  0   0  0  0  0  0     0
CreateFunctionSpace     715 1.0 4.2908e+00 1.2 0.00e+00 0.0 8.9e+03 9.5e+01 0.0e+00  3  0  0  0  0   6  0  1  0  0     0
ParLoopExecute       726 1.0 8.4254e+00 1.1 1.09e+10 1.0 1.9e+05 6.7e+03 3.3e+02  6  7  3 13  3  11 98 30 38  3 51434
ParLoopCells         902 1.0 3.5915e+00 1.0 9.97e+09 1.0 0.0e+00 0.0e+00 0.0e+00  3  7  0  0  0   5 90  0  0  0 111089
ParLoopRednBegin     726 1.0 1.1291e-02 1.1 0.00e+00 0.0 0.0e+00 0.0e+00 0.0e+00  0  0  0  0  0   0  0  0  0  0     0
ParLoopRednEnd       726 1.0 3.3076e-03 1.2 0.00e+00 0.0 0.0e+00 0.0e+00 0.0e+00  0  0  0  0  0   0  0  0  0  0     0
ParLoopset_5           2 1.0 9.3317e-04 1.1 0.00e+00 0.0 0.0e+00 0.0e+00 0.0e+00  0  0  0  0  0   0  0  0  0  0     0
CreateExtMesh         11 1.0 1.2603e-01 1.1 0.00e+00 0.0 0.0e+00 0.0e+00 0.0e+00  0  0  0  0  0   0  0  0  0  0     0
CreateSparsity        44 1.0 5.4661e+00 1.3 0.00e+00 0.0 1.1e+04 4.4e+04 2.0e+02  4  0  0  5  2   7  0  2 14  2     0
MatZeroInitial        66 1.0 2.9152e+00 1.2 0.00e+00 0.0 0.0e+00 0.0e+00 0.0e+00  2  0  0  0  0   4  0  0  0  0     0
ParLoopset_8           6 1.0 1.4253e-03 1.3 0.00e+00 0.0 0.0e+00 0.0e+00 0.0e+00  0  0  0  0  0   0  0  0  0  0     0
ApplyBC               11 1.0 5.4704e-02 1.1 0.00e+00 0.0 0.0e+00 0.0e+00 0.0e+00  0  0  0  0  0   0  0  0  0  0     0
ParLoopset_10         12 1.0 1.5168e-03 1.1 0.00e+00 0.0 0.0e+00 0.0e+00 0.0e+00  0  0  0  0  0   0  0  0  0  0     0
ParLoopset_9          10 1.0 1.5240e-03 1.1 0.00e+00 0.0 0.0e+00 0.0e+00 0.0e+00  0  0  0  0  0   0  0  0  0  0     0
VertHybridInit        11 1.0 2.6681e+00 1.1 1.66e+09 1.0 3.7e+03 6.7e+01 2.0e+02  2  1  0  0  2   4 15  1  0  2 24888
VertHybridBreak       11 1.0 8.2903e-02 2.5 0.00e+00 0.0 0.0e+00 0.0e+00 2.2e+01  0  0  0  0  0   0  0  0  0  0     0
VertHybridRHS         11 1.0 5.3692e-02 1.2 0.00e+00 0.0 0.0e+00 0.0e+00 0.0e+00  0  0  0  0  0   0  0  0  0  0     0
VertHybridSolve       11 1.0 1.5408e+00 1.0 1.74e+09 1.0 3.2e+04 2.5e+03 6.7e+03  1  1  0  1 54   2 16  5  2 68 45062
ParLoopset_12          4 1.0 1.3871e-03 1.2 0.00e+00 0.0 0.0e+00 0.0e+00 0.0e+00  0  0  0  0  0   0  0  0  0  0     0
VertHybridRecon       11 1.0 1.4327e-02 1.1 0.00e+00 0.0 0.0e+00 0.0e+00 0.0e+00  0  0  0  0  0   0  0  0  0  0     0
VertHybridRecover      11 1.0 1.2691e+00 1.0 3.18e+09 1.0 1.5e+04 4.2e+03 2.2e+01  1  2  0  1  0   2 29  2  2  0 100134
Gusto:SolverSetup      11 1.0 3.5464e+01 1.0 1.42e+09 1.2 6.9e+04 2.8e+04 9.0e+02 27  1  1 20  7  49 12 11 60  9  1504
Gusto:HybridProjectRhobar      11 1.0 1.6567e+00 1.0 7.09e+08 1.2 2.5e+04 8.5e+03 5.5e+01  1  0  0  2  0   2  6  4  7  1 16026
ParLoopExtFacets      88 1.0 2.9690e-02 1.1 0.00e+00 0.0 0.0e+00 0.0e+00 0.0e+00  0  0  0  0  0   0  0  0  0  0     0
ParLoopIntFacets      88 1.0 1.3627e+00 1.2 9.44e+08 1.2 0.0e+00 0.0e+00 0.0e+00  1  1  0  0  0   2  8  0  0  0 25226
Gusto:HybridProjectPibar      11 1.0 1.7114e+00 1.0 7.16e+08 1.2 2.0e+04 9.9e+03 5.5e+01  1  0  0  2  0   2  6  3  6  1 15656
ParLoopset_19          2 1.0 3.9101e-05 1.3 0.00e+00 0.0 0.0e+00 0.0e+00 0.0e+00  0  0  0  0  0   0  0  0  0  0     0
ParLoopset_22          6 1.0 2.9111e-04 1.4 0.00e+00 0.0 0.0e+00 0.0e+00 0.0e+00  0  0  0  0  0   0  0  0  0  0     0
ParLoopset_24         12 1.0 2.9778e-04 1.3 0.00e+00 0.0 0.0e+00 0.0e+00 0.0e+00  0  0  0  0  0   0  0  0  0  0     0
ParLoopset_23         10 1.0 3.1352e-04 1.2 0.00e+00 0.0 0.0e+00 0.0e+00 0.0e+00  0  0  0  0  0   0  0  0  0  0     0
ParLoopset_26          4 1.0 1.4424e-04 1.4 0.00e+00 0.0 0.0e+00 0.0e+00 0.0e+00  0  0  0  0  0   0  0  0  0  0     0
ParLoopset_33          2 1.0 3.7193e-05 1.4 0.00e+00 0.0 0.0e+00 0.0e+00 0.0e+00  0  0  0  0  0   0  0  0  0  0     0
ParLoopset_36          6 1.0 2.8181e-04 1.2 0.00e+00 0.0 0.0e+00 0.0e+00 0.0e+00  0  0  0  0  0   0  0  0  0  0     0
ParLoopset_38         12 1.0 2.8872e-04 1.3 0.00e+00 0.0 0.0e+00 0.0e+00 0.0e+00  0  0  0  0  0   0  0  0  0  0     0
ParLoopset_37         10 1.0 3.1447e-04 1.2 0.00e+00 0.0 0.0e+00 0.0e+00 0.0e+00  0  0  0  0  0   0  0  0  0  0     0
ParLoopset_40          4 1.0 1.5306e-04 1.5 0.00e+00 0.0 0.0e+00 0.0e+00 0.0e+00  0  0  0  0  0   0  0  0  0  0     0
ParLoopset_47          2 1.0 3.3855e-05 1.3 0.00e+00 0.0 0.0e+00 0.0e+00 0.0e+00  0  0  0  0  0   0  0  0  0  0     0
ParLoopset_50          6 1.0 2.6822e-04 1.3 0.00e+00 0.0 0.0e+00 0.0e+00 0.0e+00  0  0  0  0  0   0  0  0  0  0     0
ParLoopset_52         12 1.0 3.1495e-04 1.4 0.00e+00 0.0 0.0e+00 0.0e+00 0.0e+00  0  0  0  0  0   0  0  0  0  0     0
ParLoopset_51         10 1.0 3.1781e-04 1.3 0.00e+00 0.0 0.0e+00 0.0e+00 0.0e+00  0  0  0  0  0   0  0  0  0  0     0
ParLoopset_54          4 1.0 1.6809e-04 1.6 0.00e+00 0.0 0.0e+00 0.0e+00 0.0e+00  0  0  0  0  0   0  0  0  0  0     0
ParLoopset_61          2 1.0 4.6968e-05 1.8 0.00e+00 0.0 0.0e+00 0.0e+00 0.0e+00  0  0  0  0  0   0  0  0  0  0     0
ParLoopset_64          6 1.0 3.0208e-04 1.4 0.00e+00 0.0 0.0e+00 0.0e+00 0.0e+00  0  0  0  0  0   0  0  0  0  0     0
ParLoopset_66         12 1.0 2.8443e-04 1.2 0.00e+00 0.0 0.0e+00 0.0e+00 0.0e+00  0  0  0  0  0   0  0  0  0  0     0
ParLoopset_65         10 1.0 3.0971e-04 1.3 0.00e+00 0.0 0.0e+00 0.0e+00 0.0e+00  0  0  0  0  0   0  0  0  0  0     0
ParLoopset_68          4 1.0 1.4520e-04 1.5 0.00e+00 0.0 0.0e+00 0.0e+00 0.0e+00  0  0  0  0  0   0  0  0  0  0     0
ParLoopset_75          2 1.0 4.1008e-05 1.5 0.00e+00 0.0 0.0e+00 0.0e+00 0.0e+00  0  0  0  0  0   0  0  0  0  0     0
ParLoopset_78          6 1.0 2.7370e-04 1.2 0.00e+00 0.0 0.0e+00 0.0e+00 0.0e+00  0  0  0  0  0   0  0  0  0  0     0
ParLoopset_80         12 1.0 2.9564e-04 1.3 0.00e+00 0.0 0.0e+00 0.0e+00 0.0e+00  0  0  0  0  0   0  0  0  0  0     0
ParLoopset_79         10 1.0 3.1114e-04 1.2 0.00e+00 0.0 0.0e+00 0.0e+00 0.0e+00  0  0  0  0  0   0  0  0  0  0     0
ParLoopset_82          4 1.0 1.4591e-04 1.4 0.00e+00 0.0 0.0e+00 0.0e+00 0.0e+00  0  0  0  0  0   0  0  0  0  0     0
ParLoopset_89          2 1.0 4.5061e-05 1.6 0.00e+00 0.0 0.0e+00 0.0e+00 0.0e+00  0  0  0  0  0   0  0  0  0  0     0
ParLoopset_92          6 1.0 2.6608e-04 1.3 0.00e+00 0.0 0.0e+00 0.0e+00 0.0e+00  0  0  0  0  0   0  0  0  0  0     0
ParLoopset_94         12 1.0 2.9922e-04 1.3 0.00e+00 0.0 0.0e+00 0.0e+00 0.0e+00  0  0  0  0  0   0  0  0  0  0     0
ParLoopset_93         10 1.0 2.0235e-03 8.2 0.00e+00 0.0 0.0e+00 0.0e+00 0.0e+00  0  0  0  0  0   0  0  0  0  0     0
ParLoopset_96          4 1.0 1.3995e-04 1.5 0.00e+00 0.0 0.0e+00 0.0e+00 0.0e+00  0  0  0  0  0   0  0  0  0  0     0
ParLoopset_103         2 1.0 3.4094e-05 1.3 0.00e+00 0.0 0.0e+00 0.0e+00 0.0e+00  0  0  0  0  0   0  0  0  0  0     0
ParLoopset_106         6 1.0 3.0088e-04 1.3 0.00e+00 0.0 0.0e+00 0.0e+00 0.0e+00  0  0  0  0  0   0  0  0  0  0     0
ParLoopset_108        12 1.0 2.8753e-04 1.3 0.00e+00 0.0 0.0e+00 0.0e+00 0.0e+00  0  0  0  0  0   0  0  0  0  0     0
ParLoopset_107        10 1.0 3.1137e-04 1.2 0.00e+00 0.0 0.0e+00 0.0e+00 0.0e+00  0  0  0  0  0   0  0  0  0  0     0
ParLoopset_110         4 1.0 1.4687e-04 1.5 0.00e+00 0.0 0.0e+00 0.0e+00 0.0e+00  0  0  0  0  0   0  0  0  0  0     0
ParLoopset_117         2 1.0 3.5048e-05 1.3 0.00e+00 0.0 0.0e+00 0.0e+00 0.0e+00  0  0  0  0  0   0  0  0  0  0     0
ParLoopset_120         6 1.0 2.7418e-04 1.3 0.00e+00 0.0 0.0e+00 0.0e+00 0.0e+00  0  0  0  0  0   0  0  0  0  0     0
ParLoopset_122        12 1.0 2.8396e-04 1.2 0.00e+00 0.0 0.0e+00 0.0e+00 0.0e+00  0  0  0  0  0   0  0  0  0  0     0
ParLoopset_121        10 1.0 3.0875e-04 1.2 0.00e+00 0.0 0.0e+00 0.0e+00 0.0e+00  0  0  0  0  0   0  0  0  0  0     0
ParLoopset_124         4 1.0 1.4615e-04 1.5 0.00e+00 0.0 0.0e+00 0.0e+00 0.0e+00  0  0  0  0  0   0  0  0  0  0     0
ParLoopset_131         2 1.0 3.6240e-05 1.3 0.00e+00 0.0 0.0e+00 0.0e+00 0.0e+00  0  0  0  0  0   0  0  0  0  0     0
ParLoopset_134         6 1.0 2.6584e-04 1.2 0.00e+00 0.0 0.0e+00 0.0e+00 0.0e+00  0  0  0  0  0   0  0  0  0  0     0
ParLoopset_136        12 1.0 2.8753e-04 1.3 0.00e+00 0.0 0.0e+00 0.0e+00 0.0e+00  0  0  0  0  0   0  0  0  0  0     0
ParLoopset_135        10 1.0 3.0851e-04 1.3 0.00e+00 0.0 0.0e+00 0.0e+00 0.0e+00  0  0  0  0  0   0  0  0  0  0     0
ParLoopset_138         4 1.0 1.4114e-04 1.5 0.00e+00 0.0 0.0e+00 0.0e+00 0.0e+00  0  0  0  0  0   0  0  0  0  0     0
ParLoopset_145         2 1.0 3.4094e-05 1.4 0.00e+00 0.0 0.0e+00 0.0e+00 0.0e+00  0  0  0  0  0   0  0  0  0  0     0
ParLoopset_148         6 1.0 3.1328e-04 1.5 0.00e+00 0.0 0.0e+00 0.0e+00 0.0e+00  0  0  0  0  0   0  0  0  0  0     0
ParLoopset_150        12 1.0 3.0565e-04 1.4 0.00e+00 0.0 0.0e+00 0.0e+00 0.0e+00  0  0  0  0  0   0  0  0  0  0     0
ParLoopset_149        10 1.0 3.2187e-04 1.3 0.00e+00 0.0 0.0e+00 0.0e+00 0.0e+00  0  0  0  0  0   0  0  0  0  0     0
ParLoopset_152         4 1.0 1.7309e-04 1.8 0.00e+00 0.0 0.0e+00 0.0e+00 0.0e+00  0  0  0  0  0   0  0  0  0  0     0

--- Event Stage 1: Warm-up stage

BuildTwoSided         11 1.0 9.5267e-03 2.5 0.00e+00 0.0 1.2e+03 4.0e+00 0.0e+00  0  0  0  0  0   0  0  0  0  0     0
BuildTwoSidedF        88 1.0 2.1827e-01 2.5 0.00e+00 0.0 5.5e+03 2.1e+04 0.0e+00  0  0  0  1  0   0  0  0  3  0     0
SFSetGraph            22 1.0 1.9143e-03 1.2 0.00e+00 0.0 0.0e+00 0.0e+00 0.0e+00  0  0  0  0  0   0  0  0  0  0     0
SFSetUp               11 1.0 1.6208e-02 1.3 0.00e+00 0.0 3.7e+03 5.3e+03 0.0e+00  0  0  0  0  0   0  0  0  1  0     0
SFBcastBegin         165 1.0 1.3791e-02 1.5 0.00e+00 0.0 3.7e+04 7.3e+03 0.0e+00  0  0  1  3  0   0  0  1  8  0     0
SFBcastEnd           165 1.0 5.4230e+00148.0 0.00e+00 0.0 0.0e+00 0.0e+00 0.0e+00  1  0  0  0  0   5  0  0  0  0     0
SFReduceBegin        187 1.0 1.1308e-02 1.4 0.00e+00 0.0 4.2e+04 9.7e+03 0.0e+00  0  0  1  4  0   0  0  1 12  0     0
SFReduceEnd          187 1.0 5.3789e+0018.0 0.00e+00 0.0 0.0e+00 0.0e+00 0.0e+00  2  0  0  0  0   7  0  0  0  0     0
VecMDot              176 1.0 1.8246e-01 2.0 6.82e+07 1.1 0.0e+00 0.0e+00 1.8e+02  0  0  0  0  1   0  0  0  0  8 14123
VecNorm              187 1.0 2.8620e-02 3.6 8.16e+06 1.1 0.0e+00 0.0e+00 1.9e+02  0  0  0  0  1   0  0  0  0  8 10772
VecScale             891 1.0 3.6073e-03 1.2 4.08e+06 1.1 0.0e+00 0.0e+00 0.0e+00  0  0  0  0  0   0  0  0  0  0 42733
VecCopy              781 1.0 1.2589e-01 4.1 0.00e+00 0.0 0.0e+00 0.0e+00 0.0e+00  0  0  0  0  0   0  0  0  0  0     0
VecSet              5588 1.0 8.0727e-02 1.3 0.00e+00 0.0 0.0e+00 0.0e+00 0.0e+00  0  0  0  0  0   0  0  0  0  0     0
VecAXPY             4950 1.0 1.0751e-01 1.2 6.02e+07 1.1 0.0e+00 0.0e+00 0.0e+00  0  0  0  0  0   0  0  0  0  0 21260
VecAYPX             4224 1.0 1.0896e-01 1.3 2.49e+07 1.1 0.0e+00 0.0e+00 0.0e+00  0  0  0  0  0   0  0  0  0  0  8677
VecMAXPY             187 1.0 9.6604e-02 1.1 7.59e+07 1.1 0.0e+00 0.0e+00 0.0e+00  0  0  0  0  0   0  0  0  0  0 29678
VecScatterBegin     5115 1.0 1.9356e-01 1.4 0.00e+00 0.0 2.8e+06 9.5e+02 0.0e+00  0  0 43 27  0   0  0 93 76  0     0
VecScatterEnd       5115 1.0 7.1703e-01 2.3 0.00e+00 0.0 0.0e+00 0.0e+00 0.0e+00  0  0  0  0  0   1  0  0  0  0     0
MatMult             5214 1.0 2.5372e+00 1.1 6.39e+08 1.1 2.5e+06 1.0e+03 0.0e+00  2  0 39 25  0   7  1 83 71  0  9610
MatMultAdd           704 1.0 1.4367e-01 1.1 8.31e+06 1.1 0.0e+00 0.0e+00 0.0e+00  0  0  0  0  0   0  0  0  0  0  2194
MatSolve            4400 1.0 1.2699e+00 1.2 4.70e+08 1.1 0.0e+00 0.0e+00 0.0e+00  1  0  0  0  0   3  1  0  0  0 14194
MatLUFactorSym        11 1.0 7.5579e-04 1.0 0.00e+00 0.0 0.0e+00 0.0e+00 0.0e+00  0  0  0  0  0   0  0  0  0  0     0
MatLUFactorNum        55 1.0 7.5659e-02 1.2 1.87e+07 1.2 0.0e+00 0.0e+00 0.0e+00  0  0  0  0  0   0  0  0  0  0  9355
MatILUFactorSym       44 1.0 3.2939e-02 1.2 0.00e+00 0.0 0.0e+00 0.0e+00 0.0e+00  0  0  0  0  0   0  0  0  0  0     0
MatConvert            11 1.0 5.8556e-04 1.1 0.00e+00 0.0 0.0e+00 0.0e+00 0.0e+00  0  0  0  0  0   0  0  0  0  0     0
MatResidual          704 1.0 4.2703e-01 1.5 9.31e+07 1.1 4.1e+05 9.2e+02 0.0e+00  0  0  6  4  0   1  0 14 11  0  8330
MatAssemblyBegin     132 1.0 2.7548e-01 2.5 0.00e+00 0.0 5.5e+03 2.1e+04 0.0e+00  0  0  0  1  0   1  0  0  3  0     0
MatAssemblyEnd       132 1.0 1.7076e-01 1.4 0.00e+00 0.0 8.6e+04 1.4e+02 4.4e+02  0  0  1  0  4   0  0  3  0 19     0
MatGetRowIJ           55 1.0 7.2956e-05 1.4 0.00e+00 0.0 0.0e+00 0.0e+00 0.0e+00  0  0  0  0  0   0  0  0  0  0     0
MatCreateSubMats      11 1.0 2.9104e-03 1.0 0.00e+00 0.0 0.0e+00 0.0e+00 4.4e+01  0  0  0  0  0   0  0  0  0  2     0
MatGetOrdering        55 1.0 4.0216e-03 1.1 0.00e+00 0.0 0.0e+00 0.0e+00 0.0e+00  0  0  0  0  0   0  0  0  0  0     0
MatZeroEntries        11 1.0 7.8065e-03 1.2 0.00e+00 0.0 0.0e+00 0.0e+00 0.0e+00  0  0  0  0  0   0  0  0  0  0     0
MatRedundantMat       11 1.0 3.5894e-03 1.0 0.00e+00 0.0 0.0e+00 0.0e+00 4.4e+01  0  0  0  0  0   0  0  0  0  2     0
MatMPIConcateSeq      11 1.0 5.9962e-04 1.1 0.00e+00 0.0 0.0e+00 0.0e+00 0.0e+00  0  0  0  0  0   0  0  0  0  0     0
PCSetUp               66 1.0 1.2533e+01 1.0 1.72e+10 1.0 1.6e+05 2.0e+03 1.8e+03  9 12  2  3 15  34 23  5  9 78 54915
PCSetUpOnBlocks     1408 1.0 1.1509e-01 1.2 1.83e+07 1.2 0.0e+00 0.0e+00 0.0e+00  0  0  0  0  0   0  0  0  0  0  5990
PCApply               11 1.0 2.1015e+01 1.0 5.27e+10 1.0 2.9e+06 9.7e+02 2.1e+03 16 36 45 29 16  58 69 98 82 88 100124
KSPSetUp             143 1.0 2.4226e-02 1.6 0.00e+00 0.0 0.0e+00 0.0e+00 1.1e+02  0  0  0  0  1   0  0  0  0  5     0
KSPSolve              11 1.0 3.1768e+01 1.0 6.98e+10 1.0 3.0e+06 1.0e+03 2.3e+03 24 48 46 30 18  88 91 98 85 97 87828
KSPGMRESOrthog       176 1.0 2.6410e-01 1.5 1.36e+08 1.1 0.0e+00 0.0e+00 1.8e+02  0  0  0  0  1   1  0  0  0  8 19514
SNESSolve             11 1.0 3.6195e+01 1.0 7.65e+10 1.0 3.0e+06 1.2e+03 2.3e+03 28 52 47 36 18 100100100100 99 84320
SNESFunctionEval      11 1.0 4.4390e+00 1.0 6.72e+09 1.1 6.3e+04 8.2e+03 4.4e+01  3  4  1  5  0  12  9  2 15  2 58967
SNESJacobianEval      11 1.0 9.6123e-03 1.3 0.00e+00 0.0 0.0e+00 0.0e+00 0.0e+00  0  0  0  0  0   0  0  0  0  0     0
CreateFunctionSpace     198 1.0 1.2018e-01 1.1 0.00e+00 0.0 0.0e+00 0.0e+00 0.0e+00  0  0  0  0  0   0  0  0  0  0     0
ParLoopExecute       330 1.0 2.3036e+01 1.1 7.52e+10 1.0 8.3e+04 8.4e+03 4.4e+01 17 51  1  7  0  60 98  3 20  2 130216
ParLoopCells         330 1.0 1.6608e+01 1.0 7.32e+10 1.0 0.0e+00 0.0e+00 0.0e+00 12 50  0  0  0  45 96  0  0  0 176270
ParLoopRednBegin     330 1.0 6.3722e-03 1.3 0.00e+00 0.0 0.0e+00 0.0e+00 0.0e+00  0  0  0  0  0   0  0  0  0  0     0
ParLoopRednEnd       330 1.0 1.5905e-0213.0 0.00e+00 0.0 0.0e+00 0.0e+00 0.0e+00  0  0  0  0  0   0  0  0  0  0     0
CreateSparsity        11 1.0 1.7358e+00 3.9 0.00e+00 0.0 1.8e+03 2.1e+04 4.4e+01  0  0  0  0  0   2  0  0  1  2     0
MatZeroInitial        11 1.0 1.9003e-01 1.1 0.00e+00 0.0 0.0e+00 0.0e+00 0.0e+00  0  0  0  0  0   0  0  0  0  0     0
ParLoopset_8           8 1.0 1.8215e-03 1.2 2.18e+04 1.1 0.0e+00 0.0e+00 0.0e+00  0  0  0  0  0   0  0  0  0  0   453
ParLoopset_10          4 1.0 1.5593e-04 1.4 8.32e+03 1.0 0.0e+00 0.0e+00 0.0e+00  0  0  0  0  0   0  0  0  0  0  2134
ParLoopset_9           8 1.0 3.0541e-04 1.3 8.19e+03 1.0 0.0e+00 0.0e+00 0.0e+00  0  0  0  0  0   0  0  0  0  0  1073
ParLoopIntFacets      66 1.0 9.3999e-01 1.2 1.99e+09 1.2 0.0e+00 0.0e+00 0.0e+00  1  1  0  0  0   2  2  0  0  0 76874
ParLoopset_13          4 1.0 3.5906e-04 2.0 0.00e+00 0.0 0.0e+00 0.0e+00 0.0e+00  0  0  0  0  0   0  0  0  0  0     0
SCPCInit              11 1.0 1.0808e+01 1.0 1.72e+10 1.0 1.1e+04 1.2e+04 2.0e+02  8 12  0  1  2  30 22  0  4  8 63475
SCForwardElim         11 1.0 1.1692e-01 2.2 0.00e+00 0.0 0.0e+00 0.0e+00 3.3e+01  0  0  0  0  0   0  0  0  0  1     0
SCSolve               11 1.0 1.1376e+01 1.0 1.85e+10 1.0 2.9e+06 9.5e+02 2.0e+03  9 13 45 28 16  31 24 97 79 86 64810
SCBackSub             11 1.0 9.5229e+00 1.0 3.42e+10 1.0 9.9e+03 8.1e+03 2.2e+01  7 23  0  1  0  26 45  0  2  1 143533
ParLoopset_22          8 1.0 4.7112e-04 1.3 2.18e+04 1.1 0.0e+00 0.0e+00 0.0e+00  0  0  0  0  0   0  0  0  0  0  1750
ParLoopset_24          4 1.0 1.1420e-04 1.4 8.32e+03 1.0 0.0e+00 0.0e+00 0.0e+00  0  0  0  0  0   0  0  0  0  0  2914
ParLoopset_23          8 1.0 2.3293e-04 1.2 8.19e+03 1.0 0.0e+00 0.0e+00 0.0e+00  0  0  0  0  0   0  0  0  0  0  1407
ParLoopset_27          4 1.0 2.6608e-04 1.5 0.00e+00 0.0 0.0e+00 0.0e+00 0.0e+00  0  0  0  0  0   0  0  0  0  0     0
ParLoopset_36          8 1.0 5.2309e-04 1.6 2.18e+04 1.1 0.0e+00 0.0e+00 0.0e+00  0  0  0  0  0   0  0  0  0  0  1576
ParLoopset_38          4 1.0 1.3518e-04 1.7 8.32e+03 1.0 0.0e+00 0.0e+00 0.0e+00  0  0  0  0  0   0  0  0  0  0  2462
ParLoopset_37          8 1.0 2.7609e-04 1.5 8.19e+03 1.0 0.0e+00 0.0e+00 0.0e+00  0  0  0  0  0   0  0  0  0  0  1187
ParLoopset_41          4 1.0 3.5572e-04 2.1 0.00e+00 0.0 0.0e+00 0.0e+00 0.0e+00  0  0  0  0  0   0  0  0  0  0     0
ParLoopset_50          8 1.0 4.3774e-04 1.3 2.18e+04 1.1 0.0e+00 0.0e+00 0.0e+00  0  0  0  0  0   0  0  0  0  0  1883
ParLoopset_52          4 1.0 1.0991e-04 1.4 8.32e+03 1.0 0.0e+00 0.0e+00 0.0e+00  0  0  0  0  0   0  0  0  0  0  3028
ParLoopset_51          8 1.0 2.3150e-04 1.3 8.19e+03 1.0 0.0e+00 0.0e+00 0.0e+00  0  0  0  0  0   0  0  0  0  0  1415
ParLoopset_55          4 1.0 2.8086e-04 1.6 0.00e+00 0.0 0.0e+00 0.0e+00 0.0e+00  0  0  0  0  0   0  0  0  0  0     0
ParLoopset_64          8 1.0 3.8934e-04 1.3 2.18e+04 1.1 0.0e+00 0.0e+00 0.0e+00  0  0  0  0  0   0  0  0  0  0  2117
ParLoopset_66          4 1.0 1.5640e-04 2.0 8.32e+03 1.0 0.0e+00 0.0e+00 0.0e+00  0  0  0  0  0   0  0  0  0  0  2128
ParLoopset_65          8 1.0 2.6321e-04 1.4 8.19e+03 1.0 0.0e+00 0.0e+00 0.0e+00  0  0  0  0  0   0  0  0  0  0  1245
ParLoopset_69          4 1.0 2.7490e-04 1.6 0.00e+00 0.0 0.0e+00 0.0e+00 0.0e+00  0  0  0  0  0   0  0  0  0  0     0
ParLoopset_78          8 1.0 4.6515e-04 1.4 2.18e+04 1.1 0.0e+00 0.0e+00 0.0e+00  0  0  0  0  0   0  0  0  0  0  1772
ParLoopset_80          4 1.0 1.0180e-04 1.2 8.32e+03 1.0 0.0e+00 0.0e+00 0.0e+00  0  0  0  0  0   0  0  0  0  0  3269
ParLoopset_79          8 1.0 3.0613e-04 1.6 8.19e+03 1.0 0.0e+00 0.0e+00 0.0e+00  0  0  0  0  0   0  0  0  0  0  1070
ParLoopset_83          4 1.0 3.2020e-04 1.6 0.00e+00 0.0 0.0e+00 0.0e+00 0.0e+00  0  0  0  0  0   0  0  0  0  0     0
ParLoopset_92          8 1.0 4.4584e-04 1.4 2.18e+04 1.1 0.0e+00 0.0e+00 0.0e+00  0  0  0  0  0   0  0  0  0  0  1849
ParLoopset_94          4 1.0 1.1802e-04 1.5 8.32e+03 1.0 0.0e+00 0.0e+00 0.0e+00  0  0  0  0  0   0  0  0  0  0  2820
ParLoopset_93          8 1.0 2.3532e-04 1.3 8.19e+03 1.0 0.0e+00 0.0e+00 0.0e+00  0  0  0  0  0   0  0  0  0  0  1392
ParLoopset_97          4 1.0 2.8300e-04 1.6 0.00e+00 0.0 0.0e+00 0.0e+00 0.0e+00  0  0  0  0  0   0  0  0  0  0     0
ParLoopset_106         8 1.0 3.7527e-04 1.2 2.18e+04 1.1 0.0e+00 0.0e+00 0.0e+00  0  0  0  0  0   0  0  0  0  0  2197
ParLoopset_108         4 1.0 1.2207e-04 1.6 8.32e+03 1.0 0.0e+00 0.0e+00 0.0e+00  0  0  0  0  0   0  0  0  0  0  2726
ParLoopset_107         8 1.0 2.3341e-04 1.2 8.19e+03 1.0 0.0e+00 0.0e+00 0.0e+00  0  0  0  0  0   0  0  0  0  0  1404
ParLoopset_111         4 1.0 2.6488e-04 1.5 0.00e+00 0.0 0.0e+00 0.0e+00 0.0e+00  0  0  0  0  0   0  0  0  0  0     0
ParLoopset_120         8 1.0 4.0722e-04 1.3 2.18e+04 1.1 0.0e+00 0.0e+00 0.0e+00  0  0  0  0  0   0  0  0  0  0  2024
ParLoopset_122         4 1.0 1.0610e-04 1.3 8.32e+03 1.0 0.0e+00 0.0e+00 0.0e+00  0  0  0  0  0   0  0  0  0  0  3137
ParLoopset_121         8 1.0 2.4223e-04 1.3 8.19e+03 1.0 0.0e+00 0.0e+00 0.0e+00  0  0  0  0  0   0  0  0  0  0  1353
ParLoopset_125         4 1.0 2.7919e-04 1.6 0.00e+00 0.0 0.0e+00 0.0e+00 0.0e+00  0  0  0  0  0   0  0  0  0  0     0
ParLoopset_134         8 1.0 4.2725e-04 1.4 2.18e+04 1.1 0.0e+00 0.0e+00 0.0e+00  0  0  0  0  0   0  0  0  0  0  1929
ParLoopset_136         4 1.0 1.2493e-04 1.6 8.32e+03 1.0 0.0e+00 0.0e+00 0.0e+00  0  0  0  0  0   0  0  0  0  0  2664
ParLoopset_135         8 1.0 2.3150e-04 1.3 8.19e+03 1.0 0.0e+00 0.0e+00 0.0e+00  0  0  0  0  0   0  0  0  0  0  1415
ParLoopset_139         4 1.0 3.4881e-04 2.0 0.00e+00 0.0 0.0e+00 0.0e+00 0.0e+00  0  0  0  0  0   0  0  0  0  0     0
ParLoopset_148         8 1.0 4.1676e-04 1.4 2.18e+04 1.1 0.0e+00 0.0e+00 0.0e+00  0  0  0  0  0   0  0  0  0  0  1978
ParLoopset_150         4 1.0 1.0610e-04 1.4 8.32e+03 1.0 0.0e+00 0.0e+00 0.0e+00  0  0  0  0  0   0  0  0  0  0  3137
ParLoopset_149         8 1.0 2.6250e-04 1.4 8.19e+03 1.0 0.0e+00 0.0e+00 0.0e+00  0  0  0  0  0   0  0  0  0  0  1248
ParLoopset_153         4 1.0 2.7823e-04 1.6 0.00e+00 0.0 0.0e+00 0.0e+00 0.0e+00  0  0  0  0  0   0  0  0  0  0     0

--- Event Stage 2: linear_solve

SFBcastBegin          88 1.0 6.7072e-03 1.6 0.00e+00 0.0 2.0e+04 9.0e+03 0.0e+00  0  0  0  2  0   0  0  1  6  0     0
SFBcastEnd            88 1.0 5.9048e+00770.5 0.00e+00 0.0 0.0e+00 0.0e+00 0.0e+00  1  0  0  0  0   8  0  0  0  0     0
SFReduceBegin        187 1.0 1.0848e-02 1.4 0.00e+00 0.0 4.2e+04 9.7e+03 0.0e+00  0  0  1  4  0   0  0  1 13  0     0
SFReduceEnd          187 1.0 5.7182e+0019.1 0.00e+00 0.0 0.0e+00 0.0e+00 0.0e+00  2  0  0  0  0  12  0  0  0  0     0
VecMDot              176 1.0 2.1694e-01 1.9 6.82e+07 1.1 0.0e+00 0.0e+00 1.8e+02  0  0  0  0  1   1  0  0  0 48 11878
VecNorm              187 1.0 1.3469e+00120.7 8.16e+06 1.1 0.0e+00 0.0e+00 1.9e+02  0  0  0  0  1   3  0  0  0 52   229
VecScale             891 1.0 3.5708e-03 1.2 4.08e+06 1.1 0.0e+00 0.0e+00 0.0e+00  0  0  0  0  0   0  0  0  0  0 43169
VecCopy              770 1.0 2.3371e-02 1.2 0.00e+00 0.0 0.0e+00 0.0e+00 0.0e+00  0  0  0  0  0   0  0  0  0  0     0
VecSet              5489 1.0 7.6678e-02 1.3 0.00e+00 0.0 0.0e+00 0.0e+00 0.0e+00  0  0  0  0  0   0  0  0  0  0     0
VecAXPY             4950 1.0 1.0433e-01 1.2 6.02e+07 1.1 0.0e+00 0.0e+00 0.0e+00  0  0  0  0  0   0  0  0  0  0 21909
VecAYPX             4224 1.0 1.0800e-01 1.3 2.49e+07 1.1 0.0e+00 0.0e+00 0.0e+00  0  0  0  0  0   0  0  0  0  0  8754
VecMAXPY             187 1.0 9.6493e-02 1.1 7.59e+07 1.1 0.0e+00 0.0e+00 0.0e+00  0  0  0  0  0   0  0  0  0  0 29712
VecScatterBegin     4950 1.0 1.6340e-01 1.4 0.00e+00 0.0 2.8e+06 9.0e+02 0.0e+00  0  0 43 25  0   1  0 98 81  0     0
VecScatterEnd       4950 1.0 5.6162e-01 1.9 0.00e+00 0.0 0.0e+00 0.0e+00 0.0e+00  0  0  0  0  0   2  0  0  0  0     0
MatMult             5104 1.0 2.2712e+00 1.1 5.99e+08 1.1 2.5e+06 1.0e+03 0.0e+00  2  0 39 25  0   9  1 88 81  0 10061
MatMultAdd           704 1.0 1.6704e-01 1.3 8.31e+06 1.1 0.0e+00 0.0e+00 0.0e+00  0  0  0  0  0   1  0  0  0  0  1887
MatSolve            4400 1.0 1.2829e+00 1.2 4.70e+08 1.1 0.0e+00 0.0e+00 0.0e+00  1  0  0  0  0   5  1  0  0  0 14050
MatResidual          704 1.0 3.2618e-01 1.1 9.31e+07 1.1 4.1e+05 9.2e+02 0.0e+00  0  0  6  4  0   1  0 14 12  0 10906
PCSetUpOnBlocks     1408 1.0 1.7073e-03 1.2 0.00e+00 0.0 0.0e+00 0.0e+00 0.0e+00  0  0  0  0  0   0  0  0  0  0     0
PCApply               11 1.0 1.9360e+01 1.1 5.26e+10 1.0 2.8e+06 9.6e+02 3.6e+02 14 36 43 27  3  80 89 99 87100 108570
KSPSetUp              11 1.0 1.1683e-05 9.8 0.00e+00 0.0 0.0e+00 0.0e+00 0.0e+00  0  0  0  0  0   0  0  0  0  0     0
KSPSolve              11 1.0 1.9361e+01 1.1 5.26e+10 1.0 2.8e+06 9.6e+02 3.6e+02 14 36 43 27  3  80 89 99 87100 108562
KSPGMRESOrthog       176 1.0 2.9884e-01 1.6 1.36e+08 1.1 0.0e+00 0.0e+00 1.8e+02  0  0  0  0  1   1  0  0  0 48 17245
SNESSolve             11 1.0 2.3309e+01 1.1 5.93e+10 1.0 2.8e+06 1.1e+03 3.6e+02 17 40 44 31  3  96100100100100 101408
SNESFunctionEval      11 1.0 3.9590e+00 1.0 6.72e+09 1.1 4.2e+04 9.7e+03 0.0e+00  3  4  1  4  0  17 11  1 13  0 66113
SNESJacobianEval      11 1.0 5.4908e-04 1.6 0.00e+00 0.0 0.0e+00 0.0e+00 0.0e+00  0  0  0  0  0   0  0  0  0  0     0
ParLoopExecute       286 1.0 1.9153e+01 1.2 5.80e+10 1.0 6.2e+04 9.5e+03 0.0e+00 14 39  1  6  0  76 98  2 19  0 120800
ParLoopCells         308 1.0 1.2689e+01 1.1 5.60e+10 1.0 0.0e+00 0.0e+00 0.0e+00  9 38  0  0  0  53 95  0  0  0 176646
ParLoopRednBegin     286 1.0 1.2031e-03 1.3 0.00e+00 0.0 0.0e+00 0.0e+00 0.0e+00  0  0  0  0  0   0  0  0  0  0     0
ParLoopRednEnd       286 1.0 1.3309e-03 1.3 0.00e+00 0.0 0.0e+00 0.0e+00 0.0e+00  0  0  0  0  0   0  0  0  0  0     0
ParLoopset_8           6 1.0 2.8896e-04 1.6 0.00e+00 0.0 0.0e+00 0.0e+00 0.0e+00  0  0  0  0  0   0  0  0  0  0     0
ParLoopset_9           6 1.0 2.3317e-04 1.6 0.00e+00 0.0 0.0e+00 0.0e+00 0.0e+00  0  0  0  0  0   0  0  0  0  0     0
ParLoopIntFacets      66 1.0 8.8619e-01 1.2 1.99e+09 1.2 0.0e+00 0.0e+00 0.0e+00  1  1  0  0  0   3  3  0  0  0 81541
ParLoopset_13          6 1.0 5.8532e-04 1.9 0.00e+00 0.0 0.0e+00 0.0e+00 0.0e+00  0  0  0  0  0   0  0  0  0  0     0
SCForwardElim         11 1.0 8.7678e-03 1.4 0.00e+00 0.0 0.0e+00 0.0e+00 0.0e+00  0  0  0  0  0   0  0  0  0  0     0
SCSolve               11 1.0 9.6428e+00 1.0 1.84e+10 1.0 2.8e+06 9.3e+02 3.6e+02  7 13 43 26  3  41 31 98 84100 76226
SCBackSub             11 1.0 9.7235e+00 1.2 3.42e+10 1.0 9.9e+03 8.1e+03 0.0e+00  7 23  0  1  0  38 58  0  3  0 140572
ParLoopset_22          6 1.0 2.4414e-04 1.3 0.00e+00 0.0 0.0e+00 0.0e+00 0.0e+00  0  0  0  0  0   0  0  0  0  0     0
ParLoopset_23          6 1.0 2.1100e-04 1.5 0.00e+00 0.0 0.0e+00 0.0e+00 0.0e+00  0  0  0  0  0   0  0  0  0  0     0
ParLoopset_27          6 1.0 4.6110e-04 1.6 0.00e+00 0.0 0.0e+00 0.0e+00 0.0e+00  0  0  0  0  0   0  0  0  0  0     0
ParLoopset_36          6 1.0 2.4796e-04 1.4 0.00e+00 0.0 0.0e+00 0.0e+00 0.0e+00  0  0  0  0  0   0  0  0  0  0     0
ParLoopset_37          6 1.0 1.8668e-04 1.4 0.00e+00 0.0 0.0e+00 0.0e+00 0.0e+00  0  0  0  0  0   0  0  0  0  0     0
ParLoopset_41          6 1.0 4.4298e-04 1.7 0.00e+00 0.0 0.0e+00 0.0e+00 0.0e+00  0  0  0  0  0   0  0  0  0  0     0
ParLoopset_50          6 1.0 2.4676e-04 1.4 0.00e+00 0.0 0.0e+00 0.0e+00 0.0e+00  0  0  0  0  0   0  0  0  0  0     0
ParLoopset_51          6 1.0 1.8024e-04 1.4 0.00e+00 0.0 0.0e+00 0.0e+00 0.0e+00  0  0  0  0  0   0  0  0  0  0     0
ParLoopset_55          6 1.0 4.4513e-04 1.7 0.00e+00 0.0 0.0e+00 0.0e+00 0.0e+00  0  0  0  0  0   0  0  0  0  0     0
ParLoopset_64          6 1.0 2.9778e-04 1.7 0.00e+00 0.0 0.0e+00 0.0e+00 0.0e+00  0  0  0  0  0   0  0  0  0  0     0
ParLoopset_65          6 1.0 1.9217e-04 1.5 0.00e+00 0.0 0.0e+00 0.0e+00 0.0e+00  0  0  0  0  0   0  0  0  0  0     0
ParLoopset_69          6 1.0 4.1032e-04 1.5 0.00e+00 0.0 0.0e+00 0.0e+00 0.0e+00  0  0  0  0  0   0  0  0  0  0     0
ParLoopset_78          6 1.0 2.7966e-04 1.5 0.00e+00 0.0 0.0e+00 0.0e+00 0.0e+00  0  0  0  0  0   0  0  0  0  0     0
ParLoopset_79          6 1.0 1.7929e-04 1.4 0.00e+00 0.0 0.0e+00 0.0e+00 0.0e+00  0  0  0  0  0   0  0  0  0  0     0
ParLoopset_83          6 1.0 4.6206e-04 1.8 0.00e+00 0.0 0.0e+00 0.0e+00 0.0e+00  0  0  0  0  0   0  0  0  0  0     0
ParLoopset_92          6 1.0 2.7895e-04 1.5 0.00e+00 0.0 0.0e+00 0.0e+00 0.0e+00  0  0  0  0  0   0  0  0  0  0     0
ParLoopset_93          6 1.0 1.8215e-04 1.4 0.00e+00 0.0 0.0e+00 0.0e+00 0.0e+00  0  0  0  0  0   0  0  0  0  0     0
ParLoopset_97          6 1.0 4.3702e-04 1.4 0.00e+00 0.0 0.0e+00 0.0e+00 0.0e+00  0  0  0  0  0   0  0  0  0  0     0
ParLoopset_106         6 1.0 2.5797e-04 1.3 0.00e+00 0.0 0.0e+00 0.0e+00 0.0e+00  0  0  0  0  0   0  0  0  0  0     0
ParLoopset_107         6 1.0 1.9503e-04 1.4 0.00e+00 0.0 0.0e+00 0.0e+00 0.0e+00  0  0  0  0  0   0  0  0  0  0     0
ParLoopset_111         6 1.0 4.2582e-04 1.4 0.00e+00 0.0 0.0e+00 0.0e+00 0.0e+00  0  0  0  0  0   0  0  0  0  0     0
ParLoopset_120         6 1.0 2.8610e-04 1.5 0.00e+00 0.0 0.0e+00 0.0e+00 0.0e+00  0  0  0  0  0   0  0  0  0  0     0
ParLoopset_121         6 1.0 2.0170e-04 1.5 0.00e+00 0.0 0.0e+00 0.0e+00 0.0e+00  0  0  0  0  0   0  0  0  0  0     0
ParLoopset_125         6 1.0 4.6802e-04 1.3 0.00e+00 0.0 0.0e+00 0.0e+00 0.0e+00  0  0  0  0  0   0  0  0  0  0     0
ParLoopset_134         6 1.0 2.7895e-04 1.5 0.00e+00 0.0 0.0e+00 0.0e+00 0.0e+00  0  0  0  0  0   0  0  0  0  0     0
ParLoopset_135         6 1.0 2.1195e-04 1.6 0.00e+00 0.0 0.0e+00 0.0e+00 0.0e+00  0  0  0  0  0   0  0  0  0  0     0
ParLoopset_139         6 1.0 4.7016e-04 1.6 0.00e+00 0.0 0.0e+00 0.0e+00 0.0e+00  0  0  0  0  0   0  0  0  0  0     0
ParLoopset_148         6 1.0 2.7895e-04 1.5 0.00e+00 0.0 0.0e+00 0.0e+00 0.0e+00  0  0  0  0  0   0  0  0  0  0     0
ParLoopset_149         6 1.0 1.9073e-04 1.4 0.00e+00 0.0 0.0e+00 0.0e+00 0.0e+00  0  0  0  0  0   0  0  0  0  0     0
ParLoopset_153         6 1.0 4.9996e-04 1.7 0.00e+00 0.0 0.0e+00 0.0e+00 0.0e+00  0  0  0  0  0   0  0  0  0  0     0
------------------------------------------------------------------------------------------------------------------------

Memory usage is given in bytes:

Object Type          Creations   Destructions     Memory  Descendants' Mem.
Reports information only for process 0.

--- Event Stage 0: Main Stage

           Container    44             44        25696     0.
              Viewer     1              0            0     0.
         PetscRandom   121            121        79134     0.
           Index Set  4807           4994     19579956     0.
   IS L to G Mapping    55             55      3047352     0.
             Section  1342           1353       984984     0.
   Star Forest Graph  1265           1276      1079232     0.
              Vector  3498           4697    222914368     0.
         Vec Scatter   528            603      8303088     0.
              Matrix  2244           2579    648702156     0.
      Matrix Coarsen    66             66        42504     0.
      Preconditioner   319            440       441100     0.
       Krylov Solver   319            440      2804296     0.
     DMKSP interface    22             33        21912     0.
                SNES    77             77       108108     0.
              DMSNES    44             44        29920     0.
      SNESLineSearch    77             77        77000     0.
    Distributed Mesh   352            352      1733688     0.
            DM Label   231            231       145992     0.
    GraphPartitioner    88             88        55264     0.
     Discrete System   352            352       329516     0.

--- Event Stage 1: Warm-up stage

           Index Set   385            198       378972     0.
             Section    11              0            0     0.
   Star Forest Graph    11              0            0     0.
              Vector  1401            202     12580168     0.
         Vec Scatter    77              2         2704     0.
              Matrix   352             17     19439648     0.
      Preconditioner   132             11         9152     0.
       Krylov Solver   132             11        15312     0.
     DMKSP interface    11              0            0     0.

--- Event Stage 2: linear_solve

========================================================================================================================
Average time to get PetscTime(): 1.19209e-07
Average time for MPI_Barrier(): 5.81741e-06
Average time for zero size MPI_Send(): 1.17421e-06
#PETSc Option Table entries:
--hybridization
--layers 64
--mesh_degree 3
--model_degree 0
--model_family RT
--refinements 4
--run_cfl_range
-log_view
#End of PETSc Option Table entries
Compiled without FORTRAN kernels
Compiled with full precision matrices (default)
sizeof(short) 2 sizeof(int) 4 sizeof(long) 8 sizeof(void*) 8 sizeof(PetscScalar) 8 sizeof(PetscInt) 4
Configure options: --prefix=/home/scratch/tg2115/src/firedrake/lib/python3.5/site-packages/petsc PETSC_ARCH=arch-python-linux-x86_64 --with-shared-libraries=1 --with-debugging=0 --with-c2html=0 --with-cc=/usr/bin/mpicc --with-cxx=/usr/bin/mpicxx --with-fc=/usr/bin/mpif90 --download-eigen=/home/scratch/tg2115/src/firedrake/src/eigen-3.3.3.tgz --with-fortran-bindings=0 --download-chaco --download-metis --download-parmetis --download-scalapack --download-hypre --download-mumps --with-zlib --download-netcdf --download-hdf5 --download-pnetcdf --download-exodusii --download-ml
-----------------------------------------
Libraries compiled on 2019-02-19 06:15:49 on mpe2 
Machine characteristics: Linux-4.4.0-130-generic-x86_64-with-Ubuntu-16.04-xenial
Using PETSc directory: /home/scratch/tg2115/src/firedrake/lib/python3.5/site-packages/petsc
Using PETSc arch: 
-----------------------------------------

Using C compiler: /usr/bin/mpicc  -fPIC  -Wall -Wwrite-strings -Wno-strict-aliasing -Wno-unknown-pragmas -fstack-protector -fvisibility=hidden -g -O  
Using Fortran compiler: /usr/bin/mpif90  -fPIC -Wall -ffree-line-length-0 -Wno-unused-dummy-argument -g -O    
-----------------------------------------

Using include paths: -I/home/scratch/tg2115/src/firedrake/lib/python3.5/site-packages/petsc/include -I/home/scratch/tg2115/src/firedrake/lib/python3.5/site-packages/petsc/include/eigen3
-----------------------------------------

Using C linker: /usr/bin/mpicc
Using Fortran linker: /usr/bin/mpif90
Using libraries: -Wl,-rpath,/home/scratch/tg2115/src/firedrake/lib/python3.5/site-packages/petsc/lib -L/home/scratch/tg2115/src/firedrake/lib/python3.5/site-packages/petsc/lib -lpetsc -Wl,-rpath,/home/scratch/tg2115/src/firedrake/lib/python3.5/site-packages/petsc/lib -L/home/scratch/tg2115/src/firedrake/lib/python3.5/site-packages/petsc/lib -Wl,-rpath,/usr/lib/openmpi/lib -L/usr/lib/openmpi/lib -Wl,-rpath,/usr/lib/gcc/x86_64-linux-gnu/5 -L/usr/lib/gcc/x86_64-linux-gnu/5 -Wl,-rpath,/usr/lib/x86_64-linux-gnu -L/usr/lib/x86_64-linux-gnu -Wl,-rpath,/lib/x86_64-linux-gnu -L/lib/x86_64-linux-gnu -lHYPRE -lcmumps -ldmumps -lsmumps -lzmumps -lmumps_common -lpord -lscalapack -lml -llapack -lblas -lexodus -lnetcdf -lpnetcdf -lhdf5hl_fortran -lhdf5_fortran -lhdf5_hl -lhdf5 -lchaco -lparmetis -lmetis -lm -lz -lX11 -lstdc++ -ldl -lmpi_usempif08 -lmpi_usempi_ignore_tkr -lmpi_mpifh -lmpi -lgfortran -lm -lgfortran -lm -lgcc_s -lquadmath -lpthread -lstdc++ -ldl
-----------------------------------------

