
Determining Dt from specified horizontal CFL: 1

Problem parameters:

Profiling linear solver for the compressible Euler equations.

Speed of sound in compressible atmosphere: 347.18870949384285,

Hybridized compressible solver: True,

Model degree: 0,

Model discretization: RT,

Mesh degree: 3,

Horizontal refinements: 4,

Vertical layers: 64,

Dx (max, m): 346563.4999224701,

Dz (m): 156.25,

Dt (s): 998,

horizontal CFL: 1,

vertical CFL: 2217.563725279073.

Computing balanced density field...


Setting up hybridized solver on the traces.
Inner solver: fgmres_ml_richardson_stronger
Starting profiler...


Determining Dt from specified horizontal CFL: 2

Problem parameters:

Profiling linear solver for the compressible Euler equations.

Speed of sound in compressible atmosphere: 347.18870949384285,

Hybridized compressible solver: True,

Model degree: 0,

Model discretization: RT,

Mesh degree: 3,

Horizontal refinements: 4,

Vertical layers: 64,

Dx (max, m): 346563.4999224701,

Dz (m): 156.25,

Dt (s): 1996,

horizontal CFL: 2,

vertical CFL: 4435.127450558146.

Computing balanced density field...


Setting up hybridized solver on the traces.
Inner solver: fgmres_ml_richardson_stronger
Starting profiler...


Determining Dt from specified horizontal CFL: 4

Problem parameters:

Profiling linear solver for the compressible Euler equations.

Speed of sound in compressible atmosphere: 347.18870949384285,

Hybridized compressible solver: True,

Model degree: 0,

Model discretization: RT,

Mesh degree: 3,

Horizontal refinements: 4,

Vertical layers: 64,

Dx (max, m): 346563.4999224701,

Dz (m): 156.25,

Dt (s): 3992,

horizontal CFL: 4,

vertical CFL: 8870.254901116292.

Computing balanced density field...


Setting up hybridized solver on the traces.
Inner solver: fgmres_ml_richardson_stronger
Starting profiler...


Determining Dt from specified horizontal CFL: 6

Problem parameters:

Profiling linear solver for the compressible Euler equations.

Speed of sound in compressible atmosphere: 347.18870949384285,

Hybridized compressible solver: True,

Model degree: 0,

Model discretization: RT,

Mesh degree: 3,

Horizontal refinements: 4,

Vertical layers: 64,

Dx (max, m): 346563.4999224701,

Dz (m): 156.25,

Dt (s): 5989,

horizontal CFL: 6,

vertical CFL: 13307.6043594152.

Computing balanced density field...


Setting up hybridized solver on the traces.
Inner solver: fgmres_ml_richardson_stronger
Starting profiler...


Determining Dt from specified horizontal CFL: 8

Problem parameters:

Profiling linear solver for the compressible Euler equations.

Speed of sound in compressible atmosphere: 347.18870949384285,

Hybridized compressible solver: True,

Model degree: 0,

Model discretization: RT,

Mesh degree: 3,

Horizontal refinements: 4,

Vertical layers: 64,

Dx (max, m): 346563.4999224701,

Dz (m): 156.25,

Dt (s): 7985,

horizontal CFL: 8,

vertical CFL: 17742.731809973346.

Computing balanced density field...


Setting up hybridized solver on the traces.
Inner solver: fgmres_ml_richardson_stronger
Starting profiler...


Determining Dt from specified horizontal CFL: 10

Problem parameters:

Profiling linear solver for the compressible Euler equations.

Speed of sound in compressible atmosphere: 347.18870949384285,

Hybridized compressible solver: True,

Model degree: 0,

Model discretization: RT,

Mesh degree: 3,

Horizontal refinements: 4,

Vertical layers: 64,

Dx (max, m): 346563.4999224701,

Dz (m): 156.25,

Dt (s): 9981,

horizontal CFL: 10,

vertical CFL: 22177.85926053149.

Computing balanced density field...


Setting up hybridized solver on the traces.
Inner solver: fgmres_ml_richardson_stronger
Starting profiler...


Determining Dt from specified horizontal CFL: 12

Problem parameters:

Profiling linear solver for the compressible Euler equations.

Speed of sound in compressible atmosphere: 347.18870949384285,

Hybridized compressible solver: True,

Model degree: 0,

Model discretization: RT,

Mesh degree: 3,

Horizontal refinements: 4,

Vertical layers: 64,

Dx (max, m): 346563.4999224701,

Dz (m): 156.25,

Dt (s): 11978,

horizontal CFL: 12,

vertical CFL: 26615.2087188304.

Computing balanced density field...


Setting up hybridized solver on the traces.
Inner solver: fgmres_ml_richardson_stronger
Starting profiler...


Determining Dt from specified horizontal CFL: 14

Problem parameters:

Profiling linear solver for the compressible Euler equations.

Speed of sound in compressible atmosphere: 347.18870949384285,

Hybridized compressible solver: True,

Model degree: 0,

Model discretization: RT,

Mesh degree: 3,

Horizontal refinements: 4,

Vertical layers: 64,

Dx (max, m): 346563.4999224701,

Dz (m): 156.25,

Dt (s): 13974,

horizontal CFL: 14,

vertical CFL: 31050.336169388545.

Computing balanced density field...


Setting up hybridized solver on the traces.
Inner solver: fgmres_ml_richardson_stronger
Starting profiler...


Determining Dt from specified horizontal CFL: 16

Problem parameters:

Profiling linear solver for the compressible Euler equations.

Speed of sound in compressible atmosphere: 347.18870949384285,

Hybridized compressible solver: True,

Model degree: 0,

Model discretization: RT,

Mesh degree: 3,

Horizontal refinements: 4,

Vertical layers: 64,

Dx (max, m): 346563.4999224701,

Dz (m): 156.25,

Dt (s): 15971,

horizontal CFL: 16,

vertical CFL: 35487.68562768745.

Computing balanced density field...


Setting up hybridized solver on the traces.
Inner solver: fgmres_ml_richardson_stronger
Starting profiler...


Determining Dt from specified horizontal CFL: 18

Problem parameters:

Profiling linear solver for the compressible Euler equations.

Speed of sound in compressible atmosphere: 347.18870949384285,

Hybridized compressible solver: True,

Model degree: 0,

Model discretization: RT,

Mesh degree: 3,

Horizontal refinements: 4,

Vertical layers: 64,

Dx (max, m): 346563.4999224701,

Dz (m): 156.25,

Dt (s): 17967,

horizontal CFL: 18,

vertical CFL: 39922.8130782456.

Computing balanced density field...


Setting up hybridized solver on the traces.
Inner solver: fgmres_ml_richardson_stronger
Starting profiler...


Determining Dt from specified horizontal CFL: 20

Problem parameters:

Profiling linear solver for the compressible Euler equations.

Speed of sound in compressible atmosphere: 347.18870949384285,

Hybridized compressible solver: True,

Model degree: 0,

Model discretization: RT,

Mesh degree: 3,

Horizontal refinements: 4,

Vertical layers: 64,

Dx (max, m): 346563.4999224701,

Dz (m): 156.25,

Dt (s): 19963,

horizontal CFL: 20,

vertical CFL: 44357.940528803745.

Computing balanced density field...


Setting up hybridized solver on the traces.
Inner solver: fgmres_ml_richardson_stronger
Starting profiler...

************************************************************************************************************************
***             WIDEN YOUR WINDOW TO 120 CHARACTERS.  Use 'enscript -r -fCourier9' to print this document            ***
************************************************************************************************************************

---------------------------------------------- PETSc Performance Summary: ----------------------------------------------

run_profiler.py on a  named mpe2 with 40 processors, by tg2115 Wed Feb 20 13:15:52 2019
Using Petsc Development GIT revision: v3.4.2-24285-gcd612ee  GIT Date: 2019-01-17 05:31:34 +0100

                         Max       Max/Min     Avg       Total 
Time (sec):           1.325e+02     1.000   1.325e+02
Objects:              1.836e+04     1.123   1.647e+04
Flop:                 1.478e+11     1.009   1.472e+11  5.886e+12
Flop/sec:             1.115e+09     1.009   1.110e+09  4.441e+10
MPI Messages:         2.281e+05     1.216   2.053e+05  8.213e+06
MPI Message Lengths:  3.650e+08     1.435   1.393e+03  1.144e+10
MPI Reductions:       1.241e+04     1.000

Flop counting convention: 1 flop = 1 real number operation of type (multiply/divide/add/subtract)
                            e.g., VecAXPY() for real vectors of length N --> 2N flop
                            and VecAXPY() for complex vectors of length N --> 8N flop

Summary of Stages:   ----- Time ------  ----- Flop ------  --- Messages ---  -- Message Lengths --  -- Reductions --
                        Avg     %Total     Avg     %Total    Count   %Total     Avg         %Total    Count   %Total 
 0:      Main Stage: 7.1723e+01  54.1%  4.4433e+11   7.5%  6.241e+05   7.6%  5.219e+03       28.5%  9.825e+03  79.1% 
 1:   Warm-up stage: 3.6834e+01  27.8%  3.0651e+12  52.1%  3.884e+06  47.3%  1.108e+03       37.6%  2.281e+03  18.4% 
 2:    linear_solve: 2.3975e+01  18.1%  2.3769e+12  40.4%  3.705e+06  45.1%  1.048e+03       33.9%  3.010e+02   2.4% 

------------------------------------------------------------------------------------------------------------------------
See the 'Profiling' chapter of the users' manual for details on interpreting output.
Phase summary info:
   Count: number of times phase was executed
   Time and Flop: Max - maximum over all processors
                  Ratio - ratio of maximum to minimum over all processors
   Mess: number of messages sent
   AvgLen: average message length (bytes)
   Reduct: number of global reductions
   Global: entire computation
   Stage: stages of a computation. Set stages with PetscLogStagePush() and PetscLogStagePop().
      %T - percent time in this phase         %F - percent flop in this phase
      %M - percent messages in this phase     %L - percent message lengths in this phase
      %R - percent reductions in this phase
   Total Mflop/s: 10e-6 * (sum of flop over all processors)/(max time over all processors)
------------------------------------------------------------------------------------------------------------------------
Event                Count      Time (sec)     Flop                              --- Global ---  --- Stage ----  Total
                   Max Ratio  Max     Ratio   Max  Ratio  Mess   AvgLen  Reduct  %T %F %M %L %R  %T %F %M %L %R Mflop/s
------------------------------------------------------------------------------------------------------------------------

--- Event Stage 0: Main Stage

PetscBarrier          44 1.0 4.8921e-02 1.1 0.00e+00 0.0 0.0e+00 0.0e+00 8.8e+01  0  0  0  0  1   0  0  0  0  1     0
BuildTwoSided        572 1.0 2.0319e-01 1.8 0.00e+00 0.0 6.3e+04 4.0e+00 0.0e+00  0  0  1  0  0   0  0 10  0  0     0
BuildTwoSidedF       803 1.0 1.0848e+00 2.8 0.00e+00 0.0 2.2e+04 6.4e+04 0.0e+00  1  0  0 12  0   1  0  4 44  0     0
SFSetGraph           660 1.0 7.2110e-03 1.1 0.00e+00 0.0 0.0e+00 0.0e+00 0.0e+00  0  0  0  0  0   0  0  0  0  0     0
SFSetUp              572 1.0 2.4411e-01 1.4 0.00e+00 0.0 1.9e+05 5.3e+02 0.0e+00  0  0  2  1  0   0  0 30  3  0     0
SFBcastBegin        1408 1.0 5.3762e-02 2.1 0.00e+00 0.0 3.0e+05 2.7e+03 0.0e+00  0  0  4  7  0   0  0 48 25  0     0
SFBcastEnd          1408 1.0 3.7406e+00 9.6 0.00e+00 0.0 0.0e+00 0.0e+00 0.0e+00  1  0  0  0  0   2  0  0  0  0     0
SFReduceBegin        330 1.0 1.1890e-02 1.4 0.00e+00 0.0 5.4e+04 6.9e+03 0.0e+00  0  0  1  3  0   0  0  9 11  0     0
SFReduceEnd          330 1.0 1.2240e+00 8.7 0.00e+00 0.0 0.0e+00 0.0e+00 0.0e+00  1  0  0  0  0   1  0  0  0  0     0
SFFetchOpBegin        11 1.0 3.6001e-05 2.4 0.00e+00 0.0 1.3e+03 5.0e+01 0.0e+00  0  0  0  0  0   0  0  0  0  0     0
SFFetchOpEnd          11 1.0 1.4544e-04 2.1 0.00e+00 0.0 1.3e+03 5.0e+01 0.0e+00  0  0  0  0  0   0  0  0  0  0     0
VecMDot              561 1.0 1.7669e-02 1.2 1.50e+07 1.0 0.0e+00 0.0e+00 5.6e+02  0  0  0  0  5   0  0  0  0  6 33884
VecTDot              220 1.0 2.9719e-02 1.8 9.60e+06 1.1 0.0e+00 0.0e+00 2.2e+02  0  0  0  0  2   0  0  0  0  2 12204
VecNorm              770 1.0 1.2489e-01 3.1 9.57e+06 1.1 0.0e+00 0.0e+00 7.7e+02  0  0  0  0  6   0  0  0  0  8  2952
VecScale             627 1.0 1.3828e-03 1.2 1.66e+06 1.0 0.0e+00 0.0e+00 0.0e+00  0  0  0  0  0   0  0  0  0  0 48069
VecCopy              440 1.0 1.8586e-02 1.1 0.00e+00 0.0 0.0e+00 0.0e+00 0.0e+00  0  0  0  0  0   0  0  0  0  0     0
VecSet              2134 1.0 1.0026e-02 1.1 0.00e+00 0.0 0.0e+00 0.0e+00 0.0e+00  0  0  0  0  0   0  0  0  0  0     0
VecAXPY              990 1.0 2.2582e-02 1.1 1.51e+07 1.1 0.0e+00 0.0e+00 0.0e+00  0  0  0  0  0   0  0  0  0  0 25629
VecAYPX              737 1.0 9.4640e-03 1.1 4.97e+06 1.1 0.0e+00 0.0e+00 0.0e+00  0  0  0  0  0   0  0  0  0  0 20232
VecMAXPY             627 1.0 1.3418e-02 1.0 1.78e+07 1.0 0.0e+00 0.0e+00 0.0e+00  0  0  0  0  0   0  0  0  0  0 53189
VecAssemblyBegin     165 1.0 9.2735e-03 1.5 0.00e+00 0.0 0.0e+00 0.0e+00 0.0e+00  0  0  0  0  0   0  0  0  0  0     0
VecAssemblyEnd       165 1.0 3.1734e-04 1.2 0.00e+00 0.0 0.0e+00 0.0e+00 0.0e+00  0  0  0  0  0   0  0  0  0  0     0
VecPointwiseMult     605 1.0 5.0676e-03 1.0 1.48e+06 1.0 0.0e+00 0.0e+00 0.0e+00  0  0  0  0  0   0  0  0  0  0 11672
VecScatterBegin     2002 1.0 1.7362e-02 1.1 0.00e+00 0.0 2.7e+04 7.0e+03 0.0e+00  0  0  0  2  0   0  0  4  6  0     0
VecScatterEnd       2002 1.0 2.9346e-02 2.4 0.00e+00 0.0 0.0e+00 0.0e+00 0.0e+00  0  0  0  0  0   0  0  0  0  0     0
VecSetRandom          55 1.0 9.7926e-03 1.1 0.00e+00 0.0 0.0e+00 0.0e+00 0.0e+00  0  0  0  0  0   0  0  0  0  0     0
VecNormalize         627 1.0 1.0539e-02 1.2 4.99e+06 1.0 0.0e+00 0.0e+00 6.3e+02  0  0  0  0  5   0  0  0  0  6 18922
MatMult             1331 1.0 2.3550e-01 1.1 8.38e+07 1.1 2.5e+04 7.6e+03 0.0e+00  0  0  0  2  0   0  1  4  6  0 13578
MatMultAdd           110 1.0 5.0368e-03 1.5 8.40e+05 1.0 8.6e+02 2.5e+02 0.0e+00  0  0  0  0  0   0  0  0  0  0  6668
MatMultTranspose     110 1.0 5.1908e-03 1.4 8.40e+05 1.0 8.6e+02 2.5e+02 0.0e+00  0  0  0  0  0   0  0  0  0  0  6471
MatSolve             825 1.0 2.7978e-01 1.1 1.08e+08 1.1 0.0e+00 0.0e+00 0.0e+00  0  0  0  0  0   0  1  0  0  0 14710
MatLUFactorSym        11 1.0 2.2459e-04 2.4 0.00e+00 0.0 0.0e+00 0.0e+00 0.0e+00  0  0  0  0  0   0  0  0  0  0     0
MatLUFactorNum        99 1.0 2.7736e-01 1.3 1.02e+07 1.2 0.0e+00 0.0e+00 0.0e+00  0  0  0  0  0   0  0  0  0  0  1354
MatILUFactorSym       88 1.0 2.4386e-01 1.2 0.00e+00 0.0 0.0e+00 0.0e+00 0.0e+00  0  0  0  0  0   0  0  0  0  0     0
MatConvert            66 1.0 1.7381e-02 1.0 0.00e+00 0.0 0.0e+00 0.0e+00 0.0e+00  0  0  0  0  0   0  0  0  0  0     0
MatScale             176 1.0 4.2145e-03 1.0 1.22e+06 1.0 0.0e+00 0.0e+00 0.0e+00  0  0  0  0  0   0  0  0  0  0 11586
MatResidual          110 1.0 3.5925e-03 1.0 1.60e+06 1.0 0.0e+00 0.0e+00 0.0e+00  0  0  0  0  0   0  0  0  0  0 17820
MatAssemblyBegin    1397 1.0 1.8636e+00 1.7 0.00e+00 0.0 2.2e+04 6.4e+04 0.0e+00  1  0  0 12  0   2  0  4 44  0     0
MatAssemblyEnd      1397 1.0 1.4613e+00 1.5 0.00e+00 0.0 2.1e+04 2.4e+03 3.2e+03  1  0  0  0 26   1  0  3  2 32     0
MatGetRowIJ           99 1.1 8.0109e-05 5.3 0.00e+00 0.0 0.0e+00 0.0e+00 0.0e+00  0  0  0  0  0   0  0  0  0  0     0
MatCreateSubMat       22 1.0 1.2374e-02 1.0 0.00e+00 0.0 3.0e+03 1.1e+02 3.5e+02  0  0  0  0  3   0  0  0  0  4     0
MatGetOrdering        99 1.1 9.7997e-03 1.1 0.00e+00 0.0 0.0e+00 0.0e+00 0.0e+00  0  0  0  0  0   0  0  0  0  0     0
MatCoarsen            66 1.0 1.9096e-02 1.0 0.00e+00 0.0 0.0e+00 0.0e+00 6.6e+01  0  0  0  0  1   0  0  0  0  1     0
MatZeroEntries       110 1.0 6.7260e-02 1.7 0.00e+00 0.0 0.0e+00 0.0e+00 0.0e+00  0  0  0  0  0   0  0  0  0  0     0
MatAXPY               55 1.0 4.4963e-02 1.0 0.00e+00 0.0 0.0e+00 0.0e+00 0.0e+00  0  0  0  0  0   0  0  0  0  0     0
MatTranspose         176 1.0 5.1444e-02 1.0 0.00e+00 0.0 0.0e+00 0.0e+00 6.6e+02  0  0  0  0  5   0  0  0  0  7     0
MatMatMult            55 1.0 7.7995e-02 1.0 7.92e+05 1.0 0.0e+00 0.0e+00 6.6e+02  0  0  0  0  5   0  0  0  0  7   406
MatMatMultSym         55 1.0 6.1583e-02 1.0 0.00e+00 0.0 0.0e+00 0.0e+00 6.6e+02  0  0  0  0  5   0  0  0  0  7     0
MatMatMultNum         55 1.0 1.5939e-02 1.0 7.92e+05 1.0 0.0e+00 0.0e+00 0.0e+00  0  0  0  0  0   0  0  0  0  0  1989
MatPtAP               55 1.0 1.2872e-01 1.0 2.88e+06 1.0 0.0e+00 0.0e+00 8.2e+02  0  0  0  0  7   0  0  0  0  8   894
MatPtAPSymbolic       55 1.0 8.4891e-02 1.0 0.00e+00 0.0 0.0e+00 0.0e+00 3.8e+02  0  0  0  0  3   0  0  0  0  4     0
MatPtAPNumeric        55 1.0 4.4124e-02 1.0 2.88e+06 1.0 0.0e+00 0.0e+00 4.4e+02  0  0  0  0  4   0  0  0  0  4  2607
MatTrnMatMult         11 1.0 1.5081e-01 1.0 2.04e+06 1.0 0.0e+00 0.0e+00 1.8e+02  0  0  0  0  1   0  0  0  0  2   541
MatTrnMatMultSym      11 1.0 7.1838e-02 1.0 0.00e+00 0.0 0.0e+00 0.0e+00 8.8e+01  0  0  0  0  1   0  0  0  0  1     0
MatTrnMatMultNum      11 1.0 7.9072e-02 1.0 2.04e+06 1.0 0.0e+00 0.0e+00 8.8e+01  0  0  0  0  1   0  0  0  0  1  1032
MatGetLocalMat       176 1.0 2.7421e-02 1.0 0.00e+00 0.0 0.0e+00 0.0e+00 0.0e+00  0  0  0  0  0   0  0  0  0  0     0
MatGetBrAoCol        165 1.0 4.9906e-03 1.0 0.00e+00 0.0 0.0e+00 0.0e+00 0.0e+00  0  0  0  0  0   0  0  0  0  0     0
MatTranspose_SeqAIJ_FAST     176 1.0 1.2595e-02 1.0 0.00e+00 0.0 0.0e+00 0.0e+00 0.0e+00  0  0  0  0  0   0  0  0  0  0     0
PCGAMGGraph_AGG       66 1.0 2.5686e-01 1.0 8.02e+05 1.0 0.0e+00 0.0e+00 1.5e+03  0  0  0  0 12   0  0  0  0 15   125
PCGAMGCoarse_AGG      66 1.0 2.1478e-01 1.0 2.04e+06 1.0 0.0e+00 0.0e+00 2.9e+02  0  0  0  0  2   0  0  0  0  3   380
PCGAMGProl_AGG        66 1.0 1.2722e-01 1.0 0.00e+00 0.0 0.0e+00 0.0e+00 9.2e+02  0  0  0  0  7   0  0  0  0  9     0
PCGAMGPOpt_AGG        55 1.0 2.3369e-01 1.0 4.63e+07 1.0 0.0e+00 0.0e+00 2.3e+03  0  0  0  0 18   0  0  0  0 23  7927
GAMG: createProl      66 1.0 8.3965e-01 1.0 4.92e+07 1.0 0.0e+00 0.0e+00 4.9e+03  1  0  0  0 40   1  0  0  0 50  2342
  Graph              132 1.0 2.5406e-01 1.0 8.02e+05 1.0 0.0e+00 0.0e+00 1.5e+03  0  0  0  0 12   0  0  0  0 15   126
  MIS/Agg             66 1.0 1.9842e-02 1.0 0.00e+00 0.0 0.0e+00 0.0e+00 6.6e+01  0  0  0  0  1   0  0  0  0  1     0
  SA: col data        55 1.0 2.4968e-02 1.0 0.00e+00 0.0 0.0e+00 0.0e+00 2.2e+02  0  0  0  0  2   0  0  0  0  2     0
  SA: frmProl0        55 1.0 8.9733e-02 1.0 0.00e+00 0.0 0.0e+00 0.0e+00 4.4e+02  0  0  0  0  4   0  0  0  0  4     0
  SA: smooth          55 1.0 1.3135e-01 1.0 1.21e+06 1.0 0.0e+00 0.0e+00 7.7e+02  0  0  0  0  6   0  0  0  0  8   369
GAMG: partLevel       55 1.0 1.4848e-01 1.0 2.88e+06 1.0 4.3e+03 1.2e+02 1.4e+03  0  0  0  0 11   0  0  1  0 14   775
  repartition         11 1.0 1.2801e-03 1.0 0.00e+00 0.0 0.0e+00 0.0e+00 6.6e+01  0  0  0  0  1   0  0  0  0  1     0
  Invert-Sort         11 1.0 2.4309e-03 1.2 0.00e+00 0.0 0.0e+00 0.0e+00 4.4e+01  0  0  0  0  0   0  0  0  0  0     0
  Move A              11 1.0 7.0765e-03 1.0 0.00e+00 0.0 2.1e+03 1.3e+02 1.9e+02  0  0  0  0  2   0  0  0  0  2     0
  Move P              11 1.0 6.8731e-03 1.0 0.00e+00 0.0 8.6e+02 6.4e+01 1.9e+02  0  0  0  0  2   0  0  0  0  2     0
PCSetUp              154 1.0 4.1872e+00 1.1 1.72e+09 1.0 8.0e+03 9.3e+01 6.8e+03  3  1  0  0 55   6 15  1  0 69 16445
PCSetUpOnBlocks      275 1.0 5.2395e-01 1.2 1.02e+07 1.2 0.0e+00 0.0e+00 0.0e+00  0  0  0  0  0   1  0  0  0  0   717
PCApply              154 1.0 3.1589e+00 1.0 5.01e+09 1.0 4.7e+04 3.0e+03 6.8e+03  2  3  1  1 54   4 45  7  4 69 63412
KSPSetUp             275 1.0 1.6747e-02 1.1 0.00e+00 0.0 0.0e+00 0.0e+00 1.3e+02  0  0  0  0  1   0  0  0  0  1     0
KSPSolve              44 1.0 6.5937e+00 1.0 6.78e+09 1.0 7.6e+04 4.4e+03 7.3e+03  5  5  1  3 59   9 61 12 10 74 41062
KSPGMRESOrthog       561 1.0 2.9345e-02 1.1 2.99e+07 1.0 0.0e+00 0.0e+00 5.6e+02  0  0  0  0  5   0  0  0  0  6 40808
SNESSolve             44 1.0 1.1675e+01 1.0 1.11e+10 1.0 2.1e+05 7.0e+03 7.6e+03  9  8  3 13 61  16 99 34 45 77 37831
SNESFunctionEval      44 1.0 3.0841e+00 1.1 3.52e+09 1.0 1.3e+05 8.2e+03 2.4e+02  2  2  2 10  2   4 31 21 34  2 45098
SNESJacobianEval      44 1.0 2.2507e+00 1.0 8.38e+08 1.1 1.8e+03 2.1e+04 0.0e+00  2  1  0  0  0   3  7  0  1  0 14128
Mesh Partition        22 1.0 4.8606e-01 1.0 0.00e+00 0.0 2.4e+05 2.9e+01 1.1e+02  0  0  3  0  1   1  0 39  0  1     0
Mesh Migration        22 1.0 8.5289e-02 1.0 0.00e+00 0.0 9.9e+04 2.6e+02 4.7e+02  0  0  1  0  4   0  0 16  1  5     0
DMPlexInterp          11 1.0 2.7101e-03 1.2 0.00e+00 0.0 0.0e+00 0.0e+00 2.2e+01  0  0  0  0  0   0  0  0  0  0     0
DMPlexDistribute      11 1.0 5.2785e-01 1.0 0.00e+00 0.0 1.2e+05 2.1e+02 2.1e+02  0  0  1  0  2   1  0 19  1  2     0
DMPlexDistCones       22 1.0 1.9456e-02 1.1 0.00e+00 0.0 2.4e+04 4.0e+02 0.0e+00  0  0  0  0  0   0  0  4  0  0     0
DMPlexDistLabels      22 1.0 3.8890e-02 1.0 0.00e+00 0.0 3.4e+04 2.7e+02 2.9e+02  0  0  0  0  2   0  0  5  0  3     0
DMPlexDistOvrlp       11 1.0 4.7822e-02 1.1 0.00e+00 0.0 2.3e+05 4.9e+01 3.7e+02  0  0  3  0  3   0  0 36  0  4     0
DMPlexDistField       33 1.0 1.2102e-02 1.1 0.00e+00 0.0 3.2e+04 1.3e+02 2.2e+01  0  0  0  0  0   0  0  5  0  0     0
DMPlexDistData        22 1.0 1.0986e-01 4.0 0.00e+00 0.0 2.1e+05 1.9e+01 0.0e+00  0  0  3  0  0   0  0 34  0  0     0
DMPlexStratify        44 1.0 1.5065e-02 1.6 0.00e+00 0.0 0.0e+00 0.0e+00 4.4e+01  0  0  0  0  0   0  0  0  0  0     0
CreateMesh            88 1.0 6.4242e-01 1.0 0.00e+00 0.0 3.4e+05 1.1e+02 6.3e+02  0  0  4  0  5   1  0 55  1  6     0
Mesh: reorder         11 1.0 2.4641e-03 1.1 0.00e+00 0.0 0.0e+00 0.0e+00 2.2e+01  0  0  0  0  0   0  0  0  0  0     0
Mesh: numbering       11 1.0 1.2688e-02 1.0 0.00e+00 0.0 0.0e+00 0.0e+00 2.2e+01  0  0  0  0  0   0  0  0  0  0     0
CreateFunctionSpace     715 1.0 4.3078e+00 1.2 0.00e+00 0.0 8.9e+03 9.5e+01 0.0e+00  3  0  0  0  0   6  0  1  0  0     0
ParLoopExecute       726 1.0 8.9826e+00 1.2 1.09e+10 1.0 1.9e+05 6.7e+03 3.3e+02  6  7  2 11  3  12 98 30 38  3 48244
ParLoopCells         902 1.0 3.5791e+00 1.0 9.97e+09 1.0 0.0e+00 0.0e+00 0.0e+00  3  7  0  0  0   5 90  0  0  0 111476
ParLoopRednBegin     726 1.0 1.7054e-02 1.6 0.00e+00 0.0 0.0e+00 0.0e+00 0.0e+00  0  0  0  0  0   0  0  0  0  0     0
ParLoopRednEnd       726 1.0 3.4328e-03 1.3 0.00e+00 0.0 0.0e+00 0.0e+00 0.0e+00  0  0  0  0  0   0  0  0  0  0     0
ParLoopset_5           2 1.0 9.4295e-04 1.4 0.00e+00 0.0 0.0e+00 0.0e+00 0.0e+00  0  0  0  0  0   0  0  0  0  0     0
CreateExtMesh         11 1.0 1.3288e-01 1.2 0.00e+00 0.0 0.0e+00 0.0e+00 0.0e+00  0  0  0  0  0   0  0  0  0  0     0
CreateSparsity        44 1.0 5.2297e+00 1.3 0.00e+00 0.0 1.1e+04 4.4e+04 2.0e+02  4  0  0  4  2   7  0  2 14  2     0
MatZeroInitial        66 1.0 2.8338e+00 1.1 0.00e+00 0.0 0.0e+00 0.0e+00 0.0e+00  2  0  0  0  0   4  0  0  0  0     0
ParLoopset_8           6 1.0 1.4088e-03 1.1 0.00e+00 0.0 0.0e+00 0.0e+00 0.0e+00  0  0  0  0  0   0  0  0  0  0     0
ApplyBC               11 1.0 5.3505e-02 1.1 0.00e+00 0.0 0.0e+00 0.0e+00 0.0e+00  0  0  0  0  0   0  0  0  0  0     0
ParLoopset_10         12 1.0 1.5109e-03 1.2 0.00e+00 0.0 0.0e+00 0.0e+00 0.0e+00  0  0  0  0  0   0  0  0  0  0     0
ParLoopset_9          10 1.0 1.5469e-03 1.3 0.00e+00 0.0 0.0e+00 0.0e+00 0.0e+00  0  0  0  0  0   0  0  0  0  0     0
VertHybridInit        11 1.0 2.6569e+00 1.1 1.66e+09 1.0 3.7e+03 6.7e+01 2.0e+02  2  1  0  0  2   4 15  1  0  2 24992
VertHybridBreak       11 1.0 8.6023e-02 2.6 0.00e+00 0.0 0.0e+00 0.0e+00 2.2e+01  0  0  0  0  0   0  0  0  0  0     0
VertHybridRHS         11 1.0 4.9668e-02 1.1 0.00e+00 0.0 0.0e+00 0.0e+00 0.0e+00  0  0  0  0  0   0  0  0  0  0     0
VertHybridSolve       11 1.0 1.5122e+00 1.0 1.74e+09 1.0 3.2e+04 2.5e+03 6.7e+03  1  1  0  1 54   2 16  5  2 68 45913
ParLoopset_12          4 1.0 1.3847e-03 1.1 0.00e+00 0.0 0.0e+00 0.0e+00 0.0e+00  0  0  0  0  0   0  0  0  0  0     0
VertHybridRecon       11 1.0 1.4165e-02 1.0 0.00e+00 0.0 0.0e+00 0.0e+00 0.0e+00  0  0  0  0  0   0  0  0  0  0     0
VertHybridRecover      11 1.0 1.2443e+00 1.0 3.18e+09 1.0 1.5e+04 4.2e+03 2.2e+01  1  2  0  1  0   2 29  2  2  0 102132
Gusto:SolverSetup      11 1.0 3.5045e+01 1.0 1.42e+09 1.2 6.9e+04 2.8e+04 9.0e+02 26  1  1 17  7  49 12 11 60  9  1522
Gusto:HybridProjectRhobar      11 1.0 1.6202e+00 1.0 7.09e+08 1.2 2.5e+04 8.5e+03 5.5e+01  1  0  0  2  0   2  6  4  7  1 16386
ParLoopExtFacets      88 1.0 2.9888e-02 1.1 0.00e+00 0.0 0.0e+00 0.0e+00 0.0e+00  0  0  0  0  0   0  0  0  0  0     0
ParLoopIntFacets      88 1.0 1.3505e+00 1.2 9.44e+08 1.2 0.0e+00 0.0e+00 0.0e+00  1  1  0  0  0   2  8  0  0  0 25453
Gusto:HybridProjectPibar      11 1.0 1.6945e+00 1.0 7.16e+08 1.2 2.0e+04 9.9e+03 5.5e+01  1  0  0  2  0   2  6  3  6  1 15813
ParLoopset_19          2 1.0 3.6955e-05 1.3 0.00e+00 0.0 0.0e+00 0.0e+00 0.0e+00  0  0  0  0  0   0  0  0  0  0     0
ParLoopset_22          6 1.0 2.6989e-04 1.4 0.00e+00 0.0 0.0e+00 0.0e+00 0.0e+00  0  0  0  0  0   0  0  0  0  0     0
ParLoopset_24         12 1.0 2.8133e-04 1.2 0.00e+00 0.0 0.0e+00 0.0e+00 0.0e+00  0  0  0  0  0   0  0  0  0  0     0
ParLoopset_23         10 1.0 3.1304e-04 1.2 0.00e+00 0.0 0.0e+00 0.0e+00 0.0e+00  0  0  0  0  0   0  0  0  0  0     0
ParLoopset_26          4 1.0 1.4806e-04 1.4 0.00e+00 0.0 0.0e+00 0.0e+00 0.0e+00  0  0  0  0  0   0  0  0  0  0     0
ParLoopset_33          2 1.0 3.2902e-05 1.3 0.00e+00 0.0 0.0e+00 0.0e+00 0.0e+00  0  0  0  0  0   0  0  0  0  0     0
ParLoopset_36          6 1.0 2.7299e-04 1.2 0.00e+00 0.0 0.0e+00 0.0e+00 0.0e+00  0  0  0  0  0   0  0  0  0  0     0
ParLoopset_38         12 1.0 2.8300e-04 1.2 0.00e+00 0.0 0.0e+00 0.0e+00 0.0e+00  0  0  0  0  0   0  0  0  0  0     0
ParLoopset_37         10 1.0 3.2854e-04 1.3 0.00e+00 0.0 0.0e+00 0.0e+00 0.0e+00  0  0  0  0  0   0  0  0  0  0     0
ParLoopset_40          4 1.0 1.6284e-04 1.6 0.00e+00 0.0 0.0e+00 0.0e+00 0.0e+00  0  0  0  0  0   0  0  0  0  0     0
ParLoopset_47          2 1.0 3.5048e-05 1.3 0.00e+00 0.0 0.0e+00 0.0e+00 0.0e+00  0  0  0  0  0   0  0  0  0  0     0
ParLoopset_50          6 1.0 2.8992e-04 1.3 0.00e+00 0.0 0.0e+00 0.0e+00 0.0e+00  0  0  0  0  0   0  0  0  0  0     0
ParLoopset_52         12 1.0 3.1781e-04 1.3 0.00e+00 0.0 0.0e+00 0.0e+00 0.0e+00  0  0  0  0  0   0  0  0  0  0     0
ParLoopset_51         10 1.0 3.0446e-04 1.3 0.00e+00 0.0 0.0e+00 0.0e+00 0.0e+00  0  0  0  0  0   0  0  0  0  0     0
ParLoopset_54          4 1.0 1.4305e-04 1.4 0.00e+00 0.0 0.0e+00 0.0e+00 0.0e+00  0  0  0  0  0   0  0  0  0  0     0
ParLoopset_61          2 1.0 4.1246e-05 1.6 0.00e+00 0.0 0.0e+00 0.0e+00 0.0e+00  0  0  0  0  0   0  0  0  0  0     0
ParLoopset_64          6 1.0 2.7013e-04 1.3 0.00e+00 0.0 0.0e+00 0.0e+00 0.0e+00  0  0  0  0  0   0  0  0  0  0     0
ParLoopset_66         12 1.0 2.7633e-04 1.2 0.00e+00 0.0 0.0e+00 0.0e+00 0.0e+00  0  0  0  0  0   0  0  0  0  0     0
ParLoopset_65         10 1.0 3.1400e-04 1.3 0.00e+00 0.0 0.0e+00 0.0e+00 0.0e+00  0  0  0  0  0   0  0  0  0  0     0
ParLoopset_68          4 1.0 1.4424e-04 1.4 0.00e+00 0.0 0.0e+00 0.0e+00 0.0e+00  0  0  0  0  0   0  0  0  0  0     0
ParLoopset_75          2 1.0 3.8862e-05 1.4 0.00e+00 0.0 0.0e+00 0.0e+00 0.0e+00  0  0  0  0  0   0  0  0  0  0     0
ParLoopset_78          6 1.0 2.6417e-04 1.2 0.00e+00 0.0 0.0e+00 0.0e+00 0.0e+00  0  0  0  0  0   0  0  0  0  0     0
ParLoopset_80         12 1.0 2.9731e-04 1.3 0.00e+00 0.0 0.0e+00 0.0e+00 0.0e+00  0  0  0  0  0   0  0  0  0  0     0
ParLoopset_79         10 1.0 3.1090e-04 1.2 0.00e+00 0.0 0.0e+00 0.0e+00 0.0e+00  0  0  0  0  0   0  0  0  0  0     0
ParLoopset_82          4 1.0 1.4377e-04 1.4 0.00e+00 0.0 0.0e+00 0.0e+00 0.0e+00  0  0  0  0  0   0  0  0  0  0     0
ParLoopset_89          2 1.0 3.5048e-05 1.3 0.00e+00 0.0 0.0e+00 0.0e+00 0.0e+00  0  0  0  0  0   0  0  0  0  0     0
ParLoopset_92          6 1.0 2.7609e-04 1.3 0.00e+00 0.0 0.0e+00 0.0e+00 0.0e+00  0  0  0  0  0   0  0  0  0  0     0
ParLoopset_94         12 1.0 2.8181e-04 1.2 0.00e+00 0.0 0.0e+00 0.0e+00 0.0e+00  0  0  0  0  0   0  0  0  0  0     0
ParLoopset_93         10 1.0 3.1185e-04 1.2 0.00e+00 0.0 0.0e+00 0.0e+00 0.0e+00  0  0  0  0  0   0  0  0  0  0     0
ParLoopset_96          4 1.0 1.4496e-04 1.4 0.00e+00 0.0 0.0e+00 0.0e+00 0.0e+00  0  0  0  0  0   0  0  0  0  0     0
ParLoopset_103         2 1.0 3.2902e-05 1.3 0.00e+00 0.0 0.0e+00 0.0e+00 0.0e+00  0  0  0  0  0   0  0  0  0  0     0
ParLoopset_106         6 1.0 3.1090e-04 1.3 0.00e+00 0.0 0.0e+00 0.0e+00 0.0e+00  0  0  0  0  0   0  0  0  0  0     0
ParLoopset_108        12 1.0 2.9135e-04 1.3 0.00e+00 0.0 0.0e+00 0.0e+00 0.0e+00  0  0  0  0  0   0  0  0  0  0     0
ParLoopset_107        10 1.0 3.0804e-04 1.2 0.00e+00 0.0 0.0e+00 0.0e+00 0.0e+00  0  0  0  0  0   0  0  0  0  0     0
ParLoopset_110         4 1.0 1.4305e-04 1.4 0.00e+00 0.0 0.0e+00 0.0e+00 0.0e+00  0  0  0  0  0   0  0  0  0  0     0
ParLoopset_117         2 1.0 3.5286e-05 1.3 0.00e+00 0.0 0.0e+00 0.0e+00 0.0e+00  0  0  0  0  0   0  0  0  0  0     0
ParLoopset_120         6 1.0 2.7013e-04 1.2 0.00e+00 0.0 0.0e+00 0.0e+00 0.0e+00  0  0  0  0  0   0  0  0  0  0     0
ParLoopset_122        12 1.0 2.8992e-04 1.3 0.00e+00 0.0 0.0e+00 0.0e+00 0.0e+00  0  0  0  0  0   0  0  0  0  0     0
ParLoopset_121        10 1.0 3.1734e-04 1.3 0.00e+00 0.0 0.0e+00 0.0e+00 0.0e+00  0  0  0  0  0   0  0  0  0  0     0
ParLoopset_124         4 1.0 1.4782e-04 1.5 0.00e+00 0.0 0.0e+00 0.0e+00 0.0e+00  0  0  0  0  0   0  0  0  0  0     0
ParLoopset_131         2 1.0 3.4094e-05 1.4 0.00e+00 0.0 0.0e+00 0.0e+00 0.0e+00  0  0  0  0  0   0  0  0  0  0     0
ParLoopset_134         6 1.0 2.7442e-04 1.2 0.00e+00 0.0 0.0e+00 0.0e+00 0.0e+00  0  0  0  0  0   0  0  0  0  0     0
ParLoopset_136        12 1.0 2.7275e-04 1.2 0.00e+00 0.0 0.0e+00 0.0e+00 0.0e+00  0  0  0  0  0   0  0  0  0  0     0
ParLoopset_135        10 1.0 3.1161e-04 1.2 0.00e+00 0.0 0.0e+00 0.0e+00 0.0e+00  0  0  0  0  0   0  0  0  0  0     0
ParLoopset_138         4 1.0 1.4329e-04 1.4 0.00e+00 0.0 0.0e+00 0.0e+00 0.0e+00  0  0  0  0  0   0  0  0  0  0     0
ParLoopset_145         2 1.0 3.2902e-05 1.3 0.00e+00 0.0 0.0e+00 0.0e+00 0.0e+00  0  0  0  0  0   0  0  0  0  0     0
ParLoopset_148         6 1.0 2.8682e-04 1.3 0.00e+00 0.0 0.0e+00 0.0e+00 0.0e+00  0  0  0  0  0   0  0  0  0  0     0
ParLoopset_150        12 1.0 2.8038e-04 1.2 0.00e+00 0.0 0.0e+00 0.0e+00 0.0e+00  0  0  0  0  0   0  0  0  0  0     0
ParLoopset_149        10 1.0 3.0780e-04 1.2 0.00e+00 0.0 0.0e+00 0.0e+00 0.0e+00  0  0  0  0  0   0  0  0  0  0     0
ParLoopset_152         4 1.0 1.4186e-04 1.4 0.00e+00 0.0 0.0e+00 0.0e+00 0.0e+00  0  0  0  0  0   0  0  0  0  0     0

--- Event Stage 1: Warm-up stage

BuildTwoSided         11 1.0 8.5511e-03 3.0 0.00e+00 0.0 1.2e+03 4.0e+00 0.0e+00  0  0  0  0  0   0  0  0  0  0     0
BuildTwoSidedF        88 1.0 2.8609e-01 2.7 0.00e+00 0.0 5.5e+03 2.1e+04 0.0e+00  0  0  0  1  0   1  0  0  3  0     0
SFSetGraph            22 1.0 1.9176e-03 1.2 0.00e+00 0.0 0.0e+00 0.0e+00 0.0e+00  0  0  0  0  0   0  0  0  0  0     0
SFSetUp               11 1.0 1.5374e-02 1.3 0.00e+00 0.0 3.7e+03 5.3e+03 0.0e+00  0  0  0  0  0   0  0  0  0  0     0
SFBcastBegin         165 1.0 1.3838e-02 1.6 0.00e+00 0.0 3.7e+04 7.3e+03 0.0e+00  0  0  0  2  0   0  0  1  6  0     0
SFBcastEnd           165 1.0 5.3198e+00424.3 0.00e+00 0.0 0.0e+00 0.0e+00 0.0e+00  1  0  0  0  0   5  0  0  0  0     0
SFReduceBegin        187 1.0 1.1193e-02 1.4 0.00e+00 0.0 4.2e+04 9.7e+03 0.0e+00  0  0  1  4  0   0  0  1  9  0     0
SFReduceEnd          187 1.0 5.2239e+0031.7 0.00e+00 0.0 0.0e+00 0.0e+00 0.0e+00  2  0  0  0  0   6  0  0  0  0     0
VecMDot              145 1.0 1.1627e-01 2.4 4.72e+07 1.1 0.0e+00 0.0e+00 1.4e+02  0  0  0  0  1   0  0  0  0  6 15327
VecNorm              156 1.0 1.7126e-02 3.5 6.81e+06 1.1 0.0e+00 0.0e+00 1.6e+02  0  0  0  0  1   0  0  0  0  7 15017
VecScale             736 1.0 2.9874e-03 1.2 3.40e+06 1.1 0.0e+00 0.0e+00 0.0e+00  0  0  0  0  0   0  0  0  0  0 43046
VecCopy              657 1.0 3.4903e-02 1.2 0.00e+00 0.0 0.0e+00 0.0e+00 0.0e+00  0  0  0  0  0   0  0  0  0  0     0
VecSet              6947 1.0 9.9308e-02 1.4 0.00e+00 0.0 0.0e+00 0.0e+00 0.0e+00  0  0  0  0  0   0  0  0  0  0     0
VecAXPY             6402 1.0 1.4901e-01 1.2 7.73e+07 1.1 0.0e+00 0.0e+00 0.0e+00  0  0  0  0  0   0  0  0  0  0 19701
VecAYPX             5800 1.0 1.6355e-01 1.5 3.42e+07 1.1 0.0e+00 0.0e+00 0.0e+00  0  0  0  0  0   0  0  0  0  0  7938
VecMAXPY             156 1.0 6.5296e-02 1.2 5.35e+07 1.1 0.0e+00 0.0e+00 0.0e+00  0  0  0  0  0   0  0  0  0  0 30955
VecScatterBegin     6598 1.0 2.1048e-01 1.3 0.00e+00 0.0 3.7e+06 9.5e+02 0.0e+00  0  0 45 30  0   1  0 95 81  0     0
VecScatterEnd       6598 1.0 6.6517e-01 2.5 0.00e+00 0.0 0.0e+00 0.0e+00 0.0e+00  0  0  0  0  0   1  0  0  0  0     0
MatMult             6635 1.0 2.9061e+00 1.1 8.27e+08 1.1 3.4e+06 9.6e+02 0.0e+00  2  1 42 29  0   8  1 88 77  0 10860
MatMultAdd           580 1.0 1.2055e-01 1.2 6.84e+06 1.1 0.0e+00 0.0e+00 0.0e+00  0  0  0  0  0   0  0  0  0  0  2154
MatSolve            5945 1.0 1.7059e+00 1.2 6.45e+08 1.1 0.0e+00 0.0e+00 0.0e+00  1  0  0  0  0   4  1  0  0  0 14502
MatLUFactorSym        11 1.0 7.7724e-04 1.1 0.00e+00 0.0 0.0e+00 0.0e+00 0.0e+00  0  0  0  0  0   0  0  0  0  0     0
MatLUFactorNum        55 1.0 7.6437e-02 1.3 1.87e+07 1.2 0.0e+00 0.0e+00 0.0e+00  0  0  0  0  0   0  0  0  0  0  9260
MatILUFactorSym       44 1.0 3.3037e-02 1.2 0.00e+00 0.0 0.0e+00 0.0e+00 0.0e+00  0  0  0  0  0   0  0  0  0  0     0
MatConvert            11 1.0 5.9628e-04 1.1 0.00e+00 0.0 0.0e+00 0.0e+00 0.0e+00  0  0  0  0  0   0  0  0  0  0     0
MatResidual          580 1.0 2.5695e-01 1.1 7.67e+07 1.1 3.4e+05 9.2e+02 0.0e+00  0  0  4  3  0   1  0  9  7  0 11406
MatAssemblyBegin     132 1.0 3.3396e-01 2.3 0.00e+00 0.0 5.5e+03 2.1e+04 0.0e+00  0  0  0  1  0   1  0  0  3  0     0
MatAssemblyEnd       132 1.0 1.6627e-01 1.4 0.00e+00 0.0 8.6e+04 1.4e+02 4.4e+02  0  0  1  0  4   0  0  2  0 19     0
MatGetRowIJ           55 1.0 7.1287e-05 1.3 0.00e+00 0.0 0.0e+00 0.0e+00 0.0e+00  0  0  0  0  0   0  0  0  0  0     0
MatCreateSubMats      11 1.0 2.8057e-03 1.0 0.00e+00 0.0 0.0e+00 0.0e+00 4.4e+01  0  0  0  0  0   0  0  0  0  2     0
MatGetOrdering        55 1.0 4.0889e-03 1.1 0.00e+00 0.0 0.0e+00 0.0e+00 0.0e+00  0  0  0  0  0   0  0  0  0  0     0
MatZeroEntries        11 1.0 7.8325e-03 1.2 0.00e+00 0.0 0.0e+00 0.0e+00 0.0e+00  0  0  0  0  0   0  0  0  0  0     0
MatRedundantMat       11 1.0 3.4897e-03 1.0 0.00e+00 0.0 0.0e+00 0.0e+00 4.4e+01  0  0  0  0  0   0  0  0  0  2     0
MatMPIConcateSeq      11 1.0 6.1131e-04 1.1 0.00e+00 0.0 0.0e+00 0.0e+00 0.0e+00  0  0  0  0  0   0  0  0  0  0     0
PCSetUp               66 1.0 1.2531e+01 1.0 1.72e+10 1.0 1.6e+05 2.0e+03 1.8e+03  9 12  2  3 15  34 22  4  7 80 54926
PCSetUpOnBlocks     1160 1.0 1.1580e-01 1.2 1.83e+07 1.2 0.0e+00 0.0e+00 0.0e+00  0  0  0  0  0   0  0  0  0  0  5953
PCApply               11 1.0 2.1765e+01 1.0 5.30e+10 1.0 3.8e+06 9.6e+02 2.0e+03 16 36 46 32 16  59 69 98 85 88 97279
KSPSetUp             143 1.0 2.5086e-02 1.7 0.00e+00 0.0 0.0e+00 0.0e+00 1.1e+02  0  0  0  0  1   0  0  0  0  5     0
KSPSolve              11 1.0 3.2499e+01 1.0 7.02e+10 1.0 3.8e+06 9.9e+02 2.2e+03 25 48 47 33 18  88 91 98 88 97 86259
KSPGMRESOrthog       145 1.0 1.7014e-01 1.8 9.44e+07 1.1 0.0e+00 0.0e+00 1.4e+02  0  0  0  0  1   0  0  0  0  6 20950
SNESSolve             11 1.0 3.6740e+01 1.0 7.69e+10 1.0 3.9e+06 1.1e+03 2.2e+03 28 52 47 38 18 100100100100 99 83427
SNESFunctionEval      11 1.0 4.2473e+00 1.0 6.72e+09 1.1 6.3e+04 8.2e+03 4.4e+01  3  4  1  5  0  12  9  2 12  2 61629
SNESJacobianEval      11 1.0 9.6610e-03 1.3 0.00e+00 0.0 0.0e+00 0.0e+00 0.0e+00  0  0  0  0  0   0  0  0  0  0     0
CreateFunctionSpace     198 1.0 1.2034e-01 1.1 0.00e+00 0.0 0.0e+00 0.0e+00 0.0e+00  0  0  0  0  0   0  0  0  0  0     0
ParLoopExecute       330 1.0 2.2764e+01 1.1 7.52e+10 1.0 8.3e+04 8.4e+03 4.4e+01 16 51  1  6  0  58 98  2 16  2 131773
ParLoopCells         330 1.0 1.6369e+01 1.0 7.32e+10 1.0 0.0e+00 0.0e+00 0.0e+00 12 50  0  0  0  44 96  0  0  0 178842
ParLoopRednBegin     330 1.0 6.5322e-03 1.3 0.00e+00 0.0 0.0e+00 0.0e+00 0.0e+00  0  0  0  0  0   0  0  0  0  0     0
ParLoopRednEnd       330 1.0 1.6491e-03 1.3 0.00e+00 0.0 0.0e+00 0.0e+00 0.0e+00  0  0  0  0  0   0  0  0  0  0     0
CreateSparsity        11 1.0 1.7108e+00 4.4 0.00e+00 0.0 1.8e+03 2.1e+04 4.4e+01  0  0  0  0  0   1  0  0  1  2     0
MatZeroInitial        11 1.0 1.8081e-01 1.1 0.00e+00 0.0 0.0e+00 0.0e+00 0.0e+00  0  0  0  0  0   0  0  0  0  0     0
ParLoopset_8           8 1.0 1.8156e-03 1.2 2.18e+04 1.1 0.0e+00 0.0e+00 0.0e+00  0  0  0  0  0   0  0  0  0  0   454
ParLoopset_10          4 1.0 1.4305e-04 1.3 8.32e+03 1.0 0.0e+00 0.0e+00 0.0e+00  0  0  0  0  0   0  0  0  0  0  2326
ParLoopset_9           8 1.0 3.0255e-04 1.3 8.19e+03 1.0 0.0e+00 0.0e+00 0.0e+00  0  0  0  0  0   0  0  0  0  0  1083
ParLoopIntFacets      66 1.0 9.3062e-01 1.2 1.99e+09 1.2 0.0e+00 0.0e+00 0.0e+00  1  1  0  0  0   2  2  0  0  0 77648
ParLoopset_13          4 1.0 3.5715e-04 1.9 0.00e+00 0.0 0.0e+00 0.0e+00 0.0e+00  0  0  0  0  0   0  0  0  0  0     0
SCPCInit              11 1.0 1.0809e+01 1.0 1.72e+10 1.0 1.1e+04 1.2e+04 2.0e+02  8 12  0  1  2  29 22  0  3  9 63465
SCForwardElim         11 1.0 1.0787e-01 3.7 0.00e+00 0.0 0.0e+00 0.0e+00 3.3e+01  0  0  0  0  0   0  0  0  0  1     0
SCSolve               11 1.0 1.2006e+01 1.0 1.88e+10 1.0 3.8e+06 9.4e+02 2.0e+03  9 13 46 31 16  33 24 98 83 86 62506
SCBackSub             11 1.0 9.6514e+00 1.0 3.42e+10 1.0 9.9e+03 8.1e+03 2.2e+01  7 23  0  1  0  26 45  0  2  1 141623
ParLoopset_22          8 1.0 5.1355e-04 1.4 2.18e+04 1.1 0.0e+00 0.0e+00 0.0e+00  0  0  0  0  0   0  0  0  0  0  1605
ParLoopset_24          4 1.0 1.3399e-04 1.6 8.32e+03 1.0 0.0e+00 0.0e+00 0.0e+00  0  0  0  0  0   0  0  0  0  0  2484
ParLoopset_23          8 1.0 2.9302e-04 1.5 8.19e+03 1.0 0.0e+00 0.0e+00 0.0e+00  0  0  0  0  0   0  0  0  0  0  1118
ParLoopset_27          4 1.0 3.0804e-04 1.7 0.00e+00 0.0 0.0e+00 0.0e+00 0.0e+00  0  0  0  0  0   0  0  0  0  0     0
ParLoopset_36          8 1.0 3.7360e-04 1.2 2.18e+04 1.1 0.0e+00 0.0e+00 0.0e+00  0  0  0  0  0   0  0  0  0  0  2206
ParLoopset_38          4 1.0 1.0610e-04 1.4 8.32e+03 1.0 0.0e+00 0.0e+00 0.0e+00  0  0  0  0  0   0  0  0  0  0  3137
ParLoopset_37          8 1.0 2.2697e-04 1.2 8.19e+03 1.0 0.0e+00 0.0e+00 0.0e+00  0  0  0  0  0   0  0  0  0  0  1444
ParLoopset_41          4 1.0 2.7609e-04 1.6 0.00e+00 0.0 0.0e+00 0.0e+00 0.0e+00  0  0  0  0  0   0  0  0  0  0     0
ParLoopset_50          8 1.0 4.2224e-04 1.2 2.18e+04 1.1 0.0e+00 0.0e+00 0.0e+00  0  0  0  0  0   0  0  0  0  0  1952
ParLoopset_52          4 1.0 1.0419e-04 1.4 8.32e+03 1.0 0.0e+00 0.0e+00 0.0e+00  0  0  0  0  0   0  0  0  0  0  3194
ParLoopset_51          8 1.0 2.3150e-04 1.2 8.19e+03 1.0 0.0e+00 0.0e+00 0.0e+00  0  0  0  0  0   0  0  0  0  0  1415
ParLoopset_55          4 1.0 2.4796e-04 1.4 0.00e+00 0.0 0.0e+00 0.0e+00 0.0e+00  0  0  0  0  0   0  0  0  0  0     0
ParLoopset_64          8 1.0 3.8218e-04 1.3 2.18e+04 1.1 0.0e+00 0.0e+00 0.0e+00  0  0  0  0  0   0  0  0  0  0  2157
ParLoopset_66          4 1.0 1.0681e-04 1.4 8.32e+03 1.0 0.0e+00 0.0e+00 0.0e+00  0  0  0  0  0   0  0  0  0  0  3116
ParLoopset_65          8 1.0 2.4104e-04 1.3 8.19e+03 1.0 0.0e+00 0.0e+00 0.0e+00  0  0  0  0  0   0  0  0  0  0  1359
ParLoopset_69          4 1.0 2.5201e-04 1.4 0.00e+00 0.0 0.0e+00 0.0e+00 0.0e+00  0  0  0  0  0   0  0  0  0  0     0
ParLoopset_78          8 1.0 4.3941e-04 1.4 2.18e+04 1.1 0.0e+00 0.0e+00 0.0e+00  0  0  0  0  0   0  0  0  0  0  1876
ParLoopset_80          4 1.0 1.0061e-04 1.3 8.32e+03 1.0 0.0e+00 0.0e+00 0.0e+00  0  0  0  0  0   0  0  0  0  0  3308
ParLoopset_79          8 1.0 2.2888e-04 1.2 8.19e+03 1.0 0.0e+00 0.0e+00 0.0e+00  0  0  0  0  0   0  0  0  0  0  1432
ParLoopset_83          4 1.0 2.8014e-04 1.4 0.00e+00 0.0 0.0e+00 0.0e+00 0.0e+00  0  0  0  0  0   0  0  0  0  0     0
ParLoopset_92          8 1.0 4.2868e-04 1.4 2.18e+04 1.1 0.0e+00 0.0e+00 0.0e+00  0  0  0  0  0   0  0  0  0  0  1923
ParLoopset_94          4 1.0 1.2803e-04 1.6 8.32e+03 1.0 0.0e+00 0.0e+00 0.0e+00  0  0  0  0  0   0  0  0  0  0  2599
ParLoopset_93          8 1.0 2.4486e-04 1.3 8.19e+03 1.0 0.0e+00 0.0e+00 0.0e+00  0  0  0  0  0   0  0  0  0  0  1338
ParLoopset_97          4 1.0 2.8610e-04 1.7 0.00e+00 0.0 0.0e+00 0.0e+00 0.0e+00  0  0  0  0  0   0  0  0  0  0     0
ParLoopset_106         8 1.0 3.8457e-04 1.2 2.18e+04 1.1 0.0e+00 0.0e+00 0.0e+00  0  0  0  0  0   0  0  0  0  0  2143
ParLoopset_108         4 1.0 1.0109e-04 1.3 8.32e+03 1.0 0.0e+00 0.0e+00 0.0e+00  0  0  0  0  0   0  0  0  0  0  3292
ParLoopset_107         8 1.0 2.2483e-04 1.2 8.19e+03 1.0 0.0e+00 0.0e+00 0.0e+00  0  0  0  0  0   0  0  0  0  0  1457
ParLoopset_111         4 1.0 2.7990e-04 1.6 0.00e+00 0.0 0.0e+00 0.0e+00 0.0e+00  0  0  0  0  0   0  0  0  0  0     0
ParLoopset_120         8 1.0 3.8958e-04 1.3 2.18e+04 1.1 0.0e+00 0.0e+00 0.0e+00  0  0  0  0  0   0  0  0  0  0  2116
ParLoopset_122         4 1.0 1.1230e-04 1.4 8.32e+03 1.0 0.0e+00 0.0e+00 0.0e+00  0  0  0  0  0   0  0  0  0  0  2964
ParLoopset_121         8 1.0 2.3603e-04 1.3 8.19e+03 1.0 0.0e+00 0.0e+00 0.0e+00  0  0  0  0  0   0  0  0  0  0  1388
ParLoopset_125         4 1.0 2.8014e-04 1.6 0.00e+00 0.0 0.0e+00 0.0e+00 0.0e+00  0  0  0  0  0   0  0  0  0  0     0
ParLoopset_134         8 1.0 4.8614e-04 1.5 2.18e+04 1.1 0.0e+00 0.0e+00 0.0e+00  0  0  0  0  0   0  0  0  0  0  1696
ParLoopset_136         4 1.0 1.5283e-04 2.0 8.32e+03 1.0 0.0e+00 0.0e+00 0.0e+00  0  0  0  0  0   0  0  0  0  0  2178
ParLoopset_135         8 1.0 2.5296e-04 1.3 8.19e+03 1.0 0.0e+00 0.0e+00 0.0e+00  0  0  0  0  0   0  0  0  0  0  1295
ParLoopset_139         4 1.0 2.9230e-04 1.7 0.00e+00 0.0 0.0e+00 0.0e+00 0.0e+00  0  0  0  0  0   0  0  0  0  0     0
ParLoopset_148         8 1.0 4.0984e-04 1.3 2.18e+04 1.1 0.0e+00 0.0e+00 0.0e+00  0  0  0  0  0   0  0  0  0  0  2011
ParLoopset_150         4 1.0 1.7190e-04 2.2 8.32e+03 1.0 0.0e+00 0.0e+00 0.0e+00  0  0  0  0  0   0  0  0  0  0  1936
ParLoopset_149         8 1.0 2.3341e-04 1.2 8.19e+03 1.0 0.0e+00 0.0e+00 0.0e+00  0  0  0  0  0   0  0  0  0  0  1404
ParLoopset_153         4 1.0 2.7680e-04 1.6 0.00e+00 0.0 0.0e+00 0.0e+00 0.0e+00  0  0  0  0  0   0  0  0  0  0     0

--- Event Stage 2: linear_solve

SFBcastBegin          88 1.0 7.3307e-03 1.7 0.00e+00 0.0 2.0e+04 9.0e+03 0.0e+00  0  0  0  2  0   0  0  1  5  0     0
SFBcastEnd            88 1.0 5.8443e+00812.0 0.00e+00 0.0 0.0e+00 0.0e+00 0.0e+00  1  0  0  0  0   7  0  0  0  0     0
SFReduceBegin        187 1.0 1.0821e-02 1.4 0.00e+00 0.0 4.2e+04 9.7e+03 0.0e+00  0  0  1  4  0   0  0  1 11  0     0
SFReduceEnd          187 1.0 5.6113e+0026.7 0.00e+00 0.0 0.0e+00 0.0e+00 0.0e+00  2  0  0  0  0  11  0  0  0  0     0
VecMDot              145 1.0 1.1855e-01 2.5 4.72e+07 1.1 0.0e+00 0.0e+00 1.4e+02  0  0  0  0  1   0  0  0  0 48 15033
VecNorm              156 1.0 1.2280e+00124.8 6.81e+06 1.1 0.0e+00 0.0e+00 1.6e+02  0  0  0  0  1   2  0  0  0 52   209
VecScale             736 1.0 3.0127e-03 1.2 3.40e+06 1.1 0.0e+00 0.0e+00 0.0e+00  0  0  0  0  0   0  0  0  0  0 42685
VecCopy              646 1.0 2.2744e-02 1.3 0.00e+00 0.0 0.0e+00 0.0e+00 0.0e+00  0  0  0  0  0   0  0  0  0  0     0
VecSet              6848 1.0 9.7119e-02 1.4 0.00e+00 0.0 0.0e+00 0.0e+00 0.0e+00  0  0  0  0  0   0  0  0  0  0     0
VecAXPY             6402 1.0 1.4546e-01 1.2 7.73e+07 1.1 0.0e+00 0.0e+00 0.0e+00  0  0  0  0  0   1  0  0  0  0 20182
VecAYPX             5800 1.0 1.6405e-01 1.5 3.42e+07 1.1 0.0e+00 0.0e+00 0.0e+00  0  0  0  0  0   1  0  0  0  0  7914
VecMAXPY             156 1.0 6.5557e-02 1.3 5.35e+07 1.1 0.0e+00 0.0e+00 0.0e+00  0  0  0  0  0   0  0  0  0  0 30832
VecScatterBegin     6433 1.0 1.9394e-01 1.3 0.00e+00 0.0 3.6e+06 9.0e+02 0.0e+00  0  0 44 29  0   1  0 98 85  0     0
VecScatterEnd       6433 1.0 6.1348e-01 2.5 0.00e+00 0.0 0.0e+00 0.0e+00 0.0e+00  0  0  0  0  0   2  0  0  0  0     0
MatMult             6525 1.0 2.7497e+00 1.1 7.86e+08 1.1 3.4e+06 9.6e+02 0.0e+00  2  1 42 29  0  11  1 92 85  0 10921
MatMultAdd           580 1.0 1.2075e-01 1.2 6.84e+06 1.1 0.0e+00 0.0e+00 0.0e+00  0  0  0  0  0   0  0  0  0  0  2150
MatSolve            5945 1.0 1.7126e+00 1.2 6.45e+08 1.1 0.0e+00 0.0e+00 0.0e+00  1  0  0  0  0   7  1  0  0  0 14444
MatResidual          580 1.0 2.5680e-01 1.1 7.67e+07 1.1 3.4e+05 9.2e+02 0.0e+00  0  0  4  3  0   1  0  9  8  0 11412
PCSetUpOnBlocks     1160 1.0 1.4493e-03 1.3 0.00e+00 0.0 0.0e+00 0.0e+00 0.0e+00  0  0  0  0  0   0  0  0  0  0     0
PCApply               11 1.0 2.0071e+01 1.1 5.29e+10 1.0 3.7e+06 9.5e+02 3.0e+02 15 36 45 30  2  80 89 99 89100 105377
KSPSetUp              11 1.0 8.1062e-06 8.5 0.00e+00 0.0 0.0e+00 0.0e+00 0.0e+00  0  0  0  0  0   0  0  0  0  0     0
KSPSolve              11 1.0 2.0073e+01 1.1 5.29e+10 1.0 3.7e+06 9.5e+02 3.0e+02 15 36 45 30  2  80 89 99 89100 105370
KSPGMRESOrthog       145 1.0 1.7231e-01 1.8 9.44e+07 1.1 0.0e+00 0.0e+00 1.4e+02  0  0  0  0  1   1  0  0  0 48 20685
SNESSolve             11 1.0 2.3934e+01 1.1 5.97e+10 1.0 3.7e+06 1.0e+03 3.0e+02 17 40 45 34  2  96100100100100 99310
SNESFunctionEval      11 1.0 3.8665e+00 1.0 6.72e+09 1.1 4.2e+04 9.7e+03 0.0e+00  3  4  1  4  0  16 11  1 11  0 67694
SNESJacobianEval      11 1.0 4.9663e-04 1.4 0.00e+00 0.0 0.0e+00 0.0e+00 0.0e+00  0  0  0  0  0   0  0  0  0  0     0
ParLoopExecute       286 1.0 1.8953e+01 1.2 5.80e+10 1.0 6.2e+04 9.5e+03 0.0e+00 13 39  1  5  0  73 97  2 15  0 122074
ParLoopCells         308 1.0 1.2489e+01 1.0 5.60e+10 1.0 0.0e+00 0.0e+00 0.0e+00  9 38  0  0  0  51 94  0  0  0 179469
ParLoopRednBegin     286 1.0 1.4725e-03 1.7 0.00e+00 0.0 0.0e+00 0.0e+00 0.0e+00  0  0  0  0  0   0  0  0  0  0     0
ParLoopRednEnd       286 1.0 1.3895e-03 1.4 0.00e+00 0.0 0.0e+00 0.0e+00 0.0e+00  0  0  0  0  0   0  0  0  0  0     0
ParLoopset_8           6 1.0 3.0923e-04 1.7 0.00e+00 0.0 0.0e+00 0.0e+00 0.0e+00  0  0  0  0  0   0  0  0  0  0     0
ParLoopset_9           6 1.0 2.1267e-04 1.6 0.00e+00 0.0 0.0e+00 0.0e+00 0.0e+00  0  0  0  0  0   0  0  0  0  0     0
ParLoopIntFacets      66 1.0 8.7604e-01 1.2 1.99e+09 1.2 0.0e+00 0.0e+00 0.0e+00  1  1  0  0  0   3  3  0  0  0 82486
ParLoopset_13          6 1.0 6.0105e-04 2.2 0.00e+00 0.0 0.0e+00 0.0e+00 0.0e+00  0  0  0  0  0   0  0  0  0  0     0
SCForwardElim         11 1.0 8.6129e-03 1.4 0.00e+00 0.0 0.0e+00 0.0e+00 0.0e+00  0  0  0  0  0   0  0  0  0  0     0
SCSolve               11 1.0 1.0340e+01 1.0 1.88e+10 1.0 3.7e+06 9.3e+02 3.0e+02  8 13 44 30  2  43 31 99 87100 72357
SCBackSub             11 1.0 9.7368e+00 1.2 3.42e+10 1.0 9.9e+03 8.1e+03 0.0e+00  7 23  0  1  0  37 58  0  2  0 140380
ParLoopset_22          6 1.0 2.5034e-04 1.4 0.00e+00 0.0 0.0e+00 0.0e+00 0.0e+00  0  0  0  0  0   0  0  0  0  0     0
ParLoopset_23          6 1.0 1.9193e-04 1.4 0.00e+00 0.0 0.0e+00 0.0e+00 0.0e+00  0  0  0  0  0   0  0  0  0  0     0
ParLoopset_27          6 1.0 4.1080e-04 1.5 0.00e+00 0.0 0.0e+00 0.0e+00 0.0e+00  0  0  0  0  0   0  0  0  0  0     0
ParLoopset_36          6 1.0 2.5368e-04 1.4 0.00e+00 0.0 0.0e+00 0.0e+00 0.0e+00  0  0  0  0  0   0  0  0  0  0     0
ParLoopset_37          6 1.0 1.7357e-04 1.3 0.00e+00 0.0 0.0e+00 0.0e+00 0.0e+00  0  0  0  0  0   0  0  0  0  0     0
ParLoopset_41          6 1.0 4.0483e-04 1.5 0.00e+00 0.0 0.0e+00 0.0e+00 0.0e+00  0  0  0  0  0   0  0  0  0  0     0
ParLoopset_50          6 1.0 2.5678e-04 1.5 0.00e+00 0.0 0.0e+00 0.0e+00 0.0e+00  0  0  0  0  0   0  0  0  0  0     0
ParLoopset_51          6 1.0 1.7905e-04 1.3 0.00e+00 0.0 0.0e+00 0.0e+00 0.0e+00  0  0  0  0  0   0  0  0  0  0     0
ParLoopset_55          6 1.0 4.5085e-04 1.7 0.00e+00 0.0 0.0e+00 0.0e+00 0.0e+00  0  0  0  0  0   0  0  0  0  0     0
ParLoopset_64          6 1.0 2.5773e-04 1.5 0.00e+00 0.0 0.0e+00 0.0e+00 0.0e+00  0  0  0  0  0   0  0  0  0  0     0
ParLoopset_65          6 1.0 1.8406e-04 1.3 0.00e+00 0.0 0.0e+00 0.0e+00 0.0e+00  0  0  0  0  0   0  0  0  0  0     0
ParLoopset_69          6 1.0 4.3225e-04 1.5 0.00e+00 0.0 0.0e+00 0.0e+00 0.0e+00  0  0  0  0  0   0  0  0  0  0     0
ParLoopset_78          6 1.0 2.6917e-04 1.5 0.00e+00 0.0 0.0e+00 0.0e+00 0.0e+00  0  0  0  0  0   0  0  0  0  0     0
ParLoopset_79          6 1.0 1.8597e-04 1.5 0.00e+00 0.0 0.0e+00 0.0e+00 0.0e+00  0  0  0  0  0   0  0  0  0  0     0
ParLoopset_83          6 1.0 4.6635e-04 1.8 0.00e+00 0.0 0.0e+00 0.0e+00 0.0e+00  0  0  0  0  0   0  0  0  0  0     0
ParLoopset_92          6 1.0 2.6584e-04 1.4 0.00e+00 0.0 0.0e+00 0.0e+00 0.0e+00  0  0  0  0  0   0  0  0  0  0     0
ParLoopset_93          6 1.0 1.7905e-04 1.2 0.00e+00 0.0 0.0e+00 0.0e+00 0.0e+00  0  0  0  0  0   0  0  0  0  0     0
ParLoopset_97          6 1.0 4.3631e-04 1.5 0.00e+00 0.0 0.0e+00 0.0e+00 0.0e+00  0  0  0  0  0   0  0  0  0  0     0
ParLoopset_106         6 1.0 2.7585e-04 1.6 0.00e+00 0.0 0.0e+00 0.0e+00 0.0e+00  0  0  0  0  0   0  0  0  0  0     0
ParLoopset_107         6 1.0 1.7905e-04 1.3 0.00e+00 0.0 0.0e+00 0.0e+00 0.0e+00  0  0  0  0  0   0  0  0  0  0     0
ParLoopset_111         6 1.0 4.6134e-04 1.6 0.00e+00 0.0 0.0e+00 0.0e+00 0.0e+00  0  0  0  0  0   0  0  0  0  0     0
ParLoopset_120         6 1.0 2.7776e-04 1.5 0.00e+00 0.0 0.0e+00 0.0e+00 0.0e+00  0  0  0  0  0   0  0  0  0  0     0
ParLoopset_121         6 1.0 1.7571e-04 1.3 0.00e+00 0.0 0.0e+00 0.0e+00 0.0e+00  0  0  0  0  0   0  0  0  0  0     0
ParLoopset_125         6 1.0 4.3893e-04 1.2 0.00e+00 0.0 0.0e+00 0.0e+00 0.0e+00  0  0  0  0  0   0  0  0  0  0     0
ParLoopset_134         6 1.0 2.6512e-04 1.5 0.00e+00 0.0 0.0e+00 0.0e+00 0.0e+00  0  0  0  0  0   0  0  0  0  0     0
ParLoopset_135         6 1.0 2.0695e-04 1.4 0.00e+00 0.0 0.0e+00 0.0e+00 0.0e+00  0  0  0  0  0   0  0  0  0  0     0
ParLoopset_139         6 1.0 5.1498e-04 1.8 0.00e+00 0.0 0.0e+00 0.0e+00 0.0e+00  0  0  0  0  0   0  0  0  0  0     0
ParLoopset_148         6 1.0 2.9278e-04 1.6 0.00e+00 0.0 0.0e+00 0.0e+00 0.0e+00  0  0  0  0  0   0  0  0  0  0     0
ParLoopset_149         6 1.0 2.0814e-04 1.5 0.00e+00 0.0 0.0e+00 0.0e+00 0.0e+00  0  0  0  0  0   0  0  0  0  0     0
ParLoopset_153         6 1.0 4.3559e-04 1.5 0.00e+00 0.0 0.0e+00 0.0e+00 0.0e+00  0  0  0  0  0   0  0  0  0  0     0
------------------------------------------------------------------------------------------------------------------------

Memory usage is given in bytes:

Object Type          Creations   Destructions     Memory  Descendants' Mem.
Reports information only for process 0.

--- Event Stage 0: Main Stage

           Container    44             44        25696     0.
              Viewer     1              0            0     0.
         PetscRandom   121            121        79134     0.
           Index Set  4807           4994     19579956     0.
   IS L to G Mapping    55             55      3047352     0.
             Section  1342           1353       984984     0.
   Star Forest Graph  1265           1276      1079232     0.
              Vector  3498           4697    222914368     0.
         Vec Scatter   528            603      8303088     0.
              Matrix  2244           2579    648702156     0.
      Matrix Coarsen    66             66        42504     0.
      Preconditioner   319            440       441100     0.
       Krylov Solver   319            440      2804296     0.
     DMKSP interface    22             33        21912     0.
                SNES    77             77       108108     0.
              DMSNES    44             44        29920     0.
      SNESLineSearch    77             77        77000     0.
    Distributed Mesh   352            352      1733688     0.
            DM Label   231            231       145992     0.
    GraphPartitioner    88             88        55264     0.
     Discrete System   352            352       329516     0.

--- Event Stage 1: Warm-up stage

           Index Set   385            198       378972     0.
             Section    11              0            0     0.
   Star Forest Graph    11              0            0     0.
              Vector  1401            202     12580168     0.
         Vec Scatter    77              2         2704     0.
              Matrix   352             17     19439648     0.
      Preconditioner   132             11         9152     0.
       Krylov Solver   132             11        15312     0.
     DMKSP interface    11              0            0     0.

--- Event Stage 2: linear_solve

========================================================================================================================
Average time to get PetscTime(): 9.53674e-08
Average time for MPI_Barrier(): 9.58443e-06
Average time for zero size MPI_Send(): 1.17421e-06
#PETSc Option Table entries:
--hybridization
--layers 64
--mesh_degree 3
--model_degree 0
--model_family RT
--refinements 4
--run_cfl_range
--stronger_smoother
-log_view
#End of PETSc Option Table entries
Compiled without FORTRAN kernels
Compiled with full precision matrices (default)
sizeof(short) 2 sizeof(int) 4 sizeof(long) 8 sizeof(void*) 8 sizeof(PetscScalar) 8 sizeof(PetscInt) 4
Configure options: --prefix=/home/scratch/tg2115/src/firedrake/lib/python3.5/site-packages/petsc PETSC_ARCH=arch-python-linux-x86_64 --with-shared-libraries=1 --with-debugging=0 --with-c2html=0 --with-cc=/usr/bin/mpicc --with-cxx=/usr/bin/mpicxx --with-fc=/usr/bin/mpif90 --download-eigen=/home/scratch/tg2115/src/firedrake/src/eigen-3.3.3.tgz --with-fortran-bindings=0 --download-chaco --download-metis --download-parmetis --download-scalapack --download-hypre --download-mumps --with-zlib --download-netcdf --download-hdf5 --download-pnetcdf --download-exodusii --download-ml
-----------------------------------------
Libraries compiled on 2019-02-19 06:15:49 on mpe2 
Machine characteristics: Linux-4.4.0-130-generic-x86_64-with-Ubuntu-16.04-xenial
Using PETSc directory: /home/scratch/tg2115/src/firedrake/lib/python3.5/site-packages/petsc
Using PETSc arch: 
-----------------------------------------

Using C compiler: /usr/bin/mpicc  -fPIC  -Wall -Wwrite-strings -Wno-strict-aliasing -Wno-unknown-pragmas -fstack-protector -fvisibility=hidden -g -O  
Using Fortran compiler: /usr/bin/mpif90  -fPIC -Wall -ffree-line-length-0 -Wno-unused-dummy-argument -g -O    
-----------------------------------------

Using include paths: -I/home/scratch/tg2115/src/firedrake/lib/python3.5/site-packages/petsc/include -I/home/scratch/tg2115/src/firedrake/lib/python3.5/site-packages/petsc/include/eigen3
-----------------------------------------

Using C linker: /usr/bin/mpicc
Using Fortran linker: /usr/bin/mpif90
Using libraries: -Wl,-rpath,/home/scratch/tg2115/src/firedrake/lib/python3.5/site-packages/petsc/lib -L/home/scratch/tg2115/src/firedrake/lib/python3.5/site-packages/petsc/lib -lpetsc -Wl,-rpath,/home/scratch/tg2115/src/firedrake/lib/python3.5/site-packages/petsc/lib -L/home/scratch/tg2115/src/firedrake/lib/python3.5/site-packages/petsc/lib -Wl,-rpath,/usr/lib/openmpi/lib -L/usr/lib/openmpi/lib -Wl,-rpath,/usr/lib/gcc/x86_64-linux-gnu/5 -L/usr/lib/gcc/x86_64-linux-gnu/5 -Wl,-rpath,/usr/lib/x86_64-linux-gnu -L/usr/lib/x86_64-linux-gnu -Wl,-rpath,/lib/x86_64-linux-gnu -L/lib/x86_64-linux-gnu -lHYPRE -lcmumps -ldmumps -lsmumps -lzmumps -lmumps_common -lpord -lscalapack -lml -llapack -lblas -lexodus -lnetcdf -lpnetcdf -lhdf5hl_fortran -lhdf5_fortran -lhdf5_hl -lhdf5 -lchaco -lparmetis -lmetis -lm -lz -lX11 -lstdc++ -ldl -lmpi_usempif08 -lmpi_usempi_ignore_tkr -lmpi_mpifh -lmpi -lgfortran -lm -lgfortran -lm -lgcc_s -lquadmath -lpthread -lstdc++ -ldl
-----------------------------------------

