
Determining Dt from specified horizontal CFL: 1

Problem parameters:

Profiling linear solver for the compressible Euler equations.

Speed of sound in compressible atmosphere: 347.18870949384285,

Hybridized compressible solver: True,

Model degree: 0,

Model discretization: RT,

Mesh degree: 3,

Horizontal refinements: 4,

Vertical layers: 64,

Dx (max, m): 346563.4999224701,

Dz (m): 156.25,

Dt (s): 998,

horizontal CFL: 1,

vertical CFL: 2217.563725279073.

Computing balanced density field...


Setting up hybridized solver on the traces.
Inner solver: fgmres_gamg_gmres_smoother
Starting profiler...


Determining Dt from specified horizontal CFL: 2

Problem parameters:

Profiling linear solver for the compressible Euler equations.

Speed of sound in compressible atmosphere: 347.18870949384285,

Hybridized compressible solver: True,

Model degree: 0,

Model discretization: RT,

Mesh degree: 3,

Horizontal refinements: 4,

Vertical layers: 64,

Dx (max, m): 346563.4999224701,

Dz (m): 156.25,

Dt (s): 1996,

horizontal CFL: 2,

vertical CFL: 4435.127450558146.

Computing balanced density field...


Setting up hybridized solver on the traces.
Inner solver: fgmres_gamg_gmres_smoother
Starting profiler...


Determining Dt from specified horizontal CFL: 4

Problem parameters:

Profiling linear solver for the compressible Euler equations.

Speed of sound in compressible atmosphere: 347.18870949384285,

Hybridized compressible solver: True,

Model degree: 0,

Model discretization: RT,

Mesh degree: 3,

Horizontal refinements: 4,

Vertical layers: 64,

Dx (max, m): 346563.4999224701,

Dz (m): 156.25,

Dt (s): 3992,

horizontal CFL: 4,

vertical CFL: 8870.254901116292.

Computing balanced density field...


Setting up hybridized solver on the traces.
Inner solver: fgmres_gamg_gmres_smoother
Starting profiler...


Determining Dt from specified horizontal CFL: 6

Problem parameters:

Profiling linear solver for the compressible Euler equations.

Speed of sound in compressible atmosphere: 347.18870949384285,

Hybridized compressible solver: True,

Model degree: 0,

Model discretization: RT,

Mesh degree: 3,

Horizontal refinements: 4,

Vertical layers: 64,

Dx (max, m): 346563.4999224701,

Dz (m): 156.25,

Dt (s): 5989,

horizontal CFL: 6,

vertical CFL: 13307.6043594152.

Computing balanced density field...


Setting up hybridized solver on the traces.
Inner solver: fgmres_gamg_gmres_smoother
Starting profiler...


Determining Dt from specified horizontal CFL: 8

Problem parameters:

Profiling linear solver for the compressible Euler equations.

Speed of sound in compressible atmosphere: 347.18870949384285,

Hybridized compressible solver: True,

Model degree: 0,

Model discretization: RT,

Mesh degree: 3,

Horizontal refinements: 4,

Vertical layers: 64,

Dx (max, m): 346563.4999224701,

Dz (m): 156.25,

Dt (s): 7985,

horizontal CFL: 8,

vertical CFL: 17742.731809973346.

Computing balanced density field...


Setting up hybridized solver on the traces.
Inner solver: fgmres_gamg_gmres_smoother
Starting profiler...


Determining Dt from specified horizontal CFL: 10

Problem parameters:

Profiling linear solver for the compressible Euler equations.

Speed of sound in compressible atmosphere: 347.18870949384285,

Hybridized compressible solver: True,

Model degree: 0,

Model discretization: RT,

Mesh degree: 3,

Horizontal refinements: 4,

Vertical layers: 64,

Dx (max, m): 346563.4999224701,

Dz (m): 156.25,

Dt (s): 9981,

horizontal CFL: 10,

vertical CFL: 22177.85926053149.

Computing balanced density field...


Setting up hybridized solver on the traces.
Inner solver: fgmres_gamg_gmres_smoother
Starting profiler...


Determining Dt from specified horizontal CFL: 12

Problem parameters:

Profiling linear solver for the compressible Euler equations.

Speed of sound in compressible atmosphere: 347.18870949384285,

Hybridized compressible solver: True,

Model degree: 0,

Model discretization: RT,

Mesh degree: 3,

Horizontal refinements: 4,

Vertical layers: 64,

Dx (max, m): 346563.4999224701,

Dz (m): 156.25,

Dt (s): 11978,

horizontal CFL: 12,

vertical CFL: 26615.2087188304.

Computing balanced density field...


Setting up hybridized solver on the traces.
Inner solver: fgmres_gamg_gmres_smoother
Starting profiler...


Determining Dt from specified horizontal CFL: 14

Problem parameters:

Profiling linear solver for the compressible Euler equations.

Speed of sound in compressible atmosphere: 347.18870949384285,

Hybridized compressible solver: True,

Model degree: 0,

Model discretization: RT,

Mesh degree: 3,

Horizontal refinements: 4,

Vertical layers: 64,

Dx (max, m): 346563.4999224701,

Dz (m): 156.25,

Dt (s): 13974,

horizontal CFL: 14,

vertical CFL: 31050.336169388545.

Computing balanced density field...


Setting up hybridized solver on the traces.
Inner solver: fgmres_gamg_gmres_smoother
Starting profiler...


Determining Dt from specified horizontal CFL: 16

Problem parameters:

Profiling linear solver for the compressible Euler equations.

Speed of sound in compressible atmosphere: 347.18870949384285,

Hybridized compressible solver: True,

Model degree: 0,

Model discretization: RT,

Mesh degree: 3,

Horizontal refinements: 4,

Vertical layers: 64,

Dx (max, m): 346563.4999224701,

Dz (m): 156.25,

Dt (s): 15971,

horizontal CFL: 16,

vertical CFL: 35487.68562768745.

Computing balanced density field...


Setting up hybridized solver on the traces.
Inner solver: fgmres_gamg_gmres_smoother
Starting profiler...


Determining Dt from specified horizontal CFL: 18

Problem parameters:

Profiling linear solver for the compressible Euler equations.

Speed of sound in compressible atmosphere: 347.18870949384285,

Hybridized compressible solver: True,

Model degree: 0,

Model discretization: RT,

Mesh degree: 3,

Horizontal refinements: 4,

Vertical layers: 64,

Dx (max, m): 346563.4999224701,

Dz (m): 156.25,

Dt (s): 17967,

horizontal CFL: 18,

vertical CFL: 39922.8130782456.

Computing balanced density field...


Setting up hybridized solver on the traces.
Inner solver: fgmres_gamg_gmres_smoother
Starting profiler...


Determining Dt from specified horizontal CFL: 20

Problem parameters:

Profiling linear solver for the compressible Euler equations.

Speed of sound in compressible atmosphere: 347.18870949384285,

Hybridized compressible solver: True,

Model degree: 0,

Model discretization: RT,

Mesh degree: 3,

Horizontal refinements: 4,

Vertical layers: 64,

Dx (max, m): 346563.4999224701,

Dz (m): 156.25,

Dt (s): 19963,

horizontal CFL: 20,

vertical CFL: 44357.940528803745.

Computing balanced density field...


Setting up hybridized solver on the traces.
Inner solver: fgmres_gamg_gmres_smoother
Starting profiler...

************************************************************************************************************************
***             WIDEN YOUR WINDOW TO 120 CHARACTERS.  Use 'enscript -r -fCourier9' to print this document            ***
************************************************************************************************************************

---------------------------------------------- PETSc Performance Summary: ----------------------------------------------

run_profiler.py on a  named mpe2 with 40 processors, by tg2115 Tue Feb 19 20:33:27 2019
Using Petsc Development GIT revision: v3.4.2-24285-gcd612ee  GIT Date: 2019-01-17 05:31:34 +0100

                         Max       Max/Min     Avg       Total 
Time (sec):           3.977e+02     1.000   3.977e+02
Objects:              2.269e+04     1.099   2.077e+04
Flop:                 1.503e+11     1.013   1.493e+11  5.973e+12
Flop/sec:             3.779e+08     1.013   3.755e+08  1.502e+10
MPI Messages:         2.003e+05     1.832   1.569e+05  6.278e+06
MPI Message Lengths:  5.161e+08     1.464   2.578e+03  1.618e+10
MPI Reductions:       4.376e+04     1.000

Flop counting convention: 1 flop = 1 real number operation of type (multiply/divide/add/subtract)
                            e.g., VecAXPY() for real vectors of length N --> 2N flop
                            and VecAXPY() for complex vectors of length N --> 8N flop

Summary of Stages:   ----- Time ------  ----- Flop ------  --- Messages ---  -- Message Lengths --  -- Reductions --
                        Avg     %Total     Avg     %Total    Count   %Total     Avg         %Total    Count   %Total 
 0:      Main Stage: 2.2553e+02  56.7%  4.4433e+11   7.4%  6.241e+05   9.9%  5.219e+03       20.1%  9.825e+03  22.4% 
 1:   Warm-up stage: 1.4540e+02  36.6%  3.1123e+12  52.1%  3.172e+06  50.5%  2.448e+03       48.0%  2.012e+04  46.0% 
 2:    linear_solve: 2.6747e+01   6.7%  2.4163e+12  40.5%  2.481e+06  39.5%  2.081e+03       31.9%  1.382e+04  31.6% 

------------------------------------------------------------------------------------------------------------------------
See the 'Profiling' chapter of the users' manual for details on interpreting output.
Phase summary info:
   Count: number of times phase was executed
   Time and Flop: Max - maximum over all processors
                  Ratio - ratio of maximum to minimum over all processors
   Mess: number of messages sent
   AvgLen: average message length (bytes)
   Reduct: number of global reductions
   Global: entire computation
   Stage: stages of a computation. Set stages with PetscLogStagePush() and PetscLogStagePop().
      %T - percent time in this phase         %F - percent flop in this phase
      %M - percent messages in this phase     %L - percent message lengths in this phase
      %R - percent reductions in this phase
   Total Mflop/s: 10e-6 * (sum of flop over all processors)/(max time over all processors)
------------------------------------------------------------------------------------------------------------------------
Event                Count      Time (sec)     Flop                              --- Global ---  --- Stage ----  Total
                   Max Ratio  Max     Ratio   Max  Ratio  Mess   AvgLen  Reduct  %T %F %M %L %R  %T %F %M %L %R Mflop/s
------------------------------------------------------------------------------------------------------------------------

--- Event Stage 0: Main Stage

PetscBarrier          44 1.0 4.9406e-02 1.1 0.00e+00 0.0 0.0e+00 0.0e+00 8.8e+01  0  0  0  0  0   0  0  0  0  1     0
BuildTwoSided        572 1.0 2.1017e-01 2.2 0.00e+00 0.0 6.3e+04 4.0e+00 0.0e+00  0  0  1  0  0   0  0 10  0  0     0
BuildTwoSidedF       803 1.0 1.1204e+00 2.9 0.00e+00 0.0 2.2e+04 6.4e+04 0.0e+00  0  0  0  9  0   0  0  4 44  0     0
SFSetGraph           660 1.0 7.1585e-03 1.1 0.00e+00 0.0 0.0e+00 0.0e+00 0.0e+00  0  0  0  0  0   0  0  0  0  0     0
SFSetUp              572 1.0 2.5099e-01 1.6 0.00e+00 0.0 1.9e+05 5.3e+02 0.0e+00  0  0  3  1  0   0  0 30  3  0     0
SFBcastBegin        1408 1.0 6.5887e-02 2.7 0.00e+00 0.0 3.0e+05 2.7e+03 0.0e+00  0  0  5  5  0   0  0 48 25  0     0
SFBcastEnd          1408 1.0 3.0792e+0018.5 0.00e+00 0.0 0.0e+00 0.0e+00 0.0e+00  0  0  0  0  0   0  0  0  0  0     0
SFReduceBegin        330 1.0 1.2471e-02 1.4 0.00e+00 0.0 5.4e+04 6.9e+03 0.0e+00  0  0  1  2  0   0  0  9 11  0     0
SFReduceEnd          330 1.0 5.6353e-01 6.4 0.00e+00 0.0 0.0e+00 0.0e+00 0.0e+00  0  0  0  0  0   0  0  0  0  0     0
SFFetchOpBegin        11 1.0 4.9829e-05 3.3 0.00e+00 0.0 1.3e+03 5.0e+01 0.0e+00  0  0  0  0  0   0  0  0  0  0     0
SFFetchOpEnd          11 1.0 1.7095e-04 2.2 0.00e+00 0.0 1.3e+03 5.0e+01 0.0e+00  0  0  0  0  0   0  0  0  0  0     0
VecMDot              561 1.0 1.7306e-02 1.2 1.50e+07 1.0 0.0e+00 0.0e+00 5.6e+02  0  0  0  0  1   0  0  0  0  6 34595
VecTDot              220 1.0 2.4459e-02 1.7 9.60e+06 1.1 0.0e+00 0.0e+00 2.2e+02  0  0  0  0  1   0  0  0  0  2 14829
VecNorm              770 1.0 1.3137e-01 3.3 9.57e+06 1.1 0.0e+00 0.0e+00 7.7e+02  0  0  0  0  2   0  0  0  0  8  2807
VecScale             627 1.0 1.3700e-03 1.1 1.66e+06 1.0 0.0e+00 0.0e+00 0.0e+00  0  0  0  0  0   0  0  0  0  0 48521
VecCopy              440 1.0 1.8679e-02 1.1 0.00e+00 0.0 0.0e+00 0.0e+00 0.0e+00  0  0  0  0  0   0  0  0  0  0     0
VecSet              2134 1.0 1.0112e-02 1.1 0.00e+00 0.0 0.0e+00 0.0e+00 0.0e+00  0  0  0  0  0   0  0  0  0  0     0
VecAXPY              990 1.0 2.2551e-02 1.1 1.51e+07 1.1 0.0e+00 0.0e+00 0.0e+00  0  0  0  0  0   0  0  0  0  0 25665
VecAYPX              737 1.0 9.3448e-03 1.1 4.97e+06 1.1 0.0e+00 0.0e+00 0.0e+00  0  0  0  0  0   0  0  0  0  0 20490
VecMAXPY             627 1.0 1.3367e-02 1.0 1.78e+07 1.0 0.0e+00 0.0e+00 0.0e+00  0  0  0  0  0   0  0  0  0  0 53392
VecAssemblyBegin     165 1.0 5.9280e-03 1.2 0.00e+00 0.0 0.0e+00 0.0e+00 0.0e+00  0  0  0  0  0   0  0  0  0  0     0
VecAssemblyEnd       165 1.0 3.5381e-04 1.2 0.00e+00 0.0 0.0e+00 0.0e+00 0.0e+00  0  0  0  0  0   0  0  0  0  0     0
VecPointwiseMult     605 1.0 5.1391e-03 1.1 1.48e+06 1.0 0.0e+00 0.0e+00 0.0e+00  0  0  0  0  0   0  0  0  0  0 11510
VecScatterBegin     2002 1.0 1.7347e-02 1.1 0.00e+00 0.0 2.7e+04 7.0e+03 0.0e+00  0  0  0  1  0   0  0  4  6  0     0
VecScatterEnd       2002 1.0 2.9732e-02 2.4 0.00e+00 0.0 0.0e+00 0.0e+00 0.0e+00  0  0  0  0  0   0  0  0  0  0     0
VecSetRandom          55 1.0 8.9521e-03 1.0 0.00e+00 0.0 0.0e+00 0.0e+00 0.0e+00  0  0  0  0  0   0  0  0  0  0     0
VecNormalize         627 1.0 1.0281e-02 1.1 4.99e+06 1.0 0.0e+00 0.0e+00 6.3e+02  0  0  0  0  1   0  0  0  0  6 19397
MatMult             1331 1.0 2.3318e-01 1.0 8.38e+07 1.1 2.5e+04 7.6e+03 0.0e+00  0  0  0  1  0   0  1  4  6  0 13713
MatMultAdd           110 1.0 4.9825e-03 1.5 8.40e+05 1.0 8.6e+02 2.5e+02 0.0e+00  0  0  0  0  0   0  0  0  0  0  6741
MatMultTranspose     110 1.0 4.9884e-03 1.4 8.40e+05 1.0 8.6e+02 2.5e+02 0.0e+00  0  0  0  0  0   0  0  0  0  0  6733
MatSolve             825 1.0 2.7445e-01 1.1 1.08e+08 1.1 0.0e+00 0.0e+00 0.0e+00  0  0  0  0  0   0  1  0  0  0 14995
MatLUFactorSym        11 1.0 1.9550e-04 2.3 0.00e+00 0.0 0.0e+00 0.0e+00 0.0e+00  0  0  0  0  0   0  0  0  0  0     0
MatLUFactorNum        99 1.0 2.7136e-01 1.2 1.02e+07 1.2 0.0e+00 0.0e+00 0.0e+00  0  0  0  0  0   0  0  0  0  0  1384
MatILUFactorSym       88 1.0 2.5174e-01 1.3 0.00e+00 0.0 0.0e+00 0.0e+00 0.0e+00  0  0  0  0  0   0  0  0  0  0     0
MatConvert            66 1.0 1.7983e-02 1.1 0.00e+00 0.0 0.0e+00 0.0e+00 0.0e+00  0  0  0  0  0   0  0  0  0  0     0
MatScale             176 1.0 4.2582e-03 1.0 1.22e+06 1.0 0.0e+00 0.0e+00 0.0e+00  0  0  0  0  0   0  0  0  0  0 11467
MatResidual          110 1.0 3.5770e-03 1.0 1.60e+06 1.0 0.0e+00 0.0e+00 0.0e+00  0  0  0  0  0   0  0  0  0  0 17897
MatAssemblyBegin    1397 1.0 1.8916e+00 1.8 0.00e+00 0.0 2.2e+04 6.4e+04 0.0e+00  0  0  0  9  0   1  0  4 44  0     0
MatAssemblyEnd      1397 1.0 1.4081e+00 1.4 0.00e+00 0.0 2.1e+04 2.4e+03 3.2e+03  0  0  0  0  7   0  0  3  2 32     0
MatGetRowIJ           99 1.1 7.3910e-05 4.2 0.00e+00 0.0 0.0e+00 0.0e+00 0.0e+00  0  0  0  0  0   0  0  0  0  0     0
MatCreateSubMat       22 1.0 1.2149e-02 1.0 0.00e+00 0.0 3.0e+03 1.1e+02 3.5e+02  0  0  0  0  1   0  0  0  0  4     0
MatGetOrdering        99 1.1 9.6371e-03 1.2 0.00e+00 0.0 0.0e+00 0.0e+00 0.0e+00  0  0  0  0  0   0  0  0  0  0     0
MatCoarsen            66 1.0 1.6656e-02 1.0 0.00e+00 0.0 0.0e+00 0.0e+00 6.6e+01  0  0  0  0  0   0  0  0  0  1     0
MatZeroEntries       110 1.0 7.2443e-02 1.7 0.00e+00 0.0 0.0e+00 0.0e+00 0.0e+00  0  0  0  0  0   0  0  0  0  0     0
MatAXPY               55 1.0 3.8128e-02 1.0 0.00e+00 0.0 0.0e+00 0.0e+00 0.0e+00  0  0  0  0  0   0  0  0  0  0     0
MatTranspose         176 1.0 5.0527e-02 1.0 0.00e+00 0.0 0.0e+00 0.0e+00 6.6e+02  0  0  0  0  2   0  0  0  0  7     0
MatMatMult            55 1.0 7.7132e-02 1.0 7.92e+05 1.0 0.0e+00 0.0e+00 6.6e+02  0  0  0  0  2   0  0  0  0  7   411
MatMatMultSym         55 1.0 6.1142e-02 1.0 0.00e+00 0.0 0.0e+00 0.0e+00 6.6e+02  0  0  0  0  2   0  0  0  0  7     0
MatMatMultNum         55 1.0 1.5498e-02 1.0 7.92e+05 1.0 0.0e+00 0.0e+00 0.0e+00  0  0  0  0  0   0  0  0  0  0  2045
MatPtAP               55 1.0 1.2946e-01 1.0 2.88e+06 1.0 0.0e+00 0.0e+00 8.2e+02  0  0  0  0  2   0  0  0  0  8   888
MatPtAPSymbolic       55 1.0 8.5311e-02 1.0 0.00e+00 0.0 0.0e+00 0.0e+00 3.8e+02  0  0  0  0  1   0  0  0  0  4     0
MatPtAPNumeric        55 1.0 4.4216e-02 1.0 2.88e+06 1.0 0.0e+00 0.0e+00 4.4e+02  0  0  0  0  1   0  0  0  0  4  2601
MatTrnMatMult         11 1.0 1.5301e-01 1.0 2.04e+06 1.0 0.0e+00 0.0e+00 1.8e+02  0  0  0  0  0   0  0  0  0  2   533
MatTrnMatMultSym      11 1.0 7.1960e-02 1.0 0.00e+00 0.0 0.0e+00 0.0e+00 8.8e+01  0  0  0  0  0   0  0  0  0  1     0
MatTrnMatMultNum      11 1.0 8.1151e-02 1.0 2.04e+06 1.0 0.0e+00 0.0e+00 8.8e+01  0  0  0  0  0   0  0  0  0  1  1006
MatGetLocalMat       176 1.0 2.7140e-02 1.0 0.00e+00 0.0 0.0e+00 0.0e+00 0.0e+00  0  0  0  0  0   0  0  0  0  0     0
MatGetBrAoCol        165 1.0 5.2373e-03 1.1 0.00e+00 0.0 0.0e+00 0.0e+00 0.0e+00  0  0  0  0  0   0  0  0  0  0     0
MatTranspose_SeqAIJ_FAST     176 1.0 1.2568e-02 1.0 0.00e+00 0.0 0.0e+00 0.0e+00 0.0e+00  0  0  0  0  0   0  0  0  0  0     0
PCGAMGGraph_AGG       66 1.0 2.4698e-01 1.0 8.02e+05 1.0 0.0e+00 0.0e+00 1.5e+03  0  0  0  0  3   0  0  0  0 15   130
PCGAMGCoarse_AGG      66 1.0 2.1192e-01 1.0 2.04e+06 1.0 0.0e+00 0.0e+00 2.9e+02  0  0  0  0  1   0  0  0  0  3   385
PCGAMGProl_AGG        66 1.0 1.1471e-01 1.0 0.00e+00 0.0 0.0e+00 0.0e+00 9.2e+02  0  0  0  0  2   0  0  0  0  9     0
PCGAMGPOpt_AGG        55 1.0 2.2463e-01 1.0 4.63e+07 1.0 0.0e+00 0.0e+00 2.3e+03  0  0  0  0  5   0  0  0  0 23  8247
GAMG: createProl      66 1.0 8.0402e-01 1.0 4.92e+07 1.0 0.0e+00 0.0e+00 4.9e+03  0  0  0  0 11   0  0  0  0 50  2445
  Graph              132 1.0 2.4397e-01 1.0 8.02e+05 1.0 0.0e+00 0.0e+00 1.5e+03  0  0  0  0  3   0  0  0  0 15   131
  MIS/Agg             66 1.0 1.7376e-02 1.0 0.00e+00 0.0 0.0e+00 0.0e+00 6.6e+01  0  0  0  0  0   0  0  0  0  1     0
  SA: col data        55 1.0 2.3558e-02 1.0 0.00e+00 0.0 0.0e+00 0.0e+00 2.2e+02  0  0  0  0  1   0  0  0  0  2     0
  SA: frmProl0        55 1.0 7.8531e-02 1.0 0.00e+00 0.0 0.0e+00 0.0e+00 4.4e+02  0  0  0  0  1   0  0  0  0  4     0
  SA: smooth          55 1.0 1.2367e-01 1.0 1.21e+06 1.0 0.0e+00 0.0e+00 7.7e+02  0  0  0  0  2   0  0  0  0  8   392
GAMG: partLevel       55 1.0 1.4969e-01 1.0 2.88e+06 1.0 4.3e+03 1.2e+02 1.4e+03  0  0  0  0  3   0  0  1  0 14   768
  repartition         11 1.0 1.2748e-03 1.0 0.00e+00 0.0 0.0e+00 0.0e+00 6.6e+01  0  0  0  0  0   0  0  0  0  1     0
  Invert-Sort         11 1.0 3.2291e-03 1.2 0.00e+00 0.0 0.0e+00 0.0e+00 4.4e+01  0  0  0  0  0   0  0  0  0  0     0
  Move A              11 1.0 6.9408e-03 1.0 0.00e+00 0.0 2.1e+03 1.3e+02 1.9e+02  0  0  0  0  0   0  0  0  0  2     0
  Move P              11 1.0 6.8276e-03 1.0 0.00e+00 0.0 8.6e+02 6.4e+01 1.9e+02  0  0  0  0  0   0  0  0  0  2     0
PCSetUp              154 1.0 2.1971e+01 1.0 1.72e+09 1.0 8.0e+03 9.3e+01 6.8e+03  6  1  0  0 16  10 15  1  0 69  3134
PCSetUpOnBlocks      275 1.0 5.1399e-01 1.2 1.02e+07 1.2 0.0e+00 0.0e+00 0.0e+00  0  0  0  0  0   0  0  0  0  0   731
PCApply              154 1.0 1.4954e+01 1.0 5.01e+09 1.0 4.7e+04 3.0e+03 6.8e+03  4  3  1  1 15   7 45  7  4 69 13395
KSPSetUp             275 1.0 1.7087e-02 1.2 0.00e+00 0.0 0.0e+00 0.0e+00 1.3e+02  0  0  0  0  0   0  0  0  0  1     0
KSPSolve              44 1.0 3.6189e+01 1.0 6.78e+09 1.0 7.6e+04 4.4e+03 7.3e+03  9  5  1  2 17  16 61 12 10 74  7481
KSPGMRESOrthog       561 1.0 2.8936e-02 1.1 2.99e+07 1.0 0.0e+00 0.0e+00 5.6e+02  0  0  0  0  1   0  0  0  0  6 41385
SNESSolve             44 1.0 6.1526e+01 1.0 1.11e+10 1.0 2.1e+05 7.0e+03 7.6e+03 15  7  3  9 17  27 99 34 45 77  7179
SNESFunctionEval      44 1.0 1.9445e+01 1.0 3.52e+09 1.0 1.3e+05 8.2e+03 2.4e+02  5  2  2  7  1   9 31 21 34  2  7153
SNESJacobianEval      44 1.0 6.0128e+00 1.0 8.38e+08 1.1 1.8e+03 2.1e+04 0.0e+00  2  1  0  0  0   3  7  0  1  0  5289
Mesh Partition        22 1.0 4.9945e-01 1.0 0.00e+00 0.0 2.4e+05 2.9e+01 1.1e+02  0  0  4  0  0   0  0 39  0  1     0
Mesh Migration        22 1.0 8.7232e-02 1.0 0.00e+00 0.0 9.9e+04 2.6e+02 4.7e+02  0  0  2  0  1   0  0 16  1  5     0
DMPlexInterp          11 1.0 2.3057e-03 1.1 0.00e+00 0.0 0.0e+00 0.0e+00 2.2e+01  0  0  0  0  0   0  0  0  0  0     0
DMPlexDistribute      11 1.0 5.3915e-01 1.0 0.00e+00 0.0 1.2e+05 2.1e+02 2.1e+02  0  0  2  0  0   0  0 19  1  2     0
DMPlexDistCones       22 1.0 1.9026e-02 1.0 0.00e+00 0.0 2.4e+04 4.0e+02 0.0e+00  0  0  0  0  0   0  0  4  0  0     0
DMPlexDistLabels      22 1.0 4.1008e-02 1.0 0.00e+00 0.0 3.4e+04 2.7e+02 2.9e+02  0  0  1  0  1   0  0  5  0  3     0
DMPlexDistOvrlp       11 1.0 5.1719e-02 1.0 0.00e+00 0.0 2.3e+05 4.9e+01 3.7e+02  0  0  4  0  1   0  0 36  0  4     0
DMPlexDistField       33 1.0 1.2107e-02 1.1 0.00e+00 0.0 3.2e+04 1.3e+02 2.2e+01  0  0  1  0  0   0  0  5  0  0     0
DMPlexDistData        22 1.0 1.1912e-01 3.5 0.00e+00 0.0 2.1e+05 1.9e+01 0.0e+00  0  0  3  0  0   0  0 34  0  0     0
DMPlexStratify        44 1.0 1.2727e-02 1.5 0.00e+00 0.0 0.0e+00 0.0e+00 4.4e+01  0  0  0  0  0   0  0  0  0  0     0
CreateMesh            88 1.0 6.5488e-01 1.0 0.00e+00 0.0 3.4e+05 1.1e+02 6.3e+02  0  0  5  0  1   0  0 55  1  6     0
Mesh: reorder         11 1.0 2.4214e-03 1.1 0.00e+00 0.0 0.0e+00 0.0e+00 2.2e+01  0  0  0  0  0   0  0  0  0  0     0
Mesh: numbering       11 1.0 1.1661e-02 1.0 0.00e+00 0.0 0.0e+00 0.0e+00 2.2e+01  0  0  0  0  0   0  0  0  0  0     0
CreateFunctionSpace     743 1.0 4.2789e+00 1.1 0.00e+00 0.0 8.9e+03 9.5e+01 0.0e+00  1  0  0  0  0   2  0  1  0  0     0
ParLoopExecute       726 1.0 4.9543e+01 1.0 1.09e+10 1.0 1.9e+05 6.7e+03 3.3e+02 12  7  3  8  1  22 98 30 38  3  8747
ParLoopCells         902 1.0 3.5422e+00 1.0 9.97e+09 1.0 0.0e+00 0.0e+00 0.0e+00  1  7  0  0  0   2 90  0  0  0 112635
ParLoopRednBegin     726 1.0 1.1990e-02 1.3 0.00e+00 0.0 0.0e+00 0.0e+00 0.0e+00  0  0  0  0  0   0  0  0  0  0     0
ParLoopRednEnd       726 1.0 3.3274e-03 1.3 0.00e+00 0.0 0.0e+00 0.0e+00 0.0e+00  0  0  0  0  0   0  0  0  0  0     0
ParLoopset_5           2 1.0 1.2839e-03 1.5 0.00e+00 0.0 0.0e+00 0.0e+00 0.0e+00  0  0  0  0  0   0  0  0  0  0     0
CreateExtMesh         11 1.0 4.7029e-01 4.1 0.00e+00 0.0 0.0e+00 0.0e+00 0.0e+00  0  0  0  0  0   0  0  0  0  0     0
CreateSparsity        44 1.0 5.3206e+00 1.2 0.00e+00 0.0 1.1e+04 4.4e+04 2.0e+02  1  0  0  3  0   2  0  2 14  2     0
MatZeroInitial        66 1.0 2.8386e+00 1.1 0.00e+00 0.0 0.0e+00 0.0e+00 0.0e+00  1  0  0  0  0   1  0  0  0  0     0
ParLoopset_8           6 1.0 1.7734e-03 1.5 0.00e+00 0.0 0.0e+00 0.0e+00 0.0e+00  0  0  0  0  0   0  0  0  0  0     0
ApplyBC               11 1.0 5.0853e-02 1.1 0.00e+00 0.0 0.0e+00 0.0e+00 0.0e+00  0  0  0  0  0   0  0  0  0  0     0
ParLoopset_10         12 1.0 2.0244e-03 1.4 0.00e+00 0.0 0.0e+00 0.0e+00 0.0e+00  0  0  0  0  0   0  0  0  0  0     0
ParLoopset_9          10 1.0 2.0154e-03 1.5 0.00e+00 0.0 0.0e+00 0.0e+00 0.0e+00  0  0  0  0  0   0  0  0  0  0     0
VertHybridInit        11 1.0 2.0470e+01 1.0 1.66e+09 1.0 3.7e+03 6.7e+01 2.0e+02  5  1  0  0  0   9 15  1  0  2  3244
VertHybridBreak       11 1.0 7.1888e-02 2.7 0.00e+00 0.0 0.0e+00 0.0e+00 2.2e+01  0  0  0  0  0   0  0  0  0  0     0
VertHybridRHS         11 1.0 4.8127e-02 1.1 0.00e+00 0.0 0.0e+00 0.0e+00 0.0e+00  0  0  0  0  0   0  0  0  0  0     0
VertHybridSolve       11 1.0 6.6901e+00 1.0 1.74e+09 1.0 3.2e+04 2.5e+03 6.7e+03  2  1  1  0 15   3 16  5  2 68 10378
ParLoopset_12          4 1.0 1.9538e-03 1.5 0.00e+00 0.0 0.0e+00 0.0e+00 0.0e+00  0  0  0  0  0   0  0  0  0  0     0
VertHybridRecon       11 1.0 1.4028e-02 1.0 0.00e+00 0.0 0.0e+00 0.0e+00 0.0e+00  0  0  0  0  0   0  0  0  0  0     0
VertHybridRecover      11 1.0 7.8827e+00 1.0 3.18e+09 1.0 1.5e+04 4.2e+03 2.2e+01  2  2  0  0  0   3 29  2  2  0 16122
Gusto:SolverSetup      11 1.0 1.3652e+02 1.0 1.42e+09 1.2 6.9e+04 2.8e+04 9.0e+02 34  1  1 12  2  61 12 11 60  9   391
Gusto:HybridProjectRhobar      11 1.0 8.2040e+00 1.0 7.09e+08 1.2 2.5e+04 8.5e+03 5.5e+01  2  0  0  1  0   4  6  4  7  1  3236
ParLoopExtFacets      88 1.0 2.9558e-02 1.2 0.00e+00 0.0 0.0e+00 0.0e+00 0.0e+00  0  0  0  0  0   0  0  0  0  0     0
ParLoopIntFacets      88 1.0 1.3485e+00 1.2 9.44e+08 1.2 0.0e+00 0.0e+00 0.0e+00  0  1  0  0  0   1  8  0  0  0 25492
Gusto:HybridProjectPibar      11 1.0 5.2797e+00 1.0 7.16e+08 1.2 2.0e+04 9.9e+03 5.5e+01  1  0  0  1  0   2  6  3  6  1  5075
ParLoopset_19          2 1.0 3.8147e-05 1.3 0.00e+00 0.0 0.0e+00 0.0e+00 0.0e+00  0  0  0  0  0   0  0  0  0  0     0
ParLoopset_22          6 1.0 2.6608e-04 1.2 0.00e+00 0.0 0.0e+00 0.0e+00 0.0e+00  0  0  0  0  0   0  0  0  0  0     0
ParLoopset_24         12 1.0 2.9135e-04 1.3 0.00e+00 0.0 0.0e+00 0.0e+00 0.0e+00  0  0  0  0  0   0  0  0  0  0     0
ParLoopset_23         10 1.0 3.1376e-04 1.2 0.00e+00 0.0 0.0e+00 0.0e+00 0.0e+00  0  0  0  0  0   0  0  0  0  0     0
ParLoopset_26          4 1.0 1.4281e-04 1.4 0.00e+00 0.0 0.0e+00 0.0e+00 0.0e+00  0  0  0  0  0   0  0  0  0  0     0
ParLoopset_33          2 1.0 3.5048e-05 1.3 0.00e+00 0.0 0.0e+00 0.0e+00 0.0e+00  0  0  0  0  0   0  0  0  0  0     0
ParLoopset_36          6 1.0 2.9182e-04 1.4 0.00e+00 0.0 0.0e+00 0.0e+00 0.0e+00  0  0  0  0  0   0  0  0  0  0     0
ParLoopset_38         12 1.0 2.8563e-04 1.2 0.00e+00 0.0 0.0e+00 0.0e+00 0.0e+00  0  0  0  0  0   0  0  0  0  0     0
ParLoopset_37         10 1.0 3.0112e-04 1.2 0.00e+00 0.0 0.0e+00 0.0e+00 0.0e+00  0  0  0  0  0   0  0  0  0  0     0
ParLoopset_40          4 1.0 1.4210e-04 1.4 0.00e+00 0.0 0.0e+00 0.0e+00 0.0e+00  0  0  0  0  0   0  0  0  0  0     0
ParLoopset_47          2 1.0 3.7909e-05 1.6 0.00e+00 0.0 0.0e+00 0.0e+00 0.0e+00  0  0  0  0  0   0  0  0  0  0     0
ParLoopset_50          6 1.0 2.7966e-04 1.3 0.00e+00 0.0 0.0e+00 0.0e+00 0.0e+00  0  0  0  0  0   0  0  0  0  0     0
ParLoopset_52         12 1.0 2.8133e-04 1.2 0.00e+00 0.0 0.0e+00 0.0e+00 0.0e+00  0  0  0  0  0   0  0  0  0  0     0
ParLoopset_51         10 1.0 3.0446e-04 1.2 0.00e+00 0.0 0.0e+00 0.0e+00 0.0e+00  0  0  0  0  0   0  0  0  0  0     0
ParLoopset_54          4 1.0 1.5306e-04 1.6 0.00e+00 0.0 0.0e+00 0.0e+00 0.0e+00  0  0  0  0  0   0  0  0  0  0     0
ParLoopset_61          2 1.0 3.5048e-05 1.3 0.00e+00 0.0 0.0e+00 0.0e+00 0.0e+00  0  0  0  0  0   0  0  0  0  0     0
ParLoopset_64          6 1.0 2.7394e-04 1.2 0.00e+00 0.0 0.0e+00 0.0e+00 0.0e+00  0  0  0  0  0   0  0  0  0  0     0
ParLoopset_66         12 1.0 2.8396e-04 1.2 0.00e+00 0.0 0.0e+00 0.0e+00 0.0e+00  0  0  0  0  0   0  0  0  0  0     0
ParLoopset_65         10 1.0 3.1090e-04 1.2 0.00e+00 0.0 0.0e+00 0.0e+00 0.0e+00  0  0  0  0  0   0  0  0  0  0     0
ParLoopset_68          4 1.0 1.4210e-04 1.4 0.00e+00 0.0 0.0e+00 0.0e+00 0.0e+00  0  0  0  0  0   0  0  0  0  0     0
ParLoopset_75          2 1.0 3.6001e-05 1.4 0.00e+00 0.0 0.0e+00 0.0e+00 0.0e+00  0  0  0  0  0   0  0  0  0  0     0
ParLoopset_78          6 1.0 2.7323e-04 1.2 0.00e+00 0.0 0.0e+00 0.0e+00 0.0e+00  0  0  0  0  0   0  0  0  0  0     0
ParLoopset_80         12 1.0 2.7847e-04 1.2 0.00e+00 0.0 0.0e+00 0.0e+00 0.0e+00  0  0  0  0  0   0  0  0  0  0     0
ParLoopset_79         10 1.0 3.1304e-04 1.2 0.00e+00 0.0 0.0e+00 0.0e+00 0.0e+00  0  0  0  0  0   0  0  0  0  0     0
ParLoopset_82          4 1.0 1.4186e-04 1.4 0.00e+00 0.0 0.0e+00 0.0e+00 0.0e+00  0  0  0  0  0   0  0  0  0  0     0
ParLoopset_89          2 1.0 3.8147e-05 1.4 0.00e+00 0.0 0.0e+00 0.0e+00 0.0e+00  0  0  0  0  0   0  0  0  0  0     0
ParLoopset_92          6 1.0 3.3975e-04 1.5 0.00e+00 0.0 0.0e+00 0.0e+00 0.0e+00  0  0  0  0  0   0  0  0  0  0     0
ParLoopset_94         12 1.0 2.8300e-04 1.2 0.00e+00 0.0 0.0e+00 0.0e+00 0.0e+00  0  0  0  0  0   0  0  0  0  0     0
ParLoopset_93         10 1.0 3.1495e-04 1.2 0.00e+00 0.0 0.0e+00 0.0e+00 0.0e+00  0  0  0  0  0   0  0  0  0  0     0
ParLoopset_96          4 1.0 1.4377e-04 1.5 0.00e+00 0.0 0.0e+00 0.0e+00 0.0e+00  0  0  0  0  0   0  0  0  0  0     0
ParLoopset_103         2 1.0 3.5048e-05 1.3 0.00e+00 0.0 0.0e+00 0.0e+00 0.0e+00  0  0  0  0  0   0  0  0  0  0     0
ParLoopset_106         6 1.0 3.1638e-04 1.5 0.00e+00 0.0 0.0e+00 0.0e+00 0.0e+00  0  0  0  0  0   0  0  0  0  0     0
ParLoopset_108        12 1.0 2.7943e-04 1.2 0.00e+00 0.0 0.0e+00 0.0e+00 0.0e+00  0  0  0  0  0   0  0  0  0  0     0
ParLoopset_107        10 1.0 3.1185e-04 1.2 0.00e+00 0.0 0.0e+00 0.0e+00 0.0e+00  0  0  0  0  0   0  0  0  0  0     0
ParLoopset_110         4 1.0 1.5092e-04 1.5 0.00e+00 0.0 0.0e+00 0.0e+00 0.0e+00  0  0  0  0  0   0  0  0  0  0     0
ParLoopset_117         2 1.0 3.9101e-05 1.5 0.00e+00 0.0 0.0e+00 0.0e+00 0.0e+00  0  0  0  0  0   0  0  0  0  0     0
ParLoopset_120         6 1.0 2.7609e-04 1.2 0.00e+00 0.0 0.0e+00 0.0e+00 0.0e+00  0  0  0  0  0   0  0  0  0  0     0
ParLoopset_122        12 1.0 2.8849e-04 1.3 0.00e+00 0.0 0.0e+00 0.0e+00 0.0e+00  0  0  0  0  0   0  0  0  0  0     0
ParLoopset_121        10 1.0 3.1400e-04 1.2 0.00e+00 0.0 0.0e+00 0.0e+00 0.0e+00  0  0  0  0  0   0  0  0  0  0     0
ParLoopset_124         4 1.0 1.4400e-04 1.4 0.00e+00 0.0 0.0e+00 0.0e+00 0.0e+00  0  0  0  0  0   0  0  0  0  0     0
ParLoopset_131         2 1.0 3.5048e-05 1.4 0.00e+00 0.0 0.0e+00 0.0e+00 0.0e+00  0  0  0  0  0   0  0  0  0  0     0
ParLoopset_134         6 1.0 2.7156e-04 1.2 0.00e+00 0.0 0.0e+00 0.0e+00 0.0e+00  0  0  0  0  0   0  0  0  0  0     0
ParLoopset_136        12 1.0 2.7108e-04 1.2 0.00e+00 0.0 0.0e+00 0.0e+00 0.0e+00  0  0  0  0  0   0  0  0  0  0     0
ParLoopset_135        10 1.0 3.1114e-04 1.2 0.00e+00 0.0 0.0e+00 0.0e+00 0.0e+00  0  0  0  0  0   0  0  0  0  0     0
ParLoopset_138         4 1.0 1.4329e-04 1.4 0.00e+00 0.0 0.0e+00 0.0e+00 0.0e+00  0  0  0  0  0   0  0  0  0  0     0
ParLoopset_145         2 1.0 3.6001e-05 1.5 0.00e+00 0.0 0.0e+00 0.0e+00 0.0e+00  0  0  0  0  0   0  0  0  0  0     0
ParLoopset_148         6 1.0 2.7299e-04 1.2 0.00e+00 0.0 0.0e+00 0.0e+00 0.0e+00  0  0  0  0  0   0  0  0  0  0     0
ParLoopset_150        12 1.0 2.9182e-04 1.3 0.00e+00 0.0 0.0e+00 0.0e+00 0.0e+00  0  0  0  0  0   0  0  0  0  0     0
ParLoopset_149        10 1.0 3.2640e-04 1.2 0.00e+00 0.0 0.0e+00 0.0e+00 0.0e+00  0  0  0  0  0   0  0  0  0  0     0
ParLoopset_152         4 1.0 1.6069e-04 1.6 0.00e+00 0.0 0.0e+00 0.0e+00 0.0e+00  0  0  0  0  0   0  0  0  0  0     0

--- Event Stage 1: Warm-up stage

BuildTwoSided         99 1.0 3.1917e-02 2.9 0.00e+00 0.0 1.3e+04 4.0e+00 0.0e+00  0  0  0  0  0   0  0  0  0  0     0
BuildTwoSidedF       539 1.0 9.4887e-01 1.8 0.00e+00 0.0 7.1e+04 1.7e+04 0.0e+00  0  0  1  8  0   0  0  2 16  0     0
SFSetGraph           110 1.0 1.9445e-03 1.2 0.00e+00 0.0 0.0e+00 0.0e+00 0.0e+00  0  0  0  0  0   0  0  0  0  0     0
SFSetUp               99 1.0 4.9518e-02 1.3 0.00e+00 0.0 4.0e+04 1.3e+03 0.0e+00  0  0  1  0  0   0  0  1  1  0     0
SFBcastBegin         473 1.0 2.1349e-02 1.4 0.00e+00 0.0 1.5e+05 2.7e+03 0.0e+00  0  0  2  3  0   0  0  5  5  0     0
SFBcastEnd           473 1.0 5.3926e+0087.3 0.00e+00 0.0 0.0e+00 0.0e+00 0.0e+00  0  0  0  0  0   1  0  0  0  0     0
SFReduceBegin        231 1.0 1.2836e-02 1.4 0.00e+00 0.0 5.4e+04 7.8e+03 0.0e+00  0  0  1  3  0   0  0  2  5  0     0
SFReduceEnd          231 1.0 5.1352e+0031.9 0.00e+00 0.0 0.0e+00 0.0e+00 0.0e+00  1  0  0  0  0   2  0  0  0  0     0
VecMDot             6390 1.0 9.8842e-01 1.9 2.93e+08 1.1 0.0e+00 0.0e+00 6.4e+03  0  0  0  0 15   1  0  0  0 32 11135
VecNorm             8349 1.0 3.9272e-01 2.2 1.06e+08 1.1 0.0e+00 0.0e+00 8.3e+03  0  0  0  0 19   0  0  0  0 42 10097
VecScale            8349 1.0 4.4434e-02 1.2 5.29e+07 1.1 0.0e+00 0.0e+00 0.0e+00  0  0  0  0  0   0  0  0  0  0 44622
VecCopy             2025 1.0 6.5623e-02 1.2 0.00e+00 0.0 0.0e+00 0.0e+00 0.0e+00  0  0  0  0  0   0  0  0  0  0     0
VecSet             13728 1.0 1.7739e-01 1.3 0.00e+00 0.0 0.0e+00 0.0e+00 0.0e+00  0  0  0  0  0   0  0  0  0  0     0
VecAXPY             2922 1.0 5.6230e-02 1.4 3.60e+07 1.1 0.0e+00 0.0e+00 0.0e+00  0  0  0  0  0   0  0  0  0  0 24049
VecAYPX              952 1.0 2.5059e-02 1.3 5.57e+06 1.1 0.0e+00 0.0e+00 0.0e+00  0  0  0  0  0   0  0  0  0  0  8337
VecMAXPY            8349 1.0 3.9724e-01 1.1 3.75e+08 1.1 0.0e+00 0.0e+00 0.0e+00  0  0  0  0  0   0  0  0  0  0 35493
VecAssemblyBegin     154 1.0 1.5962e-02 3.3 0.00e+00 0.0 0.0e+00 0.0e+00 0.0e+00  0  0  0  0  0   0  0  0  0  0     0
VecAssemblyEnd       154 1.0 2.9850e-04 1.2 0.00e+00 0.0 0.0e+00 0.0e+00 0.0e+00  0  0  0  0  0   0  0  0  0  0     0
VecPointwiseMult     484 1.0 1.9876e-02 1.2 2.83e+06 1.1 0.0e+00 0.0e+00 0.0e+00  0  0  0  0  0   0  0  0  0  0  5344
VecScatterBegin    10638 1.0 2.1708e-01 1.5 0.00e+00 0.0 2.6e+06 2.0e+03 0.0e+00  0  0 41 31  0   0  0 82 65  0     0
VecScatterEnd      10638 1.0 5.5603e-01 2.1 0.00e+00 0.0 0.0e+00 0.0e+00 0.0e+00  0  0  0  0  0   0  0  0  0  0     0
VecSetRandom          44 1.0 1.7097e-02 1.1 0.00e+00 0.0 0.0e+00 0.0e+00 0.0e+00  0  0  0  0  0   0  0  0  0  0     0
VecNormalize        8100 1.0 4.1051e-01 1.9 1.42e+08 1.1 0.0e+00 0.0e+00 8.1e+03  0  0  0  0 19   0  0  0  0 40 12990
MatMult             8294 1.0 3.3553e+00 1.1 1.13e+09 1.2 2.3e+06 2.1e+03 0.0e+00  1  1 36 29  0   2  1 71 60  0 12164
MatMultAdd           952 1.0 1.6672e-01 1.2 4.12e+07 1.1 1.4e+05 6.4e+02 0.0e+00  0  0  2  1  0   0  0  5  1  0  9372
MatMultTranspose     952 1.0 1.7818e-01 1.3 4.12e+07 1.1 1.4e+05 6.4e+02 0.0e+00  0  0  2  1  0   0  0  5  1  0  8769
MatSolve            7854 1.4 2.2794e+00 1.2 8.51e+08 1.2 0.0e+00 0.0e+00 0.0e+00  1  1  0  0  0   1  1  0  0  0 13504
MatLUFactorSym        11 1.0 1.2684e-04 1.4 0.00e+00 0.0 0.0e+00 0.0e+00 0.0e+00  0  0  0  0  0   0  0  0  0  0     0
MatLUFactorNum        55 1.0 7.7592e-02 1.5 2.01e+07 1.6 0.0e+00 0.0e+00 0.0e+00  0  0  0  0  0   0  0  0  0  0  8241
MatILUFactorSym       44 1.0 3.5034e-02 1.4 0.00e+00 0.0 0.0e+00 0.0e+00 0.0e+00  0  0  0  0  0   0  0  0  0  0     0
MatConvert            44 1.0 5.1877e-02 1.3 0.00e+00 0.0 0.0e+00 0.0e+00 0.0e+00  0  0  0  0  0   0  0  0  0  0     0
MatScale             132 1.0 3.8271e-02 1.1 7.86e+06 1.2 1.2e+04 2.0e+03 0.0e+00  0  0  0  0  0   0  0  0  0  0  7491
MatResidual          952 1.0 4.0158e-01 1.1 1.29e+08 1.2 2.6e+05 2.0e+03 0.0e+00  0  0  4  3  0   0  0  8  7  0 11555
MatAssemblyBegin    1034 1.0 1.2877e+00 1.5 0.00e+00 0.0 7.1e+04 1.7e+04 0.0e+00  0  0  1  8  0   1  0  2 16  0     0
MatAssemblyEnd      1034 1.0 1.0559e+00 1.1 0.00e+00 0.0 1.4e+05 4.2e+02 2.3e+03  0  0  2  0  5   1  0  4  1 11     0
MatGetRowIJ           55 1.7 4.4584e-05 7.5 0.00e+00 0.0 0.0e+00 0.0e+00 0.0e+00  0  0  0  0  0   0  0  0  0  0     0
MatCreateSubMat       44 1.0 3.1604e-02 1.0 0.00e+00 0.0 3.5e+03 3.3e+02 7.0e+02  0  0  0  0  2   0  0  0  0  3     0
MatGetOrdering        55 1.7 3.9692e-03 1.2 0.00e+00 0.0 0.0e+00 0.0e+00 0.0e+00  0  0  0  0  0   0  0  0  0  0     0
MatCoarsen            44 1.0 1.3204e-01 1.1 0.00e+00 0.0 1.3e+05 1.3e+03 2.2e+02  0  0  2  1  1   0  0  4  2  1     0
MatZeroEntries        66 1.0 6.5476e-02 1.3 0.00e+00 0.0 0.0e+00 0.0e+00 0.0e+00  0  0  0  0  0   0  0  0  0  0     0
MatAXPY               44 1.0 7.9859e-02 1.0 0.00e+00 0.0 0.0e+00 0.0e+00 0.0e+00  0  0  0  0  0   0  0  0  0  0     0
MatTranspose         132 1.0 4.0227e-01 1.0 0.00e+00 0.0 7.2e+04 3.5e+03 4.4e+02  0  0  1  2  1   0  0  2  3  2     0
MatMatMult            44 1.0 2.5697e-01 1.0 5.96e+06 1.2 7.2e+04 1.0e+03 5.3e+02  0  0  1  0  1   0  0  2  1  3   835
MatMatMultSym         44 1.0 1.8965e-01 1.0 0.00e+00 0.0 6.0e+04 8.2e+02 5.3e+02  0  0  1  0  1   0  0  2  1  3     0
MatMatMultNum         44 1.0 6.7210e-02 1.0 5.96e+06 1.2 1.2e+04 2.0e+03 0.0e+00  0  0  0  0  0   0  0  0  0  0  3191
MatPtAP               44 1.0 1.2595e+00 1.0 6.23e+07 1.3 1.3e+05 4.3e+03 6.6e+02  0  0  2  3  2   1  0  4  7  3  1776
MatPtAPSymbolic       44 1.0 6.9119e-01 1.1 0.00e+00 0.0 7.2e+04 4.2e+03 3.1e+02  0  0  1  2  1   0  0  2  4  2     0
MatPtAPNumeric        44 1.0 5.6785e-01 1.0 6.23e+07 1.3 5.9e+04 4.4e+03 3.5e+02  0  0  1  2  1   0  0  2  3  2  3939
MatTrnMatMult         11 1.0 2.0141e+00 1.0 4.83e+07 1.1 1.6e+04 3.4e+04 1.8e+02  1  0  0  3  0   1  0  1  7  1   901
MatTrnMatMultSym      11 1.0 9.7590e-01 1.0 0.00e+00 0.0 7.5e+03 1.6e+04 8.8e+01  0  0  0  1  0   1  0  0  2  0     0
MatTrnMatMultNum      11 1.0 1.0393e+00 1.0 4.83e+07 1.1 8.9e+03 5.0e+04 8.8e+01  0  0  0  3  0   1  0  0  6  0  1747
MatGetLocalMat       143 1.0 8.3384e-02 1.3 0.00e+00 0.0 0.0e+00 0.0e+00 0.0e+00  0  0  0  0  0   0  0  0  0  0     0
MatGetBrAoCol        132 1.0 1.4257e-01 1.9 0.00e+00 0.0 8.4e+04 3.6e+03 0.0e+00  0  0  1  2  0   0  0  3  4  0     0
MatTranspose_SeqAIJ_FAST     132 1.0 7.6029e-02 1.2 0.00e+00 0.0 0.0e+00 0.0e+00 0.0e+00  0  0  0  0  0   0  0  0  0  0     0
PCGAMGGraph_AGG       44 1.0 1.7119e+00 1.0 5.96e+06 1.2 1.3e+05 4.0e+03 9.7e+02  0  0  2  3  2   1  0  4  6  5   125
PCGAMGCoarse_AGG      44 1.0 2.2863e+00 1.0 4.83e+07 1.1 1.6e+05 5.5e+03 4.4e+02  1  0  3  5  1   2  0  5 11  2   794
PCGAMGProl_AGG        44 1.0 1.9784e-01 1.1 0.00e+00 0.0 4.4e+04 2.4e+03 7.0e+02  0  0  1  1  2   0  0  1  1  3     0
PCGAMGPOpt_AGG        44 1.0 7.1723e-01 1.0 1.39e+08 1.2 1.9e+05 1.6e+03 1.8e+03  0  0  3  2  4   0  0  6  4  9  7105
GAMG: createProl      44 1.0 4.9650e+00 1.0 1.93e+08 1.2 5.2e+05 3.4e+03 3.9e+03  1  0  8 11  9   3  0 17 23 19  1435
  Graph               88 1.0 1.7086e+00 1.0 5.96e+06 1.2 1.3e+05 4.0e+03 9.7e+02  0  0  2  3  2   1  0  4  6  5   126
  MIS/Agg             44 1.0 1.3265e-01 1.1 0.00e+00 0.0 1.3e+05 1.3e+03 2.2e+02  0  0  2  1  1   0  0  4  2  1     0
  SA: col data        44 1.0 4.9685e-02 1.0 0.00e+00 0.0 2.4e+04 3.7e+03 1.8e+02  0  0  0  1  0   0  0  1  1  1     0
  SA: frmProl0        44 1.0 1.2246e-01 1.0 0.00e+00 0.0 1.9e+04 8.6e+02 3.5e+02  0  0  0  0  1   0  0  1  0  2     0
  SA: smooth          44 1.0 3.6321e-01 1.0 7.86e+06 1.2 7.2e+04 1.0e+03 6.2e+02  0  0  1  0  1   0  0  2  1  3   789
GAMG: partLevel       44 1.0 1.3050e+00 1.0 6.23e+07 1.3 1.4e+05 4.1e+03 1.8e+03  0  0  2  3  4   1  0  4  7  9  1714
  repartition         22 1.0 2.1102e-03 1.0 0.00e+00 0.0 0.0e+00 0.0e+00 1.3e+02  0  0  0  0  0   0  0  0  0  1     0
  Invert-Sort         22 1.0 3.4902e-03 1.4 0.00e+00 0.0 0.0e+00 0.0e+00 8.8e+01  0  0  0  0  0   0  0  0  0  0     0
  Move A              22 1.0 1.9394e-02 1.0 0.00e+00 0.0 1.9e+03 5.7e+02 3.7e+02  0  0  0  0  1   0  0  0  0  2     0
  Move P              22 1.0 1.6685e-02 1.0 0.00e+00 0.0 1.6e+03 4.5e+01 3.7e+02  0  0  0  0  1   0  0  0  0  2     0
PCSetUp               77 1.0 7.0076e+01 1.0 1.74e+10 1.0 6.7e+05 3.7e+03 6.1e+03 18 12 11 15 14  48 22 21 32 31  9932
PCSetUpOnBlocks     2142 1.0 1.1946e-01 1.4 2.01e+07 1.6 0.0e+00 0.0e+00 0.0e+00  0  0  0  0  0   0  0  0  0  0  5353
PCApply               11 1.0 6.5630e+01 1.0 5.44e+10 1.0 3.1e+06 2.3e+03 2.0e+04 16 36 49 44 45  45 70 98 92 99 32980
KSPSetUp             187 1.0 4.7163e-0121.3 0.00e+00 0.0 0.0e+00 0.0e+00 1.1e+02  0  0  0  0  0   0  0  0  0  1     0
KSPSolve              11 1.0 1.2893e+02 1.0 7.15e+10 1.0 3.1e+06 2.3e+03 2.0e+04 32 48 50 45 46  89 92 98 93100 22108
KSPGMRESOrthog      6390 1.0 1.2930e+00 1.5 5.85e+08 1.1 0.0e+00 0.0e+00 6.4e+03  0  0  0  0 15   1  1  0  0 32 17024
SNESSolve             11 1.0 1.4530e+02 1.0 7.82e+10 1.0 3.2e+06 2.4e+03 2.0e+04 37 52 51 48 46 100100100100100 21419
SNESFunctionEval      11 1.0 1.6382e+01 1.0 6.72e+09 1.1 6.3e+04 8.2e+03 4.4e+01  4  4  1  3  0  11  8  2  7  0 15979
SNESJacobianEval      11 1.0 9.3899e-03 1.3 0.00e+00 0.0 0.0e+00 0.0e+00 0.0e+00  0  0  0  0  0   0  0  0  0  0     0
CreateFunctionSpace     630 1.0 3.7683e-01 1.1 0.00e+00 0.0 0.0e+00 0.0e+00 0.0e+00  0  0  0  0  0   0  0  0  0  0     0
ParLoopExecute       330 1.0 8.3373e+01 1.0 7.52e+10 1.0 8.3e+04 8.4e+03 4.4e+01 21 50  1  4  0  57 96  3  9  0 35979
ParLoopCells         330 1.0 1.6401e+01 1.0 7.32e+10 1.0 0.0e+00 0.0e+00 0.0e+00  4 49  0  0  0  11 94  0  0  0 178492
ParLoopRednBegin     330 1.0 5.1987e-03 1.2 0.00e+00 0.0 0.0e+00 0.0e+00 0.0e+00  0  0  0  0  0   0  0  0  0  0     0
ParLoopRednEnd       330 1.0 1.5545e-03 1.3 0.00e+00 0.0 0.0e+00 0.0e+00 0.0e+00  0  0  0  0  0   0  0  0  0  0     0
CreateSparsity        11 1.0 5.3718e-01 1.2 0.00e+00 0.0 1.8e+03 2.1e+04 4.4e+01  0  0  0  0  0   0  0  0  1  0     0
MatZeroInitial        11 1.0 1.7973e-01 1.1 0.00e+00 0.0 0.0e+00 0.0e+00 0.0e+00  0  0  0  0  0   0  0  0  0  0     0
ParLoopset_8           8 1.0 2.2783e-03 1.4 2.18e+04 1.1 0.0e+00 0.0e+00 0.0e+00  0  0  0  0  0   0  0  0  0  0   362
ParLoopset_10          4 1.0 1.6999e-04 1.3 8.32e+03 1.0 0.0e+00 0.0e+00 0.0e+00  0  0  0  0  0   0  0  0  0  0  1958
ParLoopset_9           8 1.0 3.6788e-04 1.4 8.19e+03 1.0 0.0e+00 0.0e+00 0.0e+00  0  0  0  0  0   0  0  0  0  0   891
ParLoopIntFacets      66 1.0 9.3304e-01 1.2 1.99e+09 1.2 0.0e+00 0.0e+00 0.0e+00  0  1  0  0  0   1  2  0  0  0 77447
ParLoopset_13          4 1.0 5.4216e-04 1.8 0.00e+00 0.0 0.0e+00 0.0e+00 0.0e+00  0  0  0  0  0   0  0  0  0  0     0
SCPCInit              11 1.0 6.3728e+01 1.0 1.72e+10 1.0 1.1e+04 1.2e+04 2.0e+02 16 11  0  1  0  44 22  0  2  1 10765
SCForwardElim         11 1.0 4.9379e-0110.4 0.00e+00 0.0 0.0e+00 0.0e+00 3.3e+01  0  0  0  0  0   0  0  0  0  0     0
SCSolve               11 1.0 3.2073e+01 1.0 2.02e+10 1.0 3.1e+06 2.3e+03 2.0e+04  8 13 49 43 45  22 26 97 91 98 24870
SCBackSub             11 1.0 3.3065e+01 1.0 3.42e+10 1.0 9.9e+03 8.1e+03 2.2e+01  8 23  0  0  0  23 44  0  1  0 41339
ParLoopset_22          8 1.0 3.6049e-04 1.2 2.18e+04 1.1 0.0e+00 0.0e+00 0.0e+00  0  0  0  0  0   0  0  0  0  0  2287
ParLoopset_24          4 1.0 1.0371e-04 1.3 8.32e+03 1.0 0.0e+00 0.0e+00 0.0e+00  0  0  0  0  0   0  0  0  0  0  3209
ParLoopset_23          8 1.0 2.3198e-04 1.3 8.19e+03 1.0 0.0e+00 0.0e+00 0.0e+00  0  0  0  0  0   0  0  0  0  0  1413
ParLoopset_27          4 1.0 2.5296e-04 1.4 0.00e+00 0.0 0.0e+00 0.0e+00 0.0e+00  0  0  0  0  0   0  0  0  0  0     0
ParLoopset_36          8 1.0 4.2081e-04 1.4 2.18e+04 1.1 0.0e+00 0.0e+00 0.0e+00  0  0  0  0  0   0  0  0  0  0  1959
ParLoopset_38          4 1.0 1.3733e-04 1.7 8.32e+03 1.0 0.0e+00 0.0e+00 0.0e+00  0  0  0  0  0   0  0  0  0  0  2423
ParLoopset_37          8 1.0 2.5320e-04 1.3 8.19e+03 1.0 0.0e+00 0.0e+00 0.0e+00  0  0  0  0  0   0  0  0  0  0  1294
ParLoopset_41          4 1.0 2.6989e-04 1.5 0.00e+00 0.0 0.0e+00 0.0e+00 0.0e+00  0  0  0  0  0   0  0  0  0  0     0
ParLoopset_50          8 1.0 4.2534e-04 1.3 2.18e+04 1.1 0.0e+00 0.0e+00 0.0e+00  0  0  0  0  0   0  0  0  0  0  1938
ParLoopset_52          4 1.0 1.0920e-04 1.4 8.32e+03 1.0 0.0e+00 0.0e+00 0.0e+00  0  0  0  0  0   0  0  0  0  0  3048
ParLoopset_51          8 1.0 2.2602e-04 1.2 8.19e+03 1.0 0.0e+00 0.0e+00 0.0e+00  0  0  0  0  0   0  0  0  0  0  1450
ParLoopset_55          4 1.0 2.7990e-04 1.5 0.00e+00 0.0 0.0e+00 0.0e+00 0.0e+00  0  0  0  0  0   0  0  0  0  0     0
ParLoopset_64          8 1.0 4.2486e-04 1.2 2.18e+04 1.1 0.0e+00 0.0e+00 0.0e+00  0  0  0  0  0   0  0  0  0  0  1940
ParLoopset_66          4 1.0 1.0729e-04 1.3 8.32e+03 1.0 0.0e+00 0.0e+00 0.0e+00  0  0  0  0  0   0  0  0  0  0  3102
ParLoopset_65          8 1.0 2.4891e-04 1.3 8.19e+03 1.0 0.0e+00 0.0e+00 0.0e+00  0  0  0  0  0   0  0  0  0  0  1316
ParLoopset_69          4 1.0 3.8004e-04 2.1 0.00e+00 0.0 0.0e+00 0.0e+00 0.0e+00  0  0  0  0  0   0  0  0  0  0     0
ParLoopset_78          8 1.0 5.3573e-04 1.7 2.18e+04 1.1 0.0e+00 0.0e+00 0.0e+00  0  0  0  0  0   0  0  0  0  0  1539
ParLoopset_80          4 1.0 1.4400e-04 1.9 8.32e+03 1.0 0.0e+00 0.0e+00 0.0e+00  0  0  0  0  0   0  0  0  0  0  2311
ParLoopset_79          8 1.0 3.0494e-04 1.6 8.19e+03 1.0 0.0e+00 0.0e+00 0.0e+00  0  0  0  0  0   0  0  0  0  0  1075
ParLoopset_83          4 1.0 3.3832e-04 1.9 0.00e+00 0.0 0.0e+00 0.0e+00 0.0e+00  0  0  0  0  0   0  0  0  0  0     0
ParLoopset_92          8 1.0 3.8886e-04 1.2 2.18e+04 1.1 0.0e+00 0.0e+00 0.0e+00  0  0  0  0  0   0  0  0  0  0  2120
ParLoopset_94          4 1.0 1.6379e-04 2.1 8.32e+03 1.0 0.0e+00 0.0e+00 0.0e+00  0  0  0  0  0   0  0  0  0  0  2032
ParLoopset_93          8 1.0 2.3699e-04 1.3 8.19e+03 1.0 0.0e+00 0.0e+00 0.0e+00  0  0  0  0  0   0  0  0  0  0  1383
ParLoopset_97          4 1.0 2.7585e-04 1.6 0.00e+00 0.0 0.0e+00 0.0e+00 0.0e+00  0  0  0  0  0   0  0  0  0  0     0
ParLoopset_106         8 1.0 4.9806e-04 1.5 2.18e+04 1.1 0.0e+00 0.0e+00 0.0e+00  0  0  0  0  0   0  0  0  0  0  1655
ParLoopset_108         4 1.0 1.0705e-04 1.4 8.32e+03 1.0 0.0e+00 0.0e+00 0.0e+00  0  0  0  0  0   0  0  0  0  0  3109
ParLoopset_107         8 1.0 2.9802e-04 1.5 8.19e+03 1.0 0.0e+00 0.0e+00 0.0e+00  0  0  0  0  0   0  0  0  0  0  1100
ParLoopset_111         4 1.0 3.0828e-04 1.7 0.00e+00 0.0 0.0e+00 0.0e+00 0.0e+00  0  0  0  0  0   0  0  0  0  0     0
ParLoopset_120         8 1.0 3.8981e-04 1.2 2.18e+04 1.1 0.0e+00 0.0e+00 0.0e+00  0  0  0  0  0   0  0  0  0  0  2115
ParLoopset_122         4 1.0 1.1516e-04 1.5 8.32e+03 1.0 0.0e+00 0.0e+00 0.0e+00  0  0  0  0  0   0  0  0  0  0  2890
ParLoopset_121         8 1.0 2.6226e-04 1.3 8.19e+03 1.0 0.0e+00 0.0e+00 0.0e+00  0  0  0  0  0   0  0  0  0  0  1249
ParLoopset_125         4 1.0 2.7680e-04 1.5 0.00e+00 0.0 0.0e+00 0.0e+00 0.0e+00  0  0  0  0  0   0  0  0  0  0     0
ParLoopset_134         8 1.0 4.1819e-04 1.3 2.18e+04 1.1 0.0e+00 0.0e+00 0.0e+00  0  0  0  0  0   0  0  0  0  0  1971
ParLoopset_136         4 1.0 1.0037e-04 1.3 8.32e+03 1.0 0.0e+00 0.0e+00 0.0e+00  0  0  0  0  0   0  0  0  0  0  3316
ParLoopset_135         8 1.0 2.2817e-04 1.2 8.19e+03 1.0 0.0e+00 0.0e+00 0.0e+00  0  0  0  0  0   0  0  0  0  0  1436
ParLoopset_139         4 1.0 3.6979e-04 2.1 0.00e+00 0.0 0.0e+00 0.0e+00 0.0e+00  0  0  0  0  0   0  0  0  0  0     0
ParLoopset_148         8 1.0 3.9816e-04 1.3 2.18e+04 1.1 0.0e+00 0.0e+00 0.0e+00  0  0  0  0  0   0  0  0  0  0  2070
ParLoopset_150         4 1.0 1.3113e-04 1.7 8.32e+03 1.0 0.0e+00 0.0e+00 0.0e+00  0  0  0  0  0   0  0  0  0  0  2538
ParLoopset_149         8 1.0 2.3603e-04 1.3 8.19e+03 1.0 0.0e+00 0.0e+00 0.0e+00  0  0  0  0  0   0  0  0  0  0  1388
ParLoopset_153         4 1.0 2.4557e-04 1.4 0.00e+00 0.0 0.0e+00 0.0e+00 0.0e+00  0  0  0  0  0   0  0  0  0  0     0

--- Event Stage 2: linear_solve

SFBcastBegin          88 1.0 6.6473e-03 1.5 0.00e+00 0.0 2.0e+04 9.0e+03 0.0e+00  0  0  0  1  0   0  0  1  3  0     0
SFBcastEnd            88 1.0 5.8622e+00810.5 0.00e+00 0.0 0.0e+00 0.0e+00 0.0e+00  0  0  0  0  0   7  0  0  0  0     0
SFReduceBegin        187 1.0 1.0757e-02 1.4 0.00e+00 0.0 4.2e+04 9.7e+03 0.0e+00  0  0  1  3  0   0  0  2  8  0     0
SFReduceEnd          187 1.0 5.6050e+0028.5 0.00e+00 0.0 0.0e+00 0.0e+00 0.0e+00  1  0  0  0  0  10  0  0  0  0     0
VecMDot             5950 1.0 1.0081e+00 1.9 2.64e+08 1.1 0.0e+00 0.0e+00 6.0e+03  0  0  0  0 14   3  0  0  0 43  9864
VecNorm             7865 1.0 1.8913e+00 3.1 1.00e+08 1.1 0.0e+00 0.0e+00 7.9e+03  0  0  0  0 18   5  0  0  0 57  1984
VecScale            7865 1.0 4.1941e-02 1.2 5.00e+07 1.1 0.0e+00 0.0e+00 0.0e+00  0  0  0  0  0   0  0  0  0  0 44742
VecCopy             1970 1.0 5.2429e-02 1.2 0.00e+00 0.0 0.0e+00 0.0e+00 0.0e+00  0  0  0  0  0   0  0  0  0  0     0
VecSet             13123 1.0 1.7462e-01 1.3 0.00e+00 0.0 0.0e+00 0.0e+00 0.0e+00  0  0  0  0  0   1  0  0  0  0     0
VecAXPY             2878 1.0 5.3126e-02 1.4 3.55e+07 1.1 0.0e+00 0.0e+00 0.0e+00  0  0  0  0  0   0  0  0  0  0 25091
VecAYPX              952 1.0 2.5058e-02 1.3 5.57e+06 1.1 0.0e+00 0.0e+00 0.0e+00  0  0  0  0  0   0  0  0  0  0  8337
VecMAXPY            7865 1.0 3.6211e-01 1.1 3.42e+08 1.1 0.0e+00 0.0e+00 0.0e+00  0  0  0  0  0   1  1  0  0  0 35470
VecScatterBegin     9956 1.0 1.9321e-01 1.5 0.00e+00 0.0 2.4e+06 1.9e+03 0.0e+00  0  0 39 28  0   1  0 98 89  0     0
VecScatterEnd       9956 1.0 5.0458e-01 2.1 0.00e+00 0.0 0.0e+00 0.0e+00 0.0e+00  0  0  0  0  0   1  0  0  0  0     0
VecNormalize        7616 1.0 8.3702e-01 1.5 1.34e+08 1.1 0.0e+00 0.0e+00 7.6e+03  0  0  0  0 17   3  0  0  0 55  5990
MatMult             7854 1.0 3.3077e+00 1.1 1.08e+09 1.2 2.1e+06 2.1e+03 0.0e+00  1  1 34 27  0  11  2 86 85  0 11720
MatMultAdd           952 1.0 1.8176e-01 1.3 4.12e+07 1.1 1.4e+05 6.4e+02 0.0e+00  0  0  2  1  0   1  0  6  2  0  8596
MatMultTranspose     952 1.0 1.8016e-01 1.3 4.12e+07 1.1 1.4e+05 6.4e+02 0.0e+00  0  0  2  1  0   1  0  6  2  0  8672
MatSolve            7854 1.4 2.3423e+00 1.2 8.51e+08 1.2 0.0e+00 0.0e+00 0.0e+00  1  1  0  0  0   8  1  0  0  0 13142
MatResidual          952 1.0 4.0154e-01 1.1 1.29e+08 1.2 2.6e+05 2.0e+03 0.0e+00  0  0  4  3  0   1  0 10 10  0 11556
PCSetUpOnBlocks     2142 1.0 2.7511e-03 1.5 0.00e+00 0.0 0.0e+00 0.0e+00 0.0e+00  0  0  0  0  0   0  0  0  0  0     0
PCApply               11 1.0 2.2874e+01 1.1 5.41e+10 1.0 2.4e+06 1.9e+03 1.4e+04  6 36 39 29 32  83 89 98 92100 94189
KSPSetUp              11 1.0 1.2875e-0513.5 0.00e+00 0.0 0.0e+00 0.0e+00 0.0e+00  0  0  0  0  0   0  0  0  0  0     0
KSPSolve              11 1.0 2.2876e+01 1.1 5.41e+10 1.0 2.4e+06 1.9e+03 1.4e+04  6 36 39 29 32  83 89 98 92100 94182
KSPGMRESOrthog      5950 1.0 1.2855e+00 1.6 5.29e+08 1.1 0.0e+00 0.0e+00 6.0e+03  0  0  0  0 14   4  1  0  0 43 15472
SNESSolve             11 1.0 2.6706e+01 1.1 6.08e+10 1.0 2.5e+06 2.1e+03 1.4e+04  7 40 40 32 32  97100100100100 90478
SNESFunctionEval      11 1.0 3.8359e+00 1.0 6.72e+09 1.1 4.2e+04 9.7e+03 0.0e+00  1  4  1  3  0  14 11  2  8  0 68234
SNESJacobianEval      11 1.0 5.4264e-04 1.5 0.00e+00 0.0 0.0e+00 0.0e+00 0.0e+00  0  0  0  0  0   0  0  0  0  0     0
ParLoopExecute       286 1.0 1.8918e+01 1.1 5.80e+10 1.0 6.2e+04 9.5e+03 0.0e+00  4 39  1  4  0  66 96  2 11  0 122303
ParLoopCells         308 1.0 1.2506e+01 1.0 5.60e+10 1.0 0.0e+00 0.0e+00 0.0e+00  3 38  0  0  0  46 93  0  0  0 179229
ParLoopRednBegin     286 1.0 1.1759e-03 1.3 0.00e+00 0.0 0.0e+00 0.0e+00 0.0e+00  0  0  0  0  0   0  0  0  0  0     0
ParLoopRednEnd       286 1.0 1.3554e-03 1.3 0.00e+00 0.0 0.0e+00 0.0e+00 0.0e+00  0  0  0  0  0   0  0  0  0  0     0
ParLoopset_8           6 1.0 3.7265e-04 1.5 0.00e+00 0.0 0.0e+00 0.0e+00 0.0e+00  0  0  0  0  0   0  0  0  0  0     0
ParLoopset_9           6 1.0 2.5105e-04 1.5 0.00e+00 0.0 0.0e+00 0.0e+00 0.0e+00  0  0  0  0  0   0  0  0  0  0     0
ParLoopIntFacets      66 1.0 8.7921e-01 1.2 1.99e+09 1.2 0.0e+00 0.0e+00 0.0e+00  0  1  0  0  0   3  3  0  0  0 82188
ParLoopset_13          6 1.0 6.3705e-04 1.6 0.00e+00 0.0 0.0e+00 0.0e+00 0.0e+00  0  0  0  0  0   0  0  0  0  0     0
SCForwardElim         11 1.0 9.1560e-03 1.4 0.00e+00 0.0 0.0e+00 0.0e+00 0.0e+00  0  0  0  0  0   0  0  0  0  0     0
SCSolve               11 1.0 1.3155e+01 1.0 1.99e+10 1.0 2.4e+06 1.9e+03 1.4e+04  3 13 39 29 32  49 33 98 91100 59875
SCBackSub             11 1.0 9.7299e+00 1.2 3.42e+10 1.0 9.9e+03 8.1e+03 0.0e+00  2 23  0  0  0  34 57  0  2  0 140480
ParLoopset_22          6 1.0 3.0231e-04 1.7 0.00e+00 0.0 0.0e+00 0.0e+00 0.0e+00  0  0  0  0  0   0  0  0  0  0     0
ParLoopset_23          6 1.0 2.0504e-04 1.6 0.00e+00 0.0 0.0e+00 0.0e+00 0.0e+00  0  0  0  0  0   0  0  0  0  0     0
ParLoopset_27          6 1.0 5.0378e-04 1.7 0.00e+00 0.0 0.0e+00 0.0e+00 0.0e+00  0  0  0  0  0   0  0  0  0  0     0
ParLoopset_36          6 1.0 2.8467e-04 1.5 0.00e+00 0.0 0.0e+00 0.0e+00 0.0e+00  0  0  0  0  0   0  0  0  0  0     0
ParLoopset_37          6 1.0 1.7285e-04 1.2 0.00e+00 0.0 0.0e+00 0.0e+00 0.0e+00  0  0  0  0  0   0  0  0  0  0     0
ParLoopset_41          6 1.0 4.3964e-04 1.3 0.00e+00 0.0 0.0e+00 0.0e+00 0.0e+00  0  0  0  0  0   0  0  0  0  0     0
ParLoopset_50          6 1.0 3.3331e-04 1.9 0.00e+00 0.0 0.0e+00 0.0e+00 0.0e+00  0  0  0  0  0   0  0  0  0  0     0
ParLoopset_51          6 1.0 1.7333e-04 1.2 0.00e+00 0.0 0.0e+00 0.0e+00 0.0e+00  0  0  0  0  0   0  0  0  0  0     0
ParLoopset_55          6 1.0 4.3416e-04 1.5 0.00e+00 0.0 0.0e+00 0.0e+00 0.0e+00  0  0  0  0  0   0  0  0  0  0     0
ParLoopset_64          6 1.0 3.7527e-04 2.1 0.00e+00 0.0 0.0e+00 0.0e+00 0.0e+00  0  0  0  0  0   0  0  0  0  0     0
ParLoopset_65          6 1.0 1.8883e-04 1.4 0.00e+00 0.0 0.0e+00 0.0e+00 0.0e+00  0  0  0  0  0   0  0  0  0  0     0
ParLoopset_69          6 1.0 4.7588e-04 1.6 0.00e+00 0.0 0.0e+00 0.0e+00 0.0e+00  0  0  0  0  0   0  0  0  0  0     0
ParLoopset_78          6 1.0 2.8086e-04 1.5 0.00e+00 0.0 0.0e+00 0.0e+00 0.0e+00  0  0  0  0  0   0  0  0  0  0     0
ParLoopset_79          6 1.0 1.9574e-04 1.4 0.00e+00 0.0 0.0e+00 0.0e+00 0.0e+00  0  0  0  0  0   0  0  0  0  0     0
ParLoopset_83          6 1.0 4.6372e-04 1.6 0.00e+00 0.0 0.0e+00 0.0e+00 0.0e+00  0  0  0  0  0   0  0  0  0  0     0
ParLoopset_92          6 1.0 2.4295e-04 1.3 0.00e+00 0.0 0.0e+00 0.0e+00 0.0e+00  0  0  0  0  0   0  0  0  0  0     0
ParLoopset_93          6 1.0 1.8120e-04 1.3 0.00e+00 0.0 0.0e+00 0.0e+00 0.0e+00  0  0  0  0  0   0  0  0  0  0     0
ParLoopset_97          6 1.0 4.4584e-04 1.6 0.00e+00 0.0 0.0e+00 0.0e+00 0.0e+00  0  0  0  0  0   0  0  0  0  0     0
ParLoopset_106         6 1.0 2.6584e-04 1.4 0.00e+00 0.0 0.0e+00 0.0e+00 0.0e+00  0  0  0  0  0   0  0  0  0  0     0
ParLoopset_107         6 1.0 1.9836e-04 1.4 0.00e+00 0.0 0.0e+00 0.0e+00 0.0e+00  0  0  0  0  0   0  0  0  0  0     0
ParLoopset_111         6 1.0 4.4203e-04 1.4 0.00e+00 0.0 0.0e+00 0.0e+00 0.0e+00  0  0  0  0  0   0  0  0  0  0     0
ParLoopset_120         6 1.0 2.5582e-04 1.4 0.00e+00 0.0 0.0e+00 0.0e+00 0.0e+00  0  0  0  0  0   0  0  0  0  0     0
ParLoopset_121         6 1.0 2.0003e-04 1.5 0.00e+00 0.0 0.0e+00 0.0e+00 0.0e+00  0  0  0  0  0   0  0  0  0  0     0
ParLoopset_125         6 1.0 5.5504e-04 1.8 0.00e+00 0.0 0.0e+00 0.0e+00 0.0e+00  0  0  0  0  0   0  0  0  0  0     0
ParLoopset_134         6 1.0 3.2282e-04 1.9 0.00e+00 0.0 0.0e+00 0.0e+00 0.0e+00  0  0  0  0  0   0  0  0  0  0     0
ParLoopset_135         6 1.0 1.8907e-04 1.3 0.00e+00 0.0 0.0e+00 0.0e+00 0.0e+00  0  0  0  0  0   0  0  0  0  0     0
ParLoopset_139         6 1.0 4.7994e-04 1.6 0.00e+00 0.0 0.0e+00 0.0e+00 0.0e+00  0  0  0  0  0   0  0  0  0  0     0
ParLoopset_148         6 1.0 2.4581e-04 1.4 0.00e+00 0.0 0.0e+00 0.0e+00 0.0e+00  0  0  0  0  0   0  0  0  0  0     0
ParLoopset_149         6 1.0 2.2292e-04 1.6 0.00e+00 0.0 0.0e+00 0.0e+00 0.0e+00  0  0  0  0  0   0  0  0  0  0     0
ParLoopset_153         6 1.0 3.7932e-04 1.3 0.00e+00 0.0 0.0e+00 0.0e+00 0.0e+00  0  0  0  0  0   0  0  0  0  0     0
------------------------------------------------------------------------------------------------------------------------

Memory usage is given in bytes:

Object Type          Creations   Destructions     Memory  Descendants' Mem.
Reports information only for process 0.

--- Event Stage 0: Main Stage

           Container    44             44        25696     0.
              Viewer     1              0            0     0.
         PetscRandom   121            121        79134     0.
           Index Set  4807           5049     19544096     0.
   IS L to G Mapping    55             55      3047352     0.
             Section  1342           1353       984984     0.
   Star Forest Graph  1265           1276      1079232     0.
              Vector  3498           4977    248983600     0.
         Vec Scatter   528            627      8335360     0.
              Matrix  2244           2838    684668248     0.
      Matrix Coarsen    66             66        42504     0.
      Preconditioner   319            440       444312     0.
       Krylov Solver   319            440      3562152     0.
     DMKSP interface    22             33        21912     0.
                SNES    77             77       108108     0.
              DMSNES    44             44        29920     0.
      SNESLineSearch    77             77        77000     0.
    Distributed Mesh   352            352      1733688     0.
            DM Label   231            231       145992     0.
    GraphPartitioner    88             88        55264     0.
     Discrete System   352            352       329516     0.

--- Event Stage 1: Warm-up stage

         PetscRandom    88             88        57552     0.
           Index Set  1078            836      1814164     0.
             Section    11              0            0     0.
   Star Forest Graph    99             88        77440     0.
              Vector  3250           1771     64427880     0.
         Vec Scatter   352            253       342056     0.
              Matrix  1551            957    351344664     0.
      Matrix Coarsen    44             44        28336     0.
      Preconditioner   176             55        47168     0.
       Krylov Solver   176             55      1355728     0.
     DMKSP interface    11              0            0     0.

--- Event Stage 2: linear_solve

========================================================================================================================
Average time to get PetscTime(): 0.
Average time for MPI_Barrier(): 7.20024e-06
Average time for zero size MPI_Send(): 1.22786e-06
#PETSc Option Table entries:
--flexsolver
--hybridization
--layers 64
--mesh_degree 3
--model_degree 0
--model_family RT
--refinements 4
--run_cfl_range
-log_view
#End of PETSc Option Table entries
Compiled without FORTRAN kernels
Compiled with full precision matrices (default)
sizeof(short) 2 sizeof(int) 4 sizeof(long) 8 sizeof(void*) 8 sizeof(PetscScalar) 8 sizeof(PetscInt) 4
Configure options: --prefix=/home/scratch/tg2115/src/firedrake/lib/python3.5/site-packages/petsc PETSC_ARCH=arch-python-linux-x86_64 --with-shared-libraries=1 --with-debugging=0 --with-c2html=0 --with-cc=/usr/bin/mpicc --with-cxx=/usr/bin/mpicxx --with-fc=/usr/bin/mpif90 --download-eigen=/home/scratch/tg2115/src/firedrake/src/eigen-3.3.3.tgz --with-fortran-bindings=0 --download-chaco --download-metis --download-parmetis --download-scalapack --download-hypre --download-mumps --with-zlib --download-netcdf --download-hdf5 --download-pnetcdf --download-exodusii --download-ml
-----------------------------------------
Libraries compiled on 2019-02-19 06:15:49 on mpe2 
Machine characteristics: Linux-4.4.0-130-generic-x86_64-with-Ubuntu-16.04-xenial
Using PETSc directory: /home/scratch/tg2115/src/firedrake/lib/python3.5/site-packages/petsc
Using PETSc arch: 
-----------------------------------------

Using C compiler: /usr/bin/mpicc  -fPIC  -Wall -Wwrite-strings -Wno-strict-aliasing -Wno-unknown-pragmas -fstack-protector -fvisibility=hidden -g -O  
Using Fortran compiler: /usr/bin/mpif90  -fPIC -Wall -ffree-line-length-0 -Wno-unused-dummy-argument -g -O    
-----------------------------------------

Using include paths: -I/home/scratch/tg2115/src/firedrake/lib/python3.5/site-packages/petsc/include -I/home/scratch/tg2115/src/firedrake/lib/python3.5/site-packages/petsc/include/eigen3
-----------------------------------------

Using C linker: /usr/bin/mpicc
Using Fortran linker: /usr/bin/mpif90
Using libraries: -Wl,-rpath,/home/scratch/tg2115/src/firedrake/lib/python3.5/site-packages/petsc/lib -L/home/scratch/tg2115/src/firedrake/lib/python3.5/site-packages/petsc/lib -lpetsc -Wl,-rpath,/home/scratch/tg2115/src/firedrake/lib/python3.5/site-packages/petsc/lib -L/home/scratch/tg2115/src/firedrake/lib/python3.5/site-packages/petsc/lib -Wl,-rpath,/usr/lib/openmpi/lib -L/usr/lib/openmpi/lib -Wl,-rpath,/usr/lib/gcc/x86_64-linux-gnu/5 -L/usr/lib/gcc/x86_64-linux-gnu/5 -Wl,-rpath,/usr/lib/x86_64-linux-gnu -L/usr/lib/x86_64-linux-gnu -Wl,-rpath,/lib/x86_64-linux-gnu -L/lib/x86_64-linux-gnu -lHYPRE -lcmumps -ldmumps -lsmumps -lzmumps -lmumps_common -lpord -lscalapack -lml -llapack -lblas -lexodus -lnetcdf -lpnetcdf -lhdf5hl_fortran -lhdf5_fortran -lhdf5_hl -lhdf5 -lchaco -lparmetis -lmetis -lm -lz -lX11 -lstdc++ -ldl -lmpi_usempif08 -lmpi_usempi_ignore_tkr -lmpi_mpifh -lmpi -lgfortran -lm -lgfortran -lm -lgcc_s -lquadmath -lpthread -lstdc++ -ldl
-----------------------------------------

