
Determining Dt from specified horizontal CFL: 1

Problem parameters:

Profiling linear solver for the compressible Euler equations.

Speed of sound in compressible atmosphere: 347.18870949384285,

Hybridized compressible solver: True,

Model degree: 1,

Model discretization: RT,

Mesh degree: 3,

Horizontal refinements: 4,

Vertical layers: 64,

Dx (max, m): 346563.4999224701,

Dz (m): 156.25,

Dt (s): 998,

horizontal CFL: 1,

vertical CFL: 2217.563725279073.

Computing balanced density field...


Setting up hybridized solver on the traces.
Inner solver: fgmres_ml_richardson_stronger
Starting profiler...


Determining Dt from specified horizontal CFL: 2

Problem parameters:

Profiling linear solver for the compressible Euler equations.

Speed of sound in compressible atmosphere: 347.18870949384285,

Hybridized compressible solver: True,

Model degree: 1,

Model discretization: RT,

Mesh degree: 3,

Horizontal refinements: 4,

Vertical layers: 64,

Dx (max, m): 346563.4999224701,

Dz (m): 156.25,

Dt (s): 1996,

horizontal CFL: 2,

vertical CFL: 4435.127450558146.

Computing balanced density field...


Setting up hybridized solver on the traces.
Inner solver: fgmres_ml_richardson_stronger
Starting profiler...


Determining Dt from specified horizontal CFL: 4

Problem parameters:

Profiling linear solver for the compressible Euler equations.

Speed of sound in compressible atmosphere: 347.18870949384285,

Hybridized compressible solver: True,

Model degree: 1,

Model discretization: RT,

Mesh degree: 3,

Horizontal refinements: 4,

Vertical layers: 64,

Dx (max, m): 346563.4999224701,

Dz (m): 156.25,

Dt (s): 3992,

horizontal CFL: 4,

vertical CFL: 8870.254901116292.

Computing balanced density field...


Setting up hybridized solver on the traces.
Inner solver: fgmres_ml_richardson_stronger
Starting profiler...


Determining Dt from specified horizontal CFL: 6

Problem parameters:

Profiling linear solver for the compressible Euler equations.

Speed of sound in compressible atmosphere: 347.18870949384285,

Hybridized compressible solver: True,

Model degree: 1,

Model discretization: RT,

Mesh degree: 3,

Horizontal refinements: 4,

Vertical layers: 64,

Dx (max, m): 346563.4999224701,

Dz (m): 156.25,

Dt (s): 5989,

horizontal CFL: 6,

vertical CFL: 13307.6043594152.

Computing balanced density field...


Setting up hybridized solver on the traces.
Inner solver: fgmres_ml_richardson_stronger
Starting profiler...


Determining Dt from specified horizontal CFL: 8

Problem parameters:

Profiling linear solver for the compressible Euler equations.

Speed of sound in compressible atmosphere: 347.18870949384285,

Hybridized compressible solver: True,

Model degree: 1,

Model discretization: RT,

Mesh degree: 3,

Horizontal refinements: 4,

Vertical layers: 64,

Dx (max, m): 346563.4999224701,

Dz (m): 156.25,

Dt (s): 7985,

horizontal CFL: 8,

vertical CFL: 17742.731809973346.

Computing balanced density field...


Setting up hybridized solver on the traces.
Inner solver: fgmres_ml_richardson_stronger
Starting profiler...


Determining Dt from specified horizontal CFL: 10

Problem parameters:

Profiling linear solver for the compressible Euler equations.

Speed of sound in compressible atmosphere: 347.18870949384285,

Hybridized compressible solver: True,

Model degree: 1,

Model discretization: RT,

Mesh degree: 3,

Horizontal refinements: 4,

Vertical layers: 64,

Dx (max, m): 346563.4999224701,

Dz (m): 156.25,

Dt (s): 9981,

horizontal CFL: 10,

vertical CFL: 22177.85926053149.

Computing balanced density field...


Setting up hybridized solver on the traces.
Inner solver: fgmres_ml_richardson_stronger
Starting profiler...


Determining Dt from specified horizontal CFL: 12

Problem parameters:

Profiling linear solver for the compressible Euler equations.

Speed of sound in compressible atmosphere: 347.18870949384285,

Hybridized compressible solver: True,

Model degree: 1,

Model discretization: RT,

Mesh degree: 3,

Horizontal refinements: 4,

Vertical layers: 64,

Dx (max, m): 346563.4999224701,

Dz (m): 156.25,

Dt (s): 11978,

horizontal CFL: 12,

vertical CFL: 26615.2087188304.

Computing balanced density field...


Setting up hybridized solver on the traces.
Inner solver: fgmres_ml_richardson_stronger
Starting profiler...


Determining Dt from specified horizontal CFL: 14

Problem parameters:

Profiling linear solver for the compressible Euler equations.

Speed of sound in compressible atmosphere: 347.18870949384285,

Hybridized compressible solver: True,

Model degree: 1,

Model discretization: RT,

Mesh degree: 3,

Horizontal refinements: 4,

Vertical layers: 64,

Dx (max, m): 346563.4999224701,

Dz (m): 156.25,

Dt (s): 13974,

horizontal CFL: 14,

vertical CFL: 31050.336169388545.

Computing balanced density field...


Setting up hybridized solver on the traces.
Inner solver: fgmres_ml_richardson_stronger
Starting profiler...


Determining Dt from specified horizontal CFL: 16

Problem parameters:

Profiling linear solver for the compressible Euler equations.

Speed of sound in compressible atmosphere: 347.18870949384285,

Hybridized compressible solver: True,

Model degree: 1,

Model discretization: RT,

Mesh degree: 3,

Horizontal refinements: 4,

Vertical layers: 64,

Dx (max, m): 346563.4999224701,

Dz (m): 156.25,

Dt (s): 15971,

horizontal CFL: 16,

vertical CFL: 35487.68562768745.

Computing balanced density field...


Setting up hybridized solver on the traces.
Inner solver: fgmres_ml_richardson_stronger
Starting profiler...


Determining Dt from specified horizontal CFL: 18

Problem parameters:

Profiling linear solver for the compressible Euler equations.

Speed of sound in compressible atmosphere: 347.18870949384285,

Hybridized compressible solver: True,

Model degree: 1,

Model discretization: RT,

Mesh degree: 3,

Horizontal refinements: 4,

Vertical layers: 64,

Dx (max, m): 346563.4999224701,

Dz (m): 156.25,

Dt (s): 17967,

horizontal CFL: 18,

vertical CFL: 39922.8130782456.

Computing balanced density field...


Setting up hybridized solver on the traces.
Inner solver: fgmres_ml_richardson_stronger
Starting profiler...


Determining Dt from specified horizontal CFL: 20

Problem parameters:

Profiling linear solver for the compressible Euler equations.

Speed of sound in compressible atmosphere: 347.18870949384285,

Hybridized compressible solver: True,

Model degree: 1,

Model discretization: RT,

Mesh degree: 3,

Horizontal refinements: 4,

Vertical layers: 64,

Dx (max, m): 346563.4999224701,

Dz (m): 156.25,

Dt (s): 19963,

horizontal CFL: 20,

vertical CFL: 44357.940528803745.

Computing balanced density field...


Setting up hybridized solver on the traces.
Inner solver: fgmres_ml_richardson_stronger
Starting profiler...

************************************************************************************************************************
***             WIDEN YOUR WINDOW TO 120 CHARACTERS.  Use 'enscript -r -fCourier9' to print this document            ***
************************************************************************************************************************

---------------------------------------------- PETSc Performance Summary: ----------------------------------------------

run_profiler.py on a  named mpe2 with 40 processors, by tg2115 Wed Feb 20 12:03:34 2019
Using Petsc Development GIT revision: v3.4.2-24285-gcd612ee  GIT Date: 2019-01-17 05:31:34 +0100

                         Max       Max/Min     Avg       Total 
Time (sec):           5.543e+02     1.000   5.543e+02
Objects:              1.850e+04     1.122   1.661e+04
Flop:                 4.823e+11     1.014   4.792e+11  1.917e+13
Flop/sec:             8.702e+08     1.014   8.645e+08  3.458e+10
MPI Messages:         2.473e+05     1.213   2.245e+05  8.981e+06
MPI Message Lengths:  1.738e+09     1.453   6.054e+03  5.437e+10
MPI Reductions:       1.207e+04     1.000

Flop counting convention: 1 flop = 1 real number operation of type (multiply/divide/add/subtract)
                            e.g., VecAXPY() for real vectors of length N --> 2N flop
                            and VecAXPY() for complex vectors of length N --> 8N flop

Summary of Stages:   ----- Time ------  ----- Flop ------  --- Messages ---  -- Message Lengths --  -- Reductions --
                        Avg     %Total     Avg     %Total    Count   %Total     Avg         %Total    Count   %Total 
 0:      Main Stage: 2.5580e+02  46.1%  1.3728e+12   7.2%  6.382e+05   7.1%  4.110e+04       48.2%  9.440e+03  78.2% 
 1:   Warm-up stage: 1.7201e+02  31.0%  1.0110e+13  52.7%  4.261e+06  47.4%  3.643e+03       28.6%  2.303e+03  19.1% 
 2:    linear_solve: 1.2647e+02  22.8%  7.6840e+12  40.1%  4.081e+06  45.4%  3.091e+03       23.2%  3.230e+02   2.7% 

------------------------------------------------------------------------------------------------------------------------
See the 'Profiling' chapter of the users' manual for details on interpreting output.
Phase summary info:
   Count: number of times phase was executed
   Time and Flop: Max - maximum over all processors
                  Ratio - ratio of maximum to minimum over all processors
   Mess: number of messages sent
   AvgLen: average message length (bytes)
   Reduct: number of global reductions
   Global: entire computation
   Stage: stages of a computation. Set stages with PetscLogStagePush() and PetscLogStagePop().
      %T - percent time in this phase         %F - percent flop in this phase
      %M - percent messages in this phase     %L - percent message lengths in this phase
      %R - percent reductions in this phase
   Total Mflop/s: 10e-6 * (sum of flop over all processors)/(max time over all processors)
------------------------------------------------------------------------------------------------------------------------
Event                Count      Time (sec)     Flop                              --- Global ---  --- Stage ----  Total
                   Max Ratio  Max     Ratio   Max  Ratio  Mess   AvgLen  Reduct  %T %F %M %L %R  %T %F %M %L %R Mflop/s
------------------------------------------------------------------------------------------------------------------------

--- Event Stage 0: Main Stage

PetscBarrier          44 1.0 5.3010e-02 1.1 0.00e+00 0.0 0.0e+00 0.0e+00 8.8e+01  0  0  0  0  1   0  0  0  0  1     0
BuildTwoSided        594 1.0 3.6016e-01 1.7 0.00e+00 0.0 6.6e+04 4.0e+00 0.0e+00  0  0  1  0  0   0  0 10  0  0     0
BuildTwoSidedF       781 1.0 1.2838e+01 2.4 0.00e+00 0.0 2.2e+04 9.0e+05 0.0e+00  2  0  0 37  0   4  0  3 76  0     0
SFSetGraph           704 1.0 2.4470e-02 1.1 0.00e+00 0.0 0.0e+00 0.0e+00 0.0e+00  0  0  0  0  0   0  0  0  0  0     0
SFSetUp              594 1.0 4.9721e-01 1.3 0.00e+00 0.0 2.0e+05 1.5e+03 0.0e+00  0  0  2  1  0   0  0 31  1  0     0
SFBcastBegin        1452 1.0 8.9629e-02 2.0 0.00e+00 0.0 3.1e+05 5.3e+03 0.0e+00  0  0  3  3  0   0  0 48  6  0     0
SFBcastEnd          1452 1.0 5.1537e+0013.9 0.00e+00 0.0 0.0e+00 0.0e+00 0.0e+00  0  0  0  0  0   1  0  0  0  0     0
SFReduceBegin        330 1.0 4.3425e-02 1.7 0.00e+00 0.0 5.4e+04 2.9e+04 0.0e+00  0  0  1  3  0   0  0  8  6  0     0
SFReduceEnd          330 1.0 2.0213e+00 7.8 0.00e+00 0.0 0.0e+00 0.0e+00 0.0e+00  0  0  0  0  0   0  0  0  0  0     0
SFFetchOpBegin        11 1.0 3.6001e-05 2.2 0.00e+00 0.0 1.3e+03 5.0e+01 0.0e+00  0  0  0  0  0   0  0  0  0  0     0
SFFetchOpEnd          11 1.0 1.6999e-04 2.0 0.00e+00 0.0 1.3e+03 5.0e+01 0.0e+00  0  0  0  0  0   0  0  0  0  0     0
VecMDot              561 1.0 7.3774e-02 1.1 3.55e+07 1.0 0.0e+00 0.0e+00 5.6e+02  0  0  0  0  5   0  0  0  0  6 19221
VecTDot              242 1.0 4.7201e-01 2.0 6.09e+07 1.1 0.0e+00 0.0e+00 2.4e+02  0  0  0  0  2   0  0  0  0  3  4964
VecNorm              781 1.0 2.1536e+0016.7 4.50e+07 1.1 0.0e+00 0.0e+00 7.8e+02  0  0  0  0  6   0  0  0  0  8   808
VecScale             627 1.0 3.4919e-03 1.1 4.04e+06 1.0 0.0e+00 0.0e+00 0.0e+00  0  0  0  0  0   0  0  0  0  0 46274
VecCopy              440 1.0 1.4716e-01 1.1 0.00e+00 0.0 0.0e+00 0.0e+00 0.0e+00  0  0  0  0  0   0  0  0  0  0     0
VecSet              2112 1.0 8.3756e-02 1.3 0.00e+00 0.0 0.0e+00 0.0e+00 0.0e+00  0  0  0  0  0   0  0  0  0  0     0
VecAXPY             1012 1.0 2.7284e-01 1.1 7.84e+07 1.1 0.0e+00 0.0e+00 0.0e+00  0  0  0  0  0   0  0  0  0  0 11098
VecAYPX              748 1.0 9.6973e-02 1.1 2.78e+07 1.1 0.0e+00 0.0e+00 0.0e+00  0  0  0  0  0   0  0  0  0  0 11114
VecMAXPY             627 1.0 4.9890e-02 1.0 4.23e+07 1.0 0.0e+00 0.0e+00 0.0e+00  0  0  0  0  0   0  0  0  0  0 33955
VecAssemblyBegin     154 1.0 1.4858e-02 2.3 0.00e+00 0.0 0.0e+00 0.0e+00 0.0e+00  0  0  0  0  0   0  0  0  0  0     0
VecAssemblyEnd       154 1.0 3.5715e-04 1.2 0.00e+00 0.0 0.0e+00 0.0e+00 0.0e+00  0  0  0  0  0   0  0  0  0  0     0
VecPointwiseMult     605 1.0 2.4590e-02 1.0 3.49e+06 1.0 0.0e+00 0.0e+00 0.0e+00  0  0  0  0  0   0  0  0  0  0  5678
VecScatterBegin     2002 1.0 1.0115e-01 1.2 0.00e+00 0.0 2.8e+04 3.7e+04 0.0e+00  0  0  0  2  0   0  0  4  4  0     0
VecScatterEnd       2002 1.0 4.1793e-01 6.8 0.00e+00 0.0 0.0e+00 0.0e+00 0.0e+00  0  0  0  0  0   0  0  0  0  0     0
VecSetRandom          55 1.0 2.1132e-02 1.0 0.00e+00 0.0 0.0e+00 0.0e+00 0.0e+00  0  0  0  0  0   0  0  0  0  0     0
VecNormalize         627 1.0 2.7003e-02 1.6 1.21e+07 1.0 0.0e+00 0.0e+00 6.3e+02  0  0  0  0  5   0  0  0  0  7 17952
MatMult             1342 1.0 3.7305e+00 1.1 1.58e+09 1.1 2.8e+04 3.7e+04 0.0e+00  1  0  0  2  0   1  4  4  4  0 16155
MatMultAdd           110 1.0 8.8744e-03 1.4 1.95e+06 1.0 0.0e+00 0.0e+00 0.0e+00  0  0  0  0  0   0  0  0  0  0  8797
MatMultTranspose     110 1.0 6.9859e-03 1.1 1.95e+06 1.0 0.0e+00 0.0e+00 0.0e+00  0  0  0  0  0   0  0  0  0  0 11175
MatSolve             836 1.0 4.3554e+00 1.1 1.98e+09 1.1 0.0e+00 0.0e+00 0.0e+00  1  0  0  0  0   2  5  0  0  0 17298
MatLUFactorSym        11 1.0 2.1386e-04 1.2 0.00e+00 0.0 0.0e+00 0.0e+00 0.0e+00  0  0  0  0  0   0  0  0  0  0     0
MatLUFactorNum        99 1.0 5.6506e+00 1.2 1.41e+09 1.2 0.0e+00 0.0e+00 0.0e+00  1  0  0  0  0   2  4  0  0  0  9342
MatILUFactorSym       88 1.0 3.8951e+00 1.2 0.00e+00 0.0 0.0e+00 0.0e+00 0.0e+00  1  0  0  0  0   1  0  0  0  0     0
MatConvert            66 1.0 5.3599e-02 1.1 0.00e+00 0.0 0.0e+00 0.0e+00 0.0e+00  0  0  0  0  0   0  0  0  0  0     0
MatScale             176 1.0 3.6813e-02 1.0 6.12e+06 1.0 0.0e+00 0.0e+00 0.0e+00  0  0  0  0  0   0  0  0  0  0  6654
MatResidual          110 1.0 4.2004e-02 1.3 1.03e+07 1.0 0.0e+00 0.0e+00 0.0e+00  0  0  0  0  0   0  0  0  0  0  9803
MatAssemblyBegin    1353 1.0 3.1561e+01 1.8 0.00e+00 0.0 2.2e+04 9.0e+05 0.0e+00  4  0  0 37  0   9  0  3 76  0     0
MatAssemblyEnd      1353 1.0 1.3056e+01 1.1 0.00e+00 0.0 2.0e+04 1.1e+04 3.0e+03  2  0  0  0 25   5  0  3  1 32     0
MatGetRowIJ           99 1.0 9.3699e-05 1.3 0.00e+00 0.0 0.0e+00 0.0e+00 0.0e+00  0  0  0  0  0   0  0  0  0  0     0
MatGetOrdering        99 1.0 7.9015e-02 1.1 0.00e+00 0.0 0.0e+00 0.0e+00 0.0e+00  0  0  0  0  0   0  0  0  0  0     0
MatCoarsen            66 1.0 4.7301e-02 1.0 0.00e+00 0.0 0.0e+00 0.0e+00 6.6e+01  0  0  0  0  1   0  0  0  0  1     0
MatZeroEntries       110 1.0 1.2034e+00 1.2 0.00e+00 0.0 0.0e+00 0.0e+00 0.0e+00  0  0  0  0  0   0  0  0  0  0     0
MatAXPY               55 1.0 8.7976e-02 1.0 0.00e+00 0.0 0.0e+00 0.0e+00 0.0e+00  0  0  0  0  0   0  0  0  0  0     0
MatTranspose         176 1.0 1.2530e-01 1.0 0.00e+00 0.0 0.0e+00 0.0e+00 6.6e+02  0  0  0  0  5   0  0  0  0  7     0
MatMatMult            55 1.0 1.6890e-01 1.0 5.09e+06 1.0 0.0e+00 0.0e+00 6.6e+02  0  0  0  0  5   0  0  0  0  7  1207
MatMatMultSym         55 1.0 1.2047e-01 1.0 0.00e+00 0.0 0.0e+00 0.0e+00 6.6e+02  0  0  0  0  5   0  0  0  0  7     0
MatMatMultNum         55 1.0 4.7961e-02 1.0 5.09e+06 1.0 0.0e+00 0.0e+00 0.0e+00  0  0  0  0  0   0  0  0  0  0  4249
MatPtAP               55 1.0 2.4046e-01 1.0 1.14e+07 1.0 0.0e+00 0.0e+00 8.2e+02  0  0  0  0  7   0  0  0  0  9  1894
MatPtAPSymbolic       55 1.0 1.6843e-01 1.0 0.00e+00 0.0 0.0e+00 0.0e+00 3.8e+02  0  0  0  0  3   0  0  0  0  4     0
MatPtAPNumeric        55 1.0 7.2023e-02 1.0 1.14e+07 1.0 0.0e+00 0.0e+00 4.4e+02  0  0  0  0  4   0  0  0  0  5  6322
MatTrnMatMult         11 1.0 1.1022e+00 1.0 4.70e+07 1.0 0.0e+00 0.0e+00 1.8e+02  0  0  0  0  1   0  0  0  0  2  1707
MatTrnMatMultSym      11 1.0 5.4142e-01 1.0 0.00e+00 0.0 0.0e+00 0.0e+00 8.8e+01  0  0  0  0  1   0  0  0  0  1     0
MatTrnMatMultNum      11 1.0 5.6172e-01 1.0 4.70e+07 1.0 0.0e+00 0.0e+00 8.8e+01  0  0  0  0  1   0  0  0  0  1  3349
MatGetLocalMat       176 1.0 9.2119e-02 1.1 0.00e+00 0.0 0.0e+00 0.0e+00 0.0e+00  0  0  0  0  0   0  0  0  0  0     0
MatGetBrAoCol        165 1.0 5.3470e-03 1.1 0.00e+00 0.0 0.0e+00 0.0e+00 0.0e+00  0  0  0  0  0   0  0  0  0  0     0
MatTranspose_SeqAIJ_FAST     176 1.0 5.1827e-02 1.0 0.00e+00 0.0 0.0e+00 0.0e+00 0.0e+00  0  0  0  0  0   0  0  0  0  0     0
PCGAMGGraph_AGG       66 1.0 1.1040e+00 1.0 5.15e+06 1.0 0.0e+00 0.0e+00 1.5e+03  0  0  0  0 12   0  0  0  0 15   187
PCGAMGCoarse_AGG      66 1.0 1.2881e+00 1.0 4.70e+07 1.0 0.0e+00 0.0e+00 2.9e+02  0  0  0  0  2   1  0  0  0  3  1460
PCGAMGProl_AGG        66 1.0 1.9101e-01 1.0 0.00e+00 0.0 0.0e+00 0.0e+00 9.2e+02  0  0  0  0  8   0  0  0  0 10     0
PCGAMGPOpt_AGG        55 1.0 6.7967e-01 1.0 1.45e+08 1.0 0.0e+00 0.0e+00 2.3e+03  0  0  0  0 19   0  0  0  0 24  8540
GAMG: createProl      66 1.0 3.2832e+00 1.0 1.97e+08 1.0 0.0e+00 0.0e+00 4.9e+03  1  0  0  0 41   1  1  0  0 52  2404
  Graph              132 1.0 1.1012e+00 1.0 5.15e+06 1.0 0.0e+00 0.0e+00 1.5e+03  0  0  0  0 12   0  0  0  0 15   187
  MIS/Agg             66 1.0 4.8096e-02 1.0 0.00e+00 0.0 0.0e+00 0.0e+00 6.6e+01  0  0  0  0  1   0  0  0  0  1     0
  SA: col data        55 1.0 4.8738e-02 1.0 0.00e+00 0.0 0.0e+00 0.0e+00 2.2e+02  0  0  0  0  2   0  0  0  0  2     0
  SA: frmProl0        55 1.0 1.2327e-01 1.0 0.00e+00 0.0 0.0e+00 0.0e+00 4.4e+02  0  0  0  0  4   0  0  0  0  5     0
  SA: smooth          55 1.0 2.8430e-01 1.0 6.07e+06 1.0 0.0e+00 0.0e+00 7.7e+02  0  0  0  0  6   0  0  0  0  8   854
GAMG: partLevel       55 1.0 2.4068e-01 1.0 1.14e+07 1.0 0.0e+00 0.0e+00 8.2e+02  0  0  0  0  7   0  0  0  0  9  1892
  repartition         11 1.0 3.1233e-05 2.7 0.00e+00 0.0 0.0e+00 0.0e+00 0.0e+00  0  0  0  0  0   0  0  0  0  0     0
PCSetUp              154 1.0 1.9103e+01 1.1 7.07e+09 1.0 8.8e+03 1.5e+02 6.3e+03  3  1  0  0 52   7 20  1  0 66 14619
PCSetUpOnBlocks      275 1.0 9.6298e+00 1.2 1.41e+09 1.2 0.0e+00 0.0e+00 0.0e+00  2  0  0  0  0   3  4  0  0  0  5482
PCApply              165 1.0 1.7639e+01 1.0 1.62e+10 1.0 4.4e+04 1.6e+04 6.2e+03  3  3  0  1 52   7 47  7  3 66 36528
KSPSetUp             275 1.0 5.3393e-02 1.4 0.00e+00 0.0 0.0e+00 0.0e+00 1.3e+02  0  0  0  0  1   0  0  0  0  1     0
KSPSolve              44 1.0 3.7136e+01 1.0 2.47e+10 1.0 8.1e+04 2.1e+04 6.9e+03  7  5  1  3 57  14 71 13  7 73 26326
KSPGMRESOrthog       561 1.0 1.1444e-01 1.1 7.09e+07 1.0 0.0e+00 0.0e+00 5.6e+02  0  0  0  0  5   0  0  0  0  6 24783
SNESSolve             44 1.0 6.2352e+01 1.0 3.48e+10 1.0 2.2e+05 2.4e+04 7.1e+03 11  7  2 10 59  24100 34 20 75 21952
SNESFunctionEval      44 1.0 4.8355e+00 1.1 5.09e+09 1.0 1.4e+05 2.0e+04 2.6e+02  1  1  2  5  2   2 15 21 10  3 41571
SNESJacobianEval      44 1.0 2.0638e+01 1.0 4.97e+09 1.1 1.8e+03 4.2e+05 0.0e+00  4  1  0  1  0   8 14  0  3  0  9194
Mesh Partition        22 1.0 4.9611e-01 1.0 0.00e+00 0.0 2.4e+05 2.9e+01 1.1e+02  0  0  3  0  1   0  0 38  0  1     0
Mesh Migration        22 1.0 8.9374e-02 1.0 0.00e+00 0.0 9.9e+04 2.6e+02 4.7e+02  0  0  1  0  4   0  0 16  0  5     0
DMPlexInterp          11 1.0 3.2570e-03 1.2 0.00e+00 0.0 0.0e+00 0.0e+00 2.2e+01  0  0  0  0  0   0  0  0  0  0     0
DMPlexDistribute      11 1.0 5.3933e-01 1.0 0.00e+00 0.0 1.2e+05 2.1e+02 2.1e+02  0  0  1  0  2   0  0 19  0  2     0
DMPlexDistCones       22 1.0 2.0329e-02 1.1 0.00e+00 0.0 2.4e+04 4.0e+02 0.0e+00  0  0  0  0  0   0  0  4  0  0     0
DMPlexDistLabels      22 1.0 4.1439e-02 1.0 0.00e+00 0.0 3.4e+04 2.7e+02 2.9e+02  0  0  0  0  2   0  0  5  0  3     0
DMPlexDistOvrlp       11 1.0 5.0458e-02 1.0 0.00e+00 0.0 2.3e+05 4.9e+01 3.7e+02  0  0  3  0  3   0  0 35  0  4     0
DMPlexDistField       33 1.0 1.2764e-02 1.1 0.00e+00 0.0 3.2e+04 1.3e+02 2.2e+01  0  0  0  0  0   0  0  5  0  0     0
DMPlexDistData        22 1.0 1.1492e-01 3.7 0.00e+00 0.0 2.1e+05 1.9e+01 0.0e+00  0  0  2  0  0   0  0 33  0  0     0
DMPlexStratify        44 1.0 3.3221e-02 1.6 0.00e+00 0.0 0.0e+00 0.0e+00 4.4e+01  0  0  0  0  0   0  0  0  0  0     0
CreateMesh            88 1.0 6.6340e-01 1.0 0.00e+00 0.0 3.4e+05 1.1e+02 6.3e+02  0  0  4  0  5   0  0 54  0  7     0
Mesh: reorder         11 1.0 2.6035e-03 1.1 0.00e+00 0.0 0.0e+00 0.0e+00 2.2e+01  0  0  0  0  0   0  0  0  0  0     0
Mesh: numbering       11 1.0 1.7464e-02 1.4 0.00e+00 0.0 0.0e+00 0.0e+00 2.2e+01  0  0  0  0  0   0  0  0  0  0     0
CreateFunctionSpace     715 1.0 4.6934e+00 1.1 0.00e+00 0.0 8.9e+03 9.5e+01 0.0e+00  1  0  0  0  0   2  0  1  0  0     0
ParLoopExecute       726 1.0 3.4744e+01 1.0 2.95e+10 1.0 1.9e+05 1.8e+04 3.7e+02  6  6  2  6  3  13 85 31 13  4 33671
ParLoopCells         902 1.0 1.8046e+01 1.0 2.63e+10 1.0 0.0e+00 0.0e+00 0.0e+00  3  5  0  0  0   7 77  0  0  0 58238
ParLoopRednBegin     726 1.0 1.5358e-02 1.2 0.00e+00 0.0 0.0e+00 0.0e+00 0.0e+00  0  0  0  0  0   0  0  0  0  0     0
ParLoopRednEnd       726 1.0 3.8719e-03 1.2 0.00e+00 0.0 0.0e+00 0.0e+00 0.0e+00  0  0  0  0  0   0  0  0  0  0     0
ParLoopset_5           2 1.0 9.4295e-04 1.2 0.00e+00 0.0 0.0e+00 0.0e+00 0.0e+00  0  0  0  0  0   0  0  0  0  0     0
CreateExtMesh         11 1.0 1.2917e-01 1.1 0.00e+00 0.0 0.0e+00 0.0e+00 0.0e+00  0  0  0  0  0   0  0  0  0  0     0
CreateSparsity        44 1.0 7.0800e+01 1.0 0.00e+00 0.0 2.1e+04 3.1e+05 2.4e+02 13  0  0 12  2  27  0  3 24  3     0
MatZeroInitial        66 1.0 4.6193e+01 1.2 0.00e+00 0.0 0.0e+00 0.0e+00 0.0e+00  8  0  0  0  0  17  0  0  0  0     0
ParLoopset_8           2 1.0 1.8902e-03 1.1 0.00e+00 0.0 0.0e+00 0.0e+00 0.0e+00  0  0  0  0  0   0  0  0  0  0     0
ApplyBC               11 1.0 2.2033e-01 4.1 0.00e+00 0.0 0.0e+00 0.0e+00 0.0e+00  0  0  0  0  0   0  0  0  0  0     0
ParLoopset_10         10 1.0 1.9727e-03 1.3 0.00e+00 0.0 0.0e+00 0.0e+00 0.0e+00  0  0  0  0  0   0  0  0  0  0     0
ParLoopset_9          10 1.0 2.6321e-03 1.2 0.00e+00 0.0 0.0e+00 0.0e+00 0.0e+00  0  0  0  0  0   0  0  0  0  0     0
VertHybridInit        11 1.0 6.0228e+00 1.0 5.45e+09 1.0 8.8e+03 1.5e+02 2.2e+02  1  1  0  0  2   2 16  1  0  2 36216
VertHybridBreak       11 1.0 1.1340e-01 1.7 0.00e+00 0.0 0.0e+00 0.0e+00 2.2e+01  0  0  0  0  0   0  0  0  0  0     0
VertHybridRHS         11 1.0 5.3322e-02 1.1 0.00e+00 0.0 0.0e+00 0.0e+00 0.0e+00  0  0  0  0  0   0  0  0  0  0     0
VertHybridSolve       11 1.0 8.7010e+00 1.0 5.73e+09 1.0 3.0e+04 1.3e+04 6.2e+03  2  1  0  1 51   3 17  5  2 66 26346
ParLoopset_13          4 1.0 2.1441e-03 1.3 0.00e+00 0.0 0.0e+00 0.0e+00 0.0e+00  0  0  0  0  0   0  0  0  0  0     0
ParLoopset_12          2 1.0 2.5511e-04 1.6 0.00e+00 0.0 0.0e+00 0.0e+00 0.0e+00  0  0  0  0  0   0  0  0  0  0     0
VertHybridRecon       11 1.0 1.4224e-02 1.0 0.00e+00 0.0 0.0e+00 0.0e+00 0.0e+00  0  0  0  0  0   0  0  0  0  0     0
VertHybridRecover      11 1.0 4.5762e+00 1.0 8.55e+09 1.0 1.5e+04 2.1e+04 2.2e+01  1  2  0  1  0   2 25  2  1  0 74744
Gusto:SolverSetup      11 1.0 1.6743e+02 1.0 6.31e+09 1.2 7.8e+04 2.5e+05 9.8e+02 30  1  1 37  8  65 17 12 76 10  1413
Gusto:HybridProjectRhobar      11 1.0 1.3516e+01 1.0 3.14e+09 1.2 2.9e+04 3.1e+04 7.7e+01  2  1  0  2  1   5  9  5  3  1  8708
ParLoopset_15          4 1.0 7.9727e-04 2.9 0.00e+00 0.0 0.0e+00 0.0e+00 0.0e+00  0  0  0  0  0   0  0  0  0  0     0
ParLoopExtFacets      88 1.0 4.2269e-02 1.2 0.00e+00 0.0 0.0e+00 0.0e+00 0.0e+00  0  0  0  0  0   0  0  0  0  0     0
ParLoopIntFacets      88 1.0 1.0497e+01 1.2 3.27e+09 1.2 0.0e+00 0.0e+00 0.0e+00  2  1  0  0  0   4  9  0  0  0 11330
Gusto:HybridProjectPibar      11 1.0 1.3681e+01 1.0 3.17e+09 1.2 2.0e+04 3.7e+04 5.5e+01  2  1  0  1  0   5  9  3  3  1  8687
ParLoopset_21          2 1.0 4.1008e-05 1.3 0.00e+00 0.0 0.0e+00 0.0e+00 0.0e+00  0  0  0  0  0   0  0  0  0  0     0
ParLoopset_24          2 1.0 5.1522e-04 1.9 0.00e+00 0.0 0.0e+00 0.0e+00 0.0e+00  0  0  0  0  0   0  0  0  0  0     0
ParLoopset_26         10 1.0 4.6730e-04 1.5 0.00e+00 0.0 0.0e+00 0.0e+00 0.0e+00  0  0  0  0  0   0  0  0  0  0     0
ParLoopset_25         10 1.0 1.2259e-03 1.2 0.00e+00 0.0 0.0e+00 0.0e+00 0.0e+00  0  0  0  0  0   0  0  0  0  0     0
ParLoopset_29          4 1.0 4.3297e-04 1.5 0.00e+00 0.0 0.0e+00 0.0e+00 0.0e+00  0  0  0  0  0   0  0  0  0  0     0
ParLoopset_28          2 1.0 1.3494e-04 1.5 0.00e+00 0.0 0.0e+00 0.0e+00 0.0e+00  0  0  0  0  0   0  0  0  0  0     0
ParLoopset_31          4 1.0 8.3804e-04 2.9 0.00e+00 0.0 0.0e+00 0.0e+00 0.0e+00  0  0  0  0  0   0  0  0  0  0     0
ParLoopset_37          2 1.0 3.7909e-05 1.4 0.00e+00 0.0 0.0e+00 0.0e+00 0.0e+00  0  0  0  0  0   0  0  0  0  0     0
ParLoopset_40          2 1.0 5.7817e-04 2.2 0.00e+00 0.0 0.0e+00 0.0e+00 0.0e+00  0  0  0  0  0   0  0  0  0  0     0
ParLoopset_42         10 1.0 4.7278e-04 1.5 0.00e+00 0.0 0.0e+00 0.0e+00 0.0e+00  0  0  0  0  0   0  0  0  0  0     0
ParLoopset_41         10 1.0 1.1806e-03 1.3 0.00e+00 0.0 0.0e+00 0.0e+00 0.0e+00  0  0  0  0  0   0  0  0  0  0     0
ParLoopset_45          4 1.0 4.6706e-04 1.6 0.00e+00 0.0 0.0e+00 0.0e+00 0.0e+00  0  0  0  0  0   0  0  0  0  0     0
ParLoopset_44          2 1.0 1.3018e-04 1.5 0.00e+00 0.0 0.0e+00 0.0e+00 0.0e+00  0  0  0  0  0   0  0  0  0  0     0
ParLoopset_47          4 1.0 8.1992e-04 2.6 0.00e+00 0.0 0.0e+00 0.0e+00 0.0e+00  0  0  0  0  0   0  0  0  0  0     0
ParLoopset_53          2 1.0 3.6955e-05 1.3 0.00e+00 0.0 0.0e+00 0.0e+00 0.0e+00  0  0  0  0  0   0  0  0  0  0     0
ParLoopset_56          2 1.0 5.0378e-04 1.9 0.00e+00 0.0 0.0e+00 0.0e+00 0.0e+00  0  0  0  0  0   0  0  0  0  0     0
ParLoopset_58         10 1.0 4.8113e-04 1.5 0.00e+00 0.0 0.0e+00 0.0e+00 0.0e+00  0  0  0  0  0   0  0  0  0  0     0
ParLoopset_57         10 1.0 1.2410e-03 1.3 0.00e+00 0.0 0.0e+00 0.0e+00 0.0e+00  0  0  0  0  0   0  0  0  0  0     0
ParLoopset_61          4 1.0 5.6791e-04 2.0 0.00e+00 0.0 0.0e+00 0.0e+00 0.0e+00  0  0  0  0  0   0  0  0  0  0     0
ParLoopset_60          2 1.0 1.3614e-04 1.6 0.00e+00 0.0 0.0e+00 0.0e+00 0.0e+00  0  0  0  0  0   0  0  0  0  0     0
ParLoopset_63          4 1.0 6.8402e-04 1.8 0.00e+00 0.0 0.0e+00 0.0e+00 0.0e+00  0  0  0  0  0   0  0  0  0  0     0
ParLoopset_69          2 1.0 3.8862e-05 1.4 0.00e+00 0.0 0.0e+00 0.0e+00 0.0e+00  0  0  0  0  0   0  0  0  0  0     0
ParLoopset_72          2 1.0 7.2575e-04 3.1 0.00e+00 0.0 0.0e+00 0.0e+00 0.0e+00  0  0  0  0  0   0  0  0  0  0     0
ParLoopset_74         10 1.0 4.5919e-04 1.4 0.00e+00 0.0 0.0e+00 0.0e+00 0.0e+00  0  0  0  0  0   0  0  0  0  0     0
ParLoopset_73         10 1.0 1.1761e-03 1.3 0.00e+00 0.0 0.0e+00 0.0e+00 0.0e+00  0  0  0  0  0   0  0  0  0  0     0
ParLoopset_77          4 1.0 4.2009e-04 1.4 0.00e+00 0.0 0.0e+00 0.0e+00 0.0e+00  0  0  0  0  0   0  0  0  0  0     0
ParLoopset_76          2 1.0 1.3304e-04 1.4 0.00e+00 0.0 0.0e+00 0.0e+00 0.0e+00  0  0  0  0  0   0  0  0  0  0     0
ParLoopset_79          4 1.0 7.8893e-04 2.5 0.00e+00 0.0 0.0e+00 0.0e+00 0.0e+00  0  0  0  0  0   0  0  0  0  0     0
ParLoopset_85          2 1.0 3.8862e-05 1.3 0.00e+00 0.0 0.0e+00 0.0e+00 0.0e+00  0  0  0  0  0   0  0  0  0  0     0
ParLoopset_88          2 1.0 4.3011e-04 1.8 0.00e+00 0.0 0.0e+00 0.0e+00 0.0e+00  0  0  0  0  0   0  0  0  0  0     0
ParLoopset_90         10 1.0 4.7898e-04 1.5 0.00e+00 0.0 0.0e+00 0.0e+00 0.0e+00  0  0  0  0  0   0  0  0  0  0     0
ParLoopset_89         10 1.0 1.2155e-03 1.3 0.00e+00 0.0 0.0e+00 0.0e+00 0.0e+00  0  0  0  0  0   0  0  0  0  0     0
ParLoopset_93          4 1.0 6.1202e-04 2.1 0.00e+00 0.0 0.0e+00 0.0e+00 0.0e+00  0  0  0  0  0   0  0  0  0  0     0
ParLoopset_92          2 1.0 1.3494e-04 1.5 0.00e+00 0.0 0.0e+00 0.0e+00 0.0e+00  0  0  0  0  0   0  0  0  0  0     0
ParLoopset_95          4 1.0 8.2397e-04 2.9 0.00e+00 0.0 0.0e+00 0.0e+00 0.0e+00  0  0  0  0  0   0  0  0  0  0     0
ParLoopset_101         2 1.0 3.7193e-05 1.4 0.00e+00 0.0 0.0e+00 0.0e+00 0.0e+00  0  0  0  0  0   0  0  0  0  0     0
ParLoopset_104         2 1.0 5.9199e-04 2.7 0.00e+00 0.0 0.0e+00 0.0e+00 0.0e+00  0  0  0  0  0   0  0  0  0  0     0
ParLoopset_106        10 1.0 4.7803e-04 1.5 0.00e+00 0.0 0.0e+00 0.0e+00 0.0e+00  0  0  0  0  0   0  0  0  0  0     0
ParLoopset_105        10 1.0 1.0610e-03 1.6 0.00e+00 0.0 0.0e+00 0.0e+00 0.0e+00  0  0  0  0  0   0  0  0  0  0     0
ParLoopset_109         4 1.0 4.1628e-04 1.6 0.00e+00 0.0 0.0e+00 0.0e+00 0.0e+00  0  0  0  0  0   0  0  0  0  0     0
ParLoopset_108         2 1.0 1.3328e-04 1.4 0.00e+00 0.0 0.0e+00 0.0e+00 0.0e+00  0  0  0  0  0   0  0  0  0  0     0
ParLoopset_111         4 1.0 7.3195e-04 2.5 0.00e+00 0.0 0.0e+00 0.0e+00 0.0e+00  0  0  0  0  0   0  0  0  0  0     0
ParLoopset_117         2 1.0 3.6955e-05 1.2 0.00e+00 0.0 0.0e+00 0.0e+00 0.0e+00  0  0  0  0  0   0  0  0  0  0     0
ParLoopset_120         2 1.0 8.1396e-04 3.5 0.00e+00 0.0 0.0e+00 0.0e+00 0.0e+00  0  0  0  0  0   0  0  0  0  0     0
ParLoopset_122        10 1.0 5.1761e-04 1.6 0.00e+00 0.0 0.0e+00 0.0e+00 0.0e+00  0  0  0  0  0   0  0  0  0  0     0
ParLoopset_121        10 1.0 1.2867e-03 1.5 0.00e+00 0.0 0.0e+00 0.0e+00 0.0e+00  0  0  0  0  0   0  0  0  0  0     0
ParLoopset_125         4 1.0 6.0892e-04 2.1 0.00e+00 0.0 0.0e+00 0.0e+00 0.0e+00  0  0  0  0  0   0  0  0  0  0     0
ParLoopset_124         2 1.0 1.7762e-04 2.0 0.00e+00 0.0 0.0e+00 0.0e+00 0.0e+00  0  0  0  0  0   0  0  0  0  0     0
ParLoopset_127         4 1.0 8.1277e-04 2.6 0.00e+00 0.0 0.0e+00 0.0e+00 0.0e+00  0  0  0  0  0   0  0  0  0  0     0
ParLoopset_133         2 1.0 3.9101e-05 1.5 0.00e+00 0.0 0.0e+00 0.0e+00 0.0e+00  0  0  0  0  0   0  0  0  0  0     0
ParLoopset_136         2 1.0 5.8007e-04 2.8 0.00e+00 0.0 0.0e+00 0.0e+00 0.0e+00  0  0  0  0  0   0  0  0  0  0     0
ParLoopset_138        10 1.0 4.8542e-04 1.5 0.00e+00 0.0 0.0e+00 0.0e+00 0.0e+00  0  0  0  0  0   0  0  0  0  0     0
ParLoopset_137        10 1.0 1.0500e-03 1.5 0.00e+00 0.0 0.0e+00 0.0e+00 0.0e+00  0  0  0  0  0   0  0  0  0  0     0
ParLoopset_141         4 1.0 6.0987e-04 2.1 0.00e+00 0.0 0.0e+00 0.0e+00 0.0e+00  0  0  0  0  0   0  0  0  0  0     0
ParLoopset_140         2 1.0 1.3113e-04 1.4 0.00e+00 0.0 0.0e+00 0.0e+00 0.0e+00  0  0  0  0  0   0  0  0  0  0     0
ParLoopset_143         4 1.0 7.7581e-04 2.5 0.00e+00 0.0 0.0e+00 0.0e+00 0.0e+00  0  0  0  0  0   0  0  0  0  0     0
ParLoopset_149         2 1.0 3.6001e-05 1.3 0.00e+00 0.0 0.0e+00 0.0e+00 0.0e+00  0  0  0  0  0   0  0  0  0  0     0
ParLoopset_152         2 1.0 5.3000e-04 2.1 0.00e+00 0.0 0.0e+00 0.0e+00 0.0e+00  0  0  0  0  0   0  0  0  0  0     0
ParLoopset_154        10 1.0 4.8494e-04 1.5 0.00e+00 0.0 0.0e+00 0.0e+00 0.0e+00  0  0  0  0  0   0  0  0  0  0     0
ParLoopset_153        10 1.0 1.1349e-03 1.4 0.00e+00 0.0 0.0e+00 0.0e+00 0.0e+00  0  0  0  0  0   0  0  0  0  0     0
ParLoopset_157         4 1.0 4.5109e-04 1.6 0.00e+00 0.0 0.0e+00 0.0e+00 0.0e+00  0  0  0  0  0   0  0  0  0  0     0
ParLoopset_156         2 1.0 1.2803e-04 1.4 0.00e+00 0.0 0.0e+00 0.0e+00 0.0e+00  0  0  0  0  0   0  0  0  0  0     0
ParLoopset_159         4 1.0 6.5184e-04 2.1 0.00e+00 0.0 0.0e+00 0.0e+00 0.0e+00  0  0  0  0  0   0  0  0  0  0     0
ParLoopset_165         2 1.0 3.6001e-05 1.3 0.00e+00 0.0 0.0e+00 0.0e+00 0.0e+00  0  0  0  0  0   0  0  0  0  0     0
ParLoopset_168         2 1.0 8.1491e-04 3.3 0.00e+00 0.0 0.0e+00 0.0e+00 0.0e+00  0  0  0  0  0   0  0  0  0  0     0
ParLoopset_170        10 1.0 5.1475e-04 1.6 0.00e+00 0.0 0.0e+00 0.0e+00 0.0e+00  0  0  0  0  0   0  0  0  0  0     0
ParLoopset_169        10 1.0 1.1587e-03 1.2 0.00e+00 0.0 0.0e+00 0.0e+00 0.0e+00  0  0  0  0  0   0  0  0  0  0     0
ParLoopset_173         4 1.0 4.6611e-04 1.7 0.00e+00 0.0 0.0e+00 0.0e+00 0.0e+00  0  0  0  0  0   0  0  0  0  0     0
ParLoopset_172         2 1.0 1.3471e-04 1.4 0.00e+00 0.0 0.0e+00 0.0e+00 0.0e+00  0  0  0  0  0   0  0  0  0  0     0
ParLoopset_175         4 1.0 7.1025e-04 2.2 0.00e+00 0.0 0.0e+00 0.0e+00 0.0e+00  0  0  0  0  0   0  0  0  0  0     0

--- Event Stage 1: Warm-up stage

BuildTwoSided         11 1.0 3.0808e-02 4.4 0.00e+00 0.0 1.2e+03 4.0e+00 0.0e+00  0  0  0  0  0   0  0  0  0  0     0
BuildTwoSidedF        88 1.0 1.5172e+00 2.0 0.00e+00 0.0 5.5e+03 3.0e+05 0.0e+00  0  0  0  3  0   1  0  0 11  0     0
SFSetGraph            22 1.0 1.0287e-02 1.2 0.00e+00 0.0 0.0e+00 0.0e+00 0.0e+00  0  0  0  0  0   0  0  0  0  0     0
SFSetUp               11 1.0 6.1972e-02 1.2 0.00e+00 0.0 3.7e+03 2.6e+04 0.0e+00  0  0  0  0  0   0  0  0  1  0     0
SFBcastBegin         165 1.0 4.4971e-02 1.3 0.00e+00 0.0 3.7e+04 3.3e+04 0.0e+00  0  0  0  2  0   0  0  1  8  0     0
SFBcastEnd           165 1.0 2.5688e+01132.1 0.00e+00 0.0 0.0e+00 0.0e+00 0.0e+00  2  0  0  0  0   5  0  0  0  0     0
SFReduceBegin        187 1.0 2.5698e-01 9.1 0.00e+00 0.0 4.2e+04 4.6e+04 0.0e+00  0  0  0  4  0   0  0  1 12  0     0
SFReduceEnd          187 1.0 2.4714e+0172.7 0.00e+00 0.0 0.0e+00 0.0e+00 0.0e+00  2  0  0  0  0   6  0  0  0  0     0
VecMDot              156 1.0 1.1613e+00 4.0 1.96e+08 1.1 0.0e+00 0.0e+00 1.6e+02  0  0  0  0  1   0  0  0  0  7  6326
VecNorm              167 1.0 8.6568e-02 3.3 2.64e+07 1.1 0.0e+00 0.0e+00 1.7e+02  0  0  0  0  1   0  0  0  0  7 11438
VecScale             791 1.0 1.3070e-02 1.2 1.32e+07 1.1 0.0e+00 0.0e+00 0.0e+00  0  0  0  0  0   0  0  0  0  0 37878
VecCopy              701 1.0 2.2193e-01 1.1 0.00e+00 0.0 0.0e+00 0.0e+00 0.0e+00  0  0  0  0  0   0  0  0  0  0     0
VecSet              7464 1.0 4.9296e-01 1.5 0.00e+00 0.0 0.0e+00 0.0e+00 0.0e+00  0  0  0  0  0   0  0  0  0  0     0
VecAXPY             6886 1.0 8.8090e-01 1.2 2.86e+08 1.1 0.0e+00 0.0e+00 0.0e+00  0  0  0  0  0   0  0  0  0  0 12230
VecAYPX             6240 1.0 8.2284e-01 1.9 1.26e+08 1.1 0.0e+00 0.0e+00 0.0e+00  0  0  0  0  0   0  0  0  0  0  5756
VecMAXPY             167 1.0 4.7632e-01 1.2 2.20e+08 1.1 0.0e+00 0.0e+00 0.0e+00  0  0  0  0  0   0  0  0  0  0 17364
VecScatterBegin     7071 1.0 5.3733e-01 1.3 0.00e+00 0.0 4.0e+06 2.6e+03 0.0e+00  0  0 45 19  0   0  0 95 68  0     0
VecScatterEnd       7071 1.0 7.1561e+00 3.9 0.00e+00 0.0 0.0e+00 0.0e+00 0.0e+00  1  0  0  0  0   2  0  0  0  0     0
MatMult             7130 1.0 2.6402e+01 1.2 9.37e+09 1.1 3.8e+06 2.6e+03 0.0e+00  4  2 42 18  0  14  3 89 64  0 13350
MatMultAdd           624 1.0 4.3092e-01 1.2 2.52e+07 1.1 0.0e+00 0.0e+00 0.0e+00  0  0  0  0  0   0  0  0  0  0  2198
MatSolve            6396 1.0 2.0279e+01 1.2 7.55e+09 1.2 0.0e+00 0.0e+00 0.0e+00  3  1  0  0  0  11  3  0  0  0 14035
MatLUFactorSym        11 1.0 7.9679e-04 1.1 0.00e+00 0.0 0.0e+00 0.0e+00 0.0e+00  0  0  0  0  0   0  0  0  0  0     0
MatLUFactorNum        55 1.0 1.0848e+00 1.3 4.66e+08 1.2 0.0e+00 0.0e+00 0.0e+00  0  0  0  0  0   1  0  0  0  0 15772
MatILUFactorSym       44 1.0 3.8939e-01 1.4 0.00e+00 0.0 0.0e+00 0.0e+00 0.0e+00  0  0  0  0  0   0  0  0  0  0     0
MatConvert            11 1.0 6.6304e-04 1.1 0.00e+00 0.0 0.0e+00 0.0e+00 0.0e+00  0  0  0  0  0   0  0  0  0  0     0
MatResidual          624 1.0 2.4270e+00 1.4 8.17e+08 1.1 3.7e+05 2.4e+03 0.0e+00  0  0  4  2  0   1  0  9  6  0 12659
MatAssemblyBegin     132 1.0 2.2988e+00 1.8 0.00e+00 0.0 5.5e+03 3.0e+05 0.0e+00  0  0  0  3  0   1  0  0 11  0     0
MatAssemblyEnd       132 1.0 1.4491e+00 2.0 0.00e+00 0.0 8.7e+04 3.7e+02 4.4e+02  0  0  1  0  4   1  0  2  0 19     0
MatGetRowIJ           55 1.0 7.8678e-05 1.4 0.00e+00 0.0 0.0e+00 0.0e+00 0.0e+00  0  0  0  0  0   0  0  0  0  0     0
MatCreateSubMats      11 1.0 3.6173e-03 1.0 0.00e+00 0.0 0.0e+00 0.0e+00 4.4e+01  0  0  0  0  0   0  0  0  0  2     0
MatGetOrdering        55 1.0 2.1014e-02 1.2 0.00e+00 0.0 0.0e+00 0.0e+00 0.0e+00  0  0  0  0  0   0  0  0  0  0     0
MatZeroEntries        11 1.0 1.1776e-01 1.1 0.00e+00 0.0 0.0e+00 0.0e+00 0.0e+00  0  0  0  0  0   0  0  0  0  0     0
MatRedundantMat       11 1.0 4.3840e-03 1.0 0.00e+00 0.0 0.0e+00 0.0e+00 4.4e+01  0  0  0  0  0   0  0  0  0  2     0
MatMPIConcateSeq      11 1.0 6.7687e-04 1.1 0.00e+00 0.0 0.0e+00 0.0e+00 0.0e+00  0  0  0  0  0   0  0  0  0  0     0
PCSetUp               66 1.0 4.6432e+01 1.0 6.07e+10 1.0 1.6e+05 1.5e+04 1.8e+03  8 13  2  4 15  27 24  4 15 79 52246
PCSetUpOnBlocks     1248 1.0 1.4951e+00 1.3 4.65e+08 1.2 0.0e+00 0.0e+00 0.0e+00  0  0  0  0  0   1  0  0  0  0 11431
PCApply               11 1.0 1.2722e+02 1.0 1.83e+11 1.0 4.2e+06 2.7e+03 2.0e+03 23 38 47 21 17  74 72 98 73 88 57195
KSPSetUp             143 1.0 7.8458e-02 1.2 0.00e+00 0.0 0.0e+00 0.0e+00 1.1e+02  0  0  0  0  1   0  0  0  0  5     0
KSPSolve              11 1.0 1.6422e+02 1.0 2.43e+11 1.0 4.2e+06 3.1e+03 2.2e+03 30 50 47 24 18  95 96 99 84 97 58851
KSPGMRESOrthog       156 1.0 1.5768e+00 2.4 3.91e+08 1.1 0.0e+00 0.0e+00 1.6e+02  0  0  0  0  1   1  0  0  0  7  9318
SNESSolve             11 1.0 1.7180e+02 1.0 2.54e+11 1.0 4.3e+06 3.6e+03 2.3e+03 31 53 47 29 19 100100100100 99 58848
SNESFunctionEval      11 1.0 7.5486e+00 1.0 1.14e+10 1.0 6.3e+04 3.9e+04 4.4e+01  1  2  1  5  0   4  4  1 16  2 58980
SNESJacobianEval      11 1.0 4.8130e-02 1.6 0.00e+00 0.0 0.0e+00 0.0e+00 0.0e+00  0  0  0  0  0   0  0  0  0  0     0
CreateFunctionSpace     198 1.0 1.2340e-01 1.2 0.00e+00 0.0 0.0e+00 0.0e+00 0.0e+00  0  0  0  0  0   0  0  0  0  0     0
ParLoopExecute       330 1.0 9.9059e+01 1.1 2.36e+11 1.0 8.3e+04 3.9e+04 4.4e+01 17 49  1  6  0  54 93  2 21  2 95127
ParLoopCells         330 1.0 7.2283e+01 1.0 2.33e+11 1.0 0.0e+00 0.0e+00 0.0e+00 13 49  0  0  0  41 92  0  0  0 128931
ParLoopRednBegin     330 1.0 1.0306e-02 1.3 0.00e+00 0.0 0.0e+00 0.0e+00 0.0e+00  0  0  0  0  0   0  0  0  0  0     0
ParLoopRednEnd       330 1.0 2.1150e-03 1.4 0.00e+00 0.0 0.0e+00 0.0e+00 0.0e+00  0  0  0  0  0   0  0  0  0  0     0
CreateSparsity        11 1.0 6.8094e+00 1.1 0.00e+00 0.0 1.8e+03 3.0e+05 4.4e+01  1  0  0  1  0   4  0  0  4  2     0
MatZeroInitial        11 1.0 1.6960e+00 1.1 0.00e+00 0.0 0.0e+00 0.0e+00 0.0e+00  0  0  0  0  0   1  0  0  0  0     0
ParLoopset_8           4 1.0 3.1390e-03 1.3 1.36e+05 1.1 0.0e+00 0.0e+00 0.0e+00  0  0  0  0  0   0  0  0  0  0  1675
ParLoopset_10          4 1.0 7.2813e-04 2.0 4.95e+04 1.0 0.0e+00 0.0e+00 0.0e+00  0  0  0  0  0   0  0  0  0  0  2721
ParLoopset_9           8 1.0 1.2724e-03 1.9 4.92e+04 1.0 0.0e+00 0.0e+00 0.0e+00  0  0  0  0  0   0  0  0  0  0  1545
ParLoopset_15          4 1.0 6.6900e-04 2.1 0.00e+00 0.0 0.0e+00 0.0e+00 0.0e+00  0  0  0  0  0   0  0  0  0  0     0
ParLoopIntFacets      66 1.0 1.5098e+00 1.2 2.85e+09 1.2 0.0e+00 0.0e+00 0.0e+00  0  1  0  0  0   1  1  0  0  0 68594
ParLoopset_14          4 1.0 1.6263e-03 2.3 0.00e+00 0.0 0.0e+00 0.0e+00 0.0e+00  0  0  0  0  0   0  0  0  0  0     0
SCPCInit              11 1.0 3.7065e+01 1.0 5.97e+10 1.0 1.1e+04 1.6e+05 2.0e+02  7 12  0  3  2  22 24  0 11  9 64430
SCForwardElim         11 1.0 1.7886e-01 2.1 0.00e+00 0.0 0.0e+00 0.0e+00 3.3e+01  0  0  0  0  0   0  0  0  0  1     0
SCSolve               11 1.0 8.2019e+01 1.0 7.62e+10 1.0 4.2e+06 2.6e+03 2.0e+03 15 16 47 20 16  48 30 98 71 86 36640
SCBackSub             11 1.0 4.5029e+01 1.0 1.07e+11 1.0 9.9e+03 3.9e+04 2.2e+01  8 22  0  1  0  26 42  0  2  1 94854
ParLoopset_24          4 1.0 1.8942e-03 3.3 1.36e+05 1.1 0.0e+00 0.0e+00 0.0e+00  0  0  0  0  0   0  0  0  0  0  2776
ParLoopset_26          4 1.0 6.8903e-04 1.9 4.95e+04 1.0 0.0e+00 0.0e+00 0.0e+00  0  0  0  0  0   0  0  0  0  0  2876
ParLoopset_25          8 1.0 1.1842e-03 1.8 4.92e+04 1.0 0.0e+00 0.0e+00 0.0e+00  0  0  0  0  0   0  0  0  0  0  1660
ParLoopset_31          4 1.0 7.1859e-04 2.4 0.00e+00 0.0 0.0e+00 0.0e+00 0.0e+00  0  0  0  0  0   0  0  0  0  0     0
ParLoopset_30          4 1.0 1.8322e-03 2.7 0.00e+00 0.0 0.0e+00 0.0e+00 0.0e+00  0  0  0  0  0   0  0  0  0  0     0
ParLoopset_40          4 1.0 2.0022e-03 3.9 1.36e+05 1.1 0.0e+00 0.0e+00 0.0e+00  0  0  0  0  0   0  0  0  0  0  2626
ParLoopset_42          4 1.0 7.3791e-04 2.4 4.95e+04 1.0 0.0e+00 0.0e+00 0.0e+00  0  0  0  0  0   0  0  0  0  0  2685
ParLoopset_41          8 1.0 1.2629e-03 2.3 4.92e+04 1.0 0.0e+00 0.0e+00 0.0e+00  0  0  0  0  0   0  0  0  0  0  1557
ParLoopset_47          4 1.0 6.8474e-04 2.3 0.00e+00 0.0 0.0e+00 0.0e+00 0.0e+00  0  0  0  0  0   0  0  0  0  0     0
ParLoopset_46          4 1.0 1.8570e-03 2.9 0.00e+00 0.0 0.0e+00 0.0e+00 0.0e+00  0  0  0  0  0   0  0  0  0  0     0
ParLoopset_56          4 1.0 2.1770e-03 4.8 1.36e+05 1.1 0.0e+00 0.0e+00 0.0e+00  0  0  0  0  0   0  0  0  0  0  2415
ParLoopset_58          4 1.0 8.8215e-04 4.0 4.95e+04 1.0 0.0e+00 0.0e+00 0.0e+00  0  0  0  0  0   0  0  0  0  0  2246
ParLoopset_57          8 1.0 1.2701e-03 2.6 4.92e+04 1.0 0.0e+00 0.0e+00 0.0e+00  0  0  0  0  0   0  0  0  0  0  1548
ParLoopset_63          4 1.0 7.4100e-04 2.2 0.00e+00 0.0 0.0e+00 0.0e+00 0.0e+00  0  0  0  0  0   0  0  0  0  0     0
ParLoopset_62          4 1.0 1.9121e-03 2.8 0.00e+00 0.0 0.0e+00 0.0e+00 0.0e+00  0  0  0  0  0   0  0  0  0  0     0
ParLoopset_72          4 1.0 1.6780e-03 2.3 1.36e+05 1.1 0.0e+00 0.0e+00 0.0e+00  0  0  0  0  0   0  0  0  0  0  3134
ParLoopset_74          4 1.0 7.8797e-04 1.9 4.95e+04 1.0 0.0e+00 0.0e+00 0.0e+00  0  0  0  0  0   0  0  0  0  0  2515
ParLoopset_73          8 1.0 1.0915e-03 1.6 4.92e+04 1.0 0.0e+00 0.0e+00 0.0e+00  0  0  0  0  0   0  0  0  0  0  1801
ParLoopset_79          4 1.0 5.4288e-04 1.8 0.00e+00 0.0 0.0e+00 0.0e+00 0.0e+00  0  0  0  0  0   0  0  0  0  0     0
ParLoopset_78          4 1.0 1.2169e-03 1.7 0.00e+00 0.0 0.0e+00 0.0e+00 0.0e+00  0  0  0  0  0   0  0  0  0  0     0
ParLoopset_88          4 1.0 2.0304e-03 2.4 1.36e+05 1.1 0.0e+00 0.0e+00 0.0e+00  0  0  0  0  0   0  0  0  0  0  2590
ParLoopset_90          4 1.0 8.1897e-04 2.0 4.95e+04 1.0 0.0e+00 0.0e+00 0.0e+00  0  0  0  0  0   0  0  0  0  0  2419
ParLoopset_89          8 1.0 1.3540e-03 2.0 4.92e+04 1.0 0.0e+00 0.0e+00 0.0e+00  0  0  0  0  0   0  0  0  0  0  1452
ParLoopset_95          4 1.0 7.7939e-04 2.8 0.00e+00 0.0 0.0e+00 0.0e+00 0.0e+00  0  0  0  0  0   0  0  0  0  0     0
ParLoopset_94          4 1.0 1.5051e-03 2.1 0.00e+00 0.0 0.0e+00 0.0e+00 0.0e+00  0  0  0  0  0   0  0  0  0  0     0
ParLoopset_104         4 1.0 1.9090e-03 3.3 1.36e+05 1.1 0.0e+00 0.0e+00 0.0e+00  0  0  0  0  0   0  0  0  0  0  2754
ParLoopset_106         4 1.0 1.0421e-03 3.0 4.95e+04 1.0 0.0e+00 0.0e+00 0.0e+00  0  0  0  0  0   0  0  0  0  0  1901
ParLoopset_105         8 1.0 1.3280e-03 2.3 4.92e+04 1.0 0.0e+00 0.0e+00 0.0e+00  0  0  0  0  0   0  0  0  0  0  1480
ParLoopset_111         4 1.0 5.9175e-04 1.9 0.00e+00 0.0 0.0e+00 0.0e+00 0.0e+00  0  0  0  0  0   0  0  0  0  0     0
ParLoopset_110         4 1.0 1.7250e-03 2.4 0.00e+00 0.0 0.0e+00 0.0e+00 0.0e+00  0  0  0  0  0   0  0  0  0  0     0
ParLoopset_120         4 1.0 1.9810e-03 3.0 1.36e+05 1.1 0.0e+00 0.0e+00 0.0e+00  0  0  0  0  0   0  0  0  0  0  2654
ParLoopset_122         4 1.0 8.8596e-04 2.4 4.95e+04 1.0 0.0e+00 0.0e+00 0.0e+00  0  0  0  0  0   0  0  0  0  0  2236
ParLoopset_121         8 1.0 1.1613e-03 1.9 4.92e+04 1.0 0.0e+00 0.0e+00 0.0e+00  0  0  0  0  0   0  0  0  0  0  1693
ParLoopset_127         4 1.0 6.5494e-04 1.7 0.00e+00 0.0 0.0e+00 0.0e+00 0.0e+00  0  0  0  0  0   0  0  0  0  0     0
ParLoopset_126         4 1.0 2.1930e-03 3.1 0.00e+00 0.0 0.0e+00 0.0e+00 0.0e+00  0  0  0  0  0   0  0  0  0  0     0
ParLoopset_136         4 1.0 1.9841e-03 2.7 1.36e+05 1.1 0.0e+00 0.0e+00 0.0e+00  0  0  0  0  0   0  0  0  0  0  2650
ParLoopset_138         4 1.0 8.1992e-04 1.9 4.95e+04 1.0 0.0e+00 0.0e+00 0.0e+00  0  0  0  0  0   0  0  0  0  0  2417
ParLoopset_137         8 1.0 1.2736e-03 2.2 4.92e+04 1.0 0.0e+00 0.0e+00 0.0e+00  0  0  0  0  0   0  0  0  0  0  1544
ParLoopset_143         4 1.0 7.1502e-04 2.1 0.00e+00 0.0 0.0e+00 0.0e+00 0.0e+00  0  0  0  0  0   0  0  0  0  0     0
ParLoopset_142         4 1.0 2.1610e-03 3.1 0.00e+00 0.0 0.0e+00 0.0e+00 0.0e+00  0  0  0  0  0   0  0  0  0  0     0
ParLoopset_152         4 1.0 1.9767e-03 2.2 1.36e+05 1.1 0.0e+00 0.0e+00 0.0e+00  0  0  0  0  0   0  0  0  0  0  2660
ParLoopset_154         4 1.0 7.3028e-04 1.7 4.95e+04 1.0 0.0e+00 0.0e+00 0.0e+00  0  0  0  0  0   0  0  0  0  0  2713
ParLoopset_153         8 1.0 1.1749e-03 1.6 4.92e+04 1.0 0.0e+00 0.0e+00 0.0e+00  0  0  0  0  0   0  0  0  0  0  1673
ParLoopset_159         4 1.0 6.8116e-04 2.3 0.00e+00 0.0 0.0e+00 0.0e+00 0.0e+00  0  0  0  0  0   0  0  0  0  0     0
ParLoopset_158         4 1.0 2.0790e-03 2.9 0.00e+00 0.0 0.0e+00 0.0e+00 0.0e+00  0  0  0  0  0   0  0  0  0  0     0
ParLoopset_168         4 1.0 1.6708e-03 2.0 1.36e+05 1.1 0.0e+00 0.0e+00 0.0e+00  0  0  0  0  0   0  0  0  0  0  3147
ParLoopset_170         4 1.0 6.9499e-04 1.5 4.95e+04 1.0 0.0e+00 0.0e+00 0.0e+00  0  0  0  0  0   0  0  0  0  0  2851
ParLoopset_169         8 1.0 1.0819e-03 1.6 4.92e+04 1.0 0.0e+00 0.0e+00 0.0e+00  0  0  0  0  0   0  0  0  0  0  1817
ParLoopset_175         4 1.0 7.1883e-04 2.4 0.00e+00 0.0 0.0e+00 0.0e+00 0.0e+00  0  0  0  0  0   0  0  0  0  0     0
ParLoopset_174         4 1.0 1.7083e-03 2.4 0.00e+00 0.0 0.0e+00 0.0e+00 0.0e+00  0  0  0  0  0   0  0  0  0  0     0

--- Event Stage 2: linear_solve

SFBcastBegin          88 1.0 4.7563e-0133.7 0.00e+00 0.0 2.0e+04 4.1e+04 0.0e+00  0  0  0  1  0   0  0  0  6  0     0
SFBcastEnd            88 1.0 2.8168e+01830.7 0.00e+00 0.0 0.0e+00 0.0e+00 0.0e+00  2  0  0  0  0   7  0  0  0  0     0
SFReduceBegin        187 1.0 6.2218e-0123.8 0.00e+00 0.0 4.2e+04 4.6e+04 0.0e+00  0  0  0  4  0   0  0  1 15  0     0
SFReduceEnd          187 1.0 2.7068e+0153.2 0.00e+00 0.0 0.0e+00 0.0e+00 0.0e+00  2  0  0  0  0  10  0  0  0  0     0
VecMDot              156 1.0 1.0826e+00 2.4 1.96e+08 1.1 0.0e+00 0.0e+00 1.6e+02  0  0  0  0  1   1  0  0  0 48  6785
VecNorm              167 1.0 6.4101e+00126.0 2.64e+07 1.1 0.0e+00 0.0e+00 1.7e+02  1  0  0  0  1   2  0  0  0 52   154
VecScale             791 1.0 3.0297e-02 2.6 1.32e+07 1.1 0.0e+00 0.0e+00 0.0e+00  0  0  0  0  0   0  0  0  0  0 16340
VecCopy              690 1.0 1.5653e-01 1.2 0.00e+00 0.0 0.0e+00 0.0e+00 0.0e+00  0  0  0  0  0   0  0  0  0  0     0
VecSet              7365 1.0 4.8319e-01 1.5 0.00e+00 0.0 0.0e+00 0.0e+00 0.0e+00  0  0  0  0  0   0  0  0  0  0     0
VecAXPY             6886 1.0 8.5903e-01 1.2 2.86e+08 1.1 0.0e+00 0.0e+00 0.0e+00  0  0  0  0  0   1  0  0  0  0 12541
VecAYPX             6240 1.0 8.2300e-01 1.9 1.26e+08 1.1 0.0e+00 0.0e+00 0.0e+00  0  0  0  0  0   1  0  0  0  0  5755
VecMAXPY             167 1.0 4.7238e-01 1.1 2.20e+08 1.1 0.0e+00 0.0e+00 0.0e+00  0  0  0  0  0   0  0  0  0  0 17509
VecScatterBegin     6906 1.0 4.8720e-01 1.5 0.00e+00 0.0 4.0e+06 2.5e+03 0.0e+00  0  0 45 18  0   0  0 98 78  0     0
VecScatterEnd       6906 1.0 6.7398e+00 3.5 0.00e+00 0.0 0.0e+00 0.0e+00 0.0e+00  1  0  0  0  0   3  0  0  0  0     0
MatMult             7020 1.0 2.5094e+01 1.2 8.82e+09 1.1 3.8e+06 2.6e+03 0.0e+00  4  2 42 18  0  18  4 93 78  0 13222
MatMultAdd           624 1.0 4.2333e-01 1.2 2.52e+07 1.1 0.0e+00 0.0e+00 0.0e+00  0  0  0  0  0   0  0  0  0  0  2238
MatSolve            6396 1.0 2.0095e+01 1.2 7.55e+09 1.2 0.0e+00 0.0e+00 0.0e+00  3  1  0  0  0  15  4  0  0  0 14163
MatResidual          624 1.0 2.4752e+00 1.4 8.17e+08 1.1 3.7e+05 2.4e+03 0.0e+00  0  0  4  2  0   2  0  9  7  0 12412
PCSetUpOnBlocks     1248 1.0 1.9255e-03 1.3 0.00e+00 0.0 0.0e+00 0.0e+00 0.0e+00  0  0  0  0  0   0  0  0  0  0     0
PCApply               11 1.0 1.1948e+02 1.1 1.82e+11 1.0 4.0e+06 2.6e+03 3.2e+02 21 38 45 20  3  92 94 99 85100 60586
KSPSetUp              11 1.0 1.2875e-0513.5 0.00e+00 0.0 0.0e+00 0.0e+00 0.0e+00  0  0  0  0  0   0  0  0  0  0     0
KSPSolve              11 1.0 1.1949e+02 1.1 1.82e+11 1.0 4.0e+06 2.6e+03 3.2e+02 21 38 45 20  3  92 94 99 85100 60581
KSPGMRESOrthog       156 1.0 1.4928e+00 1.8 3.91e+08 1.1 0.0e+00 0.0e+00 1.6e+02  0  0  0  0  1   1  0  0  0 48  9842
SNESSolve             11 1.0 1.2636e+02 1.1 1.93e+11 1.0 4.1e+06 3.1e+03 3.2e+02 22 40 45 23  3  97100100100100 60811
SNESFunctionEval      11 1.0 6.8883e+00 1.0 1.14e+10 1.0 4.2e+04 4.6e+04 0.0e+00  1  2  0  4  0   5  6  1 15  0 64619
SNESJacobianEval      11 1.0 1.1740e-03 2.8 0.00e+00 0.0 0.0e+00 0.0e+00 0.0e+00  0  0  0  0  0   0  0  0  0  0     0
ParLoopExecute       286 1.0 8.1149e+01 1.2 1.76e+11 1.0 6.2e+04 4.4e+04 0.0e+00 14 37  1  5  0  59 92  2 22  0 86692
ParLoopCells         308 1.0 5.2446e+01 1.0 1.73e+11 1.0 0.0e+00 0.0e+00 0.0e+00  9 36  0  0  0  41 90  0  0  0 132163
ParLoopRednBegin     286 1.0 1.7395e-03 1.2 0.00e+00 0.0 0.0e+00 0.0e+00 0.0e+00  0  0  0  0  0   0  0  0  0  0     0
ParLoopRednEnd       286 1.0 1.7376e-03 1.3 0.00e+00 0.0 0.0e+00 0.0e+00 0.0e+00  0  0  0  0  0   0  0  0  0  0     0
ParLoopset_9           6 1.0 7.4530e-04 2.0 0.00e+00 0.0 0.0e+00 0.0e+00 0.0e+00  0  0  0  0  0   0  0  0  0  0     0
ParLoopset_15          6 1.0 1.0862e-03 2.1 0.00e+00 0.0 0.0e+00 0.0e+00 0.0e+00  0  0  0  0  0   0  0  0  0  0     0
ParLoopIntFacets      66 1.0 1.4402e+00 1.2 2.85e+09 1.2 0.0e+00 0.0e+00 0.0e+00  0  1  0  0  0   1  1  0  0  0 71911
ParLoopset_14          6 1.0 2.3568e-03 1.9 0.00e+00 0.0 0.0e+00 0.0e+00 0.0e+00  0  0  0  0  0   0  0  0  0  0     0
SCForwardElim         11 1.0 5.8612e-02 1.7 0.00e+00 0.0 0.0e+00 0.0e+00 0.0e+00  0  0  0  0  0   0  0  0  0  0     0
SCSolve               11 1.0 7.2907e+01 1.0 7.52e+10 1.0 4.0e+06 2.6e+03 3.2e+02 13 15 45 19  3  58 39 99 82100 40701
SCBackSub             11 1.0 4.6560e+01 1.2 1.07e+11 1.0 9.9e+03 3.9e+04 0.0e+00  8 22  0  1  0  34 56  0  3  0 91736
ParLoopset_25          6 1.0 7.1502e-04 2.1 0.00e+00 0.0 0.0e+00 0.0e+00 0.0e+00  0  0  0  0  0   0  0  0  0  0     0
ParLoopset_31          6 1.0 1.0593e-03 2.4 0.00e+00 0.0 0.0e+00 0.0e+00 0.0e+00  0  0  0  0  0   0  0  0  0  0     0
ParLoopset_30          6 1.0 2.7194e-03 2.4 0.00e+00 0.0 0.0e+00 0.0e+00 0.0e+00  0  0  0  0  0   0  0  0  0  0     0
ParLoopset_41          6 1.0 7.4697e-04 2.0 0.00e+00 0.0 0.0e+00 0.0e+00 0.0e+00  0  0  0  0  0   0  0  0  0  0     0
ParLoopset_47          6 1.0 9.9802e-04 2.1 0.00e+00 0.0 0.0e+00 0.0e+00 0.0e+00  0  0  0  0  0   0  0  0  0  0     0
ParLoopset_46          6 1.0 2.4347e-03 2.0 0.00e+00 0.0 0.0e+00 0.0e+00 0.0e+00  0  0  0  0  0   0  0  0  0  0     0
ParLoopset_57          6 1.0 8.5449e-04 2.4 0.00e+00 0.0 0.0e+00 0.0e+00 0.0e+00  0  0  0  0  0   0  0  0  0  0     0
ParLoopset_63          6 1.0 9.3269e-04 2.0 0.00e+00 0.0 0.0e+00 0.0e+00 0.0e+00  0  0  0  0  0   0  0  0  0  0     0
ParLoopset_62          6 1.0 2.7745e-03 2.4 0.00e+00 0.0 0.0e+00 0.0e+00 0.0e+00  0  0  0  0  0   0  0  0  0  0     0
ParLoopset_73          6 1.0 8.1587e-04 2.5 0.00e+00 0.0 0.0e+00 0.0e+00 0.0e+00  0  0  0  0  0   0  0  0  0  0     0
ParLoopset_79          6 1.0 1.0710e-03 2.7 0.00e+00 0.0 0.0e+00 0.0e+00 0.0e+00  0  0  0  0  0   0  0  0  0  0     0
ParLoopset_78          6 1.0 2.5139e-03 2.7 0.00e+00 0.0 0.0e+00 0.0e+00 0.0e+00  0  0  0  0  0   0  0  0  0  0     0
ParLoopset_89          6 1.0 7.0357e-04 2.1 0.00e+00 0.0 0.0e+00 0.0e+00 0.0e+00  0  0  0  0  0   0  0  0  0  0     0
ParLoopset_95          6 1.0 1.1761e-03 2.6 0.00e+00 0.0 0.0e+00 0.0e+00 0.0e+00  0  0  0  0  0   0  0  0  0  0     0
ParLoopset_94          6 1.0 2.2392e-03 2.0 0.00e+00 0.0 0.0e+00 0.0e+00 0.0e+00  0  0  0  0  0   0  0  0  0  0     0
ParLoopset_105         6 1.0 7.8821e-04 2.4 0.00e+00 0.0 0.0e+00 0.0e+00 0.0e+00  0  0  0  0  0   0  0  0  0  0     0
ParLoopset_111         6 1.0 1.4403e-03 2.9 0.00e+00 0.0 0.0e+00 0.0e+00 0.0e+00  0  0  0  0  0   0  0  0  0  0     0
ParLoopset_110         6 1.0 2.6751e-03 2.4 0.00e+00 0.0 0.0e+00 0.0e+00 0.0e+00  0  0  0  0  0   0  0  0  0  0     0
ParLoopset_121         6 1.0 7.1025e-04 2.0 0.00e+00 0.0 0.0e+00 0.0e+00 0.0e+00  0  0  0  0  0   0  0  0  0  0     0
ParLoopset_127         6 1.0 8.3089e-04 2.0 0.00e+00 0.0 0.0e+00 0.0e+00 0.0e+00  0  0  0  0  0   0  0  0  0  0     0
ParLoopset_126         6 1.0 2.1238e-03 2.0 0.00e+00 0.0 0.0e+00 0.0e+00 0.0e+00  0  0  0  0  0   0  0  0  0  0     0
ParLoopset_137         6 1.0 8.8692e-04 2.5 0.00e+00 0.0 0.0e+00 0.0e+00 0.0e+00  0  0  0  0  0   0  0  0  0  0     0
ParLoopset_143         6 1.0 1.1692e-03 2.5 0.00e+00 0.0 0.0e+00 0.0e+00 0.0e+00  0  0  0  0  0   0  0  0  0  0     0
ParLoopset_142         6 1.0 2.2879e-03 2.2 0.00e+00 0.0 0.0e+00 0.0e+00 0.0e+00  0  0  0  0  0   0  0  0  0  0     0
ParLoopset_153         6 1.0 8.8000e-04 2.3 0.00e+00 0.0 0.0e+00 0.0e+00 0.0e+00  0  0  0  0  0   0  0  0  0  0     0
ParLoopset_159         6 1.0 1.2691e-03 2.5 0.00e+00 0.0 0.0e+00 0.0e+00 0.0e+00  0  0  0  0  0   0  0  0  0  0     0
ParLoopset_158         6 1.0 2.6031e-03 2.2 0.00e+00 0.0 0.0e+00 0.0e+00 0.0e+00  0  0  0  0  0   0  0  0  0  0     0
ParLoopset_169         6 1.0 8.2755e-04 2.3 0.00e+00 0.0 0.0e+00 0.0e+00 0.0e+00  0  0  0  0  0   0  0  0  0  0     0
ParLoopset_175         6 1.0 1.1790e-03 2.7 0.00e+00 0.0 0.0e+00 0.0e+00 0.0e+00  0  0  0  0  0   0  0  0  0  0     0
ParLoopset_174         6 1.0 2.7444e-03 2.3 0.00e+00 0.0 0.0e+00 0.0e+00 0.0e+00  0  0  0  0  0   0  0  0  0  0     0
------------------------------------------------------------------------------------------------------------------------

Memory usage is given in bytes:

Object Type          Creations   Destructions     Memory  Descendants' Mem.
Reports information only for process 0.

--- Event Stage 0: Main Stage

           Container    44             44        25696     0.
              Viewer     1              0            0     0.
         PetscRandom   121            121        79134     0.
           Index Set  4752           4939     65543324     0.
   IS L to G Mapping    77             77     17984120     0.
             Section  1474           1485      1081080     0.
   Star Forest Graph  1353           1364      1152448     0.
              Vector  3454           4653    856974248     0.
         Vec Scatter   495            570     37896960     0.
              Matrix  2156           2491   7756884152     0.
      Matrix Coarsen    66             66        42504     0.
      Preconditioner   319            440       441100     0.
       Krylov Solver   319            440      2804296     0.
     DMKSP interface    33             44        29216     0.
                SNES    77             77       108108     0.
              DMSNES    55             55        37400     0.
      SNESLineSearch    77             77        77000     0.
    Distributed Mesh   385            385      1893408     0.
            DM Label   231            231       145992     0.
    GraphPartitioner    88             88        55264     0.
     Discrete System   385            385       360404     0.

--- Event Stage 1: Warm-up stage

           Index Set   407            220      2427304     0.
             Section    11              0            0     0.
   Star Forest Graph    11              0            0     0.
              Vector  1401            202     43695696     0.
         Vec Scatter    77              2         2704     0.
              Matrix   352             17    235040272     0.
      Preconditioner   132             11         9152     0.
       Krylov Solver   132             11        15312     0.
     DMKSP interface    11              0            0     0.

--- Event Stage 2: linear_solve

========================================================================================================================
Average time to get PetscTime(): 9.53674e-08
Average time for MPI_Barrier(): 8.01086e-06
Average time for zero size MPI_Send(): 1.20401e-06
#PETSc Option Table entries:
--hybridization
--layers 64
--mesh_degree 3
--model_degree 1
--model_family RT
--refinements 4
--run_cfl_range
--stronger_smoother
-log_view
#End of PETSc Option Table entries
Compiled without FORTRAN kernels
Compiled with full precision matrices (default)
sizeof(short) 2 sizeof(int) 4 sizeof(long) 8 sizeof(void*) 8 sizeof(PetscScalar) 8 sizeof(PetscInt) 4
Configure options: --prefix=/home/scratch/tg2115/src/firedrake/lib/python3.5/site-packages/petsc PETSC_ARCH=arch-python-linux-x86_64 --with-shared-libraries=1 --with-debugging=0 --with-c2html=0 --with-cc=/usr/bin/mpicc --with-cxx=/usr/bin/mpicxx --with-fc=/usr/bin/mpif90 --download-eigen=/home/scratch/tg2115/src/firedrake/src/eigen-3.3.3.tgz --with-fortran-bindings=0 --download-chaco --download-metis --download-parmetis --download-scalapack --download-hypre --download-mumps --with-zlib --download-netcdf --download-hdf5 --download-pnetcdf --download-exodusii --download-ml
-----------------------------------------
Libraries compiled on 2019-02-19 06:15:49 on mpe2 
Machine characteristics: Linux-4.4.0-130-generic-x86_64-with-Ubuntu-16.04-xenial
Using PETSc directory: /home/scratch/tg2115/src/firedrake/lib/python3.5/site-packages/petsc
Using PETSc arch: 
-----------------------------------------

Using C compiler: /usr/bin/mpicc  -fPIC  -Wall -Wwrite-strings -Wno-strict-aliasing -Wno-unknown-pragmas -fstack-protector -fvisibility=hidden -g -O  
Using Fortran compiler: /usr/bin/mpif90  -fPIC -Wall -ffree-line-length-0 -Wno-unused-dummy-argument -g -O    
-----------------------------------------

Using include paths: -I/home/scratch/tg2115/src/firedrake/lib/python3.5/site-packages/petsc/include -I/home/scratch/tg2115/src/firedrake/lib/python3.5/site-packages/petsc/include/eigen3
-----------------------------------------

Using C linker: /usr/bin/mpicc
Using Fortran linker: /usr/bin/mpif90
Using libraries: -Wl,-rpath,/home/scratch/tg2115/src/firedrake/lib/python3.5/site-packages/petsc/lib -L/home/scratch/tg2115/src/firedrake/lib/python3.5/site-packages/petsc/lib -lpetsc -Wl,-rpath,/home/scratch/tg2115/src/firedrake/lib/python3.5/site-packages/petsc/lib -L/home/scratch/tg2115/src/firedrake/lib/python3.5/site-packages/petsc/lib -Wl,-rpath,/usr/lib/openmpi/lib -L/usr/lib/openmpi/lib -Wl,-rpath,/usr/lib/gcc/x86_64-linux-gnu/5 -L/usr/lib/gcc/x86_64-linux-gnu/5 -Wl,-rpath,/usr/lib/x86_64-linux-gnu -L/usr/lib/x86_64-linux-gnu -Wl,-rpath,/lib/x86_64-linux-gnu -L/lib/x86_64-linux-gnu -lHYPRE -lcmumps -ldmumps -lsmumps -lzmumps -lmumps_common -lpord -lscalapack -lml -llapack -lblas -lexodus -lnetcdf -lpnetcdf -lhdf5hl_fortran -lhdf5_fortran -lhdf5_hl -lhdf5 -lchaco -lparmetis -lmetis -lm -lz -lX11 -lstdc++ -ldl -lmpi_usempif08 -lmpi_usempi_ignore_tkr -lmpi_mpifh -lmpi -lgfortran -lm -lgfortran -lm -lgcc_s -lquadmath -lpthread -lstdc++ -ldl
-----------------------------------------

