
Determining Dt from specified horizontal CFL: 1

Problem parameters:

Profiling linear solver for the compressible Euler equations.

Speed of sound in compressible atmosphere: 347.18870949384285,

Hybridized compressible solver: True,

Model degree: 1,

Model discretization: RT,

Mesh degree: 3,

Horizontal refinements: 4,

Vertical layers: 64,

Dx (max, m): 346563.4999224701,

Dz (m): 156.25,

Dt (s): 998,

horizontal CFL: 1,

vertical CFL: 2217.563725279073.

Computing balanced density field...


Setting up hybridized solver on the traces.
Inner solver: fgmres_gamg_gmres_smoother
Starting profiler...


Determining Dt from specified horizontal CFL: 2

Problem parameters:

Profiling linear solver for the compressible Euler equations.

Speed of sound in compressible atmosphere: 347.18870949384285,

Hybridized compressible solver: True,

Model degree: 1,

Model discretization: RT,

Mesh degree: 3,

Horizontal refinements: 4,

Vertical layers: 64,

Dx (max, m): 346563.4999224701,

Dz (m): 156.25,

Dt (s): 1996,

horizontal CFL: 2,

vertical CFL: 4435.127450558146.

Computing balanced density field...


Setting up hybridized solver on the traces.
Inner solver: fgmres_gamg_gmres_smoother
Starting profiler...


Determining Dt from specified horizontal CFL: 4

Problem parameters:

Profiling linear solver for the compressible Euler equations.

Speed of sound in compressible atmosphere: 347.18870949384285,

Hybridized compressible solver: True,

Model degree: 1,

Model discretization: RT,

Mesh degree: 3,

Horizontal refinements: 4,

Vertical layers: 64,

Dx (max, m): 346563.4999224701,

Dz (m): 156.25,

Dt (s): 3992,

horizontal CFL: 4,

vertical CFL: 8870.254901116292.

Computing balanced density field...


Setting up hybridized solver on the traces.
Inner solver: fgmres_gamg_gmres_smoother
Starting profiler...


Determining Dt from specified horizontal CFL: 6

Problem parameters:

Profiling linear solver for the compressible Euler equations.

Speed of sound in compressible atmosphere: 347.18870949384285,

Hybridized compressible solver: True,

Model degree: 1,

Model discretization: RT,

Mesh degree: 3,

Horizontal refinements: 4,

Vertical layers: 64,

Dx (max, m): 346563.4999224701,

Dz (m): 156.25,

Dt (s): 5989,

horizontal CFL: 6,

vertical CFL: 13307.6043594152.

Computing balanced density field...


Setting up hybridized solver on the traces.
Inner solver: fgmres_gamg_gmres_smoother
Starting profiler...


Determining Dt from specified horizontal CFL: 8

Problem parameters:

Profiling linear solver for the compressible Euler equations.

Speed of sound in compressible atmosphere: 347.18870949384285,

Hybridized compressible solver: True,

Model degree: 1,

Model discretization: RT,

Mesh degree: 3,

Horizontal refinements: 4,

Vertical layers: 64,

Dx (max, m): 346563.4999224701,

Dz (m): 156.25,

Dt (s): 7985,

horizontal CFL: 8,

vertical CFL: 17742.731809973346.

Computing balanced density field...


Setting up hybridized solver on the traces.
Inner solver: fgmres_gamg_gmres_smoother
Starting profiler...


Determining Dt from specified horizontal CFL: 10

Problem parameters:

Profiling linear solver for the compressible Euler equations.

Speed of sound in compressible atmosphere: 347.18870949384285,

Hybridized compressible solver: True,

Model degree: 1,

Model discretization: RT,

Mesh degree: 3,

Horizontal refinements: 4,

Vertical layers: 64,

Dx (max, m): 346563.4999224701,

Dz (m): 156.25,

Dt (s): 9981,

horizontal CFL: 10,

vertical CFL: 22177.85926053149.

Computing balanced density field...


Setting up hybridized solver on the traces.
Inner solver: fgmres_gamg_gmres_smoother
Starting profiler...


Determining Dt from specified horizontal CFL: 12

Problem parameters:

Profiling linear solver for the compressible Euler equations.

Speed of sound in compressible atmosphere: 347.18870949384285,

Hybridized compressible solver: True,

Model degree: 1,

Model discretization: RT,

Mesh degree: 3,

Horizontal refinements: 4,

Vertical layers: 64,

Dx (max, m): 346563.4999224701,

Dz (m): 156.25,

Dt (s): 11978,

horizontal CFL: 12,

vertical CFL: 26615.2087188304.

Computing balanced density field...


Setting up hybridized solver on the traces.
Inner solver: fgmres_gamg_gmres_smoother
Starting profiler...


Determining Dt from specified horizontal CFL: 14

Problem parameters:

Profiling linear solver for the compressible Euler equations.

Speed of sound in compressible atmosphere: 347.18870949384285,

Hybridized compressible solver: True,

Model degree: 1,

Model discretization: RT,

Mesh degree: 3,

Horizontal refinements: 4,

Vertical layers: 64,

Dx (max, m): 346563.4999224701,

Dz (m): 156.25,

Dt (s): 13974,

horizontal CFL: 14,

vertical CFL: 31050.336169388545.

Computing balanced density field...


Setting up hybridized solver on the traces.
Inner solver: fgmres_gamg_gmres_smoother
Starting profiler...


Determining Dt from specified horizontal CFL: 16

Problem parameters:

Profiling linear solver for the compressible Euler equations.

Speed of sound in compressible atmosphere: 347.18870949384285,

Hybridized compressible solver: True,

Model degree: 1,

Model discretization: RT,

Mesh degree: 3,

Horizontal refinements: 4,

Vertical layers: 64,

Dx (max, m): 346563.4999224701,

Dz (m): 156.25,

Dt (s): 15971,

horizontal CFL: 16,

vertical CFL: 35487.68562768745.

Computing balanced density field...


Setting up hybridized solver on the traces.
Inner solver: fgmres_gamg_gmres_smoother
Starting profiler...


Determining Dt from specified horizontal CFL: 18

Problem parameters:

Profiling linear solver for the compressible Euler equations.

Speed of sound in compressible atmosphere: 347.18870949384285,

Hybridized compressible solver: True,

Model degree: 1,

Model discretization: RT,

Mesh degree: 3,

Horizontal refinements: 4,

Vertical layers: 64,

Dx (max, m): 346563.4999224701,

Dz (m): 156.25,

Dt (s): 17967,

horizontal CFL: 18,

vertical CFL: 39922.8130782456.

Computing balanced density field...


Setting up hybridized solver on the traces.
Inner solver: fgmres_gamg_gmres_smoother
Starting profiler...


Determining Dt from specified horizontal CFL: 20

Problem parameters:

Profiling linear solver for the compressible Euler equations.

Speed of sound in compressible atmosphere: 347.18870949384285,

Hybridized compressible solver: True,

Model degree: 1,

Model discretization: RT,

Mesh degree: 3,

Horizontal refinements: 4,

Vertical layers: 64,

Dx (max, m): 346563.4999224701,

Dz (m): 156.25,

Dt (s): 19963,

horizontal CFL: 20,

vertical CFL: 44357.940528803745.

Computing balanced density field...


Setting up hybridized solver on the traces.
Inner solver: fgmres_gamg_gmres_smoother
Starting profiler...

************************************************************************************************************************
***             WIDEN YOUR WINDOW TO 120 CHARACTERS.  Use 'enscript -r -fCourier9' to print this document            ***
************************************************************************************************************************

---------------------------------------------- PETSc Performance Summary: ----------------------------------------------

run_profiler.py on a  named mpe2 with 40 processors, by tg2115 Tue Feb 19 22:07:35 2019
Using Petsc Development GIT revision: v3.4.2-24285-gcd612ee  GIT Date: 2019-01-17 05:31:34 +0100

                         Max       Max/Min     Avg       Total 
Time (sec):           9.824e+02     1.000   9.824e+02
Objects:              2.280e+04     1.097   2.090e+04
Flop:                 5.006e+11     1.019   4.961e+11  1.984e+13
Flop/sec:             5.095e+08     1.019   5.050e+08  2.020e+10
MPI Messages:         2.039e+05     1.673   1.676e+05  6.706e+06
MPI Message Lengths:  2.344e+09     1.455   1.092e+04  7.320e+10
MPI Reductions:       4.549e+04     1.000

Flop counting convention: 1 flop = 1 real number operation of type (multiply/divide/add/subtract)
                            e.g., VecAXPY() for real vectors of length N --> 2N flop
                            and VecAXPY() for complex vectors of length N --> 8N flop

Summary of Stages:   ----- Time ------  ----- Flop ------  --- Messages ---  -- Message Lengths --  -- Reductions --
                        Avg     %Total     Avg     %Total    Count   %Total     Avg         %Total    Count   %Total 
 0:      Main Stage: 4.4866e+02  45.7%  1.3728e+12   6.9%  6.382e+05   9.5%  4.110e+04       35.8%  9.440e+03  20.8% 
 1:   Warm-up stage: 3.8906e+02  39.6%  1.0497e+13  52.9%  3.389e+06  50.5%  9.099e+03       42.1%  2.118e+04  46.6% 
 2:    linear_solve: 1.4468e+02  14.7%  7.9736e+12  40.2%  2.678e+06  39.9%  6.024e+03       22.0%  1.486e+04  32.7% 

------------------------------------------------------------------------------------------------------------------------
See the 'Profiling' chapter of the users' manual for details on interpreting output.
Phase summary info:
   Count: number of times phase was executed
   Time and Flop: Max - maximum over all processors
                  Ratio - ratio of maximum to minimum over all processors
   Mess: number of messages sent
   AvgLen: average message length (bytes)
   Reduct: number of global reductions
   Global: entire computation
   Stage: stages of a computation. Set stages with PetscLogStagePush() and PetscLogStagePop().
      %T - percent time in this phase         %F - percent flop in this phase
      %M - percent messages in this phase     %L - percent message lengths in this phase
      %R - percent reductions in this phase
   Total Mflop/s: 10e-6 * (sum of flop over all processors)/(max time over all processors)
------------------------------------------------------------------------------------------------------------------------
Event                Count      Time (sec)     Flop                              --- Global ---  --- Stage ----  Total
                   Max Ratio  Max     Ratio   Max  Ratio  Mess   AvgLen  Reduct  %T %F %M %L %R  %T %F %M %L %R Mflop/s
------------------------------------------------------------------------------------------------------------------------

--- Event Stage 0: Main Stage

PetscBarrier          44 1.0 5.1202e-02 1.1 0.00e+00 0.0 0.0e+00 0.0e+00 8.8e+01  0  0  0  0  0   0  0  0  0  1     0
BuildTwoSided        594 1.0 2.7780e-01 2.2 0.00e+00 0.0 6.6e+04 4.0e+00 0.0e+00  0  0  1  0  0   0  0 10  0  0     0
BuildTwoSidedF       781 1.0 1.3068e+01 2.6 0.00e+00 0.0 2.2e+04 9.0e+05 0.0e+00  1  0  0 27  0   2  0  3 76  0     0
SFSetGraph           704 1.0 2.4191e-02 1.1 0.00e+00 0.0 0.0e+00 0.0e+00 0.0e+00  0  0  0  0  0   0  0  0  0  0     0
SFSetUp              594 1.0 3.7889e-01 1.5 0.00e+00 0.0 2.0e+05 1.5e+03 0.0e+00  0  0  3  0  0   0  0 31  1  0     0
SFBcastBegin        1452 1.0 9.6294e-02 2.0 0.00e+00 0.0 3.1e+05 5.3e+03 0.0e+00  0  0  5  2  0   0  0 48  6  0     0
SFBcastEnd          1452 1.0 4.9627e+0015.2 0.00e+00 0.0 0.0e+00 0.0e+00 0.0e+00  0  0  0  0  0   0  0  0  0  0     0
SFReduceBegin        330 1.0 4.3426e-02 1.7 0.00e+00 0.0 5.4e+04 2.9e+04 0.0e+00  0  0  1  2  0   0  0  8  6  0     0
SFReduceEnd          330 1.0 2.0073e+00 7.8 0.00e+00 0.0 0.0e+00 0.0e+00 0.0e+00  0  0  0  0  0   0  0  0  0  0     0
SFFetchOpBegin        11 1.0 3.2902e-05 2.1 0.00e+00 0.0 1.3e+03 5.0e+01 0.0e+00  0  0  0  0  0   0  0  0  0  0     0
SFFetchOpEnd          11 1.0 1.9884e-04 2.6 0.00e+00 0.0 1.3e+03 5.0e+01 0.0e+00  0  0  0  0  0   0  0  0  0  0     0
VecMDot              561 1.0 6.6180e-02 1.1 3.55e+07 1.0 0.0e+00 0.0e+00 5.6e+02  0  0  0  0  1   0  0  0  0  6 21427
VecTDot              242 1.0 5.0031e-01 2.0 6.09e+07 1.1 0.0e+00 0.0e+00 2.4e+02  0  0  0  0  1   0  0  0  0  3  4683
VecNorm              781 1.0 2.4349e+00 6.0 4.50e+07 1.1 0.0e+00 0.0e+00 7.8e+02  0  0  0  0  2   0  0  0  0  8   715
VecScale             627 1.0 8.3926e-03 2.5 4.04e+06 1.0 0.0e+00 0.0e+00 0.0e+00  0  0  0  0  0   0  0  0  0  0 19253
VecCopy              440 1.0 1.4722e-01 1.2 0.00e+00 0.0 0.0e+00 0.0e+00 0.0e+00  0  0  0  0  0   0  0  0  0  0     0
VecSet              2112 1.0 8.3884e-02 1.4 0.00e+00 0.0 0.0e+00 0.0e+00 0.0e+00  0  0  0  0  0   0  0  0  0  0     0
VecAXPY             1012 1.0 2.7488e-01 1.1 7.84e+07 1.1 0.0e+00 0.0e+00 0.0e+00  0  0  0  0  0   0  0  0  0  0 11016
VecAYPX              748 1.0 9.7265e-02 1.0 2.78e+07 1.1 0.0e+00 0.0e+00 0.0e+00  0  0  0  0  0   0  0  0  0  0 11081
VecMAXPY             627 1.0 5.2203e-02 1.1 4.23e+07 1.0 0.0e+00 0.0e+00 0.0e+00  0  0  0  0  0   0  0  0  0  0 32450
VecAssemblyBegin     154 1.0 1.9012e-02 1.8 0.00e+00 0.0 0.0e+00 0.0e+00 0.0e+00  0  0  0  0  0   0  0  0  0  0     0
VecAssemblyEnd       154 1.0 3.6144e-04 1.2 0.00e+00 0.0 0.0e+00 0.0e+00 0.0e+00  0  0  0  0  0   0  0  0  0  0     0
VecPointwiseMult     605 1.0 2.4620e-02 1.0 3.49e+06 1.0 0.0e+00 0.0e+00 0.0e+00  0  0  0  0  0   0  0  0  0  0  5671
VecScatterBegin     2002 1.0 9.9763e-02 1.2 0.00e+00 0.0 2.8e+04 3.7e+04 0.0e+00  0  0  0  1  0   0  0  4  4  0     0
VecScatterEnd       2002 1.0 4.7777e-01 6.3 0.00e+00 0.0 0.0e+00 0.0e+00 0.0e+00  0  0  0  0  0   0  0  0  0  0     0
VecSetRandom          55 1.0 2.1184e-02 1.0 0.00e+00 0.0 0.0e+00 0.0e+00 0.0e+00  0  0  0  0  0   0  0  0  0  0     0
VecNormalize         627 1.0 3.8689e-02 1.6 1.21e+07 1.0 0.0e+00 0.0e+00 6.3e+02  0  0  0  0  1   0  0  0  0  7 12529
MatMult             1342 1.0 3.7941e+00 1.1 1.58e+09 1.1 2.8e+04 3.7e+04 0.0e+00  0  0  0  1  0   1  4  4  4  0 15884
MatMultAdd           110 1.0 8.7481e-03 1.4 1.95e+06 1.0 0.0e+00 0.0e+00 0.0e+00  0  0  0  0  0   0  0  0  0  0  8924
MatMultTranspose     110 1.0 7.0019e-03 1.1 1.95e+06 1.0 0.0e+00 0.0e+00 0.0e+00  0  0  0  0  0   0  0  0  0  0 11149
MatSolve             836 1.0 4.3328e+00 1.1 1.98e+09 1.1 0.0e+00 0.0e+00 0.0e+00  0  0  0  0  0   1  5  0  0  0 17388
MatLUFactorSym        11 1.0 1.8835e-04 1.3 0.00e+00 0.0 0.0e+00 0.0e+00 0.0e+00  0  0  0  0  0   0  0  0  0  0     0
MatLUFactorNum        99 1.0 5.5667e+00 1.2 1.41e+09 1.2 0.0e+00 0.0e+00 0.0e+00  1  0  0  0  0   1  4  0  0  0  9483
MatILUFactorSym       88 1.0 3.7715e+00 1.2 0.00e+00 0.0 0.0e+00 0.0e+00 0.0e+00  0  0  0  0  0   1  0  0  0  0     0
MatConvert            66 1.0 5.4008e-02 1.1 0.00e+00 0.0 0.0e+00 0.0e+00 0.0e+00  0  0  0  0  0   0  0  0  0  0     0
MatScale             176 1.0 3.6691e-02 1.0 6.12e+06 1.0 0.0e+00 0.0e+00 0.0e+00  0  0  0  0  0   0  0  0  0  0  6676
MatResidual          110 1.0 3.4073e-02 1.1 1.03e+07 1.0 0.0e+00 0.0e+00 0.0e+00  0  0  0  0  0   0  0  0  0  0 12085
MatAssemblyBegin    1353 1.0 3.1328e+01 1.8 0.00e+00 0.0 2.2e+04 9.0e+05 0.0e+00  2  0  0 27  0   5  0  3 76  0     0
MatAssemblyEnd      1353 1.0 1.2559e+01 1.1 0.00e+00 0.0 2.0e+04 1.1e+04 3.0e+03  1  0  0  0  7   3  0  3  1 32     0
MatGetRowIJ           99 1.0 9.2983e-05 1.5 0.00e+00 0.0 0.0e+00 0.0e+00 0.0e+00  0  0  0  0  0   0  0  0  0  0     0
MatGetOrdering        99 1.0 8.4133e-02 1.2 0.00e+00 0.0 0.0e+00 0.0e+00 0.0e+00  0  0  0  0  0   0  0  0  0  0     0
MatCoarsen            66 1.0 3.7014e-02 1.0 0.00e+00 0.0 0.0e+00 0.0e+00 6.6e+01  0  0  0  0  0   0  0  0  0  1     0
MatZeroEntries       110 1.0 1.2114e+00 1.2 0.00e+00 0.0 0.0e+00 0.0e+00 0.0e+00  0  0  0  0  0   0  0  0  0  0     0
MatAXPY               55 1.0 8.7487e-02 1.0 0.00e+00 0.0 0.0e+00 0.0e+00 0.0e+00  0  0  0  0  0   0  0  0  0  0     0
MatTranspose         176 1.0 1.2816e-01 1.0 0.00e+00 0.0 0.0e+00 0.0e+00 6.6e+02  0  0  0  0  1   0  0  0  0  7     0
MatMatMult            55 1.0 1.6957e-01 1.0 5.09e+06 1.0 0.0e+00 0.0e+00 6.6e+02  0  0  0  0  1   0  0  0  0  7  1202
MatMatMultSym         55 1.0 1.2162e-01 1.0 0.00e+00 0.0 0.0e+00 0.0e+00 6.6e+02  0  0  0  0  1   0  0  0  0  7     0
MatMatMultNum         55 1.0 4.7441e-02 1.0 5.09e+06 1.0 0.0e+00 0.0e+00 0.0e+00  0  0  0  0  0   0  0  0  0  0  4295
MatPtAP               55 1.0 2.3795e-01 1.0 1.14e+07 1.0 0.0e+00 0.0e+00 8.2e+02  0  0  0  0  2   0  0  0  0  9  1914
MatPtAPSymbolic       55 1.0 1.6498e-01 1.0 0.00e+00 0.0 0.0e+00 0.0e+00 3.8e+02  0  0  0  0  1   0  0  0  0  4     0
MatPtAPNumeric        55 1.0 7.2696e-02 1.0 1.14e+07 1.0 0.0e+00 0.0e+00 4.4e+02  0  0  0  0  1   0  0  0  0  5  6263
MatTrnMatMult         11 1.0 9.7861e-01 1.0 4.70e+07 1.0 0.0e+00 0.0e+00 1.8e+02  0  0  0  0  0   0  0  0  0  2  1922
MatTrnMatMultSym      11 1.0 5.4042e-01 1.0 0.00e+00 0.0 0.0e+00 0.0e+00 8.8e+01  0  0  0  0  0   0  0  0  0  1     0
MatTrnMatMultNum      11 1.0 4.3896e-01 1.0 4.70e+07 1.0 0.0e+00 0.0e+00 8.8e+01  0  0  0  0  0   0  0  0  0  1  4285
MatGetLocalMat       176 1.0 9.1785e-02 1.1 0.00e+00 0.0 0.0e+00 0.0e+00 0.0e+00  0  0  0  0  0   0  0  0  0  0     0
MatGetBrAoCol        165 1.0 6.2163e-03 1.2 0.00e+00 0.0 0.0e+00 0.0e+00 0.0e+00  0  0  0  0  0   0  0  0  0  0     0
MatTranspose_SeqAIJ_FAST     176 1.0 5.1466e-02 1.0 0.00e+00 0.0 0.0e+00 0.0e+00 0.0e+00  0  0  0  0  0   0  0  0  0  0     0
PCGAMGGraph_AGG       66 1.0 1.0956e+00 1.0 5.15e+06 1.0 0.0e+00 0.0e+00 1.5e+03  0  0  0  0  3   0  0  0  0 15   188
PCGAMGCoarse_AGG      66 1.0 1.1453e+00 1.0 4.70e+07 1.0 0.0e+00 0.0e+00 2.9e+02  0  0  0  0  1   0  0  0  0  3  1642
PCGAMGProl_AGG        66 1.0 1.8956e-01 1.0 0.00e+00 0.0 0.0e+00 0.0e+00 9.2e+02  0  0  0  0  2   0  0  0  0 10     0
PCGAMGPOpt_AGG        55 1.0 6.7925e-01 1.0 1.45e+08 1.0 0.0e+00 0.0e+00 2.3e+03  0  0  0  0  5   0  0  0  0 24  8546
GAMG: createProl      66 1.0 3.1255e+00 1.0 1.97e+08 1.0 0.0e+00 0.0e+00 4.9e+03  0  0  0  0 11   1  1  0  0 52  2525
  Graph              132 1.0 1.0925e+00 1.0 5.15e+06 1.0 0.0e+00 0.0e+00 1.5e+03  0  0  0  0  3   0  0  0  0 15   188
  MIS/Agg             66 1.0 3.7756e-02 1.0 0.00e+00 0.0 0.0e+00 0.0e+00 6.6e+01  0  0  0  0  0   0  0  0  0  1     0
  SA: col data        55 1.0 5.2050e-02 1.1 0.00e+00 0.0 0.0e+00 0.0e+00 2.2e+02  0  0  0  0  0   0  0  0  0  2     0
  SA: frmProl0        55 1.0 1.2048e-01 1.0 0.00e+00 0.0 0.0e+00 0.0e+00 4.4e+02  0  0  0  0  1   0  0  0  0  5     0
  SA: smooth          55 1.0 2.8441e-01 1.0 6.07e+06 1.0 0.0e+00 0.0e+00 7.7e+02  0  0  0  0  2   0  0  0  0  8   854
GAMG: partLevel       55 1.0 2.3817e-01 1.0 1.14e+07 1.0 0.0e+00 0.0e+00 8.2e+02  0  0  0  0  2   0  0  0  0  9  1912
  repartition         11 1.0 3.2663e-05 2.8 0.00e+00 0.0 0.0e+00 0.0e+00 0.0e+00  0  0  0  0  0   0  0  0  0  0     0
PCSetUp              154 1.0 4.0695e+01 1.0 7.07e+09 1.0 8.8e+03 1.5e+02 6.3e+03  4  1  0  0 14   9 20  1  0 66  6862
PCSetUpOnBlocks      275 1.0 9.4040e+00 1.2 1.41e+09 1.2 0.0e+00 0.0e+00 0.0e+00  1  0  0  0  0   2  4  0  0  0  5613
PCApply              165 1.0 4.4727e+01 1.0 1.62e+10 1.0 4.4e+04 1.6e+04 6.2e+03  5  3  1  1 14  10 47  7  3 66 14405
KSPSetUp             275 1.0 5.5372e-02 1.5 0.00e+00 0.0 0.0e+00 0.0e+00 1.3e+02  0  0  0  0  0   0  0  0  0  1     0
KSPSolve              44 1.0 8.6432e+01 1.0 2.47e+10 1.0 8.1e+04 2.1e+04 6.9e+03  9  5  1  2 15  19 71 13  7 73 11311
KSPGMRESOrthog       561 1.0 1.0673e-01 1.1 7.09e+07 1.0 0.0e+00 0.0e+00 5.6e+02  0  0  0  0  1   0  0  0  0  6 26575
SNESSolve             44 1.0 1.2777e+02 1.0 3.48e+10 1.0 2.2e+05 2.4e+04 7.1e+03 13  7  3  7 16  28100 34 20 75 10712
SNESFunctionEval      44 1.0 1.6530e+01 1.0 5.09e+09 1.0 1.4e+05 2.0e+04 2.6e+02  2  1  2  4  1   4 15 21 10  3 12161
SNESJacobianEval      44 1.0 2.5062e+01 1.0 4.97e+09 1.1 1.8e+03 4.2e+05 0.0e+00  3  1  0  1  0   6 14  0  3  0  7571
Mesh Partition        22 1.0 4.9687e-01 1.0 0.00e+00 0.0 2.4e+05 2.9e+01 1.1e+02  0  0  4  0  0   0  0 38  0  1     0
Mesh Migration        22 1.0 9.3441e-02 1.1 0.00e+00 0.0 9.9e+04 2.6e+02 4.7e+02  0  0  1  0  1   0  0 16  0  5     0
DMPlexInterp          11 1.0 3.1919e-03 1.2 0.00e+00 0.0 0.0e+00 0.0e+00 2.2e+01  0  0  0  0  0   0  0  0  0  0     0
DMPlexDistribute      11 1.0 5.3573e-01 1.0 0.00e+00 0.0 1.2e+05 2.1e+02 2.1e+02  0  0  2  0  0   0  0 19  0  2     0
DMPlexDistCones       22 1.0 1.9839e-02 1.0 0.00e+00 0.0 2.4e+04 4.0e+02 0.0e+00  0  0  0  0  0   0  0  4  0  0     0
DMPlexDistLabels      22 1.0 3.9646e-02 1.0 0.00e+00 0.0 3.4e+04 2.7e+02 2.9e+02  0  0  1  0  1   0  0  5  0  3     0
DMPlexDistOvrlp       11 1.0 5.8335e-02 1.2 0.00e+00 0.0 2.3e+05 4.9e+01 3.7e+02  0  0  3  0  1   0  0 35  0  4     0
DMPlexDistField       33 1.0 1.2630e-02 1.0 0.00e+00 0.0 3.2e+04 1.3e+02 2.2e+01  0  0  0  0  0   0  0  5  0  0     0
DMPlexDistData        22 1.0 1.1573e-01 3.6 0.00e+00 0.0 2.1e+05 1.9e+01 0.0e+00  0  0  3  0  0   0  0 33  0  0     0
DMPlexStratify        44 1.0 4.3775e-02 2.0 0.00e+00 0.0 0.0e+00 0.0e+00 4.4e+01  0  0  0  0  0   0  0  0  0  0     0
CreateMesh            88 1.0 6.6359e-01 1.0 0.00e+00 0.0 3.4e+05 1.1e+02 6.3e+02  0  0  5  0  1   0  0 54  0  7     0
Mesh: reorder         11 1.0 9.3222e-03 3.9 0.00e+00 0.0 0.0e+00 0.0e+00 2.2e+01  0  0  0  0  0   0  0  0  0  0     0
Mesh: numbering       11 1.0 1.3118e-02 1.0 0.00e+00 0.0 0.0e+00 0.0e+00 2.2e+01  0  0  0  0  0   0  0  0  0  0     0
CreateFunctionSpace     743 1.0 4.5877e+00 1.1 0.00e+00 0.0 8.9e+03 9.5e+01 0.0e+00  0  0  0  0  0   1  0  1  0  0     0
ParLoopExecute       726 1.0 8.6824e+01 1.0 2.95e+10 1.0 1.9e+05 1.8e+04 3.7e+02  9  6  3  5  1  19 85 31 13  4 13474
ParLoopCells         902 1.0 1.8120e+01 1.0 2.63e+10 1.0 0.0e+00 0.0e+00 0.0e+00  2  5  0  0  0   4 77  0  0  0 57999
ParLoopRednBegin     726 1.0 1.3636e-02 1.2 0.00e+00 0.0 0.0e+00 0.0e+00 0.0e+00  0  0  0  0  0   0  0  0  0  0     0
ParLoopRednEnd       726 1.0 3.9093e-03 1.2 0.00e+00 0.0 0.0e+00 0.0e+00 0.0e+00  0  0  0  0  0   0  0  0  0  0     0
ParLoopset_5           2 1.0 9.4008e-04 1.1 0.00e+00 0.0 0.0e+00 0.0e+00 0.0e+00  0  0  0  0  0   0  0  0  0  0     0
CreateExtMesh         11 1.0 1.2965e-01 1.1 0.00e+00 0.0 0.0e+00 0.0e+00 0.0e+00  0  0  0  0  0   0  0  0  0  0     0
CreateSparsity        44 1.0 7.0637e+01 1.0 0.00e+00 0.0 2.1e+04 3.1e+05 2.4e+02  7  0  0  9  1  16  0  3 24  3     0
MatZeroInitial        66 1.0 4.5825e+01 1.2 0.00e+00 0.0 0.0e+00 0.0e+00 0.0e+00  4  0  0  0  0  10  0  0  0  0     0
ParLoopset_8           2 1.0 1.7350e-03 1.4 0.00e+00 0.0 0.0e+00 0.0e+00 0.0e+00  0  0  0  0  0   0  0  0  0  0     0
ApplyBC               11 1.0 5.3831e-02 1.1 0.00e+00 0.0 0.0e+00 0.0e+00 0.0e+00  0  0  0  0  0   0  0  0  0  0     0
ParLoopset_10         10 1.0 1.9398e-03 1.3 0.00e+00 0.0 0.0e+00 0.0e+00 0.0e+00  0  0  0  0  0   0  0  0  0  0     0
ParLoopset_9          10 1.0 2.5690e-03 1.1 0.00e+00 0.0 0.0e+00 0.0e+00 0.0e+00  0  0  0  0  0   0  0  0  0  0     0
VertHybridInit        11 1.0 2.7973e+01 1.0 5.45e+09 1.0 8.8e+03 1.5e+02 2.2e+02  3  1  0  0  0   6 16  1  0  2  7798
VertHybridBreak       11 1.0 9.3181e-02 2.2 0.00e+00 0.0 0.0e+00 0.0e+00 2.2e+01  0  0  0  0  0   0  0  0  0  0     0
VertHybridRHS         11 1.0 5.0426e-02 1.1 0.00e+00 0.0 0.0e+00 0.0e+00 0.0e+00  0  0  0  0  0   0  0  0  0  0     0
VertHybridSolve       11 1.0 1.6766e+01 1.0 5.73e+09 1.0 3.0e+04 1.3e+04 6.2e+03  2  1  0  1 14   4 17  5  2 66 13672
ParLoopset_13          4 1.0 2.0742e-03 1.2 0.00e+00 0.0 0.0e+00 0.0e+00 0.0e+00  0  0  0  0  0   0  0  0  0  0     0
ParLoopset_12          2 1.0 2.4581e-04 1.5 0.00e+00 0.0 0.0e+00 0.0e+00 0.0e+00  0  0  0  0  0   0  0  0  0  0     0
VertHybridRecon       11 1.0 1.7270e-02 1.3 0.00e+00 0.0 0.0e+00 0.0e+00 0.0e+00  0  0  0  0  0   0  0  0  0  0     0
VertHybridRecover      11 1.0 2.3651e+01 1.0 8.55e+09 1.0 1.5e+04 2.1e+04 2.2e+01  2  2  0  0  0   5 25  2  1  0 14462
Gusto:SolverSetup      11 1.0 2.9458e+02 1.0 6.31e+09 1.2 7.8e+04 2.5e+05 9.8e+02 30  1  1 27  2  66 17 12 76 10   803
Gusto:HybridProjectRhobar      11 1.0 2.0786e+01 1.0 3.14e+09 1.2 2.9e+04 3.1e+04 7.7e+01  2  1  0  1  0   5  9  5  3  1  5662
ParLoopset_15          4 1.0 8.4591e-04 1.6 0.00e+00 0.0 0.0e+00 0.0e+00 0.0e+00  0  0  0  0  0   0  0  0  0  0     0
ParLoopExtFacets      88 1.0 4.0858e-02 1.2 0.00e+00 0.0 0.0e+00 0.0e+00 0.0e+00  0  0  0  0  0   0  0  0  0  0     0
ParLoopIntFacets      88 1.0 1.0511e+01 1.2 3.27e+09 1.2 0.0e+00 0.0e+00 0.0e+00  1  1  0  0  0   2  9  0  0  0 11315
Gusto:HybridProjectPibar      11 1.0 1.7354e+01 1.0 3.17e+09 1.2 2.0e+04 3.7e+04 5.5e+01  2  1  0  1  0   4  9  3  3  1  6848
ParLoopset_21          2 1.0 3.7909e-05 1.3 0.00e+00 0.0 0.0e+00 0.0e+00 0.0e+00  0  0  0  0  0   0  0  0  0  0     0
ParLoopset_24          2 1.0 5.0187e-04 1.4 0.00e+00 0.0 0.0e+00 0.0e+00 0.0e+00  0  0  0  0  0   0  0  0  0  0     0
ParLoopset_26         10 1.0 4.5419e-04 1.4 0.00e+00 0.0 0.0e+00 0.0e+00 0.0e+00  0  0  0  0  0   0  0  0  0  0     0
ParLoopset_25         10 1.0 1.1473e-03 1.4 0.00e+00 0.0 0.0e+00 0.0e+00 0.0e+00  0  0  0  0  0   0  0  0  0  0     0
ParLoopset_29          4 1.0 4.1986e-04 1.7 0.00e+00 0.0 0.0e+00 0.0e+00 0.0e+00  0  0  0  0  0   0  0  0  0  0     0
ParLoopset_28          2 1.0 1.3018e-04 1.5 0.00e+00 0.0 0.0e+00 0.0e+00 0.0e+00  0  0  0  0  0   0  0  0  0  0     0
ParLoopset_31          4 1.0 8.5592e-04 2.8 0.00e+00 0.0 0.0e+00 0.0e+00 0.0e+00  0  0  0  0  0   0  0  0  0  0     0
ParLoopset_37          2 1.0 3.7909e-05 1.4 0.00e+00 0.0 0.0e+00 0.0e+00 0.0e+00  0  0  0  0  0   0  0  0  0  0     0
ParLoopset_40          2 1.0 4.9424e-04 1.6 0.00e+00 0.0 0.0e+00 0.0e+00 0.0e+00  0  0  0  0  0   0  0  0  0  0     0
ParLoopset_42         10 1.0 4.6396e-04 1.5 0.00e+00 0.0 0.0e+00 0.0e+00 0.0e+00  0  0  0  0  0   0  0  0  0  0     0
ParLoopset_41         10 1.0 1.1430e-03 1.2 0.00e+00 0.0 0.0e+00 0.0e+00 0.0e+00  0  0  0  0  0   0  0  0  0  0     0
ParLoopset_45          4 1.0 4.4894e-04 1.6 0.00e+00 0.0 0.0e+00 0.0e+00 0.0e+00  0  0  0  0  0   0  0  0  0  0     0
ParLoopset_44          2 1.0 1.3399e-04 1.5 0.00e+00 0.0 0.0e+00 0.0e+00 0.0e+00  0  0  0  0  0   0  0  0  0  0     0
ParLoopset_47          4 1.0 7.4506e-04 2.2 0.00e+00 0.0 0.0e+00 0.0e+00 0.0e+00  0  0  0  0  0   0  0  0  0  0     0
ParLoopset_53          2 1.0 3.6240e-05 1.3 0.00e+00 0.0 0.0e+00 0.0e+00 0.0e+00  0  0  0  0  0   0  0  0  0  0     0
ParLoopset_56          2 1.0 5.1498e-04 1.3 0.00e+00 0.0 0.0e+00 0.0e+00 0.0e+00  0  0  0  0  0   0  0  0  0  0     0
ParLoopset_58         10 1.0 4.8137e-04 1.5 0.00e+00 0.0 0.0e+00 0.0e+00 0.0e+00  0  0  0  0  0   0  0  0  0  0     0
ParLoopset_57         10 1.0 1.2023e-03 1.3 0.00e+00 0.0 0.0e+00 0.0e+00 0.0e+00  0  0  0  0  0   0  0  0  0  0     0
ParLoopset_61          4 1.0 4.3106e-04 1.5 0.00e+00 0.0 0.0e+00 0.0e+00 0.0e+00  0  0  0  0  0   0  0  0  0  0     0
ParLoopset_60          2 1.0 1.2612e-04 1.4 0.00e+00 0.0 0.0e+00 0.0e+00 0.0e+00  0  0  0  0  0   0  0  0  0  0     0
ParLoopset_63          4 1.0 8.3899e-04 3.0 0.00e+00 0.0 0.0e+00 0.0e+00 0.0e+00  0  0  0  0  0   0  0  0  0  0     0
ParLoopset_69          2 1.0 3.6955e-05 1.3 0.00e+00 0.0 0.0e+00 0.0e+00 0.0e+00  0  0  0  0  0   0  0  0  0  0     0
ParLoopset_72          2 1.0 7.7581e-04 3.2 0.00e+00 0.0 0.0e+00 0.0e+00 0.0e+00  0  0  0  0  0   0  0  0  0  0     0
ParLoopset_74         10 1.0 6.9833e-04 2.2 0.00e+00 0.0 0.0e+00 0.0e+00 0.0e+00  0  0  0  0  0   0  0  0  0  0     0
ParLoopset_73         10 1.0 1.1816e-03 1.3 0.00e+00 0.0 0.0e+00 0.0e+00 0.0e+00  0  0  0  0  0   0  0  0  0  0     0
ParLoopset_77          4 1.0 4.2367e-04 1.4 0.00e+00 0.0 0.0e+00 0.0e+00 0.0e+00  0  0  0  0  0   0  0  0  0  0     0
ParLoopset_76          2 1.0 1.5998e-04 1.9 0.00e+00 0.0 0.0e+00 0.0e+00 0.0e+00  0  0  0  0  0   0  0  0  0  0     0
ParLoopset_79          4 1.0 6.7902e-04 2.2 0.00e+00 0.0 0.0e+00 0.0e+00 0.0e+00  0  0  0  0  0   0  0  0  0  0     0
ParLoopset_85          2 1.0 3.7909e-05 1.3 0.00e+00 0.0 0.0e+00 0.0e+00 0.0e+00  0  0  0  0  0   0  0  0  0  0     0
ParLoopset_88          2 1.0 6.2108e-04 2.9 0.00e+00 0.0 0.0e+00 0.0e+00 0.0e+00  0  0  0  0  0   0  0  0  0  0     0
ParLoopset_90         10 1.0 4.8685e-04 1.5 0.00e+00 0.0 0.0e+00 0.0e+00 0.0e+00  0  0  0  0  0   0  0  0  0  0     0
ParLoopset_89         10 1.0 1.1585e-03 1.3 0.00e+00 0.0 0.0e+00 0.0e+00 0.0e+00  0  0  0  0  0   0  0  0  0  0     0
ParLoopset_93          4 1.0 4.4990e-04 1.5 0.00e+00 0.0 0.0e+00 0.0e+00 0.0e+00  0  0  0  0  0   0  0  0  0  0     0
ParLoopset_92          2 1.0 1.2898e-04 1.4 0.00e+00 0.0 0.0e+00 0.0e+00 0.0e+00  0  0  0  0  0   0  0  0  0  0     0
ParLoopset_95          4 1.0 6.9213e-04 2.0 0.00e+00 0.0 0.0e+00 0.0e+00 0.0e+00  0  0  0  0  0   0  0  0  0  0     0
ParLoopset_101         2 1.0 4.1008e-05 1.4 0.00e+00 0.0 0.0e+00 0.0e+00 0.0e+00  0  0  0  0  0   0  0  0  0  0     0
ParLoopset_104         2 1.0 7.8988e-04 3.7 0.00e+00 0.0 0.0e+00 0.0e+00 0.0e+00  0  0  0  0  0   0  0  0  0  0     0
ParLoopset_106        10 1.0 5.1069e-04 1.6 0.00e+00 0.0 0.0e+00 0.0e+00 0.0e+00  0  0  0  0  0   0  0  0  0  0     0
ParLoopset_105        10 1.0 1.1871e-03 1.2 0.00e+00 0.0 0.0e+00 0.0e+00 0.0e+00  0  0  0  0  0   0  0  0  0  0     0
ParLoopset_109         4 1.0 5.7197e-04 2.1 0.00e+00 0.0 0.0e+00 0.0e+00 0.0e+00  0  0  0  0  0   0  0  0  0  0     0
ParLoopset_108         2 1.0 1.8096e-04 2.2 0.00e+00 0.0 0.0e+00 0.0e+00 0.0e+00  0  0  0  0  0   0  0  0  0  0     0
ParLoopset_111         4 1.0 6.4492e-04 2.1 0.00e+00 0.0 0.0e+00 0.0e+00 0.0e+00  0  0  0  0  0   0  0  0  0  0     0
ParLoopset_117         2 1.0 3.8862e-05 1.3 0.00e+00 0.0 0.0e+00 0.0e+00 0.0e+00  0  0  0  0  0   0  0  0  0  0     0
ParLoopset_120         2 1.0 4.8709e-04 2.4 0.00e+00 0.0 0.0e+00 0.0e+00 0.0e+00  0  0  0  0  0   0  0  0  0  0     0
ParLoopset_122        10 1.0 4.8566e-04 1.5 0.00e+00 0.0 0.0e+00 0.0e+00 0.0e+00  0  0  0  0  0   0  0  0  0  0     0
ParLoopset_121        10 1.0 1.1888e-03 1.3 0.00e+00 0.0 0.0e+00 0.0e+00 0.0e+00  0  0  0  0  0   0  0  0  0  0     0
ParLoopset_125         4 1.0 5.7316e-04 2.0 0.00e+00 0.0 0.0e+00 0.0e+00 0.0e+00  0  0  0  0  0   0  0  0  0  0     0
ParLoopset_124         2 1.0 1.8406e-04 2.0 0.00e+00 0.0 0.0e+00 0.0e+00 0.0e+00  0  0  0  0  0   0  0  0  0  0     0
ParLoopset_127         4 1.0 8.9002e-04 3.0 0.00e+00 0.0 0.0e+00 0.0e+00 0.0e+00  0  0  0  0  0   0  0  0  0  0     0
ParLoopset_133         2 1.0 3.8862e-05 1.3 0.00e+00 0.0 0.0e+00 0.0e+00 0.0e+00  0  0  0  0  0   0  0  0  0  0     0
ParLoopset_136         2 1.0 6.9094e-04 3.4 0.00e+00 0.0 0.0e+00 0.0e+00 0.0e+00  0  0  0  0  0   0  0  0  0  0     0
ParLoopset_138        10 1.0 4.7565e-04 1.5 0.00e+00 0.0 0.0e+00 0.0e+00 0.0e+00  0  0  0  0  0   0  0  0  0  0     0
ParLoopset_137        10 1.0 1.2519e-03 1.3 0.00e+00 0.0 0.0e+00 0.0e+00 0.0e+00  0  0  0  0  0   0  0  0  0  0     0
ParLoopset_141         4 1.0 5.5599e-04 2.0 0.00e+00 0.0 0.0e+00 0.0e+00 0.0e+00  0  0  0  0  0   0  0  0  0  0     0
ParLoopset_140         2 1.0 1.2708e-04 1.4 0.00e+00 0.0 0.0e+00 0.0e+00 0.0e+00  0  0  0  0  0   0  0  0  0  0     0
ParLoopset_143         4 1.0 6.4898e-04 2.4 0.00e+00 0.0 0.0e+00 0.0e+00 0.0e+00  0  0  0  0  0   0  0  0  0  0     0
ParLoopset_149         2 1.0 3.9101e-05 1.4 0.00e+00 0.0 0.0e+00 0.0e+00 0.0e+00  0  0  0  0  0   0  0  0  0  0     0
ParLoopset_152         2 1.0 6.7377e-04 2.5 0.00e+00 0.0 0.0e+00 0.0e+00 0.0e+00  0  0  0  0  0   0  0  0  0  0     0
ParLoopset_154        10 1.0 4.8590e-04 1.5 0.00e+00 0.0 0.0e+00 0.0e+00 0.0e+00  0  0  0  0  0   0  0  0  0  0     0
ParLoopset_153        10 1.0 1.1394e-03 1.3 0.00e+00 0.0 0.0e+00 0.0e+00 0.0e+00  0  0  0  0  0   0  0  0  0  0     0
ParLoopset_157         4 1.0 4.1389e-04 1.4 0.00e+00 0.0 0.0e+00 0.0e+00 0.0e+00  0  0  0  0  0   0  0  0  0  0     0
ParLoopset_156         2 1.0 1.2994e-04 1.6 0.00e+00 0.0 0.0e+00 0.0e+00 0.0e+00  0  0  0  0  0   0  0  0  0  0     0
ParLoopset_159         4 1.0 8.1825e-04 3.2 0.00e+00 0.0 0.0e+00 0.0e+00 0.0e+00  0  0  0  0  0   0  0  0  0  0     0
ParLoopset_165         2 1.0 3.9101e-05 1.4 0.00e+00 0.0 0.0e+00 0.0e+00 0.0e+00  0  0  0  0  0   0  0  0  0  0     0
ParLoopset_168         2 1.0 7.7772e-04 3.4 0.00e+00 0.0 0.0e+00 0.0e+00 0.0e+00  0  0  0  0  0   0  0  0  0  0     0
ParLoopset_170        10 1.0 5.0402e-04 1.6 0.00e+00 0.0 0.0e+00 0.0e+00 0.0e+00  0  0  0  0  0   0  0  0  0  0     0
ParLoopset_169        10 1.0 1.1668e-03 1.3 0.00e+00 0.0 0.0e+00 0.0e+00 0.0e+00  0  0  0  0  0   0  0  0  0  0     0
ParLoopset_173         4 1.0 4.8208e-04 1.6 0.00e+00 0.0 0.0e+00 0.0e+00 0.0e+00  0  0  0  0  0   0  0  0  0  0     0
ParLoopset_172         2 1.0 1.3089e-04 1.4 0.00e+00 0.0 0.0e+00 0.0e+00 0.0e+00  0  0  0  0  0   0  0  0  0  0     0
ParLoopset_175         4 1.0 6.9690e-04 2.4 0.00e+00 0.0 0.0e+00 0.0e+00 0.0e+00  0  0  0  0  0   0  0  0  0  0     0

--- Event Stage 1: Warm-up stage

BuildTwoSided         99 1.0 1.6226e-01 2.3 0.00e+00 0.0 1.3e+04 4.0e+00 0.0e+00  0  0  0  0  0   0  0  0  0  0     0
BuildTwoSidedF       539 1.0 5.0574e+00 2.4 0.00e+00 0.0 7.2e+04 1.3e+05 0.0e+00  0  0  1 13  0   1  0  2 31  0     0
SFSetGraph           110 1.0 1.0036e-02 1.2 0.00e+00 0.0 0.0e+00 0.0e+00 0.0e+00  0  0  0  0  0   0  0  0  0  0     0
SFSetUp               99 1.0 2.2436e-01 1.3 0.00e+00 0.0 4.0e+04 5.0e+03 0.0e+00  0  0  1  0  0   0  0  1  1  0     0
SFBcastBegin         495 1.0 1.1380e-01 2.5 0.00e+00 0.0 1.7e+05 1.0e+04 0.0e+00  0  0  2  2  0   0  0  5  5  0     0
SFBcastEnd           495 1.0 2.5718e+01256.3 0.00e+00 0.0 0.0e+00 0.0e+00 0.0e+00  1  0  0  0  0   2  0  0  0  0     0
SFReduceBegin        231 1.0 1.1171e+0037.6 0.00e+00 0.0 5.4e+04 3.6e+04 0.0e+00  0  0  1  3  0   0  0  2  6  0     0
SFReduceEnd          231 1.0 2.4563e+0166.0 0.00e+00 0.0 0.0e+00 0.0e+00 0.0e+00  1  0  0  0  0   3  0  0  0  0     0
VecMDot             6840 1.0 5.8981e+00 2.4 1.13e+09 1.1 0.0e+00 0.0e+00 6.8e+03  0  0  0  0 15   1  0  0  0 32  7170
VecNorm             8944 1.0 2.3524e+00 2.1 3.92e+08 1.1 0.0e+00 0.0e+00 8.9e+03  0  0  0  0 20   0  0  0  0 42  6241
VecScale            8944 1.0 2.1766e-01 1.2 1.96e+08 1.1 0.0e+00 0.0e+00 0.0e+00  0  0  0  0  0   0  0  0  0  0 33723
VecCopy             2169 1.0 3.9526e-01 1.2 0.00e+00 0.0 0.0e+00 0.0e+00 0.0e+00  0  0  0  0  0   0  0  0  0  0     0
VecSet             14719 1.0 9.8666e-01 1.6 0.00e+00 0.0 0.0e+00 0.0e+00 0.0e+00  0  0  0  0  0   0  0  0  0  0     0
VecAXPY             3139 1.0 3.7161e-01 1.2 1.35e+08 1.1 0.0e+00 0.0e+00 0.0e+00  0  0  0  0  0   0  0  0  0  0 13621
VecAYPX             1024 1.0 1.4119e-01 1.6 2.06e+07 1.1 0.0e+00 0.0e+00 0.0e+00  0  0  0  0  0   0  0  0  0  0  5472
VecWAXPY               1 1.0 7.6008e-04 3.7 7.90e+04 1.1 0.0e+00 0.0e+00 0.0e+00  0  0  0  0  0   0  0  0  0  0  3900
VecMAXPY            8944 1.0 3.0238e+00 1.1 1.43e+09 1.1 0.0e+00 0.0e+00 0.0e+00  0  0  0  0  0   1  1  0  0  0 17774
VecAssemblyBegin     154 1.0 1.3525e-01 2.8 0.00e+00 0.0 0.0e+00 0.0e+00 0.0e+00  0  0  0  0  0   0  0  0  0  0     0
VecAssemblyEnd       154 1.0 3.4070e-04 1.2 0.00e+00 0.0 0.0e+00 0.0e+00 0.0e+00  0  0  0  0  0   0  0  0  0  0     0
VecPointwiseMult     484 1.0 9.3038e-02 1.3 9.75e+06 1.1 0.0e+00 0.0e+00 0.0e+00  0  0  0  0  0   0  0  0  0  0  3925
VecScatterBegin    11377 1.0 5.4368e-01 1.4 0.00e+00 0.0 2.8e+06 5.4e+03 0.0e+00  0  0 42 20  0   0  0 82 49  0     0
VecScatterEnd      11377 1.0 4.1976e+00 4.8 0.00e+00 0.0 0.0e+00 0.0e+00 0.0e+00  0  0  0  0  0   0  0  0  0  0     0
VecSetRandom          44 1.0 5.8857e-02 1.1 0.00e+00 0.0 0.0e+00 0.0e+00 0.0e+00  0  0  0  0  0   0  0  0  0  0     0
VecNormalize        8676 1.0 2.3897e+00 1.9 5.24e+08 1.1 0.0e+00 0.0e+00 8.7e+03  0  0  0  0 19   0  0  0  0 41  8217
MatMult             8889 1.0 3.0624e+01 1.1 1.24e+10 1.2 2.4e+06 5.7e+03 0.0e+00  3  2 36 19  0   8  4 72 45  0 15142
MatMultAdd          1024 1.0 5.6151e-01 1.2 1.41e+08 1.1 1.5e+05 6.4e+02 0.0e+00  0  0  2  0  0   0  0  5  0  0  9609
MatMultTranspose    1024 1.0 5.9932e-01 1.3 1.41e+08 1.1 1.5e+05 6.4e+02 0.0e+00  0  0  2  0  0   0  0  5  0  0  9002
MatSolve            8448 1.4 2.5705e+01 1.1 9.88e+09 1.2 0.0e+00 0.0e+00 0.0e+00  3  2  0  0  0   6  4  0  0  0 14416
MatLUFactorSym        11 1.0 1.3995e-04 1.5 0.00e+00 0.0 0.0e+00 0.0e+00 0.0e+00  0  0  0  0  0   0  0  0  0  0     0
MatLUFactorNum        55 1.0 1.0235e+00 1.3 4.65e+08 1.2 0.0e+00 0.0e+00 0.0e+00  0  0  0  0  0   0  0  0  0  0 16523
MatILUFactorSym       44 1.0 3.7115e-01 1.2 0.00e+00 0.0 0.0e+00 0.0e+00 0.0e+00  0  0  0  0  0   0  0  0  0  0     0
MatConvert            44 1.0 4.0996e-01 1.2 0.00e+00 0.0 0.0e+00 0.0e+00 0.0e+00  0  0  0  0  0   0  0  0  0  0     0
MatScale             132 1.0 4.1964e-01 1.1 6.36e+07 1.1 1.2e+04 5.3e+03 0.0e+00  0  0  0  0  0   0  0  0  0  0  5678
MatResidual         1024 1.0 3.3941e+00 1.1 1.34e+09 1.2 2.8e+05 5.3e+03 0.0e+00  0  0  4  2  0   1  0  8  5  0 14748
MatAssemblyBegin    1034 1.0 8.6648e+00 1.6 0.00e+00 0.0 7.2e+04 1.3e+05 0.0e+00  1  0  1 13  0   2  0  2 31  0     0
MatAssemblyEnd      1034 1.0 7.3399e+00 1.1 0.00e+00 0.0 1.4e+05 1.2e+03 2.3e+03  1  0  2  0  5   2  0  4  1 11     0
MatGetRowIJ           55 1.7 5.1737e-05 5.9 0.00e+00 0.0 0.0e+00 0.0e+00 0.0e+00  0  0  0  0  0   0  0  0  0  0     0
MatCreateSubMat       44 1.0 3.3707e-02 1.0 0.00e+00 0.0 3.6e+03 3.2e+02 7.0e+02  0  0  0  0  2   0  0  0  0  3     0
MatGetOrdering        55 1.7 1.9790e-02 1.2 0.00e+00 0.0 0.0e+00 0.0e+00 0.0e+00  0  0  0  0  0   0  0  0  0  0     0
MatCoarsen            44 1.0 4.8792e-01 1.1 0.00e+00 0.0 1.5e+05 3.4e+03 2.4e+02  0  0  2  1  1   0  0  4  2  1     0
MatZeroEntries        66 1.0 8.4244e-01 1.1 0.00e+00 0.0 0.0e+00 0.0e+00 0.0e+00  0  0  0  0  0   0  0  0  0  0     0
MatAXPY               44 1.0 2.7332e-01 1.1 0.00e+00 0.0 0.0e+00 0.0e+00 0.0e+00  0  0  0  0  0   0  0  0  0  0     0
MatTranspose         132 1.0 2.1928e+00 1.0 0.00e+00 0.0 7.2e+04 1.5e+04 4.4e+02  0  0  1  2  1   1  0  2  4  2     0
MatMatMult            44 1.0 1.0701e+00 1.0 5.76e+07 1.2 7.3e+04 2.7e+03 5.3e+02  0  0  1  0  1   0  0  2  1  2  2010
MatMatMultSym         44 1.0 7.1562e-01 1.0 0.00e+00 0.0 6.1e+04 2.1e+03 5.3e+02  0  0  1  0  1   0  0  2  0  2     0
MatMatMultNum         44 1.0 3.5577e-01 1.0 5.76e+07 1.2 1.2e+04 5.3e+03 0.0e+00  0  0  0  0  0   0  0  0  0  0  6046
MatPtAP               44 1.0 2.9724e+00 1.0 2.82e+08 1.1 1.3e+05 6.0e+03 6.6e+02  0  0  2  1  1   1  0  4  3  3  3571
MatPtAPSymbolic       44 1.0 1.9460e+00 1.1 0.00e+00 0.0 7.3e+04 7.4e+03 3.1e+02  0  0  1  1  1   0  0  2  2  1     0
MatPtAPNumeric        44 1.0 1.0270e+00 1.0 2.82e+08 1.1 6.1e+04 4.3e+03 3.5e+02  0  0  1  0  1   0  0  2  1  2 10335
MatTrnMatMult         11 1.0 3.0633e+01 1.0 1.93e+09 1.1 1.6e+04 4.4e+05 1.8e+02  3  0  0 10  0   8  1  0 23  1  2362
MatTrnMatMultSym      11 1.0 1.6033e+01 1.0 0.00e+00 0.0 7.5e+03 2.0e+05 8.8e+01  2  0  0  2  0   4  0  0  5  0     0
MatTrnMatMultNum      11 1.0 1.4603e+01 1.0 1.93e+09 1.1 8.9e+03 6.4e+05 8.8e+01  1  0  0  8  0   4  1  0 19  0  4955
MatGetLocalMat       143 1.0 5.4252e-01 1.3 0.00e+00 0.0 0.0e+00 0.0e+00 0.0e+00  0  0  0  0  0   0  0  0  0  0     0
MatGetBrAoCol        132 1.0 3.3426e-01 1.9 0.00e+00 0.0 8.5e+04 7.9e+03 0.0e+00  0  0  1  1  0   0  0  2  2  0     0
MatTranspose_SeqAIJ_FAST     132 1.0 8.9657e-01 1.3 0.00e+00 0.0 0.0e+00 0.0e+00 0.0e+00  0  0  0  0  0   0  0  0  0  0     0
PCGAMGGraph_AGG       44 1.0 1.3940e+01 1.0 5.76e+07 1.2 1.3e+05 1.8e+04 9.7e+02  1  0  2  3  2   4  0  4  7  5   154
PCGAMGCoarse_AGG      44 1.0 3.1949e+01 1.0 1.93e+09 1.1 1.8e+05 4.7e+04 4.6e+02  3  0  3 11  1   8  1  5 27  2  2265
PCGAMGProl_AGG        44 1.0 8.1154e-01 1.3 0.00e+00 0.0 4.4e+04 7.5e+03 7.0e+02  0  0  1  0  2   0  0  1  1  3     0
PCGAMGPOpt_AGG        44 1.0 3.7434e+00 1.0 8.84e+08 1.2 1.9e+05 4.3e+03 1.8e+03  0  0  3  1  4   1  0  6  3  9  8830
GAMG: createProl      44 1.0 5.1104e+01 1.0 2.87e+09 1.1 5.4e+05 2.2e+04 3.9e+03  5  1  8 16  9  13  1 16 38 19  2105
  Graph               88 1.0 1.3902e+01 1.0 5.76e+07 1.2 1.3e+05 1.8e+04 9.7e+02  1  0  2  3  2   4  0  4  7  5   155
  MIS/Agg             44 1.0 4.8863e-01 1.1 0.00e+00 0.0 1.5e+05 3.4e+03 2.4e+02  0  0  2  1  1   0  0  4  2  1     0
  SA: col data        44 1.0 2.4700e-01 1.0 0.00e+00 0.0 2.4e+04 1.2e+04 1.8e+02  0  0  0  0  0   0  0  1  1  1     0
  SA: frmProl0        44 1.0 3.4231e-01 1.0 0.00e+00 0.0 2.0e+04 2.6e+03 3.5e+02  0  0  0  0  1   0  0  1  0  2     0
  SA: smooth          44 1.0 1.4845e+00 1.0 6.36e+07 1.1 7.3e+04 2.7e+03 6.2e+02  0  0  1  0  1   0  0  2  1  3  1605
GAMG: partLevel       44 1.0 3.0202e+00 1.0 2.82e+08 1.1 1.4e+05 5.8e+03 1.8e+03  0  0  2  1  4   1  0  4  3  8  3514
  repartition         22 1.0 2.1908e-03 1.0 0.00e+00 0.0 0.0e+00 0.0e+00 1.3e+02  0  0  0  0  0   0  0  0  0  1     0
  Invert-Sort         22 1.0 3.7460e-03 1.5 0.00e+00 0.0 0.0e+00 0.0e+00 8.8e+01  0  0  0  0  0   0  0  0  0  0     0
  Move A              22 1.0 2.0109e-02 1.0 0.00e+00 0.0 2.0e+03 5.6e+02 3.7e+02  0  0  0  0  1   0  0  0  0  2     0
  Move P              22 1.0 1.8227e-02 1.0 0.00e+00 0.0 1.6e+03 4.4e+01 3.7e+02  0  0  0  0  1   0  0  0  0  2     0
PCSetUp               77 1.0 1.6632e+02 1.0 6.33e+10 1.0 6.9e+05 2.1e+04 6.2e+03 17 13 10 19 14  43 24 20 46 29 15171
PCSetUpOnBlocks     2304 1.0 1.4208e+00 1.2 4.65e+08 1.2 0.0e+00 0.0e+00 0.0e+00  0  0  0  0  0   0  0  0  0  0 11903
PCApply               11 1.0 2.5482e+02 1.0 1.93e+11 1.0 3.3e+06 8.0e+03 2.1e+04 26 39 49 36 46  65 73 98 87 99 30074
KSPSetUp             187 1.0 1.6925e-01 1.8 0.00e+00 0.0 0.0e+00 0.0e+00 1.1e+02  0  0  0  0  0   0  0  0  0  1     0
KSPSolve              11 1.0 3.6572e+02 1.0 2.53e+11 1.0 3.3e+06 8.5e+03 2.1e+04 37 51 50 39 46  94 96 98 92100 27484
KSPGMRESOrthog      6840 1.0 8.1334e+00 1.8 2.26e+09 1.1 0.0e+00 0.0e+00 6.8e+03  1  0  0  0 15   2  1  0  0 32 10400
SNESSolve             11 1.0 3.8885e+02 1.0 2.65e+11 1.0 3.4e+06 9.1e+03 2.1e+04 40 53 51 42 46 100100100100100 26995
SNESFunctionEval      11 1.0 2.3093e+01 1.0 1.14e+10 1.0 6.3e+04 3.9e+04 4.4e+01  2  2  1  3  0   6  4  2  8  0 19279
SNESJacobianEval      11 1.0 4.7571e-02 1.6 0.00e+00 0.0 0.0e+00 0.0e+00 0.0e+00  0  0  0  0  0   0  0  0  0  0     0
CreateFunctionSpace     630 1.0 3.9194e-01 1.2 0.00e+00 0.0 0.0e+00 0.0e+00 0.0e+00  0  0  0  0  0   0  0  0  0  0     0
ParLoopExecute       330 1.0 1.9933e+02 1.1 2.36e+11 1.0 8.3e+04 3.9e+04 4.4e+01 20 47  1  4  0  50 90  2 11  0 47274
ParLoopCells         330 1.0 7.2229e+01 1.0 2.33e+11 1.0 0.0e+00 0.0e+00 0.0e+00  7 47  0  0  0  18 89  0  0  0 129027
ParLoopRednBegin     330 1.0 6.6719e-03 1.2 0.00e+00 0.0 0.0e+00 0.0e+00 0.0e+00  0  0  0  0  0   0  0  0  0  0     0
ParLoopRednEnd       330 1.0 1.9870e-03 1.3 0.00e+00 0.0 0.0e+00 0.0e+00 0.0e+00  0  0  0  0  0   0  0  0  0  0     0
CreateSparsity        11 1.0 6.5393e+00 1.1 0.00e+00 0.0 1.8e+03 3.0e+05 4.4e+01  1  0  0  1  0   2  0  0  2  0     0
MatZeroInitial        11 1.0 1.6749e+00 1.1 0.00e+00 0.0 0.0e+00 0.0e+00 0.0e+00  0  0  0  0  0   0  0  0  0  0     0
ParLoopset_8           4 1.0 3.0317e-03 1.1 1.36e+05 1.1 0.0e+00 0.0e+00 0.0e+00  0  0  0  0  0   0  0  0  0  0  1734
ParLoopset_10          4 1.0 6.8402e-04 1.4 4.95e+04 1.0 0.0e+00 0.0e+00 0.0e+00  0  0  0  0  0   0  0  0  0  0  2897
ParLoopset_9           8 1.0 1.3771e-03 1.4 4.92e+04 1.0 0.0e+00 0.0e+00 0.0e+00  0  0  0  0  0   0  0  0  0  0  1428
ParLoopset_15          4 1.0 1.1330e-03 1.6 0.00e+00 0.0 0.0e+00 0.0e+00 0.0e+00  0  0  0  0  0   0  0  0  0  0     0
ParLoopIntFacets      66 1.0 1.4981e+00 1.2 2.85e+09 1.2 0.0e+00 0.0e+00 0.0e+00  0  1  0  0  0   0  1  0  0  0 69130
ParLoopset_14          4 1.0 2.0270e-03 1.6 0.00e+00 0.0 0.0e+00 0.0e+00 0.0e+00  0  0  0  0  0   0  0  0  0  0     0
SCPCInit              11 1.0 1.1092e+02 1.0 5.97e+10 1.0 1.1e+04 1.6e+05 2.0e+02 11 12  0  2  0  28 23  0  6  1 21529
SCForwardElim         11 1.0 1.1815e-01 1.4 0.00e+00 0.0 0.0e+00 0.0e+00 3.3e+01  0  0  0  0  0   0  0  0  0  0     0
SCSolve               11 1.0 1.6682e+02 1.0 8.66e+10 1.0 3.3e+06 8.0e+03 2.1e+04 17 17 49 36 46  43 32 98 85 98 20334
SCBackSub             11 1.0 8.7894e+01 1.0 1.07e+11 1.0 9.9e+03 3.9e+04 2.2e+01  9 22  0  1  0  23 41  0  1  0 48595
ParLoopset_24          4 1.0 2.0328e-03 3.3 1.36e+05 1.1 0.0e+00 0.0e+00 0.0e+00  0  0  0  0  0   0  0  0  0  0  2587
ParLoopset_26          4 1.0 8.2088e-04 2.4 4.95e+04 1.0 0.0e+00 0.0e+00 0.0e+00  0  0  0  0  0   0  0  0  0  0  2414
ParLoopset_25          8 1.0 1.3640e-03 2.1 4.92e+04 1.0 0.0e+00 0.0e+00 0.0e+00  0  0  0  0  0   0  0  0  0  0  1441
ParLoopset_31          4 1.0 6.9404e-04 2.1 0.00e+00 0.0 0.0e+00 0.0e+00 0.0e+00  0  0  0  0  0   0  0  0  0  0     0
ParLoopset_30          4 1.0 1.5433e-03 2.3 0.00e+00 0.0 0.0e+00 0.0e+00 0.0e+00  0  0  0  0  0   0  0  0  0  0     0
ParLoopset_40          4 1.0 1.7848e-03 3.2 1.36e+05 1.1 0.0e+00 0.0e+00 0.0e+00  0  0  0  0  0   0  0  0  0  0  2946
ParLoopset_42          4 1.0 7.9727e-04 2.0 4.95e+04 1.0 0.0e+00 0.0e+00 0.0e+00  0  0  0  0  0   0  0  0  0  0  2485
ParLoopset_41          8 1.0 1.1530e-03 1.9 4.92e+04 1.0 0.0e+00 0.0e+00 0.0e+00  0  0  0  0  0   0  0  0  0  0  1705
ParLoopset_47          4 1.0 6.1202e-04 2.0 0.00e+00 0.0 0.0e+00 0.0e+00 0.0e+00  0  0  0  0  0   0  0  0  0  0     0
ParLoopset_46          4 1.0 1.4732e-03 2.2 0.00e+00 0.0 0.0e+00 0.0e+00 0.0e+00  0  0  0  0  0   0  0  0  0  0     0
ParLoopset_56          4 1.0 1.8187e-03 2.9 1.36e+05 1.1 0.0e+00 0.0e+00 0.0e+00  0  0  0  0  0   0  0  0  0  0  2891
ParLoopset_58          4 1.0 7.8297e-04 2.1 4.95e+04 1.0 0.0e+00 0.0e+00 0.0e+00  0  0  0  0  0   0  0  0  0  0  2531
ParLoopset_57          8 1.0 1.0145e-03 1.6 4.92e+04 1.0 0.0e+00 0.0e+00 0.0e+00  0  0  0  0  0   0  0  0  0  0  1938
ParLoopset_63          4 1.0 5.7411e-04 1.9 0.00e+00 0.0 0.0e+00 0.0e+00 0.0e+00  0  0  0  0  0   0  0  0  0  0     0
ParLoopset_62          4 1.0 1.5001e-03 2.1 0.00e+00 0.0 0.0e+00 0.0e+00 0.0e+00  0  0  0  0  0   0  0  0  0  0     0
ParLoopset_72          4 1.0 1.8182e-03 2.4 1.36e+05 1.1 0.0e+00 0.0e+00 0.0e+00  0  0  0  0  0   0  0  0  0  0  2892
ParLoopset_74          4 1.0 9.3055e-04 2.3 4.95e+04 1.0 0.0e+00 0.0e+00 0.0e+00  0  0  0  0  0   0  0  0  0  0  2129
ParLoopset_73          8 1.0 1.4317e-03 2.0 4.92e+04 1.0 0.0e+00 0.0e+00 0.0e+00  0  0  0  0  0   0  0  0  0  0  1373
ParLoopset_79          4 1.0 6.7782e-04 2.1 0.00e+00 0.0 0.0e+00 0.0e+00 0.0e+00  0  0  0  0  0   0  0  0  0  0     0
ParLoopset_78          4 1.0 2.2471e-03 3.0 0.00e+00 0.0 0.0e+00 0.0e+00 0.0e+00  0  0  0  0  0   0  0  0  0  0     0
ParLoopset_88          4 1.0 1.8258e-03 3.5 1.36e+05 1.1 0.0e+00 0.0e+00 0.0e+00  0  0  0  0  0   0  0  0  0  0  2880
ParLoopset_90          4 1.0 7.2026e-04 1.9 4.95e+04 1.0 0.0e+00 0.0e+00 0.0e+00  0  0  0  0  0   0  0  0  0  0  2751
ParLoopset_89          8 1.0 1.2298e-03 2.0 4.92e+04 1.0 0.0e+00 0.0e+00 0.0e+00  0  0  0  0  0   0  0  0  0  0  1599
ParLoopset_95          4 1.0 7.9703e-04 2.6 0.00e+00 0.0 0.0e+00 0.0e+00 0.0e+00  0  0  0  0  0   0  0  0  0  0     0
ParLoopset_94          4 1.0 1.5357e-03 2.1 0.00e+00 0.0 0.0e+00 0.0e+00 0.0e+00  0  0  0  0  0   0  0  0  0  0     0
ParLoopset_104         4 1.0 2.2101e-03 2.8 1.36e+05 1.1 0.0e+00 0.0e+00 0.0e+00  0  0  0  0  0   0  0  0  0  0  2379
ParLoopset_106         4 1.0 7.9679e-04 1.8 4.95e+04 1.0 0.0e+00 0.0e+00 0.0e+00  0  0  0  0  0   0  0  0  0  0  2487
ParLoopset_105         8 1.0 1.2257e-03 1.8 4.92e+04 1.0 0.0e+00 0.0e+00 0.0e+00  0  0  0  0  0   0  0  0  0  0  1604
ParLoopset_111         4 1.0 6.1989e-04 2.0 0.00e+00 0.0 0.0e+00 0.0e+00 0.0e+00  0  0  0  0  0   0  0  0  0  0     0
ParLoopset_110         4 1.0 1.3742e-03 1.9 0.00e+00 0.0 0.0e+00 0.0e+00 0.0e+00  0  0  0  0  0   0  0  0  0  0     0
ParLoopset_120         4 1.0 1.7457e-03 2.4 1.36e+05 1.1 0.0e+00 0.0e+00 0.0e+00  0  0  0  0  0   0  0  0  0  0  3012
ParLoopset_122         4 1.0 9.1052e-04 2.1 4.95e+04 1.0 0.0e+00 0.0e+00 0.0e+00  0  0  0  0  0   0  0  0  0  0  2176
ParLoopset_121         8 1.0 1.0843e-03 1.6 4.92e+04 1.0 0.0e+00 0.0e+00 0.0e+00  0  0  0  0  0   0  0  0  0  0  1813
ParLoopset_127         4 1.0 6.5327e-04 2.0 0.00e+00 0.0 0.0e+00 0.0e+00 0.0e+00  0  0  0  0  0   0  0  0  0  0     0
ParLoopset_126         4 1.0 2.0659e-03 3.0 0.00e+00 0.0 0.0e+00 0.0e+00 0.0e+00  0  0  0  0  0   0  0  0  0  0     0
ParLoopset_136         4 1.0 2.1710e-03 2.9 1.36e+05 1.1 0.0e+00 0.0e+00 0.0e+00  0  0  0  0  0   0  0  0  0  0  2422
ParLoopset_138         4 1.0 7.1001e-04 1.8 4.95e+04 1.0 0.0e+00 0.0e+00 0.0e+00  0  0  0  0  0   0  0  0  0  0  2791
ParLoopset_137         8 1.0 1.2448e-03 1.8 4.92e+04 1.0 0.0e+00 0.0e+00 0.0e+00  0  0  0  0  0   0  0  0  0  0  1579
ParLoopset_143         4 1.0 6.6400e-04 1.9 0.00e+00 0.0 0.0e+00 0.0e+00 0.0e+00  0  0  0  0  0   0  0  0  0  0     0
ParLoopset_142         4 1.0 1.6627e-03 2.3 0.00e+00 0.0 0.0e+00 0.0e+00 0.0e+00  0  0  0  0  0   0  0  0  0  0     0
ParLoopset_152         4 1.0 1.7731e-03 2.2 1.36e+05 1.1 0.0e+00 0.0e+00 0.0e+00  0  0  0  0  0   0  0  0  0  0  2966
ParLoopset_154         4 1.0 8.0299e-04 2.1 4.95e+04 1.0 0.0e+00 0.0e+00 0.0e+00  0  0  0  0  0   0  0  0  0  0  2468
ParLoopset_153         8 1.0 1.1749e-03 1.7 4.92e+04 1.0 0.0e+00 0.0e+00 0.0e+00  0  0  0  0  0   0  0  0  0  0  1673
ParLoopset_159         4 1.0 6.8235e-04 2.1 0.00e+00 0.0 0.0e+00 0.0e+00 0.0e+00  0  0  0  0  0   0  0  0  0  0     0
ParLoopset_158         4 1.0 2.1551e-03 2.9 0.00e+00 0.0 0.0e+00 0.0e+00 0.0e+00  0  0  0  0  0   0  0  0  0  0     0
ParLoopset_168         4 1.0 1.7688e-03 2.8 1.36e+05 1.1 0.0e+00 0.0e+00 0.0e+00  0  0  0  0  0   0  0  0  0  0  2973
ParLoopset_170         4 1.0 8.6117e-04 2.1 4.95e+04 1.0 0.0e+00 0.0e+00 0.0e+00  0  0  0  0  0   0  0  0  0  0  2301
ParLoopset_169         8 1.0 1.2634e-03 2.0 4.92e+04 1.0 0.0e+00 0.0e+00 0.0e+00  0  0  0  0  0   0  0  0  0  0  1556
ParLoopset_175         4 1.0 7.5698e-04 2.6 0.00e+00 0.0 0.0e+00 0.0e+00 0.0e+00  0  0  0  0  0   0  0  0  0  0     0
ParLoopset_174         4 1.0 2.1498e-03 3.0 0.00e+00 0.0 0.0e+00 0.0e+00 0.0e+00  0  0  0  0  0   0  0  0  0  0     0

--- Event Stage 2: linear_solve

SFBcastBegin          88 1.0 2.2790e-02 1.6 0.00e+00 0.0 2.0e+04 4.1e+04 0.0e+00  0  0  0  1  0   0  0  1  5  0     0
SFBcastEnd            88 1.0 2.8012e+01843.1 0.00e+00 0.0 0.0e+00 0.0e+00 0.0e+00  1  0  0  0  0   6  0  0  0  0     0
SFReduceBegin        187 1.0 8.9510e-02 3.4 0.00e+00 0.0 4.2e+04 4.6e+04 0.0e+00  0  0  1  3  0   0  0  2 12  0     0
SFReduceEnd          187 1.0 2.6737e+0171.6 0.00e+00 0.0 0.0e+00 0.0e+00 0.0e+00  1  0  0  0  0   8  0  0  0  0     0
VecMDot             6400 1.0 6.0666e+00 2.4 1.03e+09 1.1 0.0e+00 0.0e+00 6.4e+03  0  0  0  0 14   3  0  0  0 43  6369
VecNorm             8460 1.0 7.7324e+00 7.0 3.72e+08 1.1 0.0e+00 0.0e+00 8.5e+03  0  0  0  0 19   3  0  0  0 57  1804
VecScale            8460 1.0 2.0847e-01 1.2 1.86e+08 1.1 0.0e+00 0.0e+00 0.0e+00  0  0  0  0  0   0  0  0  0  0 33458
VecCopy             2114 1.0 3.1419e-01 1.3 0.00e+00 0.0 0.0e+00 0.0e+00 0.0e+00  0  0  0  0  0   0  0  0  0  0     0
VecSet             14114 1.0 9.6723e-01 1.7 0.00e+00 0.0 0.0e+00 0.0e+00 0.0e+00  0  0  0  0  0   0  0  0  0  0     0
VecAXPY             3095 1.0 3.3718e-01 1.2 1.33e+08 1.1 0.0e+00 0.0e+00 0.0e+00  0  0  0  0  0   0  0  0  0  0 14815
VecAYPX             1024 1.0 1.4229e-01 1.5 2.06e+07 1.1 0.0e+00 0.0e+00 0.0e+00  0  0  0  0  0   0  0  0  0  0  5430
VecWAXPY               1 1.0 6.7806e-04 3.4 7.90e+04 1.1 0.0e+00 0.0e+00 0.0e+00  0  0  0  0  0   0  0  0  0  0  4372
VecMAXPY            8460 1.0 2.7817e+00 1.1 1.32e+09 1.1 0.0e+00 0.0e+00 0.0e+00  0  0  0  0  0   2  1  0  0  0 17770
VecScatterBegin    10695 1.0 4.3597e-01 1.4 0.00e+00 0.0 2.6e+06 5.1e+03 0.0e+00  0  0 39 18  0   0  0 98 83  0     0
VecScatterEnd      10695 1.0 4.0525e+00 4.8 0.00e+00 0.0 0.0e+00 0.0e+00 0.0e+00  0  0  0  0  0   1  0  0  0  0     0
VecNormalize        8192 1.0 2.0540e+00 1.7 4.95e+08 1.1 0.0e+00 0.0e+00 8.2e+03  0  0  0  0 18   1  0  0  0 55  9027
MatMult             8449 1.0 2.9363e+01 1.1 1.18e+10 1.2 2.3e+06 5.7e+03 0.0e+00  3  2 34 18  0  19  6 86 82  0 15071
MatMultAdd          1024 1.0 5.6329e-01 1.2 1.41e+08 1.1 1.5e+05 6.4e+02 0.0e+00  0  0  2  0  0   0  0  6  1  0  9578
MatMultTranspose    1024 1.0 5.8546e-01 1.3 1.41e+08 1.1 1.5e+05 6.4e+02 0.0e+00  0  0  2  0  0   0  0  6  1  0  9216
MatSolve            8448 1.4 2.5677e+01 1.1 9.88e+09 1.2 0.0e+00 0.0e+00 0.0e+00  3  2  0  0  0  17  5  0  0  0 14432
MatResidual         1024 1.0 3.3814e+00 1.1 1.34e+09 1.2 2.8e+05 5.3e+03 0.0e+00  0  0  4  2  0   2  1 10  9  0 14803
PCSetUpOnBlocks     2304 1.0 3.3326e-03 1.4 0.00e+00 0.0 0.0e+00 0.0e+00 0.0e+00  0  0  0  0  0   0  0  0  0  0     0
PCApply               11 1.0 1.3773e+02 1.1 1.90e+11 1.0 2.6e+06 5.4e+03 1.5e+04 14 38 39 19 33  93 94 98 88100 54660
KSPSetUp              11 1.0 1.6451e-05 5.8 0.00e+00 0.0 0.0e+00 0.0e+00 0.0e+00  0  0  0  0  0   0  0  0  0  0     0
KSPSolve              11 1.0 1.3774e+02 1.1 1.90e+11 1.0 2.6e+06 5.4e+03 1.5e+04 14 38 39 19 33  93 94 98 88100 54656
KSPGMRESOrthog      6400 1.0 7.9993e+00 1.8 2.06e+09 1.1 0.0e+00 0.0e+00 6.4e+03  1  0  0  0 14   4  1  0  0 43  9661
SNESSolve             11 1.0 1.4456e+02 1.1 2.01e+11 1.0 2.7e+06 6.0e+03 1.5e+04 14 40 40 22 33  98100100100100 55157
SNESFunctionEval      11 1.0 6.8377e+00 1.0 1.14e+10 1.0 4.2e+04 4.6e+04 0.0e+00  1  2  1  3  0   5  6  2 12  0 65098
SNESJacobianEval      11 1.0 1.1554e-03 2.5 0.00e+00 0.0 0.0e+00 0.0e+00 0.0e+00  0  0  0  0  0   0  0  0  0  0     0
ParLoopExecute       286 1.0 8.0588e+01 1.2 1.76e+11 1.0 6.2e+04 4.4e+04 0.0e+00  8 35  1  4  0  52 88  2 17  0 87295
ParLoopCells         308 1.0 5.2493e+01 1.0 1.73e+11 1.0 0.0e+00 0.0e+00 0.0e+00  5 35  0  0  0  36 87  0  0  0 132043
ParLoopRednBegin     286 1.0 1.8027e-03 1.3 0.00e+00 0.0 0.0e+00 0.0e+00 0.0e+00  0  0  0  0  0   0  0  0  0  0     0
ParLoopRednEnd       286 1.0 1.7500e-03 1.3 0.00e+00 0.0 0.0e+00 0.0e+00 0.0e+00  0  0  0  0  0   0  0  0  0  0     0
ParLoopset_9           6 1.0 8.3399e-04 1.5 0.00e+00 0.0 0.0e+00 0.0e+00 0.0e+00  0  0  0  0  0   0  0  0  0  0     0
ParLoopset_15          6 1.0 1.2949e-03 1.7 0.00e+00 0.0 0.0e+00 0.0e+00 0.0e+00  0  0  0  0  0   0  0  0  0  0     0
ParLoopIntFacets      66 1.0 1.4371e+00 1.2 2.85e+09 1.2 0.0e+00 0.0e+00 0.0e+00  0  1  0  0  0   1  1  0  0  0 72068
ParLoopset_14          6 1.0 2.9924e-03 1.6 0.00e+00 0.0 0.0e+00 0.0e+00 0.0e+00  0  0  0  0  0   0  0  0  0  0     0
SCForwardElim         11 1.0 5.5317e-02 1.6 0.00e+00 0.0 0.0e+00 0.0e+00 0.0e+00  0  0  0  0  0   0  0  0  0  0     0
SCSolve               11 1.0 9.1507e+01 1.0 8.30e+10 1.0 2.6e+06 5.3e+03 1.5e+04  9 16 39 19 33  63 41 98 86100 35593
SCBackSub             11 1.0 4.6214e+01 1.2 1.07e+11 1.0 9.9e+03 3.9e+04 0.0e+00  4 22  0  1  0  30 54  0  2  0 92421
ParLoopset_25          6 1.0 7.8559e-04 2.3 0.00e+00 0.0 0.0e+00 0.0e+00 0.0e+00  0  0  0  0  0   0  0  0  0  0     0
ParLoopset_31          6 1.0 1.0641e-03 2.3 0.00e+00 0.0 0.0e+00 0.0e+00 0.0e+00  0  0  0  0  0   0  0  0  0  0     0
ParLoopset_30          6 1.0 2.8691e-03 2.5 0.00e+00 0.0 0.0e+00 0.0e+00 0.0e+00  0  0  0  0  0   0  0  0  0  0     0
ParLoopset_41          6 1.0 8.3303e-04 2.4 0.00e+00 0.0 0.0e+00 0.0e+00 0.0e+00  0  0  0  0  0   0  0  0  0  0     0
ParLoopset_47          6 1.0 1.1637e-03 3.0 0.00e+00 0.0 0.0e+00 0.0e+00 0.0e+00  0  0  0  0  0   0  0  0  0  0     0
ParLoopset_46          6 1.0 2.8479e-03 2.8 0.00e+00 0.0 0.0e+00 0.0e+00 0.0e+00  0  0  0  0  0   0  0  0  0  0     0
ParLoopset_57          6 1.0 7.3004e-04 2.1 0.00e+00 0.0 0.0e+00 0.0e+00 0.0e+00  0  0  0  0  0   0  0  0  0  0     0
ParLoopset_63          6 1.0 1.1301e-03 2.3 0.00e+00 0.0 0.0e+00 0.0e+00 0.0e+00  0  0  0  0  0   0  0  0  0  0     0
ParLoopset_62          6 1.0 2.8749e-03 2.5 0.00e+00 0.0 0.0e+00 0.0e+00 0.0e+00  0  0  0  0  0   0  0  0  0  0     0
ParLoopset_73          6 1.0 8.0633e-04 2.2 0.00e+00 0.0 0.0e+00 0.0e+00 0.0e+00  0  0  0  0  0   0  0  0  0  0     0
ParLoopset_79          6 1.0 1.1098e-03 2.3 0.00e+00 0.0 0.0e+00 0.0e+00 0.0e+00  0  0  0  0  0   0  0  0  0  0     0
ParLoopset_78          6 1.0 2.7912e-03 2.5 0.00e+00 0.0 0.0e+00 0.0e+00 0.0e+00  0  0  0  0  0   0  0  0  0  0     0
ParLoopset_89          6 1.0 7.1549e-04 2.0 0.00e+00 0.0 0.0e+00 0.0e+00 0.0e+00  0  0  0  0  0   0  0  0  0  0     0
ParLoopset_95          6 1.0 9.8681e-04 2.2 0.00e+00 0.0 0.0e+00 0.0e+00 0.0e+00  0  0  0  0  0   0  0  0  0  0     0
ParLoopset_94          6 1.0 2.5790e-03 2.2 0.00e+00 0.0 0.0e+00 0.0e+00 0.0e+00  0  0  0  0  0   0  0  0  0  0     0
ParLoopset_105         6 1.0 7.2074e-04 1.9 0.00e+00 0.0 0.0e+00 0.0e+00 0.0e+00  0  0  0  0  0   0  0  0  0  0     0
ParLoopset_111         6 1.0 1.2491e-03 2.7 0.00e+00 0.0 0.0e+00 0.0e+00 0.0e+00  0  0  0  0  0   0  0  0  0  0     0
ParLoopset_110         6 1.0 2.5804e-03 2.3 0.00e+00 0.0 0.0e+00 0.0e+00 0.0e+00  0  0  0  0  0   0  0  0  0  0     0
ParLoopset_121         6 1.0 7.2789e-04 1.9 0.00e+00 0.0 0.0e+00 0.0e+00 0.0e+00  0  0  0  0  0   0  0  0  0  0     0
ParLoopset_127         6 1.0 9.7919e-04 1.9 0.00e+00 0.0 0.0e+00 0.0e+00 0.0e+00  0  0  0  0  0   0  0  0  0  0     0
ParLoopset_126         6 1.0 2.6431e-03 2.3 0.00e+00 0.0 0.0e+00 0.0e+00 0.0e+00  0  0  0  0  0   0  0  0  0  0     0
ParLoopset_137         6 1.0 8.3613e-04 2.2 0.00e+00 0.0 0.0e+00 0.0e+00 0.0e+00  0  0  0  0  0   0  0  0  0  0     0
ParLoopset_143         6 1.0 1.1916e-03 2.5 0.00e+00 0.0 0.0e+00 0.0e+00 0.0e+00  0  0  0  0  0   0  0  0  0  0     0
ParLoopset_142         6 1.0 2.6033e-03 2.2 0.00e+00 0.0 0.0e+00 0.0e+00 0.0e+00  0  0  0  0  0   0  0  0  0  0     0
ParLoopset_153         6 1.0 1.3071e-0236.1 0.00e+00 0.0 0.0e+00 0.0e+00 0.0e+00  0  0  0  0  0   0  0  0  0  0     0
ParLoopset_159         6 1.0 1.1592e-03 2.5 0.00e+00 0.0 0.0e+00 0.0e+00 0.0e+00  0  0  0  0  0   0  0  0  0  0     0
ParLoopset_158         6 1.0 2.7640e-03 2.7 0.00e+00 0.0 0.0e+00 0.0e+00 0.0e+00  0  0  0  0  0   0  0  0  0  0     0
ParLoopset_169         6 1.0 7.6270e-04 2.3 0.00e+00 0.0 0.0e+00 0.0e+00 0.0e+00  0  0  0  0  0   0  0  0  0  0     0
ParLoopset_175         6 1.0 1.1668e-03 2.5 0.00e+00 0.0 0.0e+00 0.0e+00 0.0e+00  0  0  0  0  0   0  0  0  0  0     0
ParLoopset_174         6 1.0 2.6691e-03 2.5 0.00e+00 0.0 0.0e+00 0.0e+00 0.0e+00  0  0  0  0  0   0  0  0  0  0     0
------------------------------------------------------------------------------------------------------------------------

Memory usage is given in bytes:

Object Type          Creations   Destructions     Memory  Descendants' Mem.
Reports information only for process 0.

--- Event Stage 0: Main Stage

           Container    44             44        25696     0.
              Viewer     1              0            0     0.
         PetscRandom   121            121        79134     0.
           Index Set  4752           4994     65507376     0.
   IS L to G Mapping    77             77     17984120     0.
             Section  1474           1485      1081080     0.
   Star Forest Graph  1353           1364      1152448     0.
              Vector  3454           4933    949011000     0.
         Vec Scatter   495            594     37929232     0.
              Matrix  2156           2750   8056078008     0.
      Matrix Coarsen    66             66        42504     0.
      Preconditioner   319            440       444312     0.
       Krylov Solver   319            440      3562152     0.
     DMKSP interface    33             44        29216     0.
                SNES    77             77       108108     0.
              DMSNES    55             55        37400     0.
      SNESLineSearch    77             77        77000     0.
    Distributed Mesh   385            385      1893408     0.
            DM Label   231            231       145992     0.
    GraphPartitioner    88             88        55264     0.
     Discrete System   385            385       360404     0.

--- Event Stage 1: Warm-up stage

         PetscRandom    88             88        57552     0.
           Index Set  1078            836      5602520     0.
             Section    11              0            0     0.
   Star Forest Graph    99             88        77440     0.
              Vector  3250           1771    215652096     0.
         Vec Scatter   352            253       342056     0.
              Matrix  1551            957   3551304196     0.
      Matrix Coarsen    44             44        28336     0.
      Preconditioner   176             55        47168     0.
       Krylov Solver   176             55      1355728     0.
     DMKSP interface    11              0            0     0.

--- Event Stage 2: linear_solve

========================================================================================================================
Average time to get PetscTime(): 9.53674e-08
Average time for MPI_Barrier(): 7.96318e-06
Average time for zero size MPI_Send(): 1.22786e-06
#PETSc Option Table entries:
--flexsolver
--hybridization
--layers 64
--mesh_degree 3
--model_degree 1
--model_family RT
--refinements 4
--run_cfl_range
-log_view
#End of PETSc Option Table entries
Compiled without FORTRAN kernels
Compiled with full precision matrices (default)
sizeof(short) 2 sizeof(int) 4 sizeof(long) 8 sizeof(void*) 8 sizeof(PetscScalar) 8 sizeof(PetscInt) 4
Configure options: --prefix=/home/scratch/tg2115/src/firedrake/lib/python3.5/site-packages/petsc PETSC_ARCH=arch-python-linux-x86_64 --with-shared-libraries=1 --with-debugging=0 --with-c2html=0 --with-cc=/usr/bin/mpicc --with-cxx=/usr/bin/mpicxx --with-fc=/usr/bin/mpif90 --download-eigen=/home/scratch/tg2115/src/firedrake/src/eigen-3.3.3.tgz --with-fortran-bindings=0 --download-chaco --download-metis --download-parmetis --download-scalapack --download-hypre --download-mumps --with-zlib --download-netcdf --download-hdf5 --download-pnetcdf --download-exodusii --download-ml
-----------------------------------------
Libraries compiled on 2019-02-19 06:15:49 on mpe2 
Machine characteristics: Linux-4.4.0-130-generic-x86_64-with-Ubuntu-16.04-xenial
Using PETSc directory: /home/scratch/tg2115/src/firedrake/lib/python3.5/site-packages/petsc
Using PETSc arch: 
-----------------------------------------

Using C compiler: /usr/bin/mpicc  -fPIC  -Wall -Wwrite-strings -Wno-strict-aliasing -Wno-unknown-pragmas -fstack-protector -fvisibility=hidden -g -O  
Using Fortran compiler: /usr/bin/mpif90  -fPIC -Wall -ffree-line-length-0 -Wno-unused-dummy-argument -g -O    
-----------------------------------------

Using include paths: -I/home/scratch/tg2115/src/firedrake/lib/python3.5/site-packages/petsc/include -I/home/scratch/tg2115/src/firedrake/lib/python3.5/site-packages/petsc/include/eigen3
-----------------------------------------

Using C linker: /usr/bin/mpicc
Using Fortran linker: /usr/bin/mpif90
Using libraries: -Wl,-rpath,/home/scratch/tg2115/src/firedrake/lib/python3.5/site-packages/petsc/lib -L/home/scratch/tg2115/src/firedrake/lib/python3.5/site-packages/petsc/lib -lpetsc -Wl,-rpath,/home/scratch/tg2115/src/firedrake/lib/python3.5/site-packages/petsc/lib -L/home/scratch/tg2115/src/firedrake/lib/python3.5/site-packages/petsc/lib -Wl,-rpath,/usr/lib/openmpi/lib -L/usr/lib/openmpi/lib -Wl,-rpath,/usr/lib/gcc/x86_64-linux-gnu/5 -L/usr/lib/gcc/x86_64-linux-gnu/5 -Wl,-rpath,/usr/lib/x86_64-linux-gnu -L/usr/lib/x86_64-linux-gnu -Wl,-rpath,/lib/x86_64-linux-gnu -L/lib/x86_64-linux-gnu -lHYPRE -lcmumps -ldmumps -lsmumps -lzmumps -lmumps_common -lpord -lscalapack -lml -llapack -lblas -lexodus -lnetcdf -lpnetcdf -lhdf5hl_fortran -lhdf5_fortran -lhdf5_hl -lhdf5 -lchaco -lparmetis -lmetis -lm -lz -lX11 -lstdc++ -ldl -lmpi_usempif08 -lmpi_usempi_ignore_tkr -lmpi_mpifh -lmpi -lgfortran -lm -lgfortran -lm -lgcc_s -lquadmath -lpthread -lstdc++ -ldl
-----------------------------------------

