************************************************************************************************************************
***             WIDEN YOUR WINDOW TO 120 CHARACTERS.  Use 'enscript -r -fCourier9' to print this document            ***
************************************************************************************************************************

---------------------------------------------- PETSc Performance Summary: ----------------------------------------------

gw-3d.py on a arch-python-linux-x86_64 named mpe1 with 28 processors, by tg2115 Thu Mar 15 00:57:25 2018
Using Petsc Development GIT revision: v3.4.2-19002-g3c589c1  GIT Date: 2017-12-11 13:30:46 -0600

                         Max       Max/Min        Avg      Total 
Time (sec):           1.319e+03      1.00002   1.319e+03
Objects:              1.505e+03      1.12650   1.352e+03
Flop:                 2.447e+11      1.00070   2.446e+11  6.848e+12
Flop/sec:            1.855e+08      1.00071   1.855e+08  5.193e+09
MPI Messages:         1.681e+04      2.05998   1.246e+04  3.490e+05
MPI Message Lengths:  1.646e+08      1.58836   9.910e+03  3.458e+09
MPI Reductions:       1.418e+03      1.00000

Flop counting convention: 1 flop = 1 real number operation of type (multiply/divide/add/subtract)
                            e.g., VecAXPY() for real vectors of length N --> 2N flop
                            and VecAXPY() for complex vectors of length N --> 8N flop

Summary of Stages:   ----- Time ------  ----- Flop -----  --- Messages ---  -- Message Lengths --  -- Reductions --
                        Avg     %Total     Avg     %Total   counts   %Total     Avg         %Total   counts   %Total 
 0:      Main Stage: 1.4418e+02  10.9%  3.7576e+12  54.9%  3.224e+04   9.2%  3.534e+03       35.7%  3.120e+02  22.0% 
 1: Velocity-Pressure-Solve: 1.1702e+03  88.7%  3.0142e+12  44.0%  3.158e+05  90.5%  6.301e+03       63.6%  1.086e+03  76.6% 
 2:  Buoyancy-Solve: 4.2397e+00   0.3%  7.6482e+10   1.1%  9.360e+02   0.3%  7.564e+01        0.8%  1.300e+01   0.9% 

------------------------------------------------------------------------------------------------------------------------
See the 'Profiling' chapter of the users' manual for details on interpreting output.
Phase summary info:
   Count: number of times phase was executed
   Time and Flop: Max - maximum over all processors
                   Ratio - ratio of maximum to minimum over all processors
   Mess: number of messages sent
   Avg. len: average message length (bytes)
   Reduct: number of global reductions
   Global: entire computation
   Stage: stages of a computation. Set stages with PetscLogStagePush() and PetscLogStagePop().
      %T - percent time in this phase         %F - percent flop in this phase
      %M - percent messages in this phase     %L - percent message lengths in this phase
      %R - percent reductions in this phase
   Total Mflop/s: 10e-6 * (sum of flop over all processors)/(max time over all processors)
------------------------------------------------------------------------------------------------------------------------
Event                Count      Time (sec)     Flop                             --- Global ---  --- Stage ---   Total
                   Max Ratio  Max     Ratio   Max  Ratio  Mess   Avg len Reduct  %T %F %M %L %R  %T %F %M %L %R Mflop/s
------------------------------------------------------------------------------------------------------------------------

--- Event Stage 0: Main Stage

PetscBarrier           7 1.0 5.2725e-01 1.0 0.00e+00 0.0 0.0e+00 0.0e+00 2.1e+01  0  0  0  0  1   0  0  0  0  7     0
BuildTwoSided         38 1.0 1.1155e+00 4.3 0.00e+00 0.0 3.2e+03 4.0e+00 0.0e+00  0  0  1  0  0   1  0 10  0  0     0
VecTDot               16 1.0 9.6137e-01 1.8 2.86e+07 1.0 0.0e+00 0.0e+00 1.6e+01  0  0  0  0  1   1  0  0  0  5   829
VecNorm                9 1.0 3.4905e+0013.1 1.61e+07 1.0 0.0e+00 0.0e+00 9.0e+00  0  0  0  0  1   1  0  0  0  3   128
VecCopy                6 1.0 3.7402e-01 3.1 0.00e+00 0.0 0.0e+00 0.0e+00 0.0e+00  0  0  0  0  0   0  0  0  0  0     0
VecSet                30 1.0 3.6584e-01 3.0 0.00e+00 0.0 0.0e+00 0.0e+00 0.0e+00  0  0  0  0  0   0  0  0  0  0     0
VecAXPY               17 1.0 1.2906e+00 2.8 3.04e+07 1.0 0.0e+00 0.0e+00 0.0e+00  0  0  0  0  0   1  0  0  0  0   656
VecAYPX                7 1.0 6.1196e-01 6.3 1.25e+07 1.0 0.0e+00 0.0e+00 0.0e+00  0  0  0  0  0   0  0  0  0  0   570
VecScatterBegin       14 1.0 2.7318e-01 3.6 0.00e+00 0.0 2.0e+03 1.7e+05 0.0e+00  0  0  1 10  0   0  0  6 28  0     0
VecScatterEnd         14 1.0 2.0141e+00 5.1 0.00e+00 0.0 0.0e+00 0.0e+00 0.0e+00  0  0  0  0  0   1  0  0  0  0     0
MatMult                8 1.0 2.8953e+00 1.2 1.20e+08 1.0 1.2e+03 3.0e+04 0.0e+00  0  0  0  1  0   2  0  4  3  0  1155
MatSolve               9 1.0 3.1376e+00 2.0 1.34e+08 1.0 0.0e+00 0.0e+00 0.0e+00  0  0  0  0  0   2  0  0  0  0  1192
MatLUFactorNum         1 1.0 1.2998e+00 2.9 3.37e+07 1.0 0.0e+00 0.0e+00 0.0e+00  0  0  0  0  0   1  0  0  0  0   719
MatILUFactorSym        1 1.0 1.4139e+00 2.7 0.00e+00 0.0 0.0e+00 0.0e+00 0.0e+00  0  0  0  0  0   1  0  0  0  0     0
MatAssemblyBegin      13 1.0 1.4352e+01 8.0 0.00e+00 0.0 1.4e+03 3.8e+04 2.6e+01  0  0  0  2  2   4  0  4  4  8     0
MatAssemblyEnd        13 1.0 3.0312e+00 1.2 0.00e+00 0.0 9.4e+02 6.3e+03 4.8e+01  0  0  0  0  3   2  0  3  0 15     0
MatGetRowIJ            1 1.0 6.3896e-05 0.0 0.00e+00 0.0 0.0e+00 0.0e+00 0.0e+00  0  0  0  0  0   0  0  0  0  0     0
MatGetOrdering         1 1.0 1.9803e-0111.4 0.00e+00 0.0 0.0e+00 0.0e+00 0.0e+00  0  0  0  0  0   0  0  0  0  0     0
MatZeroEntries         1 1.0 2.7347e-01 9.7 0.00e+00 0.0 0.0e+00 0.0e+00 0.0e+00  0  0  0  0  0   0  0  0  0  0     0
PCSetUp                2 1.0 2.4231e+00 1.9 3.37e+07 1.0 0.0e+00 0.0e+00 0.0e+00  0  0  0  0  0   1  0  0  0  0   386
PCSetUpOnBlocks        1 1.0 2.4218e+00 1.9 3.37e+07 1.0 0.0e+00 0.0e+00 0.0e+00  0  0  0  0  0   1  0  0  0  0   386
PCApply                9 1.0 3.4147e+00 1.9 1.34e+08 1.0 0.0e+00 0.0e+00 0.0e+00  0  0  0  0  0   2  0  0  0  0  1096
KSPSetUp               2 1.0 2.2130e-0110.3 0.00e+00 0.0 0.0e+00 0.0e+00 0.0e+00  0  0  0  0  0   0  0  0  0  0     0
KSPSolve               1 1.0 1.1034e+01 1.0 3.74e+08 1.0 1.2e+03 3.0e+04 2.5e+01  1  0  0  1  2   8  0  4  3  8   944
SNESSolve              1 1.0 1.4845e+01 1.0 2.39e+09 1.0 2.7e+03 4.8e+04 3.5e+01  1  1  1  4  2  10  2  8 11 11  4508
SNESFunctionEval       1 1.0 1.7981e+00 1.3 1.33e+09 1.0 1.2e+03 6.6e+04 6.0e+00  0  1  0  2  0   1  1  4  7  2 20732
SNESJacobianEval       1 1.0 2.4857e+00 1.2 6.85e+08 1.0 2.3e+02 5.2e+04 4.0e+00  0  0  0  0  0   2  1  1  1  1  7720
Mesh Partition         2 1.0 1.3422e+00 1.0 0.00e+00 0.0 1.1e+04 1.8e+03 1.0e+01  0  0  3  1  1   1  0 35  2  3     0
Mesh Migration         2 1.0 6.6777e-01 1.0 0.00e+00 0.0 6.1e+03 1.7e+04 4.0e+01  0  0  2  3  3   0  0 19  8 13     0
DMPlexInterp           1 1.0 4.1280e-03 1.2 0.00e+00 0.0 0.0e+00 0.0e+00 4.0e+00  0  0  0  0  0   0  0  0  0  1     0
DMPlexDistribute       1 1.0 1.8270e+00 1.0 0.00e+00 0.0 5.6e+03 2.4e+04 1.8e+01  0  0  2  4  1   1  0 17 11  6     0
DMPlexDistCones        2 1.0 2.3302e-01 1.1 0.00e+00 0.0 1.5e+03 2.7e+04 0.0e+00  0  0  0  1  0   0  0  5  3  0     0
DMPlexDistLabels       2 1.0 3.1598e-01 1.0 0.00e+00 0.0 2.1e+03 1.7e+04 2.2e+01  0  0  1  1  2   0  0  7  3  7     0
DMPlexDistribOL        1 1.0 2.1470e-01 1.1 0.00e+00 0.0 1.2e+04 5.9e+02 3.2e+01  0  0  3  0  2   0  0 38  1 10     0
DMPlexDistField        3 1.0 4.2419e-02 1.2 0.00e+00 0.0 2.0e+03 6.7e+03 2.0e+00  0  0  1  0  0   0  0  6  1  1     0
DMPlexDistData         2 1.0 6.4526e-0113.2 0.00e+00 0.0 9.5e+03 1.3e+03 0.0e+00  0  0  3  0  0   0  0 30  1  0     0
DMPlexStratify        11 1.0 5.5039e-01 1.8 0.00e+00 0.0 0.0e+00 0.0e+00 1.1e+01  0  0  0  0  1   0  0  0  0  4     0
SFSetGraph            44 1.0 3.1259e-03 3.0 0.00e+00 0.0 0.0e+00 0.0e+00 0.0e+00  0  0  0  0  0   0  0  0  0  0     0
SFBcastBegin          99 1.0 1.3467e+00 2.1 0.00e+00 0.0 2.4e+04 1.4e+04 0.0e+00  0  0  7 10  0   1  0 75 28  0     0
SFBcastEnd            99 1.0 6.9797e+0012.4 0.00e+00 0.0 0.0e+00 0.0e+00 0.0e+00  0  0  0  0  0   3  0  0  0  0     0
SFReduceBegin         13 1.0 4.9338e-02 8.6 0.00e+00 0.0 2.0e+03 2.9e+04 0.0e+00  0  0  1  2  0   0  0  6  5  0     0
SFReduceEnd           13 1.0 8.2810e+00 2.6 0.00e+00 0.0 0.0e+00 0.0e+00 0.0e+00  0  0  0  0  0   4  0  0  0  0     0
SFFetchOpBegin         1 1.0 6.7949e-0511.4 0.00e+00 0.0 7.8e+01 5.2e+02 0.0e+00  0  0  0  0  0   0  0  0  0  0     0
SFFetchOpEnd           1 1.0 2.5818e-0371.7 0.00e+00 0.0 7.8e+01 5.2e+02 0.0e+00  0  0  0  0  0   0  0  0  0  0     0
CreateMesh             8 1.0 2.3107e+00 1.0 0.00e+00 0.0 1.8e+04 7.8e+03 5.4e+01  0  0  5  4  4   2  0 55 11 17     0
Mesh: reorder          1 1.0 2.3689e-02 5.0 0.00e+00 0.0 0.0e+00 0.0e+00 2.0e+00  0  0  0  0  0   0  0  0  0  1     0
Mesh: numbering        1 1.0 6.0264e-02 1.6 0.00e+00 0.0 0.0e+00 0.0e+00 2.0e+00  0  0  0  0  0   0  0  0  0  1     0
CreateFunctionSpace      27 1.0 1.1098e+00 1.4 0.00e+00 0.0 5.5e+02 1.0e+03 0.0e+00  0  0  0  0  0   1  0  2  0  0     0
ParLoopExecute        49 1.0 7.6918e+01 1.0 1.34e+11 1.0 7.2e+03 3.6e+04 1.8e+01  6 55  2  8  1  53100 22 21  6 48716
ParLoopCells          40 1.0 6.8296e+01 1.2 1.34e+11 1.0 0.0e+00 0.0e+00 0.0e+00  5 55  0  0  0  43100  0  0  0 54861
ParLoopRednBegin      49 1.0 8.9222e-0110.0 0.00e+00 0.0 0.0e+00 0.0e+00 0.0e+00  0  0  0  0  0   0  0  0  0  0     0
ParLoopRednEnd        49 1.0 6.6676e-03 5.5 0.00e+00 0.0 0.0e+00 0.0e+00 0.0e+00  0  0  0  0  0   0  0  0  0  0     0
CreateExtMesh          1 1.0 6.0549e-01 1.8 0.00e+00 0.0 7.0e+02 3.3e+03 4.0e+00  0  0  0  0  0   0  0  2  0  1     0
CreateSparsity         5 1.0 3.2488e+01 1.0 0.00e+00 0.0 1.4e+03 1.1e+04 3.6e+01  2  0  0  0  3  22  0  4  1 12     0
MatZeroInitial         6 1.0 4.5038e+00 1.4 0.00e+00 0.0 0.0e+00 0.0e+00 0.0e+00  0  0  0  0  0   3  0  0  0  0     0
ParLoopset_6          20 1.0 3.9313e-01 3.2 7.16e+06 1.0 0.0e+00 0.0e+00 0.0e+00  0  0  0  0  0   0  0  0  0  0   507
ParLoopset_7          20 1.0 1.6004e-01 4.4 2.81e+06 1.0 0.0e+00 0.0e+00 0.0e+00  0  0  0  0  0   0  0  0  0  0   491
ParLoopset_8          18 1.0 1.5972e-01 3.4 2.18e+06 1.0 0.0e+00 0.0e+00 0.0e+00  0  0  0  0  0   0  0  0  0  0   382
AssembleExpression       2 1.0 1.9303e-01 2.2 2.18e+06 1.0 0.0e+00 0.0e+00 0.0e+00  0  0  0  0  0   0  0  0  0  0   316

--- Event Stage 1: Velocity-Pressure-Solve

BuildTwoSided          5 1.0 1.9925e-0112.3 0.00e+00 0.0 3.5e+02 4.0e+00 0.0e+00  0  0  0  0  0   0  0  0  0  0     0
VecMDot              108 1.0 1.1927e+01 4.0 1.36e+08 1.0 0.0e+00 0.0e+00 1.1e+02  0  0  0  0  8   0  0  0  0 10   319
VecTDot               80 1.0 1.3634e+01 5.8 5.62e+07 1.0 0.0e+00 0.0e+00 8.0e+01  0  0  0  0  6   0  0  0  0  7   115
VecNorm              170 1.0 2.7625e+01 5.6 7.73e+07 1.0 0.0e+00 0.0e+00 1.7e+02  1  0  0  0 12   1  0  0  0 16    78
VecScale             480 1.0 3.3346e+00 4.4 1.48e+08 1.0 0.0e+00 0.0e+00 0.0e+00  0  0  0  0  0   0  0  0  0  0  1238
VecCopy              289 1.0 2.1113e+00 2.2 0.00e+00 0.0 0.0e+00 0.0e+00 0.0e+00  0  0  0  0  0   0  0  0  0  0     0
VecSet              3299 1.0 2.0874e+01 4.3 0.00e+00 0.0 0.0e+00 0.0e+00 0.0e+00  1  0  0  0  0   1  0  0  0  0     0
VecAXPY              104 1.0 3.6330e+00 3.0 8.56e+07 1.0 0.0e+00 0.0e+00 0.0e+00  0  0  0  0  0   0  0  0  0  0   659
VecAYPX             2030 1.0 7.0414e+00 4.1 2.18e+08 1.0 0.0e+00 0.0e+00 0.0e+00  0  0  0  0  0   0  0  0  0  0   865
VecAXPBYCZ          1000 1.0 3.7184e+00 3.9 3.93e+08 1.0 0.0e+00 0.0e+00 0.0e+00  0  0  0  0  0   0  0  0  0  0  2959
VecMAXPY             120 1.0 2.7550e+00 2.3 1.72e+08 1.0 0.0e+00 0.0e+00 0.0e+00  0  0  0  0  0   0  0  0  0  0  1744
VecAssemblyBegin      16 1.0 4.0620e-01 2.0 0.00e+00 0.0 0.0e+00 0.0e+00 4.2e+01  0  0  0  0  3   0  0  0  0  4     0
VecAssemblyEnd        16 1.0 1.0324e-04 2.9 0.00e+00 0.0 0.0e+00 0.0e+00 0.0e+00  0  0  0  0  0   0  0  0  0  0     0
VecPointwiseMult      55 1.0 2.9232e-01 7.1 4.33e+06 1.0 0.0e+00 0.0e+00 0.0e+00  0  0  0  0  0   0  0  0  0  0   414
VecScatterBegin     2972 1.0 3.6373e+00 2.5 0.00e+00 0.0 2.9e+05 5.8e+03 0.0e+00  0  0 83 48  0   0  0 92 76  0     0
VecScatterEnd       2972 1.0 2.7248e+02 2.6 0.00e+00 0.0 0.0e+00 0.0e+00 0.0e+00 13  0  0  0  0  14  0  0  0  0     0
VecSetRandom           5 1.0 1.3507e-01 9.3 0.00e+00 0.0 0.0e+00 0.0e+00 0.0e+00  0  0  0  0  0   0  0  0  0  0     0
VecNormalize         120 1.0 4.6550e+00 2.0 6.33e+07 1.0 0.0e+00 0.0e+00 1.2e+02  0  0  0  0  8   0  0  0  0 11   380
MatMult             1668 1.0 3.3625e+02 1.1 8.83e+09 1.0 2.3e+05 6.6e+03 6.8e+01 24  4 67 45  5  27  8 74 70  6   731
MatMultAdd           632 1.0 2.0381e+01 1.6 5.79e+08 1.0 2.9e+04 3.6e+03 0.0e+00  1  0  8  3  0   1  1  9  5  0   793
MatMultTranspose     250 1.0 1.9257e+01 3.9 1.44e+08 1.0 2.6e+04 1.7e+03 0.0e+00  1  0  8  1  0   1  0  8  2  0   208
MatSolve            1975 1.2 1.5276e+02 3.6 7.55e+09 1.0 0.0e+00 0.0e+00 0.0e+00  9  3  0  0  0  10  7  0  0  0  1374
MatLUFactorSym         1 1.0 2.5034e-05 2.8 0.00e+00 0.0 0.0e+00 0.0e+00 0.0e+00  0  0  0  0  0   0  0  0  0  0     0
MatLUFactorNum         7 1.0 1.8984e+00 3.1 7.02e+07 1.0 0.0e+00 0.0e+00 0.0e+00  0  0  0  0  0   0  0  0  0  0  1013
MatILUFactorSym        6 1.0 2.0618e+00 2.6 0.00e+00 0.0 0.0e+00 0.0e+00 0.0e+00  0  0  0  0  0   0  0  0  0  0     0
MatConvert             6 1.0 1.0668e+00 2.3 0.00e+00 0.0 0.0e+00 0.0e+00 0.0e+00  0  0  0  0  0   0  0  0  0  0     0
MatScale              17 1.0 6.9292e-01 1.4 1.38e+07 1.0 7.0e+02 6.1e+03 0.0e+00  0  0  0  0  0   0  0  0  0  0   555
MatResidual          250 1.0 4.9857e+01 1.3 1.25e+09 1.0 3.5e+04 6.1e+03 0.0e+00  3  1 10  6  0   4  1 11 10  0   699
MatAssemblyBegin     111 1.0 3.9051e+00 2.1 0.00e+00 0.0 4.7e+03 2.0e+04 7.6e+01  0  0  1  3  5   0  0  1  4  7     0
MatAssemblyEnd       111 1.0 4.8561e+00 1.6 0.00e+00 0.0 6.8e+03 1.3e+03 2.2e+02  0  0  2  0 15   0  0  2  0 20     0
MatGetRow        1882383 1.0 7.5267e-01 2.0 0.00e+00 0.0 0.0e+00 0.0e+00 0.0e+00  0  0  0  0  0   0  0  0  0  0     0
MatGetRowIJ            7 1.4 4.2915e-0510.6 0.00e+00 0.0 0.0e+00 0.0e+00 0.0e+00  0  0  0  0  0   0  0  0  0  0     0
MatCreateSubMat        8 1.0 3.0531e-01 1.1 0.00e+00 0.0 2.4e+02 2.0e+02 7.8e+01  0  0  0  0  6   0  0  0  0  7     0
MatGetOrdering         7 1.4 1.8046e-01 4.5 0.00e+00 0.0 0.0e+00 0.0e+00 0.0e+00  0  0  0  0  0   0  0  0  0  0     0
MatCoarsen             5 1.0 7.4409e-01 1.4 0.00e+00 0.0 4.9e+03 4.1e+03 1.6e+01  0  0  1  1  1   0  0  2  1  1     0
MatZeroEntries         7 1.0 1.1501e+00 1.8 0.00e+00 0.0 0.0e+00 0.0e+00 0.0e+00  0  0  0  0  0   0  0  0  0  0     0
MatAXPY                6 1.0 1.9082e+00 1.3 0.00e+00 0.0 3.1e+02 3.9e+03 2.2e+01  0  0  0  0  2   0  0  0  0  2     0
MatMatMult             6 1.0 6.8940e+02 1.0 1.41e+07 1.0 4.8e+03 4.4e+03 9.8e+01 52  0  1  1  7  59  0  2  1  9     1
MatMatMultSym          6 1.0 6.8782e+02 1.0 0.00e+00 0.0 4.0e+03 3.6e+03 8.4e+01 52  0  1  0  6  59  0  1  1  8     0
MatMatMultNum          6 1.0 1.3595e+00 1.3 1.41e+07 1.0 7.8e+02 8.6e+03 1.2e+01  0  0  0  0  1   0  0  0  0  1   288
MatPtAP                5 1.0 3.8429e+00 1.0 8.37e+07 1.0 8.5e+03 1.2e+04 8.6e+01  0  0  2  3  6   0  0  3  5  8   604
MatPtAPSymbolic        5 1.0 2.2173e+00 1.1 0.00e+00 0.0 4.2e+03 1.2e+04 3.5e+01  0  0  1  2  2   0  0  1  2  3     0
MatPtAPNumeric         5 1.0 1.6588e+00 1.1 8.37e+07 1.0 4.3e+03 1.1e+04 5.0e+01  0  0  1  1  4   0  0  1  2  5  1399
MatTrnMatMult          1 1.0 7.1902e+00 1.0 3.17e+07 1.0 1.2e+03 3.3e+04 1.8e+01  1  0  0  1  1   1  0  0  2  2   123
MatTrnMatMultSym       1 1.0 2.5697e+00 1.1 0.00e+00 0.0 4.7e+02 2.1e+04 8.0e+00  0  0  0  0  1   0  0  0  0  1     0
MatTrnMatMultNum       1 1.0 4.7852e+00 1.0 3.17e+07 1.0 7.8e+02 4.0e+04 1.0e+01  0  0  0  1  1   0  0  0  1  1   185
MatGetLocalMat        18 1.0 1.9229e+00 3.3 0.00e+00 0.0 0.0e+00 0.0e+00 0.0e+00  0  0  0  0  0   0  0  0  0  0     0
MatGetBrAoCol         17 1.0 3.3889e-01 2.4 0.00e+00 0.0 5.2e+03 1.1e+04 0.0e+00  0  0  1  2  0   0  0  2  3  0     0
PCGAMGGraph_AGG        5 1.0 3.3606e+00 1.0 7.09e+06 1.0 2.1e+03 3.0e+03 6.0e+01  0  0  1  0  4   0  0  1  0  6    59
PCGAMGCoarse_AGG       5 1.0 8.7216e+00 1.0 3.17e+07 1.0 7.0e+03 1.2e+04 5.0e+01  1  0  2  2  4   1  0  2  4  5   102
PCGAMGProl_AGG         5 1.0 1.2833e+00 1.1 0.00e+00 0.0 3.4e+03 4.6e+03 1.2e+02  0  0  1  0  8   0  0  1  1 11     0
PCGAMGPOpt_AGG         5 1.0 7.6580e+00 1.0 1.89e+08 1.0 1.1e+04 5.0e+03 2.4e+02  1  0  3  2 17   1  0  4  3 22   689
GAMG: createProl       5 1.0 2.0966e+01 1.0 2.28e+08 1.0 2.4e+04 6.8e+03 4.7e+02  2  0  7  5 33   2  0  7  7 43   304
  Graph               10 1.0 3.3575e+00 1.0 7.09e+06 1.0 2.1e+03 3.0e+03 6.0e+01  0  0  1  0  4   0  0  1  0  6    59
  MIS/Agg              5 1.0 7.4448e-01 1.4 0.00e+00 0.0 4.9e+03 4.1e+03 1.6e+01  0  0  1  1  1   0  0  2  1  1     0
  SA: col data         5 1.0 4.4147e-01 1.3 0.00e+00 0.0 1.4e+03 9.6e+03 5.0e+01  0  0  0  0  4   0  0  0  1  5     0
  SA: frmProl0         5 1.0 7.4968e-01 1.1 0.00e+00 0.0 2.0e+03 1.1e+03 5.0e+01  0  0  1  0  4   0  0  1  0  5     0
  SA: smooth           5 1.0 2.7213e+00 1.1 9.96e+06 1.0 4.2e+03 3.1e+03 1.0e+02  0  0  1  0  7   0  0  1  1  9   102
GAMG: partLevel        5 1.0 3.8526e+00 1.0 8.37e+07 1.0 8.8e+03 1.1e+04 2.0e+02  0  0  3  3 14   0  0  3  5 18   602
  repartition          2 1.0 4.9615e-04 1.2 0.00e+00 0.0 0.0e+00 0.0e+00 1.2e+01  0  0  0  0  1   0  0  0  0  1     0
  Invert-Sort          2 1.0 9.4509e-04 1.3 0.00e+00 0.0 0.0e+00 0.0e+00 8.0e+00  0  0  0  0  1   0  0  0  0  1     0
  Move A               2 1.0 2.7721e-03 1.1 0.00e+00 0.0 1.4e+02 3.2e+02 3.8e+01  0  0  0  0  3   0  0  0  0  3     0
  Move P               2 1.0 5.1892e-03 1.1 0.00e+00 0.0 9.8e+01 2.3e+01 3.8e+01  0  0  0  0  3   0  0  0  0  3     0
PCSetUp               10 1.0 7.1940e+02 1.0 3.92e+08 1.0 3.4e+04 1.6e+04 7.5e+02 54  0 10 16 53  61  0 11 25 69    15
PCSetUpOnBlocks      925 1.0 3.4606e+00 2.2 7.02e+07 1.0 0.0e+00 0.0e+00 0.0e+00  0  0  0  0  0   0  0  0  0  0   556
PCApply               10 1.0 4.1314e+02 1.0 1.24e+10 1.0 3.1e+05 5.8e+03 9.3e+02 31  5 89 52 66  35 11 98 82 86   838
KSPSolve_FS_0         10 1.0 4.4006e+00 4.1 1.49e+08 1.0 0.0e+00 0.0e+00 0.0e+00  0  0  0  0  0   0  0  0  0  0   945
KSPSolve_FS_Schu      10 1.0 4.0048e+02 1.0 1.20e+10 1.0 3.1e+05 5.7e+03 9.3e+02 30  5 88 51 66  34 11 98 81 86   836
KSPSolve_FS_Low       10 1.0 6.8635e+00 3.1 1.82e+08 1.0 0.0e+00 0.0e+00 0.0e+00  0  0  0  0  0   0  0  0  0  0   739
KSPGMRESOrthog       108 1.0 1.2887e+01 2.6 2.73e+08 1.0 0.0e+00 0.0e+00 1.1e+02  1  0  0  0  8   1  0  0  0 10   591
KSPSetUp              27 1.0 6.4903e-01 1.7 0.00e+00 0.0 0.0e+00 0.0e+00 1.0e+01  0  0  0  0  1   0  0  0  0  1     0
KSPSolve               2 1.0 1.1147e+03 1.0 1.28e+10 1.0 3.1e+05 6.8e+03 1.1e+03 84  5 90 62 76  95 12 99 97 99   320
SNESSolve              2 1.0 1.1706e+03 1.0 1.08e+11 1.0 3.2e+05 7.0e+03 1.1e+03 89 44 90 64 76 100100100100100  2575
SNESFunctionEval       2 1.0 3.5794e+01 1.1 6.42e+10 1.0 1.2e+03 3.4e+04 0.0e+00  3 26  0  1  0   3 60  0  2  0 50203
SNESJacobianEval       2 1.0 2.1096e+01 1.0 3.07e+10 1.0 9.4e+02 1.6e+04 1.0e+01  2 13  0  0  1   2 29  0  1  1 40794
SFSetGraph             5 1.0 1.8597e-05 6.5 0.00e+00 0.0 0.0e+00 0.0e+00 0.0e+00  0  0  0  0  0   0  0  0  0  0     0
SFBcastBegin          30 1.0 2.2327e-01 8.9 0.00e+00 0.0 5.6e+03 7.5e+03 0.0e+00  0  0  2  1  0   0  0  2  2  0     0
SFBcastEnd            30 1.0 3.3447e+0035.4 0.00e+00 0.0 0.0e+00 0.0e+00 0.0e+00  0  0  0  0  0   0  0  0  0  0     0
SFReduceBegin          4 1.0 3.3700e-03 3.8 0.00e+00 0.0 6.2e+02 3.4e+04 0.0e+00  0  0  0  1  0   0  0  0  1  0     0
SFReduceEnd            4 1.0 6.8310e+00 7.6 0.00e+00 0.0 0.0e+00 0.0e+00 0.0e+00  0  0  0  0  0   0  0  0  0  0     0
ParLoopExecute        20 1.0 5.4690e+01 1.0 9.49e+10 1.0 1.2e+03 3.4e+04 0.0e+00  4 39  0  1  0   5 88  0  2  0 48593
ParLoopCells          16 1.0 4.8778e+01 1.2 9.49e+10 1.0 0.0e+00 0.0e+00 0.0e+00  3 39  0  0  0   4 88  0  0  0 54483
ParLoopRednBegin      20 1.0 1.8090e-0221.5 0.00e+00 0.0 0.0e+00 0.0e+00 0.0e+00  0  0  0  0  0   0  0  0  0  0     0
ParLoopRednEnd        20 1.0 5.9414e-04 2.8 0.00e+00 0.0 0.0e+00 0.0e+00 0.0e+00  0  0  0  0  0   0  0  0  0  0     0
ParLoopset_6          20 1.0 1.6066e-01 9.3 0.00e+00 0.0 0.0e+00 0.0e+00 0.0e+00  0  0  0  0  0   0  0  0  0  0     0
ParLoopset_7           4 1.0 1.5675e-02 5.7 0.00e+00 0.0 0.0e+00 0.0e+00 0.0e+00  0  0  0  0  0   0  0  0  0  0     0
ApplyBC                4 1.0 6.0117e-0131.9 0.00e+00 0.0 0.0e+00 0.0e+00 0.0e+00  0  0  0  0  0   0  0  0  0  0     0

--- Event Stage 2: Buoyancy-Solve

VecTDot                4 1.0 1.9536e-01 2.9 2.90e+06 1.0 0.0e+00 0.0e+00 4.0e+00  0  0  0  0  0   3  0  0  0 31   416
VecNorm                4 1.0 5.5943e-01 7.5 2.90e+06 1.0 0.0e+00 0.0e+00 4.0e+00  0  0  0  0  0   6  0  0  0 31   145
VecCopy               11 1.0 2.2559e-01 3.8 0.00e+00 0.0 0.0e+00 0.0e+00 0.0e+00  0  0  0  0  0   3  0  0  0  0     0
VecSet                 6 1.0 1.0549e-01 6.7 0.00e+00 0.0 0.0e+00 0.0e+00 0.0e+00  0  0  0  0  0   1  0  0  0  0     0
VecAXPY                6 1.0 1.7250e-01 4.3 4.35e+06 1.0 0.0e+00 0.0e+00 0.0e+00  0  0  0  0  0   3  0  0  0  0   707
VecScatterBegin        2 1.0 2.5509e-021354.4 0.00e+00 0.0 0.0e+00 0.0e+00 0.0e+00  0  0  0  0  0   0  0  0  0  0     0
VecScatterEnd          2 1.0 4.1008e-0510.1 0.00e+00 0.0 0.0e+00 0.0e+00 0.0e+00  0  0  0  0  0   0  0  0  0  0     0
MatMult                2 1.0 1.3443e-01 3.5 3.53e+06 1.0 0.0e+00 0.0e+00 0.0e+00  0  0  0  0  0   2  0  0  0  0   736
MatSolve               4 1.0 2.7224e-01 3.6 7.07e+06 1.0 0.0e+00 0.0e+00 0.0e+00  0  0  0  0  0   4  0  0  0  0   727
MatLUFactorNum         1 1.0 1.6583e-01 8.1 1.42e+06 1.0 0.0e+00 0.0e+00 0.0e+00  0  0  0  0  0   2  0  0  0  0   239
MatILUFactorSym        1 1.0 3.2496e-01 5.9 0.00e+00 0.0 0.0e+00 0.0e+00 0.0e+00  0  0  0  0  0   5  0  0  0  0     0
MatAssemblyBegin       2 1.0 3.9175e-01 5.8 0.00e+00 0.0 0.0e+00 0.0e+00 4.0e+00  0  0  0  0  0   6  0  0  0 31     0
MatAssemblyEnd         2 1.0 3.0820e-01 6.6 0.00e+00 0.0 0.0e+00 0.0e+00 0.0e+00  0  0  0  0  0   4  0  0  0  0     0
MatGetRowIJ            1 1.0 1.3113e-05 0.0 0.00e+00 0.0 0.0e+00 0.0e+00 0.0e+00  0  0  0  0  0   0  0  0  0  0     0
MatGetOrdering         1 1.0 7.4164e-0217.5 0.00e+00 0.0 0.0e+00 0.0e+00 0.0e+00  0  0  0  0  0   0  0  0  0  0     0
MatZeroEntries         1 1.0 3.5528e-0219.3 0.00e+00 0.0 0.0e+00 0.0e+00 0.0e+00  0  0  0  0  0   0  0  0  0  0     0
PCSetUp                2 1.0 4.4780e-01 4.0 1.42e+06 1.0 0.0e+00 0.0e+00 0.0e+00  0  0  0  0  0   8  0  0  0  0    89
PCSetUpOnBlocks        2 1.0 4.4710e-01 4.0 1.42e+06 1.0 0.0e+00 0.0e+00 0.0e+00  0  0  0  0  0   8  0  0  0  0    89
PCApply                4 1.0 3.0483e-01 3.3 7.07e+06 1.0 0.0e+00 0.0e+00 0.0e+00  0  0  0  0  0   5  0  0  0  0   649
KSPSetUp               3 1.0 8.4712e-0210.2 0.00e+00 0.0 0.0e+00 0.0e+00 0.0e+00  0  0  0  0  0   1  0  0  0  0     0
KSPSolve               2 1.0 1.2619e+00 1.2 2.07e+07 1.0 0.0e+00 0.0e+00 8.0e+00  0  0  0  0  1  28  1  0  0 62   460
SNESSolve              2 1.0 4.2069e+00 1.0 2.73e+09 1.0 9.4e+02 2.8e+04 1.2e+01  0  1  0  1  1  97100100100 92 18180
SNESFunctionEval       2 1.0 2.2104e+00 1.2 2.54e+09 1.0 9.4e+02 2.8e+04 0.0e+00  0  1  0  1  0  49 93100100  0 32235
SNESJacobianEval       2 1.0 1.0830e+00 1.5 1.65e+08 1.0 0.0e+00 0.0e+00 4.0e+00  0  0  0  0  0  20  6  0  0 31  4257
SFBcastBegin           4 1.0 7.8773e-0229.0 0.00e+00 0.0 6.2e+02 3.4e+04 0.0e+00  0  0  0  1  0   0  0 67 81  0     0
SFBcastEnd             4 1.0 5.7284e-01311.0 0.00e+00 0.0 0.0e+00 0.0e+00 0.0e+00  0  0  0  0  0   5  0  0  0  0     0
SFReduceBegin          2 1.0 2.0771e-0310.5 0.00e+00 0.0 3.1e+02 1.6e+04 0.0e+00  0  0  0  0  0   0  0 33 19  0     0
SFReduceEnd            2 1.0 5.3347e-0116.2 0.00e+00 0.0 0.0e+00 0.0e+00 0.0e+00  0  0  0  0  0   7  0  0  0  0     0
ParLoopExecute         5 1.0 2.7736e+00 1.2 2.71e+09 1.0 9.4e+02 2.8e+04 0.0e+00  0  1  0  1  0  57 99100100  0 27351
ParLoopCells           6 1.0 2.1928e+00 1.6 2.71e+09 1.0 0.0e+00 0.0e+00 0.0e+00  0  1  0  0  0  41 99  0  0  0 34596
ParLoopRednBegin       5 1.0 5.6887e-04 5.4 0.00e+00 0.0 0.0e+00 0.0e+00 0.0e+00  0  0  0  0  0   0  0  0  0  0     0
ParLoopRednEnd         5 1.0 2.7132e-04 8.2 0.00e+00 0.0 0.0e+00 0.0e+00 0.0e+00  0  0  0  0  0   0  0  0  0  0     0
ParLoopset_8           4 1.0 2.9563e-02 4.8 0.00e+00 0.0 0.0e+00 0.0e+00 0.0e+00  0  0  0  0  0   0  0  0  0  0     0
------------------------------------------------------------------------------------------------------------------------

Memory usage is given in bytes:

Object Type          Creations   Destructions     Memory  Descendants' Mem.
Reports information only for process 0.

--- Event Stage 0: Main Stage

           Container     7              7         4032     0.
              Viewer     1              0            0     0.
           Index Set   302            333     58836820     0.
   IS L to G Mapping     9              9     24626664     0.
             Section   122            122        85888     0.
              Vector    50            215    410580136     0.
      Vector Scatter    12             25     39583080     0.
              Matrix    36            109    792485036     0.
      Preconditioner     4             21        21388     0.
       Krylov Solver     4             26       221416     0.
     DMKSP interface     1              3         1968     0.
                SNES     3              3         4104     0.
      SNESLineSearch     3              3         2976     0.
              DMSNES     3              3         2016     0.
    Distributed Mesh    33             34       163536     0.
    GraphPartitioner    11             11         6732     0.
   Star Forest Graph   103            104        86400     0.
     Discrete System    33             34        31280     0.

--- Event Stage 1: Velocity-Pressure-Solve

         PetscRandom    10             10         6460     0.
           Index Set   109             81      5298916     0.
              Vector   371            213     99350408     0.
      Vector Scatter    37             24        26336     0.
              Matrix   163             91    403242232     0.
      Matrix Coarsen     5              5         3180     0.
      Preconditioner    22              6         5488     0.
       Krylov Solver    27              6       152600     0.
     DMKSP interface     1              0            0     0.
    Distributed Mesh     1              0            0     0.
   Star Forest Graph     7              6         5168     0.
     Discrete System     1              0            0     0.

--- Event Stage 2: Buoyancy-Solve

           Index Set     3              0            0     0.
              Vector     7              0            0     0.
              Matrix     1              0            0     0.
      Preconditioner     1              0            0     0.
       Krylov Solver     1              0            0     0.
     DMKSP interface     1              0            0     0.
========================================================================================================================
Average time to get PetscTime(): 9.53674e-08
Average time for MPI_Barrier(): 0.000122833
Average time for zero size MPI_Send(): 0.000198611
#PETSc Option Table entries:
--extrusion_levels 30
--nu_cfl 1
--num_timesteps 2
--order 1
--profile
--refinements 7
--rtol 1.0E-6
-log_view
#End of PETSc Option Table entries
Compiled without FORTRAN kernels
Compiled with full precision matrices (default)
sizeof(short) 2 sizeof(int) 4 sizeof(long) 8 sizeof(void*) 8 sizeof(PetscScalar) 8 sizeof(PetscInt) 4
Configure options: --prefix=/scratch/tgibson/src/firedrake/lib/python3.5/site-packages/petsc PETSC_ARCH=arch-python-linux-x86_64 --with-shared-libraries=1 --with-debugging=0 --with-c2html=0 --with-cc=/usr/bin/mpicc --with-cxx=/usr/bin/mpicxx --with-fc=/usr/bin/mpif90 --download-eigen=/scratch/tgibson/src/firedrake/src/eigen-3.3.3.tgz --download-chaco --download-metis --download-parmetis --download-scalapack --download-hypre --download-mumps --download-netcdf --download-hdf5 --download-exodusii
-----------------------------------------
Libraries compiled on Fri Dec 15 01:16:36 2017 on mpe1 
Machine characteristics: Linux-4.4.0-83-generic-x86_64-with-Ubuntu-16.04-xenial
Using PETSc directory: /tmp/pip-1c2iwwx_-build
Using PETSc arch: arch-python-linux-x86_64
-----------------------------------------

Using C compiler: /usr/bin/mpicc  -fPIC  -Wall -Wwrite-strings -Wno-strict-aliasing -Wno-unknown-pragmas -fstack-protector -fvisibility=hidden -g -O  ${COPTFLAGS} ${CFLAGS}
Using Fortran compiler: /usr/bin/mpif90  -fPIC -Wall -ffree-line-length-0 -Wno-unused-dummy-argument -g -O   ${FOPTFLAGS} ${FFLAGS} 
-----------------------------------------

Using include paths: -I/tmp/pip-1c2iwwx_-build/arch-python-linux-x86_64/include -I/tmp/pip-1c2iwwx_-build/include -I/tmp/pip-1c2iwwx_-build/include -I/tmp/pip-1c2iwwx_-build/arch-python-linux-x86_64/include -I/scratch/tgibson/src/firedrake/lib/python3.5/site-packages/petsc/include -I/scratch/tgibson/src/firedrake/lib/python3.5/site-packages/petsc/include/eigen3
-----------------------------------------

Using C linker: /usr/bin/mpicc
Using Fortran linker: /usr/bin/mpif90
Using libraries: -Wl,-rpath,/tmp/pip-1c2iwwx_-build/arch-python-linux-x86_64/lib -L/tmp/pip-1c2iwwx_-build/arch-python-linux-x86_64/lib -lpetsc -Wl,-rpath,/scratch/tgibson/src/firedrake/lib/python3.5/site-packages/petsc/lib -L/scratch/tgibson/src/firedrake/lib/python3.5/site-packages/petsc/lib -Wl,-rpath,/usr/lib/openmpi/lib -L/usr/lib/openmpi/lib -Wl,-rpath,/usr/lib/gcc/x86_64-linux-gnu/5 -L/usr/lib/gcc/x86_64-linux-gnu/5 -Wl,-rpath,/usr/lib/x86_64-linux-gnu -L/usr/lib/x86_64-linux-gnu -Wl,-rpath,/lib/x86_64-linux-gnu -L/lib/x86_64-linux-gnu -lcmumps -ldmumps -lsmumps -lzmumps -lmumps_common -lpord -lscalapack -lHYPRE -llapack -lblas -lparmetis -lmetis -lexodus -lnetcdf -lhdf5hl_fortran -lhdf5_fortran -lhdf5_hl -lhdf5 -lchaco -lm -lX11 -lmpi_usempif08 -lmpi_usempi_ignore_tkr -lmpi_mpifh -lgfortran -lm -lgfortran -lm -lquadmath -lmpi_cxx -lstdc++ -lm -ldl -lmpi -lgcc_s -lpthread -ldl
-----------------------------------------

