************************************************************************************************************************
***             WIDEN YOUR WINDOW TO 120 CHARACTERS.  Use 'enscript -r -fCourier9' to print this document            ***
************************************************************************************************************************

---------------------------------------------- PETSc Performance Summary: ----------------------------------------------

gw-3d.py on a arch-python-linux-x86_64 named mpe1 with 28 processors, by tg2115 Thu Mar 15 02:12:29 2018
Using Petsc Development GIT revision: v3.4.2-19002-g3c589c1  GIT Date: 2017-12-11 13:30:46 -0600

                         Max       Max/Min        Avg      Total 
Time (sec):           1.634e+03      1.00001   1.634e+03
Objects:              1.505e+03      1.12650   1.352e+03
Flop:                 2.488e+11      1.00090   2.487e+11  6.964e+12
Flop/sec:            1.522e+08      1.00090   1.522e+08  4.261e+09
MPI Messages:         2.153e+04      2.06420   1.594e+04  4.464e+05
MPI Message Lengths:  1.851e+08      1.53181   8.951e+03  3.996e+09
MPI Reductions:       1.472e+03      1.00000

Flop counting convention: 1 flop = 1 real number operation of type (multiply/divide/add/subtract)
                            e.g., VecAXPY() for real vectors of length N --> 2N flop
                            and VecAXPY() for complex vectors of length N --> 8N flop

Summary of Stages:   ----- Time ------  ----- Flop -----  --- Messages ---  -- Message Lengths --  -- Reductions --
                        Avg     %Total     Avg     %Total   counts   %Total     Avg         %Total   counts   %Total 
 0:      Main Stage: 1.4593e+02   8.9%  3.7576e+12  54.0%  3.224e+04   7.2%  2.763e+03       30.9%  3.120e+02  21.2% 
 1: Velocity-Pressure-Solve: 1.4842e+03  90.8%  3.1296e+12  44.9%  4.132e+05  92.6%  6.129e+03       68.5%  1.140e+03  77.4% 
 2:  Buoyancy-Solve: 4.1190e+00   0.3%  7.6482e+10   1.1%  9.360e+02   0.2%  5.913e+01        0.7%  1.300e+01   0.9% 

------------------------------------------------------------------------------------------------------------------------
See the 'Profiling' chapter of the users' manual for details on interpreting output.
Phase summary info:
   Count: number of times phase was executed
   Time and Flop: Max - maximum over all processors
                   Ratio - ratio of maximum to minimum over all processors
   Mess: number of messages sent
   Avg. len: average message length (bytes)
   Reduct: number of global reductions
   Global: entire computation
   Stage: stages of a computation. Set stages with PetscLogStagePush() and PetscLogStagePop().
      %T - percent time in this phase         %F - percent flop in this phase
      %M - percent messages in this phase     %L - percent message lengths in this phase
      %R - percent reductions in this phase
   Total Mflop/s: 10e-6 * (sum of flop over all processors)/(max time over all processors)
------------------------------------------------------------------------------------------------------------------------
Event                Count      Time (sec)     Flop                             --- Global ---  --- Stage ---   Total
                   Max Ratio  Max     Ratio   Max  Ratio  Mess   Avg len Reduct  %T %F %M %L %R  %T %F %M %L %R Mflop/s
------------------------------------------------------------------------------------------------------------------------

--- Event Stage 0: Main Stage

PetscBarrier           7 1.0 5.2096e-01 1.0 0.00e+00 0.0 0.0e+00 0.0e+00 2.1e+01  0  0  0  0  1   0  0  0  0  7     0
BuildTwoSided         38 1.0 1.0436e+00 4.1 0.00e+00 0.0 3.2e+03 4.0e+00 0.0e+00  0  0  1  0  0   1  0 10  0  0     0
VecTDot               16 1.0 1.1045e+00 2.2 2.86e+07 1.0 0.0e+00 0.0e+00 1.6e+01  0  0  0  0  1   1  0  0  0  5   722
VecNorm                9 1.0 3.8593e+0016.0 1.61e+07 1.0 0.0e+00 0.0e+00 9.0e+00  0  0  0  0  1   1  0  0  0  3   116
VecCopy                6 1.0 2.7878e-01 2.1 0.00e+00 0.0 0.0e+00 0.0e+00 0.0e+00  0  0  0  0  0   0  0  0  0  0     0
VecSet                30 1.0 3.8106e-01 2.7 0.00e+00 0.0 0.0e+00 0.0e+00 0.0e+00  0  0  0  0  0   0  0  0  0  0     0
VecAXPY               17 1.0 1.3809e+00 4.4 3.04e+07 1.0 0.0e+00 0.0e+00 0.0e+00  0  0  0  0  0   1  0  0  0  0   613
VecAYPX                7 1.0 5.9862e-01 4.9 1.25e+07 1.0 0.0e+00 0.0e+00 0.0e+00  0  0  0  0  0   0  0  0  0  0   582
VecScatterBegin       14 1.0 3.1694e-01 5.0 0.00e+00 0.0 2.0e+03 1.7e+05 0.0e+00  0  0  0  9  0   0  0  6 28  0     0
VecScatterEnd         14 1.0 2.5513e+00 5.4 0.00e+00 0.0 0.0e+00 0.0e+00 0.0e+00  0  0  0  0  0   1  0  0  0  0     0
MatMult                8 1.0 3.2144e+00 1.3 1.20e+08 1.0 1.2e+03 3.0e+04 0.0e+00  0  0  0  1  0   2  0  4  3  0  1041
MatSolve               9 1.0 3.1514e+00 1.7 1.34e+08 1.0 0.0e+00 0.0e+00 0.0e+00  0  0  0  0  0   2  0  0  0  0  1187
MatLUFactorNum         1 1.0 1.3765e+00 3.6 3.37e+07 1.0 0.0e+00 0.0e+00 0.0e+00  0  0  0  0  0   1  0  0  0  0   679
MatILUFactorSym        1 1.0 1.5765e+00 2.5 0.00e+00 0.0 0.0e+00 0.0e+00 0.0e+00  0  0  0  0  0   1  0  0  0  0     0
MatAssemblyBegin      13 1.0 1.1590e+01 7.5 0.00e+00 0.0 1.4e+03 3.8e+04 2.6e+01  0  0  0  1  2   4  0  4  4  8     0
MatAssemblyEnd        13 1.0 3.2726e+00 1.2 0.00e+00 0.0 9.4e+02 6.3e+03 4.8e+01  0  0  0  0  3   2  0  3  0 15     0
MatGetRowIJ            1 1.0 3.5048e-05 0.0 0.00e+00 0.0 0.0e+00 0.0e+00 0.0e+00  0  0  0  0  0   0  0  0  0  0     0
MatGetOrdering         1 1.0 1.2906e-01 4.8 0.00e+00 0.0 0.0e+00 0.0e+00 0.0e+00  0  0  0  0  0   0  0  0  0  0     0
MatZeroEntries         1 1.0 2.2610e-01 8.4 0.00e+00 0.0 0.0e+00 0.0e+00 0.0e+00  0  0  0  0  0   0  0  0  0  0     0
PCSetUp                2 1.0 2.8202e+00 1.7 3.37e+07 1.0 0.0e+00 0.0e+00 0.0e+00  0  0  0  0  0   2  0  0  0  0   331
PCSetUpOnBlocks        1 1.0 2.8180e+00 1.7 3.37e+07 1.0 0.0e+00 0.0e+00 0.0e+00  0  0  0  0  0   2  0  0  0  0   332
PCApply                9 1.0 3.4471e+00 1.8 1.34e+08 1.0 0.0e+00 0.0e+00 0.0e+00  0  0  0  0  0   2  0  0  0  0  1085
KSPSetUp               2 1.0 2.2410e-01 8.5 0.00e+00 0.0 0.0e+00 0.0e+00 0.0e+00  0  0  0  0  0   0  0  0  0  0     0
KSPSolve               1 1.0 1.2087e+01 1.0 3.74e+08 1.0 1.2e+03 3.0e+04 2.5e+01  1  0  0  1  2   8  0  4  3  8   861
SNESSolve              1 1.0 1.5853e+01 1.0 2.39e+09 1.0 2.7e+03 4.8e+04 3.5e+01  1  1  1  3  2  11  2  8 11 11  4222
SNESFunctionEval       1 1.0 1.8356e+00 1.3 1.33e+09 1.0 1.2e+03 6.6e+04 6.0e+00  0  1  0  2  0   1  1  4  7  2 20308
SNESJacobianEval       1 1.0 2.5130e+00 1.3 6.85e+08 1.0 2.3e+02 5.2e+04 4.0e+00  0  0  0  0  0   2  1  1  1  1  7636
Mesh Partition         2 1.0 1.3953e+00 1.0 0.00e+00 0.0 1.1e+04 1.8e+03 1.0e+01  0  0  3  1  1   1  0 35  2  3     0
Mesh Migration         2 1.0 5.2383e-01 1.0 0.00e+00 0.0 6.1e+03 1.7e+04 4.0e+01  0  0  1  3  3   0  0 19  8 13     0
DMPlexInterp           1 1.0 9.5701e-04 2.3 0.00e+00 0.0 0.0e+00 0.0e+00 4.0e+00  0  0  0  0  0   0  0  0  0  1     0
DMPlexDistribute       1 1.0 1.7389e+00 1.0 0.00e+00 0.0 5.6e+03 2.4e+04 1.8e+01  0  0  1  3  1   1  0 17 11  6     0
DMPlexDistCones        2 1.0 1.8406e-01 1.2 0.00e+00 0.0 1.5e+03 2.7e+04 0.0e+00  0  0  0  1  0   0  0  5  3  0     0
DMPlexDistLabels       2 1.0 2.4333e-01 1.0 0.00e+00 0.0 2.1e+03 1.7e+04 2.2e+01  0  0  0  1  1   0  0  7  3  7     0
DMPlexDistribOL        1 1.0 2.1652e-01 1.1 0.00e+00 0.0 1.2e+04 5.9e+02 3.2e+01  0  0  3  0  2   0  0 38  1 10     0
DMPlexDistField        3 1.0 3.9651e-02 1.2 0.00e+00 0.0 2.0e+03 6.7e+03 2.0e+00  0  0  0  0  0   0  0  6  1  1     0
DMPlexDistData         2 1.0 6.7412e-0122.3 0.00e+00 0.0 9.5e+03 1.3e+03 0.0e+00  0  0  2  0  0   0  0 30  1  0     0
DMPlexStratify        11 1.0 5.5019e-01 1.8 0.00e+00 0.0 0.0e+00 0.0e+00 1.1e+01  0  0  0  0  1   0  0  0  0  4     0
SFSetGraph            44 1.0 3.1974e-03 2.6 0.00e+00 0.0 0.0e+00 0.0e+00 0.0e+00  0  0  0  0  0   0  0  0  0  0     0
SFBcastBegin          99 1.0 1.1647e+00 2.6 0.00e+00 0.0 2.4e+04 1.4e+04 0.0e+00  0  0  5  9  0   1  0 75 28  0     0
SFBcastEnd            99 1.0 5.7514e+00 8.8 0.00e+00 0.0 0.0e+00 0.0e+00 0.0e+00  0  0  0  0  0   2  0  0  0  0     0
SFReduceBegin         13 1.0 2.7521e-02 6.2 0.00e+00 0.0 2.0e+03 2.9e+04 0.0e+00  0  0  0  1  0   0  0  6  5  0     0
SFReduceEnd           13 1.0 8.3786e+00 8.0 0.00e+00 0.0 0.0e+00 0.0e+00 0.0e+00  0  0  0  0  0   3  0  0  0  0     0
SFFetchOpBegin         1 1.0 7.0810e-0517.5 0.00e+00 0.0 7.8e+01 5.2e+02 0.0e+00  0  0  0  0  0   0  0  0  0  0     0
SFFetchOpEnd           1 1.0 3.1080e-03130.4 0.00e+00 0.0 7.8e+01 5.2e+02 0.0e+00  0  0  0  0  0   0  0  0  0  0     0
CreateMesh             8 1.0 2.2228e+00 1.0 0.00e+00 0.0 1.8e+04 7.8e+03 5.4e+01  0  0  4  3  4   2  0 55 11 17     0
Mesh: reorder          1 1.0 1.8239e-02 4.2 0.00e+00 0.0 0.0e+00 0.0e+00 2.0e+00  0  0  0  0  0   0  0  0  0  1     0
Mesh: numbering        1 1.0 6.2614e-02 1.7 0.00e+00 0.0 0.0e+00 0.0e+00 2.0e+00  0  0  0  0  0   0  0  0  0  1     0
CreateFunctionSpace      27 1.0 1.1041e+00 1.5 0.00e+00 0.0 5.5e+02 1.0e+03 0.0e+00  0  0  0  0  0   1  0  2  0  0     0
ParLoopExecute        49 1.0 7.4953e+01 1.0 1.34e+11 1.0 7.2e+03 3.6e+04 1.8e+01  5 54  2  7  1  51100 22 21  6 49993
ParLoopCells          40 1.0 6.7772e+01 1.1 1.34e+11 1.0 0.0e+00 0.0e+00 0.0e+00  4 54  0  0  0  43100  0  0  0 55285
ParLoopRednBegin      49 1.0 9.8083e-0110.5 0.00e+00 0.0 0.0e+00 0.0e+00 0.0e+00  0  0  0  0  0   0  0  0  0  0     0
ParLoopRednEnd        49 1.0 9.2716e-03 8.0 0.00e+00 0.0 0.0e+00 0.0e+00 0.0e+00  0  0  0  0  0   0  0  0  0  0     0
CreateExtMesh          1 1.0 5.9728e-01 1.7 0.00e+00 0.0 7.0e+02 3.3e+03 4.0e+00  0  0  0  0  0   0  0  2  0  1     0
CreateSparsity         5 1.0 3.3862e+01 1.0 0.00e+00 0.0 1.4e+03 1.1e+04 3.6e+01  2  0  0  0  2  23  0  4  1 12     0
MatZeroInitial         6 1.0 4.6711e+00 1.3 0.00e+00 0.0 0.0e+00 0.0e+00 0.0e+00  0  0  0  0  0   3  0  0  0  0     0
ParLoopset_6          20 1.0 4.6992e-01 3.1 7.16e+06 1.0 0.0e+00 0.0e+00 0.0e+00  0  0  0  0  0   0  0  0  0  0   424
ParLoopset_7          20 1.0 1.5988e-01 4.4 2.81e+06 1.0 0.0e+00 0.0e+00 0.0e+00  0  0  0  0  0   0  0  0  0  0   492
ParLoopset_8          18 1.0 2.1567e-01 5.2 2.18e+06 1.0 0.0e+00 0.0e+00 0.0e+00  0  0  0  0  0   0  0  0  0  0   283
AssembleExpression       2 1.0 2.1269e-01 2.6 2.18e+06 1.0 0.0e+00 0.0e+00 0.0e+00  0  0  0  0  0   0  0  0  0  0   287

--- Event Stage 1: Velocity-Pressure-Solve

BuildTwoSided          5 1.0 1.3957e-01 7.6 0.00e+00 0.0 3.5e+02 4.0e+00 0.0e+00  0  0  0  0  0   0  0  0  0  0     0
VecMDot              108 1.0 8.0411e+00 2.8 1.36e+08 1.0 0.0e+00 0.0e+00 1.1e+02  0  0  0  0  7   0  0  0  0  9   474
VecTDot              116 1.0 1.0456e+01 2.5 8.15e+07 1.0 0.0e+00 0.0e+00 1.2e+02  0  0  0  0  8   0  0  0  0 10   218
VecNorm              188 1.0 2.4812e+01 3.6 9.00e+07 1.0 0.0e+00 0.0e+00 1.9e+02  1  0  0  0 13   1  0  0  0 16   101
VecScale             606 1.0 4.2131e+00 4.0 1.92e+08 1.0 0.0e+00 0.0e+00 0.0e+00  0  0  0  0  0   0  0  0  0  0  1274
VecCopy              379 1.0 3.0030e+00 2.6 0.00e+00 0.0 0.0e+00 0.0e+00 0.0e+00  0  0  0  0  0   0  0  0  0  0     0
VecSet              4415 1.0 2.8060e+01 3.8 0.00e+00 0.0 0.0e+00 0.0e+00 0.0e+00  1  0  0  0  0   1  0  0  0  0     0
VecAXPY              140 1.0 4.9360e+00 3.0 1.11e+08 1.0 0.0e+00 0.0e+00 0.0e+00  0  0  0  0  0   0  0  0  0  0   628
VecAYPX             2768 1.0 9.5046e+00 3.9 3.01e+08 1.0 0.0e+00 0.0e+00 0.0e+00  0  0  0  0  0   0  0  0  0  0   886
VecAXPBYCZ          1360 1.0 4.8044e+00 3.4 5.35e+08 1.0 0.0e+00 0.0e+00 0.0e+00  0  0  0  0  0   0  0  0  0  0  3114
VecMAXPY             120 1.0 2.9483e+00 2.5 1.72e+08 1.0 0.0e+00 0.0e+00 0.0e+00  0  0  0  0  0   0  0  0  0  0  1630
VecAssemblyBegin      16 1.0 3.0127e-01 1.7 0.00e+00 0.0 0.0e+00 0.0e+00 4.2e+01  0  0  0  0  3   0  0  0  0  4     0
VecAssemblyEnd        16 1.0 1.2088e-04 4.5 0.00e+00 0.0 0.0e+00 0.0e+00 0.0e+00  0  0  0  0  0   0  0  0  0  0     0
VecPointwiseMult      55 1.0 1.8272e-01 4.3 4.33e+06 1.0 0.0e+00 0.0e+00 0.0e+00  0  0  0  0  0   0  0  0  0  0   662
VecScatterBegin     3962 1.0 5.7325e+00 3.4 0.00e+00 0.0 3.9e+05 5.7e+03 0.0e+00  0  0 87 55  0   0  0 94 81  0     0
VecScatterEnd       3962 1.0 3.7084e+02 2.4 0.00e+00 0.0 0.0e+00 0.0e+00 0.0e+00 14  0  0  0  0  16  0  0  0  0     0
VecSetRandom           5 1.0 1.0459e-01 6.7 0.00e+00 0.0 0.0e+00 0.0e+00 0.0e+00  0  0  0  0  0   0  0  0  0  0     0
VecNormalize         120 1.0 4.2070e+00 1.9 6.33e+07 1.0 0.0e+00 0.0e+00 1.2e+02  0  0  0  0  8   0  0  0  0 11   420
MatMult             2226 1.0 4.6550e+02 1.1 1.19e+10 1.0 3.1e+05 6.5e+03 6.8e+01 27  5 70 51  5  29 11 76 75  6   710
MatMultAdd           848 1.0 2.6408e+01 1.6 7.19e+08 1.0 3.8e+04 3.1e+03 0.0e+00  1  0  9  3  0   2  1  9  4  0   761
MatMultTranspose     340 1.0 1.8291e+01 3.1 1.95e+08 1.0 3.6e+04 1.7e+03 0.0e+00  1  0  8  2  0   1  0  9  2  0   299
MatSolve            2659 1.2 2.0849e+02 2.7 1.01e+10 1.0 0.0e+00 0.0e+00 0.0e+00 10  4  0  0  0  11  9  0  0  0  1351
MatLUFactorSym         1 1.0 2.3127e-05 2.3 0.00e+00 0.0 0.0e+00 0.0e+00 0.0e+00  0  0  0  0  0   0  0  0  0  0     0
MatLUFactorNum         7 1.0 1.9808e+00 3.0 7.02e+07 1.0 0.0e+00 0.0e+00 0.0e+00  0  0  0  0  0   0  0  0  0  0   971
MatILUFactorSym        6 1.0 1.7709e+00 2.0 0.00e+00 0.0 0.0e+00 0.0e+00 0.0e+00  0  0  0  0  0   0  0  0  0  0     0
MatConvert             6 1.0 1.0245e+00 1.7 0.00e+00 0.0 0.0e+00 0.0e+00 0.0e+00  0  0  0  0  0   0  0  0  0  0     0
MatScale              17 1.0 7.2575e-01 2.0 1.38e+07 1.0 7.0e+02 6.1e+03 0.0e+00  0  0  0  0  0   0  0  0  0  0   530
MatResidual          340 1.0 6.8398e+01 1.3 1.70e+09 1.0 4.8e+04 6.1e+03 0.0e+00  4  1 11  7  0   4  2 12 11  0   693
MatAssemblyBegin     111 1.0 4.0787e+00 1.8 0.00e+00 0.0 4.7e+03 2.0e+04 7.6e+01  0  0  1  2  5   0  0  1  3  7     0
MatAssemblyEnd       111 1.0 4.8090e+00 1.8 0.00e+00 0.0 6.8e+03 1.3e+03 2.2e+02  0  0  2  0 15   0  0  2  0 19     0
MatGetRow        1882383 1.0 1.0399e+00 2.9 0.00e+00 0.0 0.0e+00 0.0e+00 0.0e+00  0  0  0  0  0   0  0  0  0  0     0
MatGetRowIJ            7 1.4 3.2187e-0527.0 0.00e+00 0.0 0.0e+00 0.0e+00 0.0e+00  0  0  0  0  0   0  0  0  0  0     0
MatCreateSubMat        8 1.0 3.9454e-01 1.2 0.00e+00 0.0 2.4e+02 2.0e+02 7.8e+01  0  0  0  0  5   0  0  0  0  7     0
MatGetOrdering         7 1.4 1.8973e-01 4.4 0.00e+00 0.0 0.0e+00 0.0e+00 0.0e+00  0  0  0  0  0   0  0  0  0  0     0
MatCoarsen             5 1.0 4.9530e-01 1.3 0.00e+00 0.0 4.9e+03 4.1e+03 1.6e+01  0  0  1  1  1   0  0  1  1  1     0
MatZeroEntries         7 1.0 1.1766e+00 1.8 0.00e+00 0.0 0.0e+00 0.0e+00 0.0e+00  0  0  0  0  0   0  0  0  0  0     0
MatAXPY                6 1.0 1.9699e+00 1.2 0.00e+00 0.0 3.1e+02 3.9e+03 2.2e+01  0  0  0  0  1   0  0  0  0  2     0
MatMatMult             6 1.0 8.5829e+02 1.0 1.41e+07 1.0 4.8e+03 4.4e+03 9.8e+01 53  0  1  1  7  58  0  1  1  9     0
MatMatMultSym          6 1.0 8.5670e+02 1.0 0.00e+00 0.0 4.0e+03 3.6e+03 8.4e+01 52  0  1  0  6  58  0  1  1  7     0
MatMatMultNum          6 1.0 1.2440e+00 1.2 1.41e+07 1.0 7.8e+02 8.6e+03 1.2e+01  0  0  0  0  1   0  0  0  0  1   315
MatPtAP                5 1.0 3.5333e+00 1.0 8.37e+07 1.0 8.5e+03 1.2e+04 8.6e+01  0  0  2  3  6   0  0  2  4  8   657
MatPtAPSymbolic        5 1.0 1.9906e+00 1.1 0.00e+00 0.0 4.2e+03 1.2e+04 3.5e+01  0  0  1  1  2   0  0  1  2  3     0
MatPtAPNumeric         5 1.0 1.5510e+00 1.1 8.37e+07 1.0 4.3e+03 1.1e+04 5.0e+01  0  0  1  1  3   0  0  1  2  4  1496
MatTrnMatMult          1 1.0 7.1536e+00 1.0 3.17e+07 1.0 1.2e+03 3.3e+04 1.8e+01  0  0  0  1  1   0  0  0  2  2   124
MatTrnMatMultSym       1 1.0 2.6108e+00 1.0 0.00e+00 0.0 4.7e+02 2.1e+04 8.0e+00  0  0  0  0  1   0  0  0  0  1     0
MatTrnMatMultNum       1 1.0 4.6246e+00 1.0 3.17e+07 1.0 7.8e+02 4.0e+04 1.0e+01  0  0  0  1  1   0  0  0  1  1   192
MatGetLocalMat        18 1.0 2.1446e+00 2.6 0.00e+00 0.0 0.0e+00 0.0e+00 0.0e+00  0  0  0  0  0   0  0  0  0  0     0
MatGetBrAoCol         17 1.0 2.8131e-01 1.8 0.00e+00 0.0 5.2e+03 1.1e+04 0.0e+00  0  0  1  1  0   0  0  1  2  0     0
PCGAMGGraph_AGG        5 1.0 3.4412e+00 1.0 7.09e+06 1.0 2.1e+03 3.0e+03 6.0e+01  0  0  0  0  4   0  0  1  0  5    57
PCGAMGCoarse_AGG       5 1.0 8.2666e+00 1.0 3.17e+07 1.0 7.0e+03 1.2e+04 5.0e+01  1  0  2  2  3   1  0  2  3  4   107
PCGAMGProl_AGG         5 1.0 1.1386e+00 1.0 0.00e+00 0.0 3.4e+03 4.6e+03 1.2e+02  0  0  1  0  8   0  0  1  1 11     0
PCGAMGPOpt_AGG         5 1.0 6.9936e+00 1.0 1.89e+08 1.0 1.1e+04 5.0e+03 2.4e+02  0  0  3  1 16   0  0  3  2 21   755
GAMG: createProl       5 1.0 1.9815e+01 1.0 2.28e+08 1.0 2.4e+04 6.8e+03 4.7e+02  1  0  5  4 32   1  0  6  6 41   321
  Graph               10 1.0 3.4408e+00 1.0 7.09e+06 1.0 2.1e+03 3.0e+03 6.0e+01  0  0  0  0  4   0  0  1  0  5    57
  MIS/Agg              5 1.0 4.9555e-01 1.3 0.00e+00 0.0 4.9e+03 4.1e+03 1.6e+01  0  0  1  1  1   0  0  1  1  1     0
  SA: col data         5 1.0 4.6587e-01 1.3 0.00e+00 0.0 1.4e+03 9.6e+03 5.0e+01  0  0  0  0  3   0  0  0  0  4     0
  SA: frmProl0         5 1.0 6.1617e-01 1.1 0.00e+00 0.0 2.0e+03 1.1e+03 5.0e+01  0  0  0  0  3   0  0  0  0  4     0
  SA: smooth           5 1.0 2.5875e+00 1.0 9.96e+06 1.0 4.2e+03 3.1e+03 1.0e+02  0  0  1  0  7   0  0  1  0  9   107
GAMG: partLevel        5 1.0 3.5528e+00 1.0 8.37e+07 1.0 8.8e+03 1.1e+04 2.0e+02  0  0  2  3 13   0  0  2  4 17   653
  repartition          2 1.0 5.7197e-04 1.1 0.00e+00 0.0 0.0e+00 0.0e+00 1.2e+01  0  0  0  0  1   0  0  0  0  1     0
  Invert-Sort          2 1.0 1.3752e-03 1.2 0.00e+00 0.0 0.0e+00 0.0e+00 8.0e+00  0  0  0  0  1   0  0  0  0  1     0
  Move A               2 1.0 6.9139e-03 1.8 0.00e+00 0.0 1.4e+02 3.2e+02 3.8e+01  0  0  0  0  3   0  0  0  0  3     0
  Move P               2 1.0 1.1602e-02 1.4 0.00e+00 0.0 9.8e+01 2.3e+01 3.8e+01  0  0  0  0  3   0  0  0  0  3     0
PCSetUp               10 1.0 8.8702e+02 1.0 3.92e+08 1.0 3.4e+04 1.6e+04 7.5e+02 54  0  8 14 51  60  0  8 20 66    12
PCSetUpOnBlocks     1249 1.0 3.3640e+00 2.0 7.02e+07 1.0 0.0e+00 0.0e+00 0.0e+00  0  0  0  0  0   0  0  0  0  0   572
PCApply               10 1.0 5.5966e+02 1.0 1.66e+10 1.0 4.1e+05 5.7e+03 9.8e+02 34  7 91 58 67  38 15 99 85 86   825
KSPSolve_FS_0         10 1.0 5.3211e+00 3.0 1.49e+08 1.0 0.0e+00 0.0e+00 0.0e+00  0  0  0  0  0   0  0  0  0  0   781
KSPSolve_FS_Schu      10 1.0 5.4356e+02 1.0 1.62e+10 1.0 4.1e+05 5.7e+03 9.8e+02 33  6 91 58 67  37 14 98 84 86   829
KSPSolve_FS_Low       10 1.0 6.6393e+00 2.3 1.82e+08 1.0 0.0e+00 0.0e+00 0.0e+00  0  0  0  0  0   0  0  0  0  0   764
KSPGMRESOrthog       108 1.0 9.1024e+00 1.9 2.73e+08 1.0 0.0e+00 0.0e+00 1.1e+02  0  0  0  0  7   0  0  0  0  9   837
KSPSetUp              27 1.0 7.1069e-01 1.5 0.00e+00 0.0 0.0e+00 0.0e+00 1.0e+01  0  0  0  0  1   0  0  0  0  1     0
KSPSolve               2 1.0 1.4315e+03 1.0 1.70e+10 1.0 4.1e+05 6.5e+03 1.1e+03 88  7 92 67 77  96 15 99 98 99   330
SNESSolve              2 1.0 1.4838e+03 1.0 1.12e+11 1.0 4.1e+05 6.6e+03 1.1e+03 91 45 93 68 77 100100100100100  2109
SNESFunctionEval       2 1.0 3.2651e+01 1.0 6.42e+10 1.0 1.2e+03 3.4e+04 0.0e+00  2 26  0  1  0   2 57  0  2  0 55035
SNESJacobianEval       2 1.0 2.0562e+01 1.0 3.07e+10 1.0 9.4e+02 1.6e+04 1.0e+01  1 12  0  0  1   1 27  0  1  1 41852
SFSetGraph             5 1.0 1.3113e-05 4.6 0.00e+00 0.0 0.0e+00 0.0e+00 0.0e+00  0  0  0  0  0   0  0  0  0  0     0
SFBcastBegin          30 1.0 1.5880e-01 5.2 0.00e+00 0.0 5.6e+03 7.5e+03 0.0e+00  0  0  1  1  0   0  0  1  2  0     0
SFBcastEnd            30 1.0 2.3823e+0071.0 0.00e+00 0.0 0.0e+00 0.0e+00 0.0e+00  0  0  0  0  0   0  0  0  0  0     0
SFReduceBegin          4 1.0 1.1533e-0211.5 0.00e+00 0.0 6.2e+02 3.4e+04 0.0e+00  0  0  0  1  0   0  0  0  1  0     0
SFReduceEnd            4 1.0 3.4504e+00 7.1 0.00e+00 0.0 0.0e+00 0.0e+00 0.0e+00  0  0  0  0  0   0  0  0  0  0     0
ParLoopExecute        20 1.0 5.1556e+01 1.0 9.49e+10 1.0 1.2e+03 3.4e+04 0.0e+00  3 38  0  1  0   3 85  0  2  0 51546
ParLoopCells          16 1.0 4.7892e+01 1.2 9.49e+10 1.0 0.0e+00 0.0e+00 0.0e+00  3 38  0  0  0   3 85  0  0  0 55491
ParLoopRednBegin      20 1.0 1.4624e-0219.6 0.00e+00 0.0 0.0e+00 0.0e+00 0.0e+00  0  0  0  0  0   0  0  0  0  0     0
ParLoopRednEnd        20 1.0 8.4114e-04 4.8 0.00e+00 0.0 0.0e+00 0.0e+00 0.0e+00  0  0  0  0  0   0  0  0  0  0     0
ParLoopset_6          20 1.0 1.2562e-01 6.3 0.00e+00 0.0 0.0e+00 0.0e+00 0.0e+00  0  0  0  0  0   0  0  0  0  0     0
ParLoopset_7           4 1.0 2.8555e-02 9.6 0.00e+00 0.0 0.0e+00 0.0e+00 0.0e+00  0  0  0  0  0   0  0  0  0  0     0
ApplyBC                4 1.0 4.2301e-0117.7 0.00e+00 0.0 0.0e+00 0.0e+00 0.0e+00  0  0  0  0  0   0  0  0  0  0     0

--- Event Stage 2: Buoyancy-Solve

VecTDot                4 1.0 1.3741e-01 3.7 2.90e+06 1.0 0.0e+00 0.0e+00 4.0e+00  0  0  0  0  0   2  0  0  0 31   591
VecNorm                4 1.0 6.8693e-01 7.3 2.90e+06 1.0 0.0e+00 0.0e+00 4.0e+00  0  0  0  0  0   8  0  0  0 31   118
VecCopy               11 1.0 2.2164e-01 3.3 0.00e+00 0.0 0.0e+00 0.0e+00 0.0e+00  0  0  0  0  0   4  0  0  0  0     0
VecSet                 6 1.0 8.3377e-02 6.7 0.00e+00 0.0 0.0e+00 0.0e+00 0.0e+00  0  0  0  0  0   1  0  0  0  0     0
VecAXPY                6 1.0 2.4273e-01 4.5 4.35e+06 1.0 0.0e+00 0.0e+00 0.0e+00  0  0  0  0  0   3  0  0  0  0   502
VecScatterBegin        2 1.0 2.4639e-021435.3 0.00e+00 0.0 0.0e+00 0.0e+00 0.0e+00  0  0  0  0  0   0  0  0  0  0     0
VecScatterEnd          2 1.0 5.1975e-05 6.4 0.00e+00 0.0 0.0e+00 0.0e+00 0.0e+00  0  0  0  0  0   0  0  0  0  0     0
MatMult                2 1.0 1.4856e-01 7.1 3.53e+06 1.0 0.0e+00 0.0e+00 0.0e+00  0  0  0  0  0   2  0  0  0  0   666
MatSolve               4 1.0 2.7008e-01 3.8 7.07e+06 1.0 0.0e+00 0.0e+00 0.0e+00  0  0  0  0  0   4  0  0  0  0   733
MatLUFactorNum         1 1.0 2.4810e-0116.3 1.42e+06 1.0 0.0e+00 0.0e+00 0.0e+00  0  0  0  0  0   2  0  0  0  0   160
MatILUFactorSym        1 1.0 3.4351e-01 6.1 0.00e+00 0.0 0.0e+00 0.0e+00 0.0e+00  0  0  0  0  0   5  0  0  0  0     0
MatAssemblyBegin       2 1.0 2.4139e-01 6.2 0.00e+00 0.0 0.0e+00 0.0e+00 4.0e+00  0  0  0  0  0   4  0  0  0 31     0
MatAssemblyEnd         2 1.0 3.5695e-01 5.7 0.00e+00 0.0 0.0e+00 0.0e+00 0.0e+00  0  0  0  0  0   4  0  0  0  0     0
MatGetRowIJ            1 1.0 1.7166e-05 0.0 0.00e+00 0.0 0.0e+00 0.0e+00 0.0e+00  0  0  0  0  0   0  0  0  0  0     0
MatGetOrdering         1 1.0 8.6887e-0221.7 0.00e+00 0.0 0.0e+00 0.0e+00 0.0e+00  0  0  0  0  0   1  0  0  0  0     0
MatZeroEntries         1 1.0 2.6701e-0212.3 0.00e+00 0.0 0.0e+00 0.0e+00 0.0e+00  0  0  0  0  0   0  0  0  0  0     0
PCSetUp                2 1.0 4.2749e-01 5.5 1.42e+06 1.0 0.0e+00 0.0e+00 0.0e+00  0  0  0  0  0   8  0  0  0  0    93
PCSetUpOnBlocks        2 1.0 4.2694e-01 5.6 1.42e+06 1.0 0.0e+00 0.0e+00 0.0e+00  0  0  0  0  0   8  0  0  0  0    93
PCApply                4 1.0 3.1463e-01 3.8 7.07e+06 1.0 0.0e+00 0.0e+00 0.0e+00  0  0  0  0  0   4  0  0  0  0   629
KSPSetUp               3 1.0 9.2971e-02 7.2 0.00e+00 0.0 0.0e+00 0.0e+00 0.0e+00  0  0  0  0  0   1  0  0  0  0     0
KSPSolve               2 1.0 1.3336e+00 1.3 2.07e+07 1.0 0.0e+00 0.0e+00 8.0e+00  0  0  0  0  1  29  1  0  0 62   435
SNESSolve              2 1.0 4.0698e+00 1.1 2.73e+09 1.0 9.4e+02 2.8e+04 1.2e+01  0  1  0  1  1  97100100100 92 18793
SNESFunctionEval       2 1.0 2.2381e+00 1.3 2.54e+09 1.0 9.4e+02 2.8e+04 0.0e+00  0  1  0  1  0  49 93100100  0 31835
SNESJacobianEval       2 1.0 1.0237e+00 1.8 1.65e+08 1.0 0.0e+00 0.0e+00 4.0e+00  0  0  0  0  0  18  6  0  0 31  4504
SFBcastBegin           4 1.0 3.2549e-0220.0 0.00e+00 0.0 6.2e+02 3.4e+04 0.0e+00  0  0  0  1  0   0  0 67 81  0     0
SFBcastEnd             4 1.0 5.0571e-01339.2 0.00e+00 0.0 0.0e+00 0.0e+00 0.0e+00  0  0  0  0  0   5  0  0  0  0     0
SFReduceBegin          2 1.0 1.5671e-03 8.3 0.00e+00 0.0 3.1e+02 1.6e+04 0.0e+00  0  0  0  0  0   0  0 33 19  0     0
SFReduceEnd            2 1.0 4.5875e-0177.5 0.00e+00 0.0 0.0e+00 0.0e+00 0.0e+00  0  0  0  0  0   6  0  0  0  0     0
ParLoopExecute         5 1.0 2.5084e+00 1.2 2.71e+09 1.0 9.4e+02 2.8e+04 0.0e+00  0  1  0  1  0  57 99100100  0 30242
ParLoopCells           6 1.0 2.1500e+00 1.5 2.71e+09 1.0 0.0e+00 0.0e+00 0.0e+00  0  1  0  0  0  41 99  0  0  0 35284
ParLoopRednBegin       5 1.0 5.3120e-04 7.7 0.00e+00 0.0 0.0e+00 0.0e+00 0.0e+00  0  0  0  0  0   0  0  0  0  0     0
ParLoopRednEnd         5 1.0 2.7490e-04 7.0 0.00e+00 0.0 0.0e+00 0.0e+00 0.0e+00  0  0  0  0  0   0  0  0  0  0     0
ParLoopset_8           4 1.0 3.9824e-0211.8 0.00e+00 0.0 0.0e+00 0.0e+00 0.0e+00  0  0  0  0  0   0  0  0  0  0     0
------------------------------------------------------------------------------------------------------------------------

Memory usage is given in bytes:

Object Type          Creations   Destructions     Memory  Descendants' Mem.
Reports information only for process 0.

--- Event Stage 0: Main Stage

           Container     7              7         4032     0.
              Viewer     1              0            0     0.
           Index Set   302            333     58836820     0.
   IS L to G Mapping     9              9     24626664     0.
             Section   122            122        85888     0.
              Vector    50            215    410580136     0.
      Vector Scatter    12             25     39583080     0.
              Matrix    36            109    792485036     0.
      Preconditioner     4             21        21388     0.
       Krylov Solver     4             26       221416     0.
     DMKSP interface     1              3         1968     0.
                SNES     3              3         4104     0.
      SNESLineSearch     3              3         2976     0.
              DMSNES     3              3         2016     0.
    Distributed Mesh    33             34       163536     0.
    GraphPartitioner    11             11         6732     0.
   Star Forest Graph   103            104        86400     0.
     Discrete System    33             34        31280     0.

--- Event Stage 1: Velocity-Pressure-Solve

         PetscRandom    10             10         6460     0.
           Index Set   109             81      5298916     0.
              Vector   371            213     99350408     0.
      Vector Scatter    37             24        26336     0.
              Matrix   163             91    403242232     0.
      Matrix Coarsen     5              5         3180     0.
      Preconditioner    22              6         5488     0.
       Krylov Solver    27              6       152600     0.
     DMKSP interface     1              0            0     0.
    Distributed Mesh     1              0            0     0.
   Star Forest Graph     7              6         5168     0.
     Discrete System     1              0            0     0.

--- Event Stage 2: Buoyancy-Solve

           Index Set     3              0            0     0.
              Vector     7              0            0     0.
              Matrix     1              0            0     0.
      Preconditioner     1              0            0     0.
       Krylov Solver     1              0            0     0.
     DMKSP interface     1              0            0     0.
========================================================================================================================
Average time to get PetscTime(): 0.
Average time for MPI_Barrier(): 9.47952e-05
Average time for zero size MPI_Send(): 0.000145963
#PETSc Option Table entries:
--extrusion_levels 30
--nu_cfl 8
--num_timesteps 2
--order 1
--profile
--refinements 7
--rtol 1.0E-6
-log_view
#End of PETSc Option Table entries
Compiled without FORTRAN kernels
Compiled with full precision matrices (default)
sizeof(short) 2 sizeof(int) 4 sizeof(long) 8 sizeof(void*) 8 sizeof(PetscScalar) 8 sizeof(PetscInt) 4
Configure options: --prefix=/scratch/tgibson/src/firedrake/lib/python3.5/site-packages/petsc PETSC_ARCH=arch-python-linux-x86_64 --with-shared-libraries=1 --with-debugging=0 --with-c2html=0 --with-cc=/usr/bin/mpicc --with-cxx=/usr/bin/mpicxx --with-fc=/usr/bin/mpif90 --download-eigen=/scratch/tgibson/src/firedrake/src/eigen-3.3.3.tgz --download-chaco --download-metis --download-parmetis --download-scalapack --download-hypre --download-mumps --download-netcdf --download-hdf5 --download-exodusii
-----------------------------------------
Libraries compiled on Fri Dec 15 01:16:36 2017 on mpe1 
Machine characteristics: Linux-4.4.0-83-generic-x86_64-with-Ubuntu-16.04-xenial
Using PETSc directory: /tmp/pip-1c2iwwx_-build
Using PETSc arch: arch-python-linux-x86_64
-----------------------------------------

Using C compiler: /usr/bin/mpicc  -fPIC  -Wall -Wwrite-strings -Wno-strict-aliasing -Wno-unknown-pragmas -fstack-protector -fvisibility=hidden -g -O  ${COPTFLAGS} ${CFLAGS}
Using Fortran compiler: /usr/bin/mpif90  -fPIC -Wall -ffree-line-length-0 -Wno-unused-dummy-argument -g -O   ${FOPTFLAGS} ${FFLAGS} 
-----------------------------------------

Using include paths: -I/tmp/pip-1c2iwwx_-build/arch-python-linux-x86_64/include -I/tmp/pip-1c2iwwx_-build/include -I/tmp/pip-1c2iwwx_-build/include -I/tmp/pip-1c2iwwx_-build/arch-python-linux-x86_64/include -I/scratch/tgibson/src/firedrake/lib/python3.5/site-packages/petsc/include -I/scratch/tgibson/src/firedrake/lib/python3.5/site-packages/petsc/include/eigen3
-----------------------------------------

Using C linker: /usr/bin/mpicc
Using Fortran linker: /usr/bin/mpif90
Using libraries: -Wl,-rpath,/tmp/pip-1c2iwwx_-build/arch-python-linux-x86_64/lib -L/tmp/pip-1c2iwwx_-build/arch-python-linux-x86_64/lib -lpetsc -Wl,-rpath,/scratch/tgibson/src/firedrake/lib/python3.5/site-packages/petsc/lib -L/scratch/tgibson/src/firedrake/lib/python3.5/site-packages/petsc/lib -Wl,-rpath,/usr/lib/openmpi/lib -L/usr/lib/openmpi/lib -Wl,-rpath,/usr/lib/gcc/x86_64-linux-gnu/5 -L/usr/lib/gcc/x86_64-linux-gnu/5 -Wl,-rpath,/usr/lib/x86_64-linux-gnu -L/usr/lib/x86_64-linux-gnu -Wl,-rpath,/lib/x86_64-linux-gnu -L/lib/x86_64-linux-gnu -lcmumps -ldmumps -lsmumps -lzmumps -lmumps_common -lpord -lscalapack -lHYPRE -llapack -lblas -lparmetis -lmetis -lexodus -lnetcdf -lhdf5hl_fortran -lhdf5_fortran -lhdf5_hl -lhdf5 -lchaco -lm -lX11 -lmpi_usempif08 -lmpi_usempi_ignore_tkr -lmpi_mpifh -lgfortran -lm -lgfortran -lm -lquadmath -lmpi_cxx -lstdc++ -lm -ldl -lmpi -lgcc_s -lpthread -ldl
-----------------------------------------

