************************************************************************************************************************
***             WIDEN YOUR WINDOW TO 120 CHARACTERS.  Use 'enscript -r -fCourier9' to print this document            ***
************************************************************************************************************************

---------------------------------------------- PETSc Performance Summary: ----------------------------------------------

gw-3d.py on a arch-python-linux-x86_64 named mpe1 with 28 processors, by tg2115 Thu Mar 15 01:19:53 2018
Using Petsc Development GIT revision: v3.4.2-19002-g3c589c1  GIT Date: 2017-12-11 13:30:46 -0600

                         Max       Max/Min        Avg      Total 
Time (sec):           5.218e+02      1.00003   5.218e+02
Objects:              1.440e+03      1.13297   1.287e+03
Flop:                 4.535e+11      1.00025   4.535e+11  1.270e+13
Flop/sec:            8.691e+08      1.00025   8.690e+08  2.433e+10
MPI Messages:         6.421e+03      2.11461   4.774e+03  1.337e+05
MPI Message Lengths:  1.374e+08      1.81072   1.994e+04  2.666e+09
MPI Reductions:       1.201e+03      1.00000

Flop counting convention: 1 flop = 1 real number operation of type (multiply/divide/add/subtract)
                            e.g., VecAXPY() for real vectors of length N --> 2N flop
                            and VecAXPY() for complex vectors of length N --> 8N flop

Summary of Stages:   ----- Time ------  ----- Flop -----  --- Messages ---  -- Message Lengths --  -- Reductions --
                        Avg     %Total     Avg     %Total   counts   %Total     Avg         %Total   counts   %Total 
 0:      Main Stage: 1.4977e+02  28.7%  3.7576e+12  29.6%  3.224e+04  24.1%  9.226e+03       46.3%  3.140e+02  26.1% 
 1: Velocity-Pressure-Solve: 3.6785e+02  70.5%  8.8626e+12  69.8%  1.005e+05  75.2%  1.052e+04       52.7%  8.670e+02  72.2% 
 2:  Buoyancy-Solve: 4.1683e+00   0.8%  7.6482e+10   0.6%  9.360e+02   0.7%  1.975e+02        1.0%  1.300e+01   1.1% 

------------------------------------------------------------------------------------------------------------------------
See the 'Profiling' chapter of the users' manual for details on interpreting output.
Phase summary info:
   Count: number of times phase was executed
   Time and Flop: Max - maximum over all processors
                   Ratio - ratio of maximum to minimum over all processors
   Mess: number of messages sent
   Avg. len: average message length (bytes)
   Reduct: number of global reductions
   Global: entire computation
   Stage: stages of a computation. Set stages with PetscLogStagePush() and PetscLogStagePop().
      %T - percent time in this phase         %F - percent flop in this phase
      %M - percent messages in this phase     %L - percent message lengths in this phase
      %R - percent reductions in this phase
   Total Mflop/s: 10e-6 * (sum of flop over all processors)/(max time over all processors)
------------------------------------------------------------------------------------------------------------------------
Event                Count      Time (sec)     Flop                             --- Global ---  --- Stage ---   Total
                   Max Ratio  Max     Ratio   Max  Ratio  Mess   Avg len Reduct  %T %F %M %L %R  %T %F %M %L %R Mflop/s
------------------------------------------------------------------------------------------------------------------------

--- Event Stage 0: Main Stage

PetscBarrier           7 1.0 6.4857e-01 1.0 0.00e+00 0.0 0.0e+00 0.0e+00 2.1e+01  0  0  0  0  2   0  0  0  0  7     0
BuildTwoSided         38 1.0 1.0228e+00 2.4 0.00e+00 0.0 3.2e+03 4.0e+00 0.0e+00  0  0  2  0  0   1  0 10  0  0     0
VecTDot               16 1.0 8.8174e-01 1.9 2.86e+07 1.0 0.0e+00 0.0e+00 1.6e+01  0  0  0  0  1   0  0  0  0  5   904
VecNorm                9 1.0 3.2956e+00 7.4 1.61e+07 1.0 0.0e+00 0.0e+00 9.0e+00  0  0  0  0  1   1  0  0  0  3   136
VecCopy                6 1.0 2.6765e-01 2.3 0.00e+00 0.0 0.0e+00 0.0e+00 0.0e+00  0  0  0  0  0   0  0  0  0  0     0
VecSet                30 1.0 3.6792e-01 3.1 0.00e+00 0.0 0.0e+00 0.0e+00 0.0e+00  0  0  0  0  0   0  0  0  0  0     0
VecAXPY               17 1.0 1.3015e+00 2.4 3.04e+07 1.0 0.0e+00 0.0e+00 0.0e+00  0  0  0  0  0   1  0  0  0  0   651
VecAYPX                7 1.0 4.3308e-01 2.3 1.25e+07 1.0 0.0e+00 0.0e+00 0.0e+00  0  0  0  0  0   0  0  0  0  0   805
VecScatterBegin       14 1.0 2.6880e-01 7.3 0.00e+00 0.0 2.0e+03 1.7e+05 0.0e+00  0  0  1 13  0   0  0  6 28  0     0
VecScatterEnd         14 1.0 2.2398e+00 6.8 0.00e+00 0.0 0.0e+00 0.0e+00 0.0e+00  0  0  0  0  0   1  0  0  0  0     0
MatMult                8 1.0 2.9088e+00 1.2 1.20e+08 1.0 1.2e+03 3.0e+04 0.0e+00  1  0  1  1  0   2  0  4  3  0  1150
MatSolve               9 1.0 3.0387e+00 2.0 1.34e+08 1.0 0.0e+00 0.0e+00 0.0e+00  0  0  0  0  0   2  0  0  0  0  1231
MatLUFactorNum         1 1.0 1.1354e+00 1.9 3.37e+07 1.0 0.0e+00 0.0e+00 0.0e+00  0  0  0  0  0   1  0  0  0  0   823
MatILUFactorSym        1 1.0 1.1811e+00 3.4 0.00e+00 0.0 0.0e+00 0.0e+00 0.0e+00  0  0  0  0  0   1  0  0  0  0     0
MatAssemblyBegin      14 1.0 1.7106e+01 7.8 0.00e+00 0.0 1.4e+03 3.8e+04 2.6e+01  1  0  1  2  2   5  0  4  4  8     0
MatAssemblyEnd        14 1.0 3.2207e+00 1.3 0.00e+00 0.0 9.4e+02 6.3e+03 4.8e+01  1  0  1  0  4   2  0  3  0 15     0
MatGetRowIJ            1 1.0 4.9114e-0551.5 0.00e+00 0.0 0.0e+00 0.0e+00 0.0e+00  0  0  0  0  0   0  0  0  0  0     0
MatGetOrdering         1 1.0 1.9644e-01 6.6 0.00e+00 0.0 0.0e+00 0.0e+00 0.0e+00  0  0  0  0  0   0  0  0  0  0     0
MatZeroEntries         1 1.0 2.8283e-0113.1 0.00e+00 0.0 0.0e+00 0.0e+00 0.0e+00  0  0  0  0  0   0  0  0  0  0     0
PCSetUp                2 1.0 2.2961e+00 1.9 3.37e+07 1.0 0.0e+00 0.0e+00 0.0e+00  0  0  0  0  0   1  0  0  0  0   407
PCSetUpOnBlocks        1 1.0 2.2953e+00 1.9 3.37e+07 1.0 0.0e+00 0.0e+00 0.0e+00  0  0  0  0  0   1  0  0  0  0   407
PCApply                9 1.0 3.2883e+00 2.0 1.34e+08 1.0 0.0e+00 0.0e+00 0.0e+00  1  0  0  0  0   2  0  0  0  0  1138
KSPSetUp               2 1.0 2.9268e-0119.4 0.00e+00 0.0 0.0e+00 0.0e+00 0.0e+00  0  0  0  0  0   0  0  0  0  0     0
KSPSolve               1 1.0 1.0947e+01 1.0 3.74e+08 1.0 1.2e+03 3.0e+04 2.5e+01  2  0  1  1  2   7  0  4  3  8   951
SNESSolve              1 1.0 1.4523e+01 1.0 2.39e+09 1.0 2.7e+03 4.8e+04 3.5e+01  3  1  2  5  3  10  2  8 11 11  4608
SNESFunctionEval       1 1.0 1.6349e+00 1.3 1.33e+09 1.0 1.2e+03 6.6e+04 6.0e+00  0  0  1  3  0   1  1  4  7  2 22801
SNESJacobianEval       1 1.0 2.5295e+00 1.3 6.85e+08 1.0 2.3e+02 5.2e+04 4.0e+00  0  0  0  0  0   1  1  1  1  1  7586
Mesh Partition         2 1.0 1.4194e+00 1.0 0.00e+00 0.0 1.1e+04 1.8e+03 1.0e+01  0  0  8  1  1   1  0 35  2  3     0
Mesh Migration         2 1.0 4.8848e-01 1.0 0.00e+00 0.0 6.1e+03 1.7e+04 4.0e+01  0  0  5  4  3   0  0 19  8 13     0
DMPlexInterp           1 1.0 9.1696e-04 1.6 0.00e+00 0.0 0.0e+00 0.0e+00 4.0e+00  0  0  0  0  0   0  0  0  0  1     0
DMPlexDistribute       1 1.0 1.7183e+00 1.0 0.00e+00 0.0 5.6e+03 2.4e+04 1.8e+01  0  0  4  5  1   1  0 17 11  6     0
DMPlexDistCones        2 1.0 1.7972e-01 1.1 0.00e+00 0.0 1.5e+03 2.7e+04 0.0e+00  0  0  1  1  0   0  0  5  3  0     0
DMPlexDistLabels       2 1.0 1.8797e-01 1.0 0.00e+00 0.0 2.1e+03 1.7e+04 2.2e+01  0  0  2  1  2   0  0  7  3  7     0
DMPlexDistribOL        1 1.0 2.2189e-01 1.1 0.00e+00 0.0 1.2e+04 5.9e+02 3.2e+01  0  0  9  0  3   0  0 38  1 10     0
DMPlexDistField        3 1.0 4.2243e-02 1.1 0.00e+00 0.0 2.0e+03 6.7e+03 2.0e+00  0  0  2  1  0   0  0  6  1  1     0
DMPlexDistData         2 1.0 7.2273e-01 9.2 0.00e+00 0.0 9.5e+03 1.3e+03 0.0e+00  0  0  7  0  0   0  0 30  1  0     0
DMPlexStratify        11 1.0 6.6916e-01 2.2 0.00e+00 0.0 0.0e+00 0.0e+00 1.1e+01  0  0  0  0  1   0  0  0  0  4     0
SFSetGraph            44 1.0 2.6896e-03 2.5 0.00e+00 0.0 0.0e+00 0.0e+00 0.0e+00  0  0  0  0  0   0  0  0  0  0     0
SFBcastBegin          99 1.0 1.2154e+00 2.0 0.00e+00 0.0 2.4e+04 1.4e+04 0.0e+00  0  0 18 13  0   1  0 75 28  0     0
SFBcastEnd            99 1.0 6.3424e+00 7.9 0.00e+00 0.0 0.0e+00 0.0e+00 0.0e+00  1  0  0  0  0   2  0  0  0  0     0
SFReduceBegin         13 1.0 4.4795e-0160.7 0.00e+00 0.0 2.0e+03 2.9e+04 0.0e+00  0  0  2  2  0   0  0  6  5  0     0
SFReduceEnd           13 1.0 6.4135e+00 4.7 0.00e+00 0.0 0.0e+00 0.0e+00 0.0e+00  1  0  0  0  0   3  0  0  0  0     0
SFFetchOpBegin         1 1.0 1.0800e-0428.3 0.00e+00 0.0 7.8e+01 5.2e+02 0.0e+00  0  0  0  0  0   0  0  0  0  0     0
SFFetchOpEnd           1 1.0 1.9279e-0355.0 0.00e+00 0.0 7.8e+01 5.2e+02 0.0e+00  0  0  0  0  0   0  0  0  0  0     0
CreateMesh             8 1.0 2.2688e+00 1.0 0.00e+00 0.0 1.8e+04 7.8e+03 5.4e+01  0  0 13  5  4   2  0 55 11 17     0
Mesh: reorder          1 1.0 2.5035e-02 3.4 0.00e+00 0.0 0.0e+00 0.0e+00 2.0e+00  0  0  0  0  0   0  0  0  0  1     0
Mesh: numbering        1 1.0 5.9833e-02 1.6 0.00e+00 0.0 0.0e+00 0.0e+00 2.0e+00  0  0  0  0  0   0  0  0  0  1     0
CreateFunctionSpace      31 1.0 1.0323e+00 1.4 0.00e+00 0.0 5.5e+02 1.0e+03 0.0e+00  0  0  0  0  0   1  0  2  0  0     0
ParLoopExecute        49 1.0 7.4931e+01 1.0 1.34e+11 1.0 7.2e+03 3.6e+04 1.8e+01 14 30  5 10  1  50100 22 21  6 50007
ParLoopCells          40 1.0 6.7178e+01 1.1 1.34e+11 1.0 0.0e+00 0.0e+00 0.0e+00 12 30  0  0  0  41100  0  0  0 55774
ParLoopRednBegin      49 1.0 1.3242e+0016.2 0.00e+00 0.0 0.0e+00 0.0e+00 0.0e+00  0  0  0  0  0   0  0  0  0  0     0
ParLoopRednEnd        49 1.0 1.9332e-0222.1 0.00e+00 0.0 0.0e+00 0.0e+00 0.0e+00  0  0  0  0  0   0  0  0  0  0     0
CreateExtMesh          1 1.0 5.2450e-01 1.6 0.00e+00 0.0 7.0e+02 3.3e+03 4.0e+00  0  0  1  0  0   0  0  2  0  1     0
CreateSparsity         5 1.0 3.5945e+01 1.0 0.00e+00 0.0 1.4e+03 1.1e+04 3.6e+01  7  0  1  1  3  24  0  4  1 11     0
MatZeroInitial         6 1.0 4.7617e+00 1.5 0.00e+00 0.0 0.0e+00 0.0e+00 0.0e+00  1  0  0  0  0   3  0  0  0  0     0
ParLoopset_6          20 1.0 3.9229e-01 2.9 7.16e+06 1.0 0.0e+00 0.0e+00 0.0e+00  0  0  0  0  0   0  0  0  0  0   508
ParLoopset_7          20 1.0 1.4280e-01 4.1 2.81e+06 1.0 0.0e+00 0.0e+00 0.0e+00  0  0  0  0  0   0  0  0  0  0   551
ParLoopset_8          18 1.0 1.7759e-01 3.8 2.18e+06 1.0 0.0e+00 0.0e+00 0.0e+00  0  0  0  0  0   0  0  0  0  0   343
AssembleExpression       2 1.0 2.2648e-01 2.4 2.18e+06 1.0 0.0e+00 0.0e+00 0.0e+00  0  0  0  0  0   0  0  0  0  0   269

--- Event Stage 1: Velocity-Pressure-Solve

BuildTwoSided          6 1.0 5.2505e-01 5.4 0.00e+00 0.0 4.3e+02 4.0e+00 0.0e+00  0  0  0  0  0   0  0  0  0  0     0
VecMDot              100 1.0 7.9860e+00 2.7 2.10e+08 1.0 0.0e+00 0.0e+00 1.0e+02  1  0  0  0  8   1  0  0  0 12   730
VecTDot               16 1.0 1.2106e+00 1.7 2.86e+07 1.0 0.0e+00 0.0e+00 1.6e+01  0  0  0  0  1   0  0  0  0  2   658
VecNorm              120 1.0 9.7782e+00 3.1 5.99e+07 1.0 0.0e+00 0.0e+00 1.2e+02  1  0  0  0 10   2  0  0  0 14   170
VecScale             110 1.0 9.4630e-01 2.9 2.10e+07 1.0 0.0e+00 0.0e+00 0.0e+00  0  0  0  0  0   0  0  0  0  0   616
VecCopy               75 1.0 1.5922e+00 2.6 0.00e+00 0.0 0.0e+00 0.0e+00 0.0e+00  0  0  0  0  0   0  0  0  0  0     0
VecSet               610 1.0 2.5110e+00 3.0 0.00e+00 0.0 0.0e+00 0.0e+00 0.0e+00  0  0  0  0  0   0  0  0  0  0     0
VecAXPY               28 1.0 1.9262e+00 3.5 3.74e+07 1.0 0.0e+00 0.0e+00 0.0e+00  0  0  0  0  0   0  0  0  0  0   541
VecAYPX              406 1.0 4.2920e+00 3.6 1.06e+08 1.0 0.0e+00 0.0e+00 0.0e+00  1  0  0  0  0   1  0  0  0  0   687
VecAXPBYCZ           200 1.0 2.1047e+00 4.0 1.91e+08 1.0 0.0e+00 0.0e+00 0.0e+00  0  0  0  0  0   0  0  0  0  0  2520
VecMAXPY             110 1.0 4.4805e+00 2.5 2.48e+08 1.0 0.0e+00 0.0e+00 0.0e+00  1  0  0  0  0   1  0  0  0  0  1539
VecAssemblyBegin      16 1.0 5.7950e-01 1.7 0.00e+00 0.0 0.0e+00 0.0e+00 4.2e+01  0  0  0  0  3   0  0  0  0  5     0
VecAssemblyEnd        16 1.0 5.8923e-03156.4 0.00e+00 0.0 0.0e+00 0.0e+00 0.0e+00  0  0  0  0  0   0  0  0  0  0     0
VecPointwiseMult      55 1.0 5.0489e-01 3.1 1.05e+07 1.0 0.0e+00 0.0e+00 0.0e+00  0  0  0  0  0   0  0  0  0  0   578
VecScatterBegin      556 1.0 1.1397e+00 2.3 0.00e+00 0.0 7.0e+04 1.0e+04 0.0e+00  0  0 53 27  0   0  0 70 50  0     0
VecScatterEnd        556 1.0 5.8185e+01 3.2 0.00e+00 0.0 0.0e+00 0.0e+00 0.0e+00  6  0  0  0  0   9  0  0  0  0     0
VecSetRandom           5 1.0 2.1483e-01 6.2 0.00e+00 0.0 0.0e+00 0.0e+00 0.0e+00  0  0  0  0  0   0  0  0  0  0     0
VecNormalize         110 1.0 5.2919e+00 2.3 6.29e+07 1.0 0.0e+00 0.0e+00 1.1e+02  1  0  0  0  9   1  0  0  0 13   331
MatMult              408 1.0 6.4692e+01 1.4 1.72e+09 1.0 5.7e+04 1.1e+04 0.0e+00 10  0 43 23  0  14  1 57 43  0   734
MatMultAdd            50 1.0 2.6212e+00 1.6 6.94e+07 1.0 5.3e+03 2.4e+03 0.0e+00  0  0  4  0  0   1  0  5  1  0   736
MatMultTranspose      50 1.0 3.8096e+00 2.6 6.94e+07 1.0 5.3e+03 2.4e+03 0.0e+00  0  0  4  0  0   1  0  5  1  0   507
MatSolve             365 1.3 2.8589e+01 3.1 1.39e+09 1.0 0.0e+00 0.0e+00 0.0e+00  4  0  0  0  0   5  0  0  0  0  1345
MatLUFactorSym         1 1.0 4.4107e-05 3.7 0.00e+00 0.0 0.0e+00 0.0e+00 0.0e+00  0  0  0  0  0   0  0  0  0  0     0
MatLUFactorNum         6 1.0 1.9134e+00 2.6 9.60e+07 1.1 0.0e+00 0.0e+00 0.0e+00  0  0  0  0  0   0  0  0  0  0  1358
MatILUFactorSym        5 1.0 1.8655e+00 1.9 0.00e+00 0.0 0.0e+00 0.0e+00 0.0e+00  0  0  0  0  0   0  0  0  0  0     0
MatConvert             5 1.0 1.8649e+00 1.3 0.00e+00 0.0 0.0e+00 0.0e+00 0.0e+00  0  0  0  0  0   0  0  0  0  0     0
MatScale              15 1.0 1.6109e+00 1.5 2.78e+07 1.0 7.0e+02 1.0e+04 0.0e+00  0  0  1  0  0   0  0  1  1  0   479
MatResidual           50 1.0 8.3368e+00 2.1 2.09e+08 1.0 7.0e+03 1.0e+04 0.0e+00  1  0  5  3  0   2  0  7  5  0   694
MatAssemblyBegin     111 1.0 1.2473e+01 2.8 0.00e+00 0.0 5.2e+03 4.9e+04 7.6e+01  2  0  4 10  6   2  0  5 18  9     0
MatAssemblyEnd       111 1.0 1.1299e+01 1.6 0.00e+00 0.0 6.5e+03 2.1e+03 2.1e+02  2  0  5  1 17   3  0  6  1 24     0
MatGetRow        2861262 1.0 1.2651e+00 2.3 0.00e+00 0.0 0.0e+00 0.0e+00 0.0e+00  0  0  0  0  0   0  0  0  0  0     0
MatGetRowIJ            6 1.5 2.1935e-05 4.4 0.00e+00 0.0 0.0e+00 0.0e+00 0.0e+00  0  0  0  0  0   0  0  0  0  0     0
MatCreateSubMat        4 1.0 1.4545e-02 1.2 0.00e+00 0.0 2.4e+02 2.3e+02 7.2e+01  0  0  0  0  6   0  0  0  0  8     0
MatGetOrdering         6 1.5 2.0087e-01 8.2 0.00e+00 0.0 0.0e+00 0.0e+00 0.0e+00  0  0  0  0  0   0  0  0  0  0     0
MatCoarsen             5 1.0 1.5897e+00 1.4 0.00e+00 0.0 5.3e+03 7.8e+03 1.8e+01  0  0  4  2  1   0  0  5  3  2     0
MatZeroEntries         8 1.0 4.2196e+00 2.2 0.00e+00 0.0 0.0e+00 0.0e+00 0.0e+00  1  0  0  0  0   1  0  0  0  0     0
MatAXPY                5 1.0 1.5508e+00 1.5 0.00e+00 0.0 0.0e+00 0.0e+00 1.0e+01  0  0  0  0  1   0  0  0  0  1     0
MatMatMult             5 1.0 4.6004e+00 1.1 2.09e+07 1.0 4.2e+03 5.2e+03 8.2e+01  1  0  3  1  7   1  0  4  2  9   126
MatMatMultSym          5 1.0 3.1714e+00 1.0 0.00e+00 0.0 3.5e+03 4.2e+03 7.0e+01  1  0  3  1  6   1  0  3  1  8     0
MatMatMultNum          5 1.0 1.2863e+00 1.2 2.09e+07 1.0 7.0e+02 1.0e+04 1.0e+01  0  0  1  0  1   0  0  1  1  1   449
MatPtAP                5 1.0 8.6788e+00 1.0 2.07e+08 1.0 8.5e+03 1.9e+04 8.7e+01  2  0  6  6  7   2  0  8 12 10   656
MatPtAPSymbolic        5 1.0 4.5762e+00 1.0 0.00e+00 0.0 4.2e+03 2.0e+04 3.5e+01  1  0  3  3  3   1  0  4  6  4     0
MatPtAPNumeric         5 1.0 3.9602e+00 1.0 2.07e+08 1.0 4.3e+03 1.8e+04 5.0e+01  1  0  3  3  4   1  0  4  6  6  1438
MatTrnMatMult          1 1.0 3.0497e+01 1.0 1.76e+08 1.0 1.2e+03 1.4e+05 1.8e+01  6  0  1  7  1   8  0  1 13  2   161
MatTrnMatMultSym       1 1.0 1.1350e+01 1.0 0.00e+00 0.0 4.7e+02 8.1e+04 8.0e+00  2  0  0  1  1   3  0  0  3  1     0
MatTrnMatMultNum       1 1.0 1.9342e+01 1.0 1.76e+08 1.0 7.8e+02 1.8e+05 1.0e+01  4  0  1  5  1   5  0  1 10  1   254
MatGetLocalMat        16 1.0 2.7946e+00 2.0 0.00e+00 0.0 0.0e+00 0.0e+00 0.0e+00  0  0  0  0  0   1  0  0  0  0     0
MatGetBrAoCol         15 1.0 5.0541e-01 3.5 0.00e+00 0.0 4.9e+03 1.8e+04 0.0e+00  0  0  4  3  0   0  0  5  6  0     0
PCGAMGGraph_AGG        5 1.0 8.8604e+00 1.0 2.09e+07 1.0 2.1e+03 5.1e+03 6.0e+01  2  0  2  0  5   2  0  2  1  7    65
PCGAMGCoarse_AGG       5 1.0 3.3777e+01 1.0 1.76e+08 1.0 7.3e+03 3.6e+04 5.2e+01  6  0  5 10  4   9  0  7 19  6   145
PCGAMGProl_AGG         5 1.0 2.7013e+00 1.1 0.00e+00 0.0 3.3e+03 9.6e+03 1.2e+02  1  0  3  1 10   1  0  3  2 14     0
PCGAMGPOpt_AGG         5 1.0 1.8078e+01 1.0 5.00e+08 1.0 1.1e+04 8.3e+03 2.4e+02  3  0  8  3 20   5  0 11  7 27   767
GAMG: createProl       5 1.0 6.3469e+01 1.0 6.97e+08 1.0 2.4e+04 1.7e+04 4.7e+02 12  0 18 15 39  17  0 24 29 54   305
  Graph               10 1.0 8.8528e+00 1.0 2.09e+07 1.0 2.1e+03 5.1e+03 6.0e+01  2  0  2  0  5   2  0  2  1  7    65
  MIS/Agg              5 1.0 1.5901e+00 1.4 0.00e+00 0.0 5.3e+03 7.8e+03 1.8e+01  0  0  4  2  1   0  0  5  3  2     0
  SA: col data         5 1.0 1.0591e+00 1.3 0.00e+00 0.0 1.4e+03 1.9e+04 5.0e+01  0  0  1  1  4   0  0  1  2  6     0
  SA: frmProl0         5 1.0 1.4205e+00 1.1 0.00e+00 0.0 2.0e+03 2.7e+03 5.0e+01  0  0  1  0  4   0  0  2  0  6     0
  SA: smooth           5 1.0 6.6627e+00 1.0 2.78e+07 1.0 4.2e+03 5.2e+03 1.0e+02  1  0  3  1  8   2  0  4  2 12   116
GAMG: partLevel        5 1.0 8.6967e+00 1.0 2.07e+08 1.0 8.8e+03 1.8e+04 2.0e+02  2  0  7  6 16   2  0  9 12 23   655
  repartition          2 1.0 5.1212e-04 1.1 0.00e+00 0.0 0.0e+00 0.0e+00 1.2e+01  0  0  0  0  1   0  0  0  0  1     0
  Invert-Sort          2 1.0 1.0800e-03 1.2 0.00e+00 0.0 0.0e+00 0.0e+00 8.0e+00  0  0  0  0  1   0  0  0  0  1     0
  Move A               2 1.0 7.2479e-03 1.2 0.00e+00 0.0 1.4e+02 3.7e+02 3.8e+01  0  0  0  0  3   0  0  0  0  4     0
  Move P               2 1.0 8.8968e-03 1.1 0.00e+00 0.0 1.0e+02 2.4e+01 3.8e+01  0  0  0  0  3   0  0  0  0  4     0
PCSetUp                8 1.0 1.1129e+02 1.0 3.49e+10 1.0 3.4e+04 1.8e+04 7.1e+02 21  8 25 22 59  30 11 33 43 82  8770
PCSetUpOnBlocks      115 1.0 3.3725e+00 1.7 9.60e+07 1.1 0.0e+00 0.0e+00 0.0e+00  1  0  0  0  0   1  0  0  0  0   771
PCApply                2 1.0 2.7887e+02 1.0 1.88e+11 1.0 9.7e+04 1.3e+04 8.4e+02 53 41 73 49 70  76 59 97 93 96 18849
KSPGMRESOrthog       100 1.0 9.8323e+00 1.7 4.20e+08 1.0 0.0e+00 0.0e+00 1.0e+02  2  0  0  0  8   2  0  0  0 12  1187
KSPSetUp              26 1.0 1.6568e+00 1.8 0.00e+00 0.0 0.0e+00 0.0e+00 1.2e+01  0  0  0  0  1   0  0  0  0  1     0
KSPSolve               2 1.0 3.1417e+02 1.0 2.22e+11 1.0 9.8e+04 1.4e+04 8.6e+02 60 49 74 51 71  85 70 98 96 99 19750
SNESSolve              2 1.0 3.6754e+02 1.0 3.17e+11 1.0 1.0e+05 1.4e+04 8.6e+02 70 70 75 53 72 100100100100100 24113
SNESFunctionEval       2 1.0 3.3491e+01 1.1 6.42e+10 1.0 1.2e+03 3.4e+04 0.0e+00  6 14  1  2  0   9 20  1  3  0 53654
SNESJacobianEval       2 1.0 2.1026e+01 1.0 3.07e+10 1.0 9.4e+02 1.6e+04 1.0e+01  4  7  1  1  1   6 10  1  1  1 40930
SFSetGraph             7 1.0 9.2745e-05 6.7 0.00e+00 0.0 0.0e+00 0.0e+00 0.0e+00  0  0  0  0  0   0  0  0  0  0     0
SFBcastBegin          47 1.0 5.0470e-0110.9 0.00e+00 0.0 8.2e+03 2.0e+04 0.0e+00  0  0  6  6  0   0  0  8 12  0     0
SFBcastEnd            47 1.0 8.7614e+00 5.5 0.00e+00 0.0 0.0e+00 0.0e+00 0.0e+00  1  0  0  0  0   1  0  0  0  0     0
SFReduceBegin         15 1.0 1.4849e-0110.7 0.00e+00 0.0 2.6e+03 4.7e+04 0.0e+00  0  0  2  5  0   0  0  3  9  0     0
SFReduceEnd           15 1.0 1.2593e+01 4.1 0.00e+00 0.0 0.0e+00 0.0e+00 0.0e+00  2  0  0  0  0   2  0  0  0  0     0
CreateFunctionSpace      48 1.0 4.5714e-01 2.1 0.00e+00 0.0 0.0e+00 0.0e+00 0.0e+00  0  0  0  0  0   0  0  0  0  0     0
ParLoopExecute        46 1.0 1.8400e+02 1.0 3.12e+11 1.0 5.5e+03 4.4e+04 4.0e+00 35 69  4  9  0  49 99  6 17  0 47462
ParLoopCells          40 1.0 1.7413e+02 1.1 3.12e+11 1.0 0.0e+00 0.0e+00 0.0e+00 30 69  0  0  0  43 99  0  0  0 50151
ParLoopRednBegin      46 1.0 3.2236e-0217.5 0.00e+00 0.0 0.0e+00 0.0e+00 0.0e+00  0  0  0  0  0   0  0  0  0  0     0
ParLoopRednEnd        46 1.0 1.1618e-03 2.6 0.00e+00 0.0 0.0e+00 0.0e+00 0.0e+00  0  0  0  0  0   0  0  0  0  0     0
MatZeroInitial         1 1.0 2.3961e+00 1.5 0.00e+00 0.0 0.0e+00 0.0e+00 0.0e+00  0  0  0  0  0   1  0  0  0  0     0
ParLoopset_6          28 1.0 1.9830e-01 4.6 0.00e+00 0.0 0.0e+00 0.0e+00 0.0e+00  0  0  0  0  0   0  0  0  0  0     0
ParLoopset_7          16 1.0 1.1006e-01 7.0 0.00e+00 0.0 0.0e+00 0.0e+00 0.0e+00  0  0  0  0  0   0  0  0  0  0     0
ApplyBC                4 1.0 4.4620e-0112.0 0.00e+00 0.0 0.0e+00 0.0e+00 0.0e+00  0  0  0  0  0   0  0  0  0  0     0
HybridInit             1 1.0 3.5430e+01 1.0 3.39e+10 1.0 9.4e+02 3.7e+04 2.0e+01  7  7  1  1  2  10 11  1  2  2 26767
HybridBreak            2 1.0 6.4693e-01 4.5 0.00e+00 0.0 0.0e+00 0.0e+00 2.0e+00  0  0  0  0  0   0  0  0  0  0     0
HybridRHS              2 1.0 4.2003e+01 1.1 6.77e+10 1.0 2.3e+03 4.5e+04 4.0e+00  8 15  2  4  0  11 21  2  7  0 45156
ParLoopset_10          8 1.0 2.0242e-01 5.1 0.00e+00 0.0 0.0e+00 0.0e+00 0.0e+00  0  0  0  0  0   0  0  0  0  0     0
HybridSolve            2 1.0 1.7012e+02 1.0 4.68e+09 1.0 9.3e+04 1.2e+04 8.3e+02 32  1 70 42 69  46  1 93 80 95   762
HybridRecon            2 1.0 6.8497e+01 1.0 1.15e+11 1.0 1.2e+03 4.0e+04 0.0e+00 13 25  1  2  0  18 36  1  4  0 47160
HybridRecover          2 1.0 2.9720e+00 4.7 0.00e+00 0.0 6.2e+02 6.5e+04 2.0e+00  0  0  0  2  0   0  0  1  3  0     0

--- Event Stage 2: Buoyancy-Solve

VecTDot                4 1.0 2.0260e-01 2.8 2.90e+06 1.0 0.0e+00 0.0e+00 4.0e+00  0  0  0  0  0   3  0  0  0 31   401
VecNorm                4 1.0 7.0627e-01 4.6 2.90e+06 1.0 0.0e+00 0.0e+00 4.0e+00  0  0  0  0  0   8  0  0  0 31   115
VecCopy               11 1.0 2.6405e-01 3.8 0.00e+00 0.0 0.0e+00 0.0e+00 0.0e+00  0  0  0  0  0   3  0  0  0  0     0
VecSet                 6 1.0 9.7079e-0210.4 0.00e+00 0.0 0.0e+00 0.0e+00 0.0e+00  0  0  0  0  0   1  0  0  0  0     0
VecAXPY                6 1.0 2.3725e-01 7.9 4.35e+06 1.0 0.0e+00 0.0e+00 0.0e+00  0  0  0  0  0   3  0  0  0  0   514
VecScatterBegin        2 1.0 4.5204e-0420.2 0.00e+00 0.0 0.0e+00 0.0e+00 0.0e+00  0  0  0  0  0   0  0  0  0  0     0
VecScatterEnd          2 1.0 5.6744e-0514.9 0.00e+00 0.0 0.0e+00 0.0e+00 0.0e+00  0  0  0  0  0   0  0  0  0  0     0
MatMult                2 1.0 1.6258e-01 4.3 3.53e+06 1.0 0.0e+00 0.0e+00 0.0e+00  0  0  0  0  0   2  0  0  0  0   609
MatSolve               4 1.0 2.1967e-01 4.0 7.07e+06 1.0 0.0e+00 0.0e+00 0.0e+00  0  0  0  0  0   3  0  0  0  0   901
MatLUFactorNum         1 1.0 2.0421e-0112.4 1.42e+06 1.0 0.0e+00 0.0e+00 0.0e+00  0  0  0  0  0   2  0  0  0  0   194
MatILUFactorSym        1 1.0 3.7396e-01 8.7 0.00e+00 0.0 0.0e+00 0.0e+00 0.0e+00  0  0  0  0  0   5  0  0  0  0     0
MatAssemblyBegin       2 1.0 2.3017e-01 5.5 0.00e+00 0.0 0.0e+00 0.0e+00 4.0e+00  0  0  0  0  0   3  0  0  0 31     0
MatAssemblyEnd         2 1.0 2.5872e-01 4.2 0.00e+00 0.0 0.0e+00 0.0e+00 0.0e+00  0  0  0  0  0   4  0  0  0  0     0
MatGetRowIJ            1 1.0 1.1921e-05 0.0 0.00e+00 0.0 0.0e+00 0.0e+00 0.0e+00  0  0  0  0  0   0  0  0  0  0     0
MatGetOrdering         1 1.0 6.1114e-0214.5 0.00e+00 0.0 0.0e+00 0.0e+00 0.0e+00  0  0  0  0  0   1  0  0  0  0     0
MatZeroEntries         1 1.0 2.3639e-02 7.6 0.00e+00 0.0 0.0e+00 0.0e+00 0.0e+00  0  0  0  0  0   0  0  0  0  0     0
PCSetUp                2 1.0 4.8779e-01 5.5 1.42e+06 1.0 0.0e+00 0.0e+00 0.0e+00  0  0  0  0  0   8  0  0  0  0    81
PCSetUpOnBlocks        2 1.0 4.8700e-01 5.5 1.42e+06 1.0 0.0e+00 0.0e+00 0.0e+00  0  0  0  0  0   8  0  0  0  0    81
PCApply                4 1.0 2.6928e-01 3.4 7.07e+06 1.0 0.0e+00 0.0e+00 0.0e+00  0  0  0  0  0   4  0  0  0  0   735
KSPSetUp               3 1.0 1.0023e-01 8.0 0.00e+00 0.0 0.0e+00 0.0e+00 0.0e+00  0  0  0  0  0   1  0  0  0  0     0
KSPSolve               2 1.0 1.3916e+00 1.2 2.07e+07 1.0 0.0e+00 0.0e+00 8.0e+00  0  0  0  0  1  31  1  0  0 62   417
SNESSolve              2 1.0 4.1236e+00 1.0 2.73e+09 1.0 9.4e+02 2.8e+04 1.2e+01  1  1  1  1  1  97100100100 92 18547
SNESFunctionEval       2 1.0 2.2075e+00 1.2 2.54e+09 1.0 9.4e+02 2.8e+04 0.0e+00  0  1  1  1  0  49 93100100  0 32277
SNESJacobianEval       2 1.0 9.1752e-01 1.8 1.65e+08 1.0 0.0e+00 0.0e+00 4.0e+00  0  0  0  0  0  17  6  0  0 31  5025
SFBcastBegin           4 1.0 1.4259e-02 7.3 0.00e+00 0.0 6.2e+02 3.4e+04 0.0e+00  0  0  0  1  0   0  0 67 81  0     0
SFBcastEnd             4 1.0 4.1616e-01257.0 0.00e+00 0.0 0.0e+00 0.0e+00 0.0e+00  0  0  0  0  0   4  0  0  0  0     0
SFReduceBegin          2 1.0 4.3988e-0324.4 0.00e+00 0.0 3.1e+02 1.6e+04 0.0e+00  0  0  0  0  0   0  0 33 19  0     0
SFReduceEnd            2 1.0 5.0593e-01608.2 0.00e+00 0.0 0.0e+00 0.0e+00 0.0e+00  0  0  0  0  0   6  0  0  0  0     0
ParLoopExecute         5 1.0 2.4892e+00 1.1 2.71e+09 1.0 9.4e+02 2.8e+04 0.0e+00  0  1  1  1  0  57 99100100  0 30476
ParLoopCells           6 1.0 2.1279e+00 1.4 2.71e+09 1.0 0.0e+00 0.0e+00 0.0e+00  0  1  0  0  0  41 99  0  0  0 35651
ParLoopRednBegin       5 1.0 1.0507e-0313.5 0.00e+00 0.0 0.0e+00 0.0e+00 0.0e+00  0  0  0  0  0   0  0  0  0  0     0
ParLoopRednEnd         5 1.0 2.3508e-04 5.5 0.00e+00 0.0 0.0e+00 0.0e+00 0.0e+00  0  0  0  0  0   0  0  0  0  0     0
ParLoopset_8           4 1.0 6.0200e-0215.3 0.00e+00 0.0 0.0e+00 0.0e+00 0.0e+00  0  0  0  0  0   0  0  0  0  0     0
------------------------------------------------------------------------------------------------------------------------

Memory usage is given in bytes:

Object Type          Creations   Destructions     Memory  Descendants' Mem.
Reports information only for process 0.

--- Event Stage 0: Main Stage

           Container     7              7         4032     0.
              Viewer     1              0            0     0.
           Index Set   302            293     43114456     0.
   IS L to G Mapping     9              6     17990984     0.
             Section   122             82        57728     0.
              Vector    50             49    106507528     0.
      Vector Scatter    12             10     19800192     0.
              Matrix    37             37    523339436     0.
      Preconditioner     4              5         4648     0.
       Krylov Solver     4              5         6024     0.
     DMKSP interface     1              0            0     0.
                SNES     3              3         4104     0.
      SNESLineSearch     3              3         2976     0.
              DMSNES     3              0            0     0.
    Distributed Mesh    33             20        97320     0.
    GraphPartitioner    11             10         6120     0.
   Star Forest Graph   103             82        68176     0.
     Discrete System    33             20        18400     0.

--- Event Stage 1: Velocity-Pressure-Solve

         PetscRandom    10             10         6460     0.
           Index Set   100             75       414596     0.
             Section     6              0            0     0.
              Vector   327            184    239141904     0.
      Vector Scatter    33             22        24152     0.
              Matrix   153             83   1052020436     0.
      Matrix Coarsen     5              5         3180     0.
      Preconditioner    19              6         5424     0.
       Krylov Solver    24              6       152416     0.
     DMKSP interface     1              0            0     0.
    Distributed Mesh     1              0            0     0.
   Star Forest Graph     8              6         5168     0.
     Discrete System     1              0            0     0.

--- Event Stage 2: Buoyancy-Solve

           Index Set     3              0            0     0.
              Vector     7              0            0     0.
              Matrix     1              0            0     0.
      Preconditioner     1              0            0     0.
       Krylov Solver     1              0            0     0.
     DMKSP interface     1              0            0     0.
========================================================================================================================
Average time to get PetscTime(): 9.53674e-08
Average time for MPI_Barrier(): 0.000135231
Average time for zero size MPI_Send(): 0.000206104
#PETSc Option Table entries:
--extrusion_levels 30
--hybridization
--nu_cfl 1
--num_timesteps 2
--order 1
--profile
--refinements 7
--rtol 1.0E-6
-log_view
#End of PETSc Option Table entries
Compiled without FORTRAN kernels
Compiled with full precision matrices (default)
sizeof(short) 2 sizeof(int) 4 sizeof(long) 8 sizeof(void*) 8 sizeof(PetscScalar) 8 sizeof(PetscInt) 4
Configure options: --prefix=/scratch/tgibson/src/firedrake/lib/python3.5/site-packages/petsc PETSC_ARCH=arch-python-linux-x86_64 --with-shared-libraries=1 --with-debugging=0 --with-c2html=0 --with-cc=/usr/bin/mpicc --with-cxx=/usr/bin/mpicxx --with-fc=/usr/bin/mpif90 --download-eigen=/scratch/tgibson/src/firedrake/src/eigen-3.3.3.tgz --download-chaco --download-metis --download-parmetis --download-scalapack --download-hypre --download-mumps --download-netcdf --download-hdf5 --download-exodusii
-----------------------------------------
Libraries compiled on Fri Dec 15 01:16:36 2017 on mpe1 
Machine characteristics: Linux-4.4.0-83-generic-x86_64-with-Ubuntu-16.04-xenial
Using PETSc directory: /tmp/pip-1c2iwwx_-build
Using PETSc arch: arch-python-linux-x86_64
-----------------------------------------

Using C compiler: /usr/bin/mpicc  -fPIC  -Wall -Wwrite-strings -Wno-strict-aliasing -Wno-unknown-pragmas -fstack-protector -fvisibility=hidden -g -O  ${COPTFLAGS} ${CFLAGS}
Using Fortran compiler: /usr/bin/mpif90  -fPIC -Wall -ffree-line-length-0 -Wno-unused-dummy-argument -g -O   ${FOPTFLAGS} ${FFLAGS} 
-----------------------------------------

Using include paths: -I/tmp/pip-1c2iwwx_-build/arch-python-linux-x86_64/include -I/tmp/pip-1c2iwwx_-build/include -I/tmp/pip-1c2iwwx_-build/include -I/tmp/pip-1c2iwwx_-build/arch-python-linux-x86_64/include -I/scratch/tgibson/src/firedrake/lib/python3.5/site-packages/petsc/include -I/scratch/tgibson/src/firedrake/lib/python3.5/site-packages/petsc/include/eigen3
-----------------------------------------

Using C linker: /usr/bin/mpicc
Using Fortran linker: /usr/bin/mpif90
Using libraries: -Wl,-rpath,/tmp/pip-1c2iwwx_-build/arch-python-linux-x86_64/lib -L/tmp/pip-1c2iwwx_-build/arch-python-linux-x86_64/lib -lpetsc -Wl,-rpath,/scratch/tgibson/src/firedrake/lib/python3.5/site-packages/petsc/lib -L/scratch/tgibson/src/firedrake/lib/python3.5/site-packages/petsc/lib -Wl,-rpath,/usr/lib/openmpi/lib -L/usr/lib/openmpi/lib -Wl,-rpath,/usr/lib/gcc/x86_64-linux-gnu/5 -L/usr/lib/gcc/x86_64-linux-gnu/5 -Wl,-rpath,/usr/lib/x86_64-linux-gnu -L/usr/lib/x86_64-linux-gnu -Wl,-rpath,/lib/x86_64-linux-gnu -L/lib/x86_64-linux-gnu -lcmumps -ldmumps -lsmumps -lzmumps -lmumps_common -lpord -lscalapack -lHYPRE -llapack -lblas -lparmetis -lmetis -lexodus -lnetcdf -lhdf5hl_fortran -lhdf5_fortran -lhdf5_hl -lhdf5 -lchaco -lm -lX11 -lmpi_usempif08 -lmpi_usempi_ignore_tkr -lmpi_mpifh -lgfortran -lm -lgfortran -lm -lquadmath -lmpi_cxx -lstdc++ -lm -ldl -lmpi -lgcc_s -lpthread -ldl
-----------------------------------------

