************************************************************************************************************************
***             WIDEN YOUR WINDOW TO 120 CHARACTERS.  Use 'enscript -r -fCourier9' to print this document            ***
************************************************************************************************************************

---------------------------------------------- PETSc Performance Summary: ----------------------------------------------

gw-3d.py on a arch-python-linux-x86_64 named mpe1 with 28 processors, by tg2115 Thu Mar 15 01:43:44 2018
Using Petsc Development GIT revision: v3.4.2-19002-g3c589c1  GIT Date: 2017-12-11 13:30:46 -0600

                         Max       Max/Min        Avg      Total 
Time (sec):           5.581e+02      1.00006   5.581e+02
Objects:              1.440e+03      1.13297   1.287e+03
Flop:                 4.547e+11      1.00030   4.547e+11  1.273e+13
Flop/sec:            8.148e+08      1.00030   8.146e+08  2.281e+10
MPI Messages:         7.469e+03      2.12399   5.543e+03  1.552e+05
MPI Message Lengths:  1.440e+08      1.74487   1.845e+04  2.864e+09
MPI Reductions:       1.213e+03      1.00000

Flop counting convention: 1 flop = 1 real number operation of type (multiply/divide/add/subtract)
                            e.g., VecAXPY() for real vectors of length N --> 2N flop
                            and VecAXPY() for complex vectors of length N --> 8N flop

Summary of Stages:   ----- Time ------  ----- Flop -----  --- Messages ---  -- Message Lengths --  -- Reductions --
                        Avg     %Total     Avg     %Total   counts   %Total     Avg         %Total   counts   %Total 
 0:      Main Stage: 1.4655e+02  26.3%  3.7576e+12  29.5%  3.224e+04  20.8%  7.945e+03       43.1%  3.140e+02  25.9% 
 1: Velocity-Pressure-Solve: 4.0736e+02  73.0%  8.8964e+12  69.9%  1.220e+05  78.6%  1.034e+04       56.0%  8.790e+02  72.5% 
 2:  Buoyancy-Solve: 4.2073e+00   0.8%  7.6482e+10   0.6%  9.360e+02   0.6%  1.701e+02        0.9%  1.300e+01   1.1% 

------------------------------------------------------------------------------------------------------------------------
See the 'Profiling' chapter of the users' manual for details on interpreting output.
Phase summary info:
   Count: number of times phase was executed
   Time and Flop: Max - maximum over all processors
                   Ratio - ratio of maximum to minimum over all processors
   Mess: number of messages sent
   Avg. len: average message length (bytes)
   Reduct: number of global reductions
   Global: entire computation
   Stage: stages of a computation. Set stages with PetscLogStagePush() and PetscLogStagePop().
      %T - percent time in this phase         %F - percent flop in this phase
      %M - percent messages in this phase     %L - percent message lengths in this phase
      %R - percent reductions in this phase
   Total Mflop/s: 10e-6 * (sum of flop over all processors)/(max time over all processors)
------------------------------------------------------------------------------------------------------------------------
Event                Count      Time (sec)     Flop                             --- Global ---  --- Stage ---   Total
                   Max Ratio  Max     Ratio   Max  Ratio  Mess   Avg len Reduct  %T %F %M %L %R  %T %F %M %L %R Mflop/s
------------------------------------------------------------------------------------------------------------------------

--- Event Stage 0: Main Stage

PetscBarrier           7 1.0 5.2082e-01 1.0 0.00e+00 0.0 0.0e+00 0.0e+00 2.1e+01  0  0  0  0  2   0  0  0  0  7     0
BuildTwoSided         38 1.0 1.0436e+00 3.7 0.00e+00 0.0 3.2e+03 4.0e+00 0.0e+00  0  0  2  0  0   1  0 10  0  0     0
VecTDot               16 1.0 9.1400e-01 1.8 2.86e+07 1.0 0.0e+00 0.0e+00 1.6e+01  0  0  0  0  1   0  0  0  0  5   872
VecNorm                9 1.0 2.6907e+00 9.7 1.61e+07 1.0 0.0e+00 0.0e+00 9.0e+00  0  0  0  0  1   1  0  0  0  3   167
VecCopy                6 1.0 2.8291e-01 2.2 0.00e+00 0.0 0.0e+00 0.0e+00 0.0e+00  0  0  0  0  0   0  0  0  0  0     0
VecSet                30 1.0 4.7288e-01 3.1 0.00e+00 0.0 0.0e+00 0.0e+00 0.0e+00  0  0  0  0  0   0  0  0  0  0     0
VecAXPY               17 1.0 1.3217e+00 3.1 3.04e+07 1.0 0.0e+00 0.0e+00 0.0e+00  0  0  0  0  0   1  0  0  0  0   641
VecAYPX                7 1.0 5.7820e-01 4.1 1.25e+07 1.0 0.0e+00 0.0e+00 0.0e+00  0  0  0  0  0   0  0  0  0  0   603
VecScatterBegin       14 1.0 3.5225e-01 4.6 0.00e+00 0.0 2.0e+03 1.7e+05 0.0e+00  0  0  1 12  0   0  0  6 28  0     0
VecScatterEnd         14 1.0 2.4266e+00 7.8 0.00e+00 0.0 0.0e+00 0.0e+00 0.0e+00  0  0  0  0  0   1  0  0  0  0     0
MatMult                8 1.0 3.0040e+00 1.2 1.20e+08 1.0 1.2e+03 3.0e+04 0.0e+00  0  0  1  1  0   2  0  4  3  0  1113
MatSolve               9 1.0 3.0464e+00 1.9 1.34e+08 1.0 0.0e+00 0.0e+00 0.0e+00  0  0  0  0  0   2  0  0  0  0  1228
MatLUFactorNum         1 1.0 1.3985e+00 4.3 3.37e+07 1.0 0.0e+00 0.0e+00 0.0e+00  0  0  0  0  0   1  0  0  0  0   668
MatILUFactorSym        1 1.0 1.9751e+00 2.9 0.00e+00 0.0 0.0e+00 0.0e+00 0.0e+00  0  0  0  0  0   1  0  0  0  0     0
MatAssemblyBegin      14 1.0 1.3597e+01 6.9 0.00e+00 0.0 1.4e+03 3.8e+04 2.6e+01  1  0  1  2  2   4  0  4  4  8     0
MatAssemblyEnd        14 1.0 2.9199e+00 1.1 0.00e+00 0.0 9.4e+02 6.3e+03 4.8e+01  0  0  1  0  4   2  0  3  0 15     0
MatGetRowIJ            1 1.0 1.2875e-05 0.0 0.00e+00 0.0 0.0e+00 0.0e+00 0.0e+00  0  0  0  0  0   0  0  0  0  0     0
MatGetOrdering         1 1.0 1.2293e-01 4.0 0.00e+00 0.0 0.0e+00 0.0e+00 0.0e+00  0  0  0  0  0   0  0  0  0  0     0
MatZeroEntries         1 1.0 2.5175e-0110.1 0.00e+00 0.0 0.0e+00 0.0e+00 0.0e+00  0  0  0  0  0   0  0  0  0  0     0
PCSetUp                2 1.0 2.6104e+00 1.8 3.37e+07 1.0 0.0e+00 0.0e+00 0.0e+00  0  0  0  0  0   1  0  0  0  0   358
PCSetUpOnBlocks        1 1.0 2.6094e+00 1.8 3.37e+07 1.0 0.0e+00 0.0e+00 0.0e+00  0  0  0  0  0   1  0  0  0  0   358
PCApply                9 1.0 3.2885e+00 1.9 1.34e+08 1.0 0.0e+00 0.0e+00 0.0e+00  0  0  0  0  0   2  0  0  0  0  1138
KSPSetUp               2 1.0 2.8369e-01 6.7 0.00e+00 0.0 0.0e+00 0.0e+00 0.0e+00  0  0  0  0  0   0  0  0  0  0     0
KSPSolve               1 1.0 1.1254e+01 1.0 3.74e+08 1.0 1.2e+03 3.0e+04 2.5e+01  2  0  1  1  2   8  0  4  3  8   925
SNESSolve              1 1.0 1.5384e+01 1.0 2.39e+09 1.0 2.7e+03 4.8e+04 3.5e+01  3  1  2  5  3  10  2  8 11 11  4351
SNESFunctionEval       1 1.0 1.7893e+00 1.3 1.33e+09 1.0 1.2e+03 6.6e+04 6.0e+00  0  0  1  3  0   1  1  4  7  2 20833
SNESJacobianEval       1 1.0 2.8020e+00 1.2 6.85e+08 1.0 2.3e+02 5.2e+04 4.0e+00  0  0  0  0  0   2  1  1  1  1  6848
Mesh Partition         2 1.0 1.3960e+00 1.0 0.00e+00 0.0 1.1e+04 1.8e+03 1.0e+01  0  0  7  1  1   1  0 35  2  3     0
Mesh Migration         2 1.0 5.4529e-01 1.0 0.00e+00 0.0 6.1e+03 1.7e+04 4.0e+01  0  0  4  4  3   0  0 19  8 13     0
DMPlexInterp           1 1.0 1.2929e-03 2.3 0.00e+00 0.0 0.0e+00 0.0e+00 4.0e+00  0  0  0  0  0   0  0  0  0  1     0
DMPlexDistribute       1 1.0 1.6977e+00 1.0 0.00e+00 0.0 5.6e+03 2.4e+04 1.8e+01  0  0  4  5  1   1  0 17 11  6     0
DMPlexDistCones        2 1.0 1.7991e-01 1.2 0.00e+00 0.0 1.5e+03 2.7e+04 0.0e+00  0  0  1  1  0   0  0  5  3  0     0
DMPlexDistLabels       2 1.0 2.4032e-01 1.0 0.00e+00 0.0 2.1e+03 1.7e+04 2.2e+01  0  0  1  1  2   0  0  7  3  7     0
DMPlexDistribOL        1 1.0 2.8045e-01 1.0 0.00e+00 0.0 1.2e+04 5.9e+02 3.2e+01  0  0  8  0  3   0  0 38  1 10     0
DMPlexDistField        3 1.0 5.3782e-02 1.2 0.00e+00 0.0 2.0e+03 6.7e+03 2.0e+00  0  0  1  0  0   0  0  6  1  1     0
DMPlexDistData         2 1.0 6.7678e-0113.4 0.00e+00 0.0 9.5e+03 1.3e+03 0.0e+00  0  0  6  0  0   0  0 30  1  0     0
DMPlexStratify        11 1.0 5.5303e-01 1.8 0.00e+00 0.0 0.0e+00 0.0e+00 1.1e+01  0  0  0  0  1   0  0  0  0  4     0
SFSetGraph            44 1.0 2.4128e-03 4.1 0.00e+00 0.0 0.0e+00 0.0e+00 0.0e+00  0  0  0  0  0   0  0  0  0  0     0
SFBcastBegin          99 1.0 1.1952e+00 2.5 0.00e+00 0.0 2.4e+04 1.4e+04 0.0e+00  0  0 16 12  0   1  0 75 28  0     0
SFBcastEnd            99 1.0 5.8128e+00 6.6 0.00e+00 0.0 0.0e+00 0.0e+00 0.0e+00  1  0  0  0  0   2  0  0  0  0     0
SFReduceBegin         13 1.0 4.7107e-02 2.6 0.00e+00 0.0 2.0e+03 2.9e+04 0.0e+00  0  0  1  2  0   0  0  6  5  0     0
SFReduceEnd           13 1.0 6.7449e+00 4.9 0.00e+00 0.0 0.0e+00 0.0e+00 0.0e+00  1  0  0  0  0   3  0  0  0  0     0
SFFetchOpBegin         1 1.0 6.1989e-0515.3 0.00e+00 0.0 7.8e+01 5.2e+02 0.0e+00  0  0  0  0  0   0  0  0  0  0     0
SFFetchOpEnd           1 1.0 4.9090e-03126.3 0.00e+00 0.0 7.8e+01 5.2e+02 0.0e+00  0  0  0  0  0   0  0  0  0  0     0
CreateMesh             8 1.0 2.2414e+00 1.0 0.00e+00 0.0 1.8e+04 7.8e+03 5.4e+01  0  0 11  5  4   2  0 55 11 17     0
Mesh: reorder          1 1.0 2.6350e-02 5.3 0.00e+00 0.0 0.0e+00 0.0e+00 2.0e+00  0  0  0  0  0   0  0  0  0  1     0
Mesh: numbering        1 1.0 5.8132e-02 1.7 0.00e+00 0.0 0.0e+00 0.0e+00 2.0e+00  0  0  0  0  0   0  0  0  0  1     0
CreateFunctionSpace      31 1.0 9.4126e-01 1.2 0.00e+00 0.0 5.5e+02 1.0e+03 0.0e+00  0  0  0  0  0   1  0  2  0  0     0
ParLoopExecute        49 1.0 7.6051e+01 1.0 1.34e+11 1.0 7.2e+03 3.6e+04 1.8e+01 13 29  5  9  1  51100 22 21  6 49271
ParLoopCells          40 1.0 6.8643e+01 1.2 1.34e+11 1.0 0.0e+00 0.0e+00 0.0e+00 11 29  0  0  0  43100  0  0  0 54583
ParLoopRednBegin      49 1.0 9.7043e-01 9.5 0.00e+00 0.0 0.0e+00 0.0e+00 0.0e+00  0  0  0  0  0   0  0  0  0  0     0
ParLoopRednEnd        49 1.0 1.8487e-0216.3 0.00e+00 0.0 0.0e+00 0.0e+00 0.0e+00  0  0  0  0  0   0  0  0  0  0     0
CreateExtMesh          1 1.0 5.1049e-01 1.4 0.00e+00 0.0 7.0e+02 3.3e+03 4.0e+00  0  0  0  0  0   0  0  2  0  1     0
CreateSparsity         5 1.0 3.2482e+01 1.0 0.00e+00 0.0 1.4e+03 1.1e+04 3.6e+01  6  0  1  1  3  22  0  4  1 11     0
MatZeroInitial         6 1.0 5.0458e+00 1.7 0.00e+00 0.0 0.0e+00 0.0e+00 0.0e+00  1  0  0  0  0   3  0  0  0  0     0
ParLoopset_6          20 1.0 4.3879e-01 2.5 7.16e+06 1.0 0.0e+00 0.0e+00 0.0e+00  0  0  0  0  0   0  0  0  0  0   454
ParLoopset_7          20 1.0 1.5013e-01 4.2 2.81e+06 1.0 0.0e+00 0.0e+00 0.0e+00  0  0  0  0  0   0  0  0  0  0   524
ParLoopset_8          18 1.0 1.8819e-01 3.1 2.18e+06 1.0 0.0e+00 0.0e+00 0.0e+00  0  0  0  0  0   0  0  0  0  0   324
AssembleExpression       2 1.0 2.2658e-01 2.1 2.18e+06 1.0 0.0e+00 0.0e+00 0.0e+00  0  0  0  0  0   0  0  0  0  0   269

--- Event Stage 1: Velocity-Pressure-Solve

BuildTwoSided          6 1.0 6.7613e-01 7.1 0.00e+00 0.0 4.3e+02 4.0e+00 0.0e+00  0  0  0  0  0   0  0  0  0  0     0
VecMDot              100 1.0 9.0235e+00 3.0 2.10e+08 1.0 0.0e+00 0.0e+00 1.0e+02  1  0  0  0  8   1  0  0  0 11   646
VecTDot               24 1.0 1.7207e+00 1.5 4.30e+07 1.0 0.0e+00 0.0e+00 2.4e+01  0  0  0  0  2   0  0  0  0  3   695
VecNorm              124 1.0 1.2667e+01 3.4 6.70e+07 1.0 0.0e+00 0.0e+00 1.2e+02  1  0  0  0 10   2  0  0  0 14   147
VecScale             110 1.0 1.1059e+00 3.5 2.10e+07 1.0 0.0e+00 0.0e+00 0.0e+00  0  0  0  0  0   0  0  0  0  0   527
VecCopy               95 1.0 2.0336e+00 3.0 0.00e+00 0.0 0.0e+00 0.0e+00 0.0e+00  0  0  0  0  0   0  0  0  0  0     0
VecSet               802 1.0 3.5455e+00 3.1 0.00e+00 0.0 0.0e+00 0.0e+00 0.0e+00  0  0  0  0  0   1  0  0  0  0     0
VecAXPY               36 1.0 2.8720e+00 4.6 5.18e+07 1.0 0.0e+00 0.0e+00 0.0e+00  0  0  0  0  0   0  0  0  0  0   502
VecAYPX              570 1.0 5.7837e+00 3.9 1.51e+08 1.0 0.0e+00 0.0e+00 0.0e+00  1  0  0  0  0   1  0  0  0  0   728
VecAXPBYCZ           280 1.0 2.9757e+00 3.5 2.67e+08 1.0 0.0e+00 0.0e+00 0.0e+00  0  0  0  0  0   1  0  0  0  0  2495
VecMAXPY             110 1.0 4.5199e+00 2.6 2.48e+08 1.0 0.0e+00 0.0e+00 0.0e+00  1  0  0  0  0   1  0  0  0  0  1525
VecAssemblyBegin      16 1.0 5.1523e-01 2.6 0.00e+00 0.0 0.0e+00 0.0e+00 4.2e+01  0  0  0  0  3   0  0  0  0  5     0
VecAssemblyEnd        16 1.0 1.7023e-04 6.1 0.00e+00 0.0 0.0e+00 0.0e+00 0.0e+00  0  0  0  0  0   0  0  0  0  0     0
VecPointwiseMult      55 1.0 5.6960e-01 3.3 1.05e+07 1.0 0.0e+00 0.0e+00 0.0e+00  0  0  0  0  0   0  0  0  0  0   512
VecScatterBegin      720 1.0 1.1896e+00 2.0 0.00e+00 0.0 9.2e+04 9.9e+03 0.0e+00  0  0 59 32  0   0  0 75 57  0     0
VecScatterEnd        720 1.0 7.9428e+01 3.4 0.00e+00 0.0 0.0e+00 0.0e+00 0.0e+00  8  0  0  0  0  12  0  0  0  0     0
VecSetRandom           5 1.0 1.6942e-01 4.4 0.00e+00 0.0 0.0e+00 0.0e+00 0.0e+00  0  0  0  0  0   0  0  0  0  0     0
VecNormalize         110 1.0 6.2682e+00 2.1 6.29e+07 1.0 0.0e+00 0.0e+00 1.1e+02  1  0  0  0  9   1  0  0  0 13   279
MatMult              532 1.0 8.9472e+01 1.5 2.26e+09 1.0 7.4e+04 1.1e+04 0.0e+00 13  0 48 28  0  18  1 61 49  0   697
MatMultAdd            70 1.0 3.9153e+00 1.5 9.72e+07 1.0 7.4e+03 2.4e+03 0.0e+00  1  0  5  1  0   1  0  6  1  0   690
MatMultTranspose      70 1.0 6.6514e+00 2.8 9.72e+07 1.0 7.4e+03 2.4e+03 0.0e+00  1  0  5  1  0   1  0  6  1  0   406
MatSolve             489 1.3 4.0680e+01 2.9 1.86e+09 1.0 0.0e+00 0.0e+00 0.0e+00  5  0  0  0  0   7  1  0  0  0  1265
MatLUFactorSym         1 1.0 4.2915e-05 3.5 0.00e+00 0.0 0.0e+00 0.0e+00 0.0e+00  0  0  0  0  0   0  0  0  0  0     0
MatLUFactorNum         6 1.0 2.0398e+00 2.7 9.60e+07 1.1 0.0e+00 0.0e+00 0.0e+00  0  0  0  0  0   0  0  0  0  0  1274
MatILUFactorSym        5 1.0 1.9370e+00 1.6 0.00e+00 0.0 0.0e+00 0.0e+00 0.0e+00  0  0  0  0  0   0  0  0  0  0     0
MatConvert             5 1.0 1.9054e+00 1.3 0.00e+00 0.0 0.0e+00 0.0e+00 0.0e+00  0  0  0  0  0   0  0  0  0  0     0
MatScale              15 1.0 1.5983e+00 1.6 2.78e+07 1.0 7.0e+02 1.0e+04 0.0e+00  0  0  0  0  0   0  0  1  0  0   483
MatResidual           70 1.0 1.2674e+01 2.2 2.93e+08 1.0 9.7e+03 1.0e+04 0.0e+00  2  0  6  3  0   2  0  8  6  0   639
MatAssemblyBegin     111 1.0 1.0505e+01 2.6 0.00e+00 0.0 5.2e+03 4.9e+04 7.6e+01  1  0  3  9  6   2  0  4 16  9     0
MatAssemblyEnd       111 1.0 1.0898e+01 1.6 0.00e+00 0.0 6.5e+03 2.1e+03 2.1e+02  2  0  4  0 17   2  0  5  1 24     0
MatGetRow        2861262 1.0 1.3001e+00 2.3 0.00e+00 0.0 0.0e+00 0.0e+00 0.0e+00  0  0  0  0  0   0  0  0  0  0     0
MatGetRowIJ            6 1.5 2.4080e-05 5.9 0.00e+00 0.0 0.0e+00 0.0e+00 0.0e+00  0  0  0  0  0   0  0  0  0  0     0
MatCreateSubMat        4 1.0 1.4936e-02 1.1 0.00e+00 0.0 2.4e+02 2.3e+02 7.2e+01  0  0  0  0  6   0  0  0  0  8     0
MatGetOrdering         6 1.5 2.1140e-0119.4 0.00e+00 0.0 0.0e+00 0.0e+00 0.0e+00  0  0  0  0  0   0  0  0  0  0     0
MatCoarsen             5 1.0 1.6399e+00 1.4 0.00e+00 0.0 5.3e+03 7.8e+03 1.8e+01  0  0  3  1  1   0  0  4  3  2     0
MatZeroEntries         8 1.0 3.8256e+00 1.4 0.00e+00 0.0 0.0e+00 0.0e+00 0.0e+00  1  0  0  0  0   1  0  0  0  0     0
MatAXPY                5 1.0 1.5691e+00 1.5 0.00e+00 0.0 0.0e+00 0.0e+00 1.0e+01  0  0  0  0  1   0  0  0  0  1     0
MatMatMult             5 1.0 4.5693e+00 1.1 2.09e+07 1.0 4.2e+03 5.2e+03 8.2e+01  1  0  3  1  7   1  0  3  1  9   127
MatMatMultSym          5 1.0 3.0669e+00 1.0 0.00e+00 0.0 3.5e+03 4.2e+03 7.0e+01  1  0  2  1  6   1  0  3  1  8     0
MatMatMultNum          5 1.0 1.2758e+00 1.3 2.09e+07 1.0 7.0e+02 1.0e+04 1.0e+01  0  0  0  0  1   0  0  1  0  1   453
MatPtAP                5 1.0 9.4097e+00 1.0 2.07e+08 1.0 8.5e+03 1.9e+04 8.7e+01  2  0  5  6  7   2  0  7 10 10   605
MatPtAPSymbolic        5 1.0 4.9408e+00 1.0 0.00e+00 0.0 4.2e+03 2.0e+04 3.5e+01  1  0  3  3  3   1  0  3  5  4     0
MatPtAPNumeric         5 1.0 4.3672e+00 1.1 2.07e+08 1.0 4.3e+03 1.8e+04 5.0e+01  1  0  3  3  4   1  0  4  5  6  1304
MatTrnMatMult          1 1.0 3.0940e+01 1.0 1.76e+08 1.0 1.2e+03 1.4e+05 1.8e+01  6  0  1  6  1   8  0  1 11  2   159
MatTrnMatMultSym       1 1.0 1.1953e+01 1.0 0.00e+00 0.0 4.7e+02 8.1e+04 8.0e+00  2  0  0  1  1   3  0  0  2  1     0
MatTrnMatMultNum       1 1.0 1.9221e+01 1.0 1.76e+08 1.0 7.8e+02 1.8e+05 1.0e+01  3  0  1  5  1   5  0  1  9  1   255
MatGetLocalMat        16 1.0 2.7554e+00 1.7 0.00e+00 0.0 0.0e+00 0.0e+00 0.0e+00  0  0  0  0  0   1  0  0  0  0     0
MatGetBrAoCol         15 1.0 4.6186e-01 3.7 0.00e+00 0.0 4.9e+03 1.8e+04 0.0e+00  0  0  3  3  0   0  0  4  5  0     0
PCGAMGGraph_AGG        5 1.0 8.4761e+00 1.0 2.09e+07 1.0 2.1e+03 5.1e+03 6.0e+01  2  0  1  0  5   2  0  2  1  7    68
PCGAMGCoarse_AGG       5 1.0 3.4289e+01 1.0 1.76e+08 1.0 7.3e+03 3.6e+04 5.2e+01  6  0  5  9  4   8  0  6 17  6   143
PCGAMGProl_AGG         5 1.0 2.6542e+00 1.0 0.00e+00 0.0 3.3e+03 9.6e+03 1.2e+02  0  0  2  1 10   1  0  3  2 14     0
PCGAMGPOpt_AGG         5 1.0 1.9732e+01 1.0 5.00e+08 1.0 1.1e+04 8.3e+03 2.4e+02  3  0  7  3 20   5  0  9  6 27   703
GAMG: createProl       5 1.0 6.5166e+01 1.0 6.97e+08 1.0 2.4e+04 1.7e+04 4.7e+02 12  0 15 14 39  16  0 20 25 53   297
  Graph               10 1.0 8.4597e+00 1.0 2.09e+07 1.0 2.1e+03 5.1e+03 6.0e+01  2  0  1  0  5   2  0  2  1  7    68
  MIS/Agg              5 1.0 1.6405e+00 1.4 0.00e+00 0.0 5.3e+03 7.8e+03 1.8e+01  0  0  3  1  1   0  0  4  3  2     0
  SA: col data         5 1.0 9.5058e-01 1.3 0.00e+00 0.0 1.4e+03 1.9e+04 5.0e+01  0  0  1  1  4   0  0  1  2  6     0
  SA: frmProl0         5 1.0 1.4954e+00 1.1 0.00e+00 0.0 2.0e+03 2.7e+03 5.0e+01  0  0  1  0  4   0  0  2  0  6     0
  SA: smooth           5 1.0 6.6976e+00 1.0 2.78e+07 1.0 4.2e+03 5.2e+03 1.0e+02  1  0  3  1  8   2  0  3  1 12   115
GAMG: partLevel        5 1.0 9.4284e+00 1.0 2.07e+08 1.0 8.8e+03 1.8e+04 2.0e+02  2  0  6  6 16   2  0  7 10 22   604
  repartition          2 1.0 7.8487e-04 1.2 0.00e+00 0.0 0.0e+00 0.0e+00 1.2e+01  0  0  0  0  1   0  0  0  0  1     0
  Invert-Sort          2 1.0 1.1990e-03 1.3 0.00e+00 0.0 0.0e+00 0.0e+00 8.0e+00  0  0  0  0  1   0  0  0  0  1     0
  Move A               2 1.0 6.7172e-03 1.1 0.00e+00 0.0 1.4e+02 3.7e+02 3.8e+01  0  0  0  0  3   0  0  0  0  4     0
  Move P               2 1.0 9.7752e-03 1.1 0.00e+00 0.0 1.0e+02 2.4e+01 3.8e+01  0  0  0  0  3   0  0  0  0  4     0
PCSetUp                8 1.0 1.1327e+02 1.0 3.49e+10 1.0 3.4e+04 1.8e+04 7.1e+02 20  8 22 21 59  28 11 28 37 81  8616
PCSetUpOnBlocks      159 1.0 3.5378e+00 1.6 9.60e+07 1.1 0.0e+00 0.0e+00 0.0e+00  1  0  0  0  0   1  0  0  0  0   735
PCApply                2 1.0 3.1822e+02 1.0 1.89e+11 1.0 1.2e+05 1.3e+04 8.5e+02 57 42 77 53 70  78 59 97 94 96 16625
KSPGMRESOrthog       100 1.0 1.0691e+01 1.7 4.20e+08 1.0 0.0e+00 0.0e+00 1.0e+02  2  0  0  0  8   2  0  0  0 11  1091
KSPSetUp              26 1.0 1.5198e+00 1.7 0.00e+00 0.0 0.0e+00 0.0e+00 1.2e+01  0  0  0  0  1   0  0  0  0  1     0
KSPSolve               2 1.0 3.5298e+02 1.0 2.23e+11 1.0 1.2e+05 1.3e+04 8.7e+02 63 49 77 54 71  86 70 98 96 99 17674
SNESSolve              2 1.0 4.0701e+02 1.0 3.18e+11 1.0 1.2e+05 1.3e+04 8.8e+02 73 70 79 56 72 100100100100100 21858
SNESFunctionEval       2 1.0 3.3976e+01 1.0 6.42e+10 1.0 1.2e+03 3.4e+04 0.0e+00  6 14  1  1  0   8 20  1  3  0 52889
SNESJacobianEval       2 1.0 2.0800e+01 1.0 3.07e+10 1.0 9.4e+02 1.6e+04 1.0e+01  4  7  1  1  1   5 10  1  1  1 41375
SFSetGraph             7 1.0 7.2956e-05 5.7 0.00e+00 0.0 0.0e+00 0.0e+00 0.0e+00  0  0  0  0  0   0  0  0  0  0     0
SFBcastBegin          47 1.0 4.8803e-01 4.9 0.00e+00 0.0 8.2e+03 2.0e+04 0.0e+00  0  0  5  6  0   0  0  7 10  0     0
SFBcastEnd            47 1.0 1.1649e+01 9.4 0.00e+00 0.0 0.0e+00 0.0e+00 0.0e+00  1  0  0  0  0   2  0  0  0  0     0
SFReduceBegin         15 1.0 2.6133e-01 6.1 0.00e+00 0.0 2.6e+03 4.7e+04 0.0e+00  0  0  2  4  0   0  0  2  8  0     0
SFReduceEnd           15 1.0 1.4039e+01 4.7 0.00e+00 0.0 0.0e+00 0.0e+00 0.0e+00  2  0  0  0  0   2  0  0  0  0     0
CreateFunctionSpace      48 1.0 4.6198e-01 2.6 0.00e+00 0.0 0.0e+00 0.0e+00 0.0e+00  0  0  0  0  0   0  0  0  0  0     0
ParLoopExecute        46 1.0 1.8509e+02 1.0 3.12e+11 1.0 5.5e+03 4.4e+04 4.0e+00 32 69  4  8  0  44 98  5 15  0 47183
ParLoopCells          40 1.0 1.7522e+02 1.1 3.12e+11 1.0 0.0e+00 0.0e+00 0.0e+00 28 69  0  0  0  39 98  0  0  0 49839
ParLoopRednBegin      46 1.0 2.3960e-0211.6 0.00e+00 0.0 0.0e+00 0.0e+00 0.0e+00  0  0  0  0  0   0  0  0  0  0     0
ParLoopRednEnd        46 1.0 2.2671e-03 4.7 0.00e+00 0.0 0.0e+00 0.0e+00 0.0e+00  0  0  0  0  0   0  0  0  0  0     0
MatZeroInitial         1 1.0 2.4598e+00 1.4 0.00e+00 0.0 0.0e+00 0.0e+00 0.0e+00  0  0  0  0  0   1  0  0  0  0     0
ParLoopset_6          28 1.0 2.0895e-01 3.2 0.00e+00 0.0 0.0e+00 0.0e+00 0.0e+00  0  0  0  0  0   0  0  0  0  0     0
ParLoopset_7          16 1.0 9.9879e-02 4.1 0.00e+00 0.0 0.0e+00 0.0e+00 0.0e+00  0  0  0  0  0   0  0  0  0  0     0
ApplyBC                4 1.0 6.4746e-0131.1 0.00e+00 0.0 0.0e+00 0.0e+00 0.0e+00  0  0  0  0  0   0  0  0  0  0     0
HybridInit             1 1.0 3.5159e+01 1.0 3.39e+10 1.0 9.4e+02 3.7e+04 2.0e+01  6  7  1  1  2   9 11  1  2  2 26973
HybridBreak            2 1.0 7.2401e-01 3.7 0.00e+00 0.0 0.0e+00 0.0e+00 2.0e+00  0  0  0  0  0   0  0  0  0  0     0
HybridRHS              2 1.0 4.3186e+01 1.1 6.77e+10 1.0 2.3e+03 4.5e+04 4.0e+00  7 15  1  4  0  10 21  2  6  0 43919
ParLoopset_10          8 1.0 2.2257e-01 3.2 0.00e+00 0.0 0.0e+00 0.0e+00 0.0e+00  0  0  0  0  0   0  0  0  0  0     0
HybridSolve            2 1.0 2.0864e+02 1.0 5.90e+09 1.0 1.1e+05 1.1e+04 8.4e+02 37  1 74 46 69  51  2 94 82 95   783
HybridRecon            2 1.0 6.8098e+01 1.0 1.15e+11 1.0 1.2e+03 4.0e+04 0.0e+00 12 25  1  2  0  17 36  1  3  0 47436
HybridRecover          2 1.0 2.6200e+00 3.0 0.00e+00 0.0 6.2e+02 6.5e+04 2.0e+00  0  0  0  1  0   0  0  1  3  0     0

--- Event Stage 2: Buoyancy-Solve

VecTDot                4 1.0 2.0997e-01 2.5 2.90e+06 1.0 0.0e+00 0.0e+00 4.0e+00  0  0  0  0  0   4  0  0  0 31   387
VecNorm                4 1.0 6.8488e-01 4.9 2.90e+06 1.0 0.0e+00 0.0e+00 4.0e+00  0  0  0  0  0   8  0  0  0 31   119
VecCopy               11 1.0 2.6039e-01 4.5 0.00e+00 0.0 0.0e+00 0.0e+00 0.0e+00  0  0  0  0  0   3  0  0  0  0     0
VecSet                 6 1.0 8.3349e-02 9.2 0.00e+00 0.0 0.0e+00 0.0e+00 0.0e+00  0  0  0  0  0   1  0  0  0  0     0
VecAXPY                6 1.0 2.2963e-01 5.7 4.35e+06 1.0 0.0e+00 0.0e+00 0.0e+00  0  0  0  0  0   3  0  0  0  0   531
VecScatterBegin        2 1.0 2.9898e-0414.4 0.00e+00 0.0 0.0e+00 0.0e+00 0.0e+00  0  0  0  0  0   0  0  0  0  0     0
VecScatterEnd          2 1.0 3.6240e-05 6.1 0.00e+00 0.0 0.0e+00 0.0e+00 0.0e+00  0  0  0  0  0   0  0  0  0  0     0
MatMult                2 1.0 1.3759e-01 5.9 3.53e+06 1.0 0.0e+00 0.0e+00 0.0e+00  0  0  0  0  0   2  0  0  0  0   719
MatSolve               4 1.0 2.5806e-01 6.4 7.07e+06 1.0 0.0e+00 0.0e+00 0.0e+00  0  0  0  0  0   4  0  0  0  0   767
MatLUFactorNum         1 1.0 1.8958e-01 9.9 1.42e+06 1.0 0.0e+00 0.0e+00 0.0e+00  0  0  0  0  0   2  0  0  0  0   209
MatILUFactorSym        1 1.0 3.0538e-01 4.3 0.00e+00 0.0 0.0e+00 0.0e+00 0.0e+00  0  0  0  0  0   4  0  0  0  0     0
MatAssemblyBegin       2 1.0 2.9521e-0113.0 0.00e+00 0.0 0.0e+00 0.0e+00 4.0e+00  0  0  0  0  0   5  0  0  0 31     0
MatAssemblyEnd         2 1.0 2.9414e-01 4.2 0.00e+00 0.0 0.0e+00 0.0e+00 0.0e+00  0  0  0  0  0   4  0  0  0  0     0
MatGetRowIJ            1 1.0 1.0967e-05 0.0 0.00e+00 0.0 0.0e+00 0.0e+00 0.0e+00  0  0  0  0  0   0  0  0  0  0     0
MatGetOrdering         1 1.0 1.3648e-0146.3 0.00e+00 0.0 0.0e+00 0.0e+00 0.0e+00  0  0  0  0  0   1  0  0  0  0     0
MatZeroEntries         1 1.0 2.1298e-0210.7 0.00e+00 0.0 0.0e+00 0.0e+00 0.0e+00  0  0  0  0  0   0  0  0  0  0     0
PCSetUp                2 1.0 4.6415e-01 2.8 1.42e+06 1.0 0.0e+00 0.0e+00 0.0e+00  0  0  0  0  0   8  0  0  0  0    85
PCSetUpOnBlocks        2 1.0 4.6306e-01 2.8 1.42e+06 1.0 0.0e+00 0.0e+00 0.0e+00  0  0  0  0  0   8  0  0  0  0    86
PCApply                4 1.0 3.0877e-01 6.8 7.07e+06 1.0 0.0e+00 0.0e+00 0.0e+00  0  0  0  0  0   4  0  0  0  0   641
KSPSetUp               3 1.0 1.6336e-01 7.2 0.00e+00 0.0 0.0e+00 0.0e+00 0.0e+00  0  0  0  0  0   1  0  0  0  0     0
KSPSolve               2 1.0 1.4014e+00 1.2 2.07e+07 1.0 0.0e+00 0.0e+00 8.0e+00  0  0  0  0  1  30  1  0  0 62   414
SNESSolve              2 1.0 4.1551e+00 1.0 2.73e+09 1.0 9.4e+02 2.8e+04 1.2e+01  1  1  1  1  1  97100100100 92 18407
SNESFunctionEval       2 1.0 2.1765e+00 1.2 2.54e+09 1.0 9.4e+02 2.8e+04 0.0e+00  0  1  1  1  0  48 93100100  0 32737
SNESJacobianEval       2 1.0 8.8862e-01 1.5 1.65e+08 1.0 0.0e+00 0.0e+00 4.0e+00  0  0  0  0  0  18  6  0  0 31  5188
SFBcastBegin           4 1.0 2.1516e-0211.9 0.00e+00 0.0 6.2e+02 3.4e+04 0.0e+00  0  0  0  1  0   0  0 67 81  0     0
SFBcastEnd             4 1.0 4.4617e-0170.1 0.00e+00 0.0 0.0e+00 0.0e+00 0.0e+00  0  0  0  0  0   4  0  0  0  0     0
SFReduceBegin          2 1.0 2.6579e-0312.1 0.00e+00 0.0 3.1e+02 1.6e+04 0.0e+00  0  0  0  0  0   0  0 33 19  0     0
SFReduceEnd            2 1.0 6.0245e-0119.1 0.00e+00 0.0 0.0e+00 0.0e+00 0.0e+00  0  0  0  0  0   6  0  0  0  0     0
ParLoopExecute         5 1.0 2.5627e+00 1.2 2.71e+09 1.0 9.4e+02 2.8e+04 0.0e+00  0  1  1  1  0  56 99100100  0 29602
ParLoopCells           6 1.0 2.1041e+00 1.4 2.71e+09 1.0 0.0e+00 0.0e+00 0.0e+00  0  1  0  0  0  41 99  0  0  0 36054
ParLoopRednBegin       5 1.0 8.0824e-0410.1 0.00e+00 0.0 0.0e+00 0.0e+00 0.0e+00  0  0  0  0  0   0  0  0  0  0     0
ParLoopRednEnd         5 1.0 3.3307e-0410.3 0.00e+00 0.0 0.0e+00 0.0e+00 0.0e+00  0  0  0  0  0   0  0  0  0  0     0
ParLoopset_8           4 1.0 4.7109e-0217.3 0.00e+00 0.0 0.0e+00 0.0e+00 0.0e+00  0  0  0  0  0   0  0  0  0  0     0
------------------------------------------------------------------------------------------------------------------------

Memory usage is given in bytes:

Object Type          Creations   Destructions     Memory  Descendants' Mem.
Reports information only for process 0.

--- Event Stage 0: Main Stage

           Container     7              7         4032     0.
              Viewer     1              0            0     0.
           Index Set   302            293     43114456     0.
   IS L to G Mapping     9              6     17990984     0.
             Section   122             82        57728     0.
              Vector    50             49    106507528     0.
      Vector Scatter    12             10     19800192     0.
              Matrix    37             37    523339436     0.
      Preconditioner     4              5         4648     0.
       Krylov Solver     4              5         6024     0.
     DMKSP interface     1              0            0     0.
                SNES     3              3         4104     0.
      SNESLineSearch     3              3         2976     0.
              DMSNES     3              0            0     0.
    Distributed Mesh    33             20        97320     0.
    GraphPartitioner    11             10         6120     0.
   Star Forest Graph   103             82        68176     0.
     Discrete System    33             20        18400     0.

--- Event Stage 1: Velocity-Pressure-Solve

         PetscRandom    10             10         6460     0.
           Index Set   100             75       414596     0.
             Section     6              0            0     0.
              Vector   327            184    239141904     0.
      Vector Scatter    33             22        24152     0.
              Matrix   153             83   1052020436     0.
      Matrix Coarsen     5              5         3180     0.
      Preconditioner    19              6         5424     0.
       Krylov Solver    24              6       152416     0.
     DMKSP interface     1              0            0     0.
    Distributed Mesh     1              0            0     0.
   Star Forest Graph     8              6         5168     0.
     Discrete System     1              0            0     0.

--- Event Stage 2: Buoyancy-Solve

           Index Set     3              0            0     0.
              Vector     7              0            0     0.
              Matrix     1              0            0     0.
      Preconditioner     1              0            0     0.
       Krylov Solver     1              0            0     0.
     DMKSP interface     1              0            0     0.
========================================================================================================================
Average time to get PetscTime(): 9.53674e-08
Average time for MPI_Barrier(): 0.00105519
Average time for zero size MPI_Send(): 0.000174071
#PETSc Option Table entries:
--extrusion_levels 30
--hybridization
--nu_cfl 8
--num_timesteps 2
--order 1
--profile
--refinements 7
--rtol 1.0E-6
-log_view
#End of PETSc Option Table entries
Compiled without FORTRAN kernels
Compiled with full precision matrices (default)
sizeof(short) 2 sizeof(int) 4 sizeof(long) 8 sizeof(void*) 8 sizeof(PetscScalar) 8 sizeof(PetscInt) 4
Configure options: --prefix=/scratch/tgibson/src/firedrake/lib/python3.5/site-packages/petsc PETSC_ARCH=arch-python-linux-x86_64 --with-shared-libraries=1 --with-debugging=0 --with-c2html=0 --with-cc=/usr/bin/mpicc --with-cxx=/usr/bin/mpicxx --with-fc=/usr/bin/mpif90 --download-eigen=/scratch/tgibson/src/firedrake/src/eigen-3.3.3.tgz --download-chaco --download-metis --download-parmetis --download-scalapack --download-hypre --download-mumps --download-netcdf --download-hdf5 --download-exodusii
-----------------------------------------
Libraries compiled on Fri Dec 15 01:16:36 2017 on mpe1 
Machine characteristics: Linux-4.4.0-83-generic-x86_64-with-Ubuntu-16.04-xenial
Using PETSc directory: /tmp/pip-1c2iwwx_-build
Using PETSc arch: arch-python-linux-x86_64
-----------------------------------------

Using C compiler: /usr/bin/mpicc  -fPIC  -Wall -Wwrite-strings -Wno-strict-aliasing -Wno-unknown-pragmas -fstack-protector -fvisibility=hidden -g -O  ${COPTFLAGS} ${CFLAGS}
Using Fortran compiler: /usr/bin/mpif90  -fPIC -Wall -ffree-line-length-0 -Wno-unused-dummy-argument -g -O   ${FOPTFLAGS} ${FFLAGS} 
-----------------------------------------

Using include paths: -I/tmp/pip-1c2iwwx_-build/arch-python-linux-x86_64/include -I/tmp/pip-1c2iwwx_-build/include -I/tmp/pip-1c2iwwx_-build/include -I/tmp/pip-1c2iwwx_-build/arch-python-linux-x86_64/include -I/scratch/tgibson/src/firedrake/lib/python3.5/site-packages/petsc/include -I/scratch/tgibson/src/firedrake/lib/python3.5/site-packages/petsc/include/eigen3
-----------------------------------------

Using C linker: /usr/bin/mpicc
Using Fortran linker: /usr/bin/mpif90
Using libraries: -Wl,-rpath,/tmp/pip-1c2iwwx_-build/arch-python-linux-x86_64/lib -L/tmp/pip-1c2iwwx_-build/arch-python-linux-x86_64/lib -lpetsc -Wl,-rpath,/scratch/tgibson/src/firedrake/lib/python3.5/site-packages/petsc/lib -L/scratch/tgibson/src/firedrake/lib/python3.5/site-packages/petsc/lib -Wl,-rpath,/usr/lib/openmpi/lib -L/usr/lib/openmpi/lib -Wl,-rpath,/usr/lib/gcc/x86_64-linux-gnu/5 -L/usr/lib/gcc/x86_64-linux-gnu/5 -Wl,-rpath,/usr/lib/x86_64-linux-gnu -L/usr/lib/x86_64-linux-gnu -Wl,-rpath,/lib/x86_64-linux-gnu -L/lib/x86_64-linux-gnu -lcmumps -ldmumps -lsmumps -lzmumps -lmumps_common -lpord -lscalapack -lHYPRE -llapack -lblas -lparmetis -lmetis -lexodus -lnetcdf -lhdf5hl_fortran -lhdf5_fortran -lhdf5_hl -lhdf5 -lchaco -lm -lX11 -lmpi_usempif08 -lmpi_usempi_ignore_tkr -lmpi_mpifh -lgfortran -lm -lgfortran -lm -lquadmath -lmpi_cxx -lstdc++ -lm -ldl -lmpi -lgcc_s -lpthread -ldl
-----------------------------------------

